

Microchip MPLAB XC8 Assembler V2.31 build 20201012212115 
                                                                                               Thu Apr 08 14:16:27 2021

Microchip MPLAB XC8 C Compiler v2.31 (Free license) build 20201012212115 Og1 
     1                           	processor	18F45K20
     2                           	fnconf	param0,??,?,0
     3                           	pagewidth 120
     4                           	opt	flic
     5                           	psect	cinit,global,reloc=2,class=CODE,delta=1,minocg
     6                           	psect	cstackBANK0,global,class=BANK0,space=1,delta=1,lowdata,noexec,minocg
     7                           	psect	text0,global,reloc=2,class=CODE,delta=1,minocg
     8                           	psect	text1,global,reloc=2,class=CODE,delta=1,minocg
     9                           	psect	intcode,global,reloc=2,class=CODE,delta=1,minocg
    10                           	psect	intsave_regs,global,class=BIGRAM,space=1,delta=1,noexec
    11                           	psect	param0,global,class=BANK0,space=1,delta=1,noexec
    12                           	psect	temp,global,ovrld,common,class=COMRAM,space=1,delta=1
    13                           	psect	idloc,global,abs,ovrld,class=IDLOC,space=5,delta=1,noexec
    14                           	psect	config,global,abs,ovrld,class=CONFIG,space=4,delta=1,noexec
    15  0000                     
    16                           ; Version 2.20
    17                           ; Generated 05/05/2020 GMT
    18                           ; 
    19                           ; Copyright © 2020, Microchip Technology Inc. and its subsidiaries ("Microchip")
    20                           ; All rights reserved.
    21                           ; 
    22                           ; This software is developed by Microchip Technology Inc. and its subsidiaries ("Microch
      +                          ip").
    23                           ; 
    24                           ; Redistribution and use in source and binary forms, with or without modification, are
    25                           ; permitted provided that the following conditions are met:
    26                           ; 
    27                           ;     1. Redistributions of source code must retain the above copyright notice, this lis
      +                          t of
    28                           ;        conditions and the following disclaimer.
    29                           ; 
    30                           ;     2. Redistributions in binary form must reproduce the above copyright notice, this 
      +                          list
    31                           ;        of conditions and the following disclaimer in the documentation and/or other
    32                           ;        materials provided with the distribution.
    33                           ; 
    34                           ;     3. Microchip's name may not be used to endorse or promote products derived from th
      +                          is
    35                           ;        software without specific prior written permission.
    36                           ; 
    37                           ; THIS SOFTWARE IS PROVIDED BY MICROCHIP "AS IS" AND ANY EXPRESS OR IMPLIED WARRANTIES,
    38                           ; INCLUDING, BUT NOT LIMITED TO, THE IMPLIED WARRANTIES OF MERCHANTABILITY AND FITNESS F
      +                          OR
    39                           ; PURPOSE ARE DISCLAIMED.  IN NO EVENT SHALL MICROCHIP BE LIABLE FOR ANY DIRECT, INDIREC
      +                          T,
    40                           ; INCIDENTAL, SPECIAL, EXEMPLARY, OR CONSEQUENTIAL DAMAGES (INCLUDING BUT NOT LIMITED TO
    41                           ; PROCUREMENT OF SUBSTITUTE GOODS OR SERVICES; LOSS OF USE, DATA OR PROFITS; OR BUSINESS
    42                           ; INTERRUPTION) HOWSOEVER CAUSED AND ON ANY THEORY OF LIABILITY, WHETHER IN CONTRACT, ST
      +                          RICT
    43                           ; LIABILITY, OR TORT (INCLUDING NEGLIGENCE OR OTHERWISE) ARISING IN ANY WAY OUT OF THE U
      +                          SE OF
    44                           ; THIS SOFTWARE, EVEN IF ADVISED OF THE POSSIBILITY OF SUCH DAMAGE.
    45                           ; 
    46                           ; 
    47                           ; Code-generator required, PIC18F45K20 Definitions
    48                           ; 
    49                           ; SFR Addresses
    50  0000                     _RCSTAbits	set	4011
    51  0000                     _TRISCbits	set	3988
    52  0000                     _BAUDCONbits	set	4024
    53  0000                     _TXSTAbits	set	4012
    54  0000                     _SPBRG	set	4015
    55  0000                     _TRISD	set	3989
    56  0000                     _PORTD	set	3971
    57  0000                     _RCREG	set	4014
    58  0000                     _PIR1bits	set	3998
    59  0000                     _TXREG	set	4013
    60  0000                     _PORTDbits	set	3971
    61                           
    62                           ; #config settings
    63                           
    64                           	psect	cinit
    65  0000DC                     __pcinit:
    66                           	callstack 0
    67  0000DC                     start_initialization:
    68                           	callstack 0
    69  0000DC                     __initialization:
    70                           	callstack 0
    71  0000DC                     end_of_initialization:
    72                           	callstack 0
    73  0000DC                     __end_of__initialization:
    74                           	callstack 0
    75  0000DC  9001               	bcf	int$flags,0,c	;clear compiler interrupt flag (level 1)
    76  0000DE  9201               	bcf	int$flags,1,c	;clear compiler interrupt flag (level 2)
    77  0000E0  0100               	movlb	0
    78  0000E2  EF09  F000         	goto	_main	;jump to C main() function
    79                           
    80                           	psect	cstackBANK0
    81  000060                     __pcstackBANK0:
    82                           	callstack 0
    83  000060                     ??_main:
    84  000060                     
    85                           ; 1 bytes @ 0x0
    86  000060                     	ds	1
    87  000061                     main@carTx:
    88                           	callstack 0
    89                           
    90                           ; 1 bytes @ 0x1
    91  000061                     	ds	1
    92  000062                     main@carRx:
    93                           	callstack 0
    94                           
    95                           ; 1 bytes @ 0x2
    96  000062                     	ds	1
    97  000063                     main@i:
    98                           	callstack 0
    99                           
   100                           ; 2 bytes @ 0x3
   101  000063                     	ds	2
   102                           
   103 ;;
   104 ;;Main: autosize = 0, tempsize = 1, incstack = 0, save=0
   105 ;;
   106 ;; *************** function _main *****************
   107 ;; Defined at:
   108 ;;		line 17 in file "main.c"
   109 ;; Parameters:    Size  Location     Type
   110 ;;		None
   111 ;; Auto vars:     Size  Location     Type
   112 ;;  i               2    3[BANK0 ] int 
   113 ;;  carRx           1    2[BANK0 ] unsigned char 
   114 ;;  carTx           1    1[BANK0 ] unsigned char 
   115 ;; Return value:  Size  Location     Type
   116 ;;                  1    wreg      void 
   117 ;; Registers used:
   118 ;;		wreg, status,2, status,0, cstack
   119 ;; Tracked objects:
   120 ;;		On entry : 0/0
   121 ;;		On exit  : 0/0
   122 ;;		Unchanged: 0/0
   123 ;; Data sizes:     COMRAM   BANK0   BANK1   BANK2   BANK3   BANK4   BANK5
   124 ;;      Params:         0       0       0       0       0       0       0
   125 ;;      Locals:         0       4       0       0       0       0       0
   126 ;;      Temps:          0       1       0       0       0       0       0
   127 ;;      Totals:         0       5       0       0       0       0       0
   128 ;;Total ram usage:        5 bytes
   129 ;; Hardware stack levels required when called:    2
   130 ;; This function calls:
   131 ;;		_initialisation
   132 ;; This function is called by:
   133 ;;		Startup code after reset
   134 ;; This function uses a non-reentrant model
   135 ;;
   136                           
   137                           	psect	text0
   138  000012                     __ptext0:
   139                           	callstack 0
   140  000012                     _main:
   141                           	callstack 29
   142  000012                     
   143                           ;main.c: 19: unsigned char carTx = 1;
   144  000012  0E01               	movlw	1
   145  000014  0100               	movlb	0	; force () banked
   146  000016  6F61               	movwf	main@carTx& (0+255),b
   147                           
   148                           ;main.c: 20: unsigned char carRx = 0;
   149  000018  0E00               	movlw	0
   150  00001A  0100               	movlb	0	; force () banked
   151  00001C  6F62               	movwf	main@carRx& (0+255),b
   152  00001E                     
   153                           ; BSR set to: 0
   154                           ;main.c: 22: initialisation();
   155  00001E  EC5F  F000         	call	_initialisation	;wreg free
   156  000022                     
   157                           ;main.c: 25: for (int i = 0; i < 6; i++)
   158  000022  0E00               	movlw	0
   159  000024  0100               	movlb	0	; force () banked
   160  000026  6F64               	movwf	(main@i+1)& (0+255),b
   161  000028  0E00               	movlw	0
   162  00002A  6F63               	movwf	main@i& (0+255),b
   163  00002C                     
   164                           ; BSR set to: 0
   165  00002C  0100               	movlb	0	; force () banked
   166  00002E  BF64               	btfsc	(main@i+1)& (0+255),7,b
   167  000030  EF23  F000         	goto	u11
   168  000034  5164               	movf	(main@i+1)& (0+255),w,b
   169  000036  E109               	bnz	u10
   170  000038  0E06               	movlw	6
   171  00003A  5D63               	subwf	main@i& (0+255),w,b
   172  00003C  A0D8               	btfss	status,0,c
   173  00003E  EF23  F000         	goto	u11
   174  000042  EF25  F000         	goto	u10
   175  000046                     u11:
   176  000046  EF27  F000         	goto	l825
   177  00004A                     u10:
   178  00004A  EF44  F000         	goto	l33
   179  00004E                     l825:
   180                           
   181                           ; BSR set to: 0
   182                           ;main.c: 26: {;main.c: 27: PORTDbits.RD0 ^= 1;
   183  00004E  7083               	btg	131,0,c	;volatile
   184  000050                     
   185                           ; BSR set to: 0
   186                           ;main.c: 28: _delay((unsigned long)((300)*(1000000/4000.0)));
   187  000050  0E62               	movlw	98
   188  000052  0100               	movlb	0	; force () banked
   189  000054  6F60               	movwf	??_main& (0+255),b
   190  000056  0E65               	movlw	101
   191  000058                     u47:
   192  000058  2EE8               	decfsz	wreg,f,c
   193  00005A  D7FE               	bra	u47
   194  00005C  2F60               	decfsz	??_main& (0+255),f,b
   195  00005E  D7FC               	bra	u47
   196  000060  F000 F000          	nop2	
   197  000064  0100               	movlb	0	; force () banked
   198  000066  4B63               	infsnz	main@i& (0+255),f,b
   199  000068  2B64               	incf	(main@i+1)& (0+255),f,b
   200  00006A                     
   201                           ; BSR set to: 0
   202  00006A  0100               	movlb	0	; force () banked
   203  00006C  BF64               	btfsc	(main@i+1)& (0+255),7,b
   204  00006E  EF42  F000         	goto	u21
   205  000072  5164               	movf	(main@i+1)& (0+255),w,b
   206  000074  E109               	bnz	u20
   207  000076  0E06               	movlw	6
   208  000078  5D63               	subwf	main@i& (0+255),w,b
   209  00007A  A0D8               	btfss	status,0,c
   210  00007C  EF42  F000         	goto	u21
   211  000080  EF44  F000         	goto	u20
   212  000084                     u21:
   213  000084  EF27  F000         	goto	l825
   214  000088                     u20:
   215  000088                     l33:
   216                           
   217                           ;main.c: 32: {;main.c: 33: TXREG = carTx++;
   218  000088  C061  FFAD         	movff	main@carTx,4013	;volatile
   219  00008C  0100               	movlb	0	; force () banked
   220  00008E  2B61               	incf	main@carTx& (0+255),f,b
   221  000090                     
   222                           ; BSR set to: 0
   223                           ;main.c: 34: _delay((unsigned long)((500)*(1000000/4000.0)));
   224  000090  0EA3               	movlw	163
   225  000092  0100               	movlb	0	; force () banked
   226  000094  6F60               	movwf	??_main& (0+255),b
   227  000096  0E55               	movlw	85
   228  000098                     u57:
   229  000098  2EE8               	decfsz	wreg,f,c
   230  00009A  D7FE               	bra	u57
   231  00009C  2F60               	decfsz	??_main& (0+255),f,b
   232  00009E  D7FC               	bra	u57
   233  0000A0                     
   234                           ;main.c: 37: if (PIR1bits.RC1IF == 1)
   235  0000A0  AA9E               	btfss	158,5,c	;volatile
   236  0000A2  EF55  F000         	goto	u31
   237  0000A6  EF57  F000         	goto	u30
   238  0000AA                     u31:
   239  0000AA  EF44  F000         	goto	l33
   240  0000AE                     u30:
   241  0000AE                     
   242                           ;main.c: 38: {;main.c: 39: carRx = RCREG;
   243  0000AE  CFAE F062          	movff	4014,main@carRx	;volatile
   244                           
   245                           ;main.c: 40: PORTD = carRx;
   246  0000B2  C062  FF83         	movff	main@carRx,3971	;volatile
   247  0000B6  EF44  F000         	goto	l33
   248  0000BA  EF07  F000         	goto	start
   249  0000BE                     __end_of_main:
   250                           	callstack 0
   251                           
   252 ;; *************** function _initialisation *****************
   253 ;; Defined at:
   254 ;;		line 50 in file "main.c"
   255 ;; Parameters:    Size  Location     Type
   256 ;;		None
   257 ;; Auto vars:     Size  Location     Type
   258 ;;		None
   259 ;; Return value:  Size  Location     Type
   260 ;;                  1    wreg      void 
   261 ;; Registers used:
   262 ;;		wreg, status,2
   263 ;; Tracked objects:
   264 ;;		On entry : 0/0
   265 ;;		On exit  : 0/0
   266 ;;		Unchanged: 0/0
   267 ;; Data sizes:     COMRAM   BANK0   BANK1   BANK2   BANK3   BANK4   BANK5
   268 ;;      Params:         0       0       0       0       0       0       0
   269 ;;      Locals:         0       0       0       0       0       0       0
   270 ;;      Temps:          0       0       0       0       0       0       0
   271 ;;      Totals:         0       0       0       0       0       0       0
   272 ;;Total ram usage:        0 bytes
   273 ;; Hardware stack levels used:    1
   274 ;; Hardware stack levels required when called:    1
   275 ;; This function calls:
   276 ;;		Nothing
   277 ;; This function is called by:
   278 ;;		_main
   279 ;; This function uses a non-reentrant model
   280 ;;
   281                           
   282                           	psect	text1
   283  0000BE                     __ptext1:
   284                           	callstack 0
   285  0000BE                     _initialisation:
   286                           	callstack 29
   287  0000BE                     
   288                           ;main.c: 53: TRISD = 0;
   289  0000BE  0E00               	movlw	0
   290  0000C0  6E95               	movwf	149,c	;volatile
   291                           
   292                           ;main.c: 58: SPBRG = 25;
   293  0000C2  0E19               	movlw	25
   294  0000C4  6EAF               	movwf	175,c	;volatile
   295  0000C6                     
   296                           ;main.c: 59: TXSTAbits.BRGH = 1;
   297  0000C6  84AC               	bsf	172,2,c	;volatile
   298  0000C8                     
   299                           ;main.c: 60: BAUDCONbits.BRG16 = 1;
   300  0000C8  86B8               	bsf	184,3,c	;volatile
   301  0000CA                     
   302                           ;main.c: 63: TRISCbits.RC6 = 1;
   303  0000CA  8C94               	bsf	148,6,c	;volatile
   304  0000CC                     
   305                           ;main.c: 64: TRISCbits.RC7 = 1;
   306  0000CC  8E94               	bsf	148,7,c	;volatile
   307  0000CE                     
   308                           ;main.c: 67: TXSTAbits.TXEN = 1;
   309  0000CE  8AAC               	bsf	172,5,c	;volatile
   310  0000D0                     
   311                           ;main.c: 68: TXSTAbits.TX9 = 0;
   312  0000D0  9CAC               	bcf	172,6,c	;volatile
   313  0000D2                     
   314                           ;main.c: 72: RCSTAbits.SPEN = 1;
   315  0000D2  8EAB               	bsf	171,7,c	;volatile
   316  0000D4                     
   317                           ;main.c: 73: TXSTAbits.SYNC = 0;
   318  0000D4  98AC               	bcf	172,4,c	;volatile
   319  0000D6                     
   320                           ;main.c: 76: RCSTAbits.CREN = 1;
   321  0000D6  88AB               	bsf	171,4,c	;volatile
   322  0000D8                     
   323                           ;main.c: 77: RCSTAbits.RX9 = 0;
   324  0000D8  9CAB               	bcf	171,6,c	;volatile
   325  0000DA  0012               	return		;funcret
   326  0000DC                     __end_of_initialisation:
   327                           	callstack 0
   328                           
   329 ;; *************** function _high_isr *****************
   330 ;; Defined at:
   331 ;;		line 16 in file "interrupts.c"
   332 ;; Parameters:    Size  Location     Type
   333 ;;		None
   334 ;; Auto vars:     Size  Location     Type
   335 ;;		None
   336 ;; Return value:  Size  Location     Type
   337 ;;                  1    wreg      void 
   338 ;; Registers used:
   339 ;;		None
   340 ;; Tracked objects:
   341 ;;		On entry : 0/0
   342 ;;		On exit  : 0/0
   343 ;;		Unchanged: 0/0
   344 ;; Data sizes:     COMRAM   BANK0   BANK1   BANK2   BANK3   BANK4   BANK5
   345 ;;      Params:         0       0       0       0       0       0       0
   346 ;;      Locals:         0       0       0       0       0       0       0
   347 ;;      Temps:          0       0       0       0       0       0       0
   348 ;;      Totals:         0       0       0       0       0       0       0
   349 ;;Total ram usage:        0 bytes
   350 ;; Hardware stack levels used:    1
   351 ;; This function calls:
   352 ;;		Nothing
   353 ;; This function is called by:
   354 ;;		Interrupt level 2
   355 ;; This function uses a non-reentrant model
   356 ;;
   357                           
   358                           	psect	intcode
   359  000008                     __pintcode:
   360                           	callstack 0
   361  000008                     _high_isr:
   362                           	callstack 29
   363                           
   364                           ;incstack = 0
   365  000008  8201               	bsf	int$flags,1,c	;set compiler interrupt flag (level 2)
   366  00000A  9201               	bcf	int$flags,1,c	;clear compiler interrupt flag (level 2)
   367  00000C  0011               	retfie		f
   368  00000E                     __end_of_high_isr:
   369                           	callstack 0
   370  0000                     
   371                           	psect	param0
   372  0000                     
   373                           	psect	temp
   374  000001                     btemp:
   375                           	callstack 0
   376  000001                     	ds	1
   377  0000                     int$flags	set	btemp
   378  0000                     wtemp8	set	btemp+1
   379  0000                     ttemp5	set	btemp+1
   380  0000                     ttemp6	set	btemp+4
   381  0000                     ttemp7	set	btemp+8
   382                           
   383                           	psect	idloc
   384                           
   385                           ;Config register IDLOC0 @ 0x200000
   386                           ;	unspecified, using default values
   387  200000                     	org	2097152
   388  200000  FF                 	db	255
   389                           
   390                           ;Config register IDLOC1 @ 0x200001
   391                           ;	unspecified, using default values
   392  200001                     	org	2097153
   393  200001  FF                 	db	255
   394                           
   395                           ;Config register IDLOC2 @ 0x200002
   396                           ;	unspecified, using default values
   397  200002                     	org	2097154
   398  200002  FF                 	db	255
   399                           
   400                           ;Config register IDLOC3 @ 0x200003
   401                           ;	unspecified, using default values
   402  200003                     	org	2097155
   403  200003  FF                 	db	255
   404                           
   405                           ;Config register IDLOC4 @ 0x200004
   406                           ;	unspecified, using default values
   407  200004                     	org	2097156
   408  200004  FF                 	db	255
   409                           
   410                           ;Config register IDLOC5 @ 0x200005
   411                           ;	unspecified, using default values
   412  200005                     	org	2097157
   413  200005  FF                 	db	255
   414                           
   415                           ;Config register IDLOC6 @ 0x200006
   416                           ;	unspecified, using default values
   417  200006                     	org	2097158
   418  200006  FF                 	db	255
   419                           
   420                           ;Config register IDLOC7 @ 0x200007
   421                           ;	unspecified, using default values
   422  200007                     	org	2097159
   423  200007  FF                 	db	255
   424                           
   425                           	psect	config
   426                           
   427                           ; Padding undefined space
   428  300000                     	org	3145728
   429  300000  FF                 	db	255
   430                           
   431                           ;Config register CONFIG1H @ 0x300001
   432                           ;	Oscillator Selection bits
   433                           ;	FOSC = INTIO67, Internal oscillator block, port function on RA6 and RA7
   434                           ;	Fail-Safe Clock Monitor Enable bit
   435                           ;	FCMEN = OFF, Fail-Safe Clock Monitor disabled
   436                           ;	Internal/External Oscillator Switchover bit
   437                           ;	IESO = OFF, Oscillator Switchover mode disabled
   438  300001                     	org	3145729
   439  300001  08                 	db	8
   440                           
   441                           ;Config register CONFIG2L @ 0x300002
   442                           ;	Power-up Timer Enable bit
   443                           ;	PWRT = OFF, PWRT disabled
   444                           ;	Brown-out Reset Enable bits
   445                           ;	BOREN = SBORDIS, Brown-out Reset enabled in hardware only (SBOREN is disabled)
   446                           ;	Brown Out Reset Voltage bits
   447                           ;	BORV = 18, VBOR set to 1.8 V nominal
   448  300002                     	org	3145730
   449  300002  1F                 	db	31
   450                           
   451                           ;Config register CONFIG2H @ 0x300003
   452                           ;	Watchdog Timer Enable bit
   453                           ;	WDTEN = OFF, WDT is controlled by SWDTEN bit of the WDTCON register
   454                           ;	Watchdog Timer Postscale Select bits
   455                           ;	WDTPS = 32768, 1:32768
   456  300003                     	org	3145731
   457  300003  1E                 	db	30
   458                           
   459                           ; Padding undefined space
   460  300004                     	org	3145732
   461  300004  FF                 	db	255
   462                           
   463                           ;Config register CONFIG3H @ 0x300005
   464                           ;	CCP2 MUX bit
   465                           ;	CCP2MX = PORTC, CCP2 input/output is multiplexed with RC1
   466                           ;	PORTB A/D Enable bit
   467                           ;	PBADEN = ON, PORTB<4:0> pins are configured as analog input channels on Reset
   468                           ;	Low-Power Timer1 Oscillator Enable bit
   469                           ;	LPT1OSC = OFF, Timer1 configured for higher power operation
   470                           ;	HFINTOSC Fast Start-up
   471                           ;	HFOFST = ON, HFINTOSC starts clocking the CPU without waiting for the oscillator to st
      +                          ablize.
   472                           ;	MCLR Pin Enable bit
   473                           ;	MCLRE = ON, MCLR pin enabled; RE3 input pin disabled
   474  300005                     	org	3145733
   475  300005  8B                 	db	139
   476                           
   477                           ;Config register CONFIG4L @ 0x300006
   478                           ;	Stack Full/Underflow Reset Enable bit
   479                           ;	STVREN = ON, Stack full/underflow will cause Reset
   480                           ;	Single-Supply ICSP Enable bit
   481                           ;	LVP = OFF, Single-Supply ICSP disabled
   482                           ;	Extended Instruction Set Enable bit
   483                           ;	XINST = OFF, Instruction set extension and Indexed Addressing mode disabled (Legacy mo
      +                          de)
   484                           ;	Background Debugger Enable bit
   485                           ;	DEBUG = 0x1, unprogrammed default
   486  300006                     	org	3145734
   487  300006  81                 	db	129
   488                           
   489                           ; Padding undefined space
   490  300007                     	org	3145735
   491  300007  FF                 	db	255
   492                           
   493                           ;Config register CONFIG5L @ 0x300008
   494                           ;	Code Protection Block 0
   495                           ;	CP0 = OFF, Block 0 (000800-001FFFh) not code-protected
   496                           ;	Code Protection Block 1
   497                           ;	CP1 = OFF, Block 1 (002000-003FFFh) not code-protected
   498                           ;	Code Protection Block 2
   499                           ;	CP2 = OFF, Block 2 (004000-005FFFh) not code-protected
   500                           ;	Code Protection Block 3
   501                           ;	CP3 = OFF, Block 3 (006000-007FFFh) not code-protected
   502  300008                     	org	3145736
   503  300008  0F                 	db	15
   504                           
   505                           ;Config register CONFIG5H @ 0x300009
   506                           ;	Boot Block Code Protection bit
   507                           ;	CPB = OFF, Boot block (000000-0007FFh) not code-protected
   508                           ;	Data EEPROM Code Protection bit
   509                           ;	CPD = OFF, Data EEPROM not code-protected
   510  300009                     	org	3145737
   511  300009  C0                 	db	192
   512                           
   513                           ;Config register CONFIG6L @ 0x30000A
   514                           ;	Write Protection Block 0
   515                           ;	WRT0 = OFF, Block 0 (000800-001FFFh) not write-protected
   516                           ;	Write Protection Block 1
   517                           ;	WRT1 = OFF, Block 1 (002000-003FFFh) not write-protected
   518                           ;	Write Protection Block 2
   519                           ;	WRT2 = OFF, Block 2 (004000-005FFFh) not write-protected
   520                           ;	Write Protection Block 3
   521                           ;	WRT3 = OFF, Block 3 (006000-007FFFh) not write-protected
   522  30000A                     	org	3145738
   523  30000A  0F                 	db	15
   524                           
   525                           ;Config register CONFIG6H @ 0x30000B
   526                           ;	Configuration Register Write Protection bit
   527                           ;	WRTC = OFF, Configuration registers (300000-3000FFh) not write-protected
   528                           ;	Boot Block Write Protection bit
   529                           ;	WRTB = OFF, Boot Block (000000-0007FFh) not write-protected
   530                           ;	Data EEPROM Write Protection bit
   531                           ;	WRTD = OFF, Data EEPROM not write-protected
   532  30000B                     	org	3145739
   533  30000B  E0                 	db	224
   534                           
   535                           ;Config register CONFIG7L @ 0x30000C
   536                           ;	Table Read Protection Block 0
   537                           ;	EBTR0 = OFF, Block 0 (000800-001FFFh) not protected from table reads executed in other
      +                           blocks
   538                           ;	Table Read Protection Block 1
   539                           ;	EBTR1 = OFF, Block 1 (002000-003FFFh) not protected from table reads executed in other
      +                           blocks
   540                           ;	Table Read Protection Block 2
   541                           ;	EBTR2 = OFF, Block 2 (004000-005FFFh) not protected from table reads executed in other
      +                           blocks
   542                           ;	Table Read Protection Block 3
   543                           ;	EBTR3 = OFF, Block 3 (006000-007FFFh) not protected from table reads executed in other
      +                           blocks
   544  30000C                     	org	3145740
   545  30000C  0F                 	db	15
   546                           
   547                           ;Config register CONFIG7H @ 0x30000D
   548                           ;	Boot Block Table Read Protection bit
   549                           ;	EBTRB = OFF, Boot Block (000000-0007FFh) not protected from table reads executed in ot
      +                          her blocks
   550  30000D                     	org	3145741
   551  30000D  40                 	db	64
   552                           tosu	equ	0xFFF
   553                           tosh	equ	0xFFE
   554                           tosl	equ	0xFFD
   555                           stkptr	equ	0xFFC
   556                           pclatu	equ	0xFFB
   557                           pclath	equ	0xFFA
   558                           pcl	equ	0xFF9
   559                           tblptru	equ	0xFF8
   560                           tblptrh	equ	0xFF7
   561                           tblptrl	equ	0xFF6
   562                           tablat	equ	0xFF5
   563                           prodh	equ	0xFF4
   564                           prodl	equ	0xFF3
   565                           indf0	equ	0xFEF
   566                           postinc0	equ	0xFEE
   567                           postdec0	equ	0xFED
   568                           preinc0	equ	0xFEC
   569                           plusw0	equ	0xFEB
   570                           fsr0h	equ	0xFEA
   571                           fsr0l	equ	0xFE9
   572                           wreg	equ	0xFE8
   573                           indf1	equ	0xFE7
   574                           postinc1	equ	0xFE6
   575                           postdec1	equ	0xFE5
   576                           preinc1	equ	0xFE4
   577                           plusw1	equ	0xFE3
   578                           fsr1h	equ	0xFE2
   579                           fsr1l	equ	0xFE1
   580                           bsr	equ	0xFE0
   581                           indf2	equ	0xFDF
   582                           postinc2	equ	0xFDE
   583                           postdec2	equ	0xFDD
   584                           preinc2	equ	0xFDC
   585                           plusw2	equ	0xFDB
   586                           fsr2h	equ	0xFDA
   587                           fsr2l	equ	0xFD9
   588                           status	equ	0xFD8

Data Sizes:
    Strings     0
    Constant    0
    Data        0
    BSS         0
    Persistent  0
    Stack       0

Auto Spaces:
    Space          Size  Autos    Used
    COMRAM           94      0       0
    BANK0           160      5       5
    BANK1           256      0       0
    BANK2           256      0       0
    BANK3           256      0       0
    BANK4           256      0       0
    BANK5           256      0       0

Pointer List with Targets:

    None.

Critical Paths under _main in COMRAM

    None.

Critical Paths under _high_isr in COMRAM

    None.

Critical Paths under _main in BANK0

    None.

Critical Paths under _high_isr in BANK0

    None.

Critical Paths under _main in BANK1

    None.

Critical Paths under _high_isr in BANK1

    None.

Critical Paths under _main in BANK2

    None.

Critical Paths under _high_isr in BANK2

    None.

Critical Paths under _main in BANK3

    None.

Critical Paths under _high_isr in BANK3

    None.

Critical Paths under _main in BANK4

    None.

Critical Paths under _high_isr in BANK4

    None.

Critical Paths under _main in BANK5

    None.

Critical Paths under _high_isr in BANK5

    None.

Call Graph Tables:

 ---------------------------------------------------------------------------------
 (Depth) Function   	        Calls       Base Space   Used Autos Params    Refs
 ---------------------------------------------------------------------------------
 (0) _main                                                 5     5      0      60
                                              0 BANK0      5     5      0
                     _initialisation
 ---------------------------------------------------------------------------------
 (1) _initialisation                                       0     0      0       0
 ---------------------------------------------------------------------------------
 Estimated maximum stack depth 1
 ---------------------------------------------------------------------------------
 (Depth) Function   	        Calls       Base Space   Used Autos Params    Refs
 ---------------------------------------------------------------------------------
 (2) _high_isr                                             0     0      0       0
 ---------------------------------------------------------------------------------
 Estimated maximum stack depth 2
 ---------------------------------------------------------------------------------

 Call Graph Graphs:

 _main (ROOT)
   _initialisation

 _high_isr (ROOT)

 Address spaces:
Name               Size   Autos  Total    Cost      Usage
BITCOMRAM           5E      0       0       0        0.0%
EEDATA             100      0       0       0        0.0%
NULL                 0      0       0       0        0.0%
CODE                 0      0       0       0        0.0%
COMRAM              5E      0       0       1        0.0%
STACK                0      0       0       2        0.0%
DATA                 0      0       0       3        0.0%
BITBANK0            A0      0       0       4        0.0%
BANK0               A0      5       5       5        3.1%
BITBANK1           100      0       0       6        0.0%
BANK1              100      0       0       7        0.0%
BITBANK2           100      0       0       8        0.0%
BANK2              100      0       0       9        0.0%
BITBANK3           100      0       0      10        0.0%
BANK3              100      0       0      11        0.0%
BITBANK4           100      0       0      12        0.0%
BANK4              100      0       0      13        0.0%
BANK5              100      0       0      14        0.0%
ABS                  0      0       0      15        0.0%
BITBANK5           100      0       0      16        0.0%
BIGRAM             5FF      0       0      17        0.0%
BITSFR               0      0       0     200        0.0%
SFR                  0      0       0     200        0.0%


Microchip Technology PIC18 Macro Assembler V2.31 build 20201012212115 
Symbol Table                                                                                   Thu Apr 08 14:16:27 2021

                     l40 00DA                       l33 0088                       u10 004A  
                     u11 0046                       u20 0088                       u21 0084  
                     u30 00AE                       u31 00AA                       u47 0058  
                     u57 0098                      l801 00CC                      l811 00D6  
                    l803 00CE                      l813 00D8                      l805 00D0  
                    l821 002C                      l807 00D2                      l831 008C  
                    l815 0012                      l809 00D4                      l833 0090  
                    l825 004E                      l817 001E                      l835 00A0  
                    l827 0050                      l819 0022                      l837 00AE  
                    l829 006A                      l793 00BE                      l795 00C6  
                    l797 00C8                      l799 00CA                      wreg 000FE8  
                   i2l45 000A         ??_initialisation 0060                     _main 0012  
                   btemp 0001                     start 000E             ___param_bank 000000  
                  ?_main 0060                    _RCREG 000FAE                    _SPBRG 000FAF  
                  _PORTD 000F83                    _TRISD 000F95                    _TXREG 000FAD  
                  main@i 0063                    ttemp5 0002                    ttemp6 0005  
                  ttemp7 0009                    status 000FD8                    wtemp8 0002  
        __initialization 00DC             __end_of_main 00BE                   ??_main 0060  
          __activetblptr 000003         __end_of_high_isr 000E               __accesstop 0060  
__end_of__initialization 00DC            ___rparam_used 000000                ?_high_isr 0060  
                __Hparam 0000                  __Lparam 0000                  __pcinit 00DC  
                __ramtop 0600                  __ptext0 0012                  __ptext1 00BE  
             ??_high_isr 0060     end_of_initialization 00DC                _RCSTAbits 000FAB  
__size_of_initialisation 001E                _PORTDbits 000F83                _TRISCbits 000F94  
              _TXSTAbits 000FAC              _BAUDCONbits 000FB8      start_initialization 00DC  
          __pcstackBANK0 0060        __size_of_high_isr 0006                __pintcode 0008  
         _initialisation 00BE   __end_of_initialisation 00DC                 _PIR1bits 000F9E  
              main@carRx 0062                main@carTx 0061                 __Hparam0 0000  
               __Lparam0 0000          ?_initialisation 0060                 _high_isr 0008  
          __size_of_main 00AC                 int$flags 0001                 intlevel2 0000  
