

Microchip MPLAB XC8 Assembler V2.10 build 88905656 
                                                                                               Wed Apr 15 10:10:07 2020

Microchip MPLAB XC8 C Compiler v2.10 (Free license) build 20190730164152 Og1 
     1                           	processor	18F45K20
     2                           	fnconf	param0,??,?,0
     3                           	opt	pw 120
     4                           	opt	flic
     5                           	psect	cinit,global,reloc=2,class=CODE,delta=1,minocg
     6                           	psect	cstackBANK0,global,class=BANK0,space=1,delta=1,noexec,minocg
     7                           	psect	text0,global,reloc=2,class=CODE,delta=1,minocg
     8                           	psect	text1,global,reloc=2,class=CODE,delta=1,minocg
     9                           	psect	text2,global,reloc=2,class=CODE,delta=1,group=1,minocg
    10                           	psect	text3,global,reloc=2,class=CODE,delta=1,group=1,minocg
    11                           	psect	intsave_regs,global,class=BIGRAM,space=1,delta=1,noexec
    12                           	psect	param0,global,class=BANK0,space=1,delta=1,noexec
    13  0000                     
    14                           ; Version 2.10
    15                           ; Generated 31/07/2019 GMT
    16                           ; 
    17                           ; Copyright © 2019, Microchip Technology Inc. and its subsidiaries ("Microchip")
    18                           ; All rights reserved.
    19                           ; 
    20                           ; This software is developed by Microchip Technology Inc. and its subsidiaries ("Microch
      +                          ip").
    21                           ; 
    22                           ; Redistribution and use in source and binary forms, with or without modification, are
    23                           ; permitted provided that the following conditions are met:
    24                           ; 
    25                           ;     1. Redistributions of source code must retain the above copyright notice, this lis
      +                          t of
    26                           ;        conditions and the following disclaimer.
    27                           ; 
    28                           ;     2. Redistributions in binary form must reproduce the above copyright notice, this 
      +                          list
    29                           ;        of conditions and the following disclaimer in the documentation and/or other
    30                           ;        materials provided with the distribution.
    31                           ; 
    32                           ;     3. Microchip's name may not be used to endorse or promote products derived from th
      +                          is
    33                           ;        software without specific prior written permission.
    34                           ; 
    35                           ; THIS SOFTWARE IS PROVIDED BY MICROCHIP "AS IS" AND ANY EXPRESS OR IMPLIED WARRANTIES,
    36                           ; INCLUDING, BUT NOT LIMITED TO, THE IMPLIED WARRANTIES OF MERCHANTABILITY AND FITNESS F
      +                          OR
    37                           ; PURPOSE ARE DISCLAIMED.  IN NO EVENT SHALL MICROCHIP BE LIABLE FOR ANY DIRECT, INDIREC
      +                          T,
    38                           ; INCIDENTAL, SPECIAL, EXEMPLARY, OR CONSEQUENTIAL DAMAGES (INCLUDING BUT NOT LIMITED TO
    39                           ; PROCUREMENT OF SUBSTITUTE GOODS OR SERVICES; LOSS OF USE, DATA OR PROFITS; OR BUSINESS
    40                           ; INTERRUPTION) HOWSOEVER CAUSED AND ON ANY THEORY OF LIABILITY, WHETHER IN CONTRACT, ST
      +                          RICT
    41                           ; LIABILITY, OR TORT (INCLUDING NEGLIGENCE OR OTHERWISE) ARISING IN ANY WAY OUT OF THE U
      +                          SE OF
    42                           ; THIS SOFTWARE, EVEN IF ADVISED OF THE POSSIBILITY OF SUCH DAMAGE.
    43                           ; 
    44                           ; 
    45                           ; Code-generator required, PIC18F45K20 Definitions
    46                           ; 
    47                           ; SFR Addresses
    48  0000                     _T2CONbits	set	4042
    49  0000                     _PIR1bits	set	3998
    50  0000                     _CCP2CONbits	set	4026
    51  0000                     _PR2	set	4043
    52  0000                     _TRISCbits	set	3988
    53  0000                     _ANSELH	set	3967
    54  0000                     _TRISBbits	set	3987
    55  0000                     _CCPR2L	set	4027
    56  0000                     _PORTBbits	set	3969
    57                           
    58                           ; #config settings
    59  0000                     
    60                           	psect	cinit
    61  007E4E                     __pcinit:
    62                           	opt callstack 0
    63  007E4E                     start_initialization:
    64                           	opt callstack 0
    65  007E4E                     __initialization:
    66                           	opt callstack 0
    67  007E4E                     end_of_initialization:
    68                           	opt callstack 0
    69  007E4E                     __end_of__initialization:
    70                           	opt callstack 0
    71  007E4E  0100               	movlb	0
    72  007E50  EF57  F03F         	goto	_main	;jump to C main() function
    73                           
    74                           	psect	cstackBANK0
    75  000060                     __pcstackBANK0:
    76                           	opt callstack 0
    77  000060                     ?___wmul:
    78                           	opt callstack 0
    79  000060                     ___wmul@multiplier:
    80                           	opt callstack 0
    81                           
    82                           ; 2 bytes @ 0x0
    83  000060                     	ds	2
    84  000062                     ___wmul@multiplicand:
    85                           	opt callstack 0
    86                           
    87                           ; 2 bytes @ 0x2
    88  000062                     	ds	2
    89  000064                     ___wmul@product:
    90                           	opt callstack 0
    91                           
    92                           ; 2 bytes @ 0x4
    93  000064                     	ds	2
    94  000066                     ?___awdiv:
    95                           	opt callstack 0
    96  000066                     ___awdiv@dividend:
    97                           	opt callstack 0
    98                           
    99                           ; 2 bytes @ 0x6
   100  000066                     	ds	2
   101  000068                     ___awdiv@divisor:
   102                           	opt callstack 0
   103                           
   104                           ; 2 bytes @ 0x8
   105  000068                     	ds	2
   106  00006A                     ___awdiv@counter:
   107                           	opt callstack 0
   108                           
   109                           ; 1 bytes @ 0xA
   110  00006A                     	ds	1
   111  00006B                     ___awdiv@sign:
   112                           	opt callstack 0
   113                           
   114                           ; 1 bytes @ 0xB
   115  00006B                     	ds	1
   116  00006C                     ___awdiv@quotient:
   117                           	opt callstack 0
   118                           
   119                           ; 2 bytes @ 0xC
   120  00006C                     	ds	2
   121  00006E                     main@MLIpourCent:
   122                           	opt callstack 0
   123                           
   124                           ; 2 bytes @ 0xE
   125  00006E                     	ds	2
   126                           
   127 ;;
   128 ;;Main: autosize = 0, tempsize = 0, incstack = 0, save=0
   129 ;;
   130 ;; *************** function _main *****************
   131 ;; Defined at:
   132 ;;		line 22 in file "main.c"
   133 ;; Parameters:    Size  Location     Type
   134 ;;		None
   135 ;; Auto vars:     Size  Location     Type
   136 ;;  MLIpourCent     2   14[BANK0 ] int 
   137 ;; Return value:  Size  Location     Type
   138 ;;                  1    wreg      void 
   139 ;; Registers used:
   140 ;;		wreg, status,2, status,0, prodl, prodh, cstack
   141 ;; Tracked objects:
   142 ;;		On entry : 0/0
   143 ;;		On exit  : 0/0
   144 ;;		Unchanged: 0/0
   145 ;; Data sizes:     COMRAM   BANK0   BANK1   BANK2   BANK3   BANK4   BANK5
   146 ;;      Params:         0       0       0       0       0       0       0
   147 ;;      Locals:         0       2       0       0       0       0       0
   148 ;;      Temps:          0       0       0       0       0       0       0
   149 ;;      Totals:         0       2       0       0       0       0       0
   150 ;;Total ram usage:        2 bytes
   151 ;; Hardware stack levels required when called:    1
   152 ;; This function calls:
   153 ;;		___awdiv
   154 ;;		___wmul
   155 ;;		_initialisation
   156 ;; This function is called by:
   157 ;;		Startup code after reset
   158 ;; This function uses a non-reentrant model
   159 ;;
   160                           
   161                           	psect	text0
   162  007EAE                     __ptext0:
   163                           	opt callstack 0
   164  007EAE                     _main:
   165                           	opt callstack 30
   166  007EAE                     
   167                           ;main.c: 24:     int MLIpourCent = 10;
   168  007EAE  0E00               	movlw	0
   169  007EB0  0100               	movlb	0	; force () banked
   170  007EB2  6F6F               	movwf	(main@MLIpourCent+1)& (0+255),b
   171  007EB4  0E0A               	movlw	10
   172  007EB6  6F6E               	movwf	main@MLIpourCent& (0+255),b
   173  007EB8                     
   174                           ; BSR set to: 0
   175                           ;main.c: 25:     initialisation();
   176  007EB8  EC3E  F03F         	call	_initialisation	;wreg free
   177  007EBC                     l843:
   178                           
   179                           ;main.c: 31:     {;main.c: 32:         if (PORTBbits.RB0 == 0)
   180  007EBC  B081               	btfsc	129,0,c	;volatile
   181  007EBE  EF63  F03F         	goto	u171
   182  007EC2  EF65  F03F         	goto	u170
   183  007EC6                     u171:
   184  007EC6  EF80  F03F         	goto	l851
   185  007ECA                     u170:
   186  007ECA                     l27:
   187  007ECA  A081               	btfss	129,0,c	;volatile
   188  007ECC  EF6A  F03F         	goto	u181
   189  007ED0  EF6C  F03F         	goto	u180
   190  007ED4                     u181:
   191  007ED4  EF65  F03F         	goto	l27
   192  007ED8                     u180:
   193  007ED8                     
   194                           ;main.c: 35:             MLIpourCent += 10;
   195  007ED8  0E0A               	movlw	10
   196  007EDA  0100               	movlb	0	; force () banked
   197  007EDC  276E               	addwf	main@MLIpourCent& (0+255),f,b
   198  007EDE  0E00               	movlw	0
   199  007EE0  236F               	addwfc	(main@MLIpourCent+1)& (0+255),f,b
   200                           
   201                           ;main.c: 36:             if (MLIpourCent == 100)
   202  007EE2  0E64               	movlw	100
   203  007EE4  196E               	xorwf	main@MLIpourCent& (0+255),w,b
   204  007EE6  116F               	iorwf	(main@MLIpourCent+1)& (0+255),w,b
   205  007EE8  A4D8               	btfss	status,2,c
   206  007EEA  EF79  F03F         	goto	u191
   207  007EEE  EF7B  F03F         	goto	u190
   208  007EF2                     u191:
   209  007EF2  EF80  F03F         	goto	l851
   210  007EF6                     u190:
   211  007EF6                     
   212                           ; BSR set to: 0
   213                           ;main.c: 37:                 MLIpourCent = 10;
   214  007EF6  0E00               	movlw	0
   215  007EF8  0100               	movlb	0	; force () banked
   216  007EFA  6F6F               	movwf	(main@MLIpourCent+1)& (0+255),b
   217  007EFC  0E0A               	movlw	10
   218  007EFE  6F6E               	movwf	main@MLIpourCent& (0+255),b
   219  007F00                     l851:
   220                           
   221                           ;main.c: 40:         CCPR2L = (MLIpourCent * 124 / 100);
   222  007F00  C06E  F060         	movff	main@MLIpourCent,___wmul@multiplier
   223  007F04  C06F  F061         	movff	main@MLIpourCent+1,___wmul@multiplier+1
   224  007F08  0E00               	movlw	0
   225  007F0A  0100               	movlb	0	; force () banked
   226  007F0C  6F63               	movwf	(___wmul@multiplicand+1)& (0+255),b
   227  007F0E  0E7C               	movlw	124
   228  007F10  6F62               	movwf	___wmul@multiplicand& (0+255),b
   229  007F12  EC2A  F03F         	call	___wmul	;wreg free
   230  007F16  C060  F066         	movff	?___wmul,___awdiv@dividend
   231  007F1A  C061  F067         	movff	?___wmul+1,___awdiv@dividend+1
   232  007F1E  0E00               	movlw	0
   233  007F20  0100               	movlb	0	; force () banked
   234  007F22  6F69               	movwf	(___awdiv@divisor+1)& (0+255),b
   235  007F24  0E64               	movlw	100
   236  007F26  6F68               	movwf	___awdiv@divisor& (0+255),b
   237  007F28  EC9D  F03F         	call	___awdiv	;wreg free
   238  007F2C  0100               	movlb	0	; force () banked
   239  007F2E  5166               	movf	?___awdiv& (0+255),w,b
   240  007F30  6EBB               	movwf	187,c	;volatile
   241  007F32  EF5E  F03F         	goto	l843
   242  007F36  EF00  F000         	goto	start
   243  007F3A                     __end_of_main:
   244                           	opt callstack 0
   245                           
   246 ;; *************** function _initialisation *****************
   247 ;; Defined at:
   248 ;;		line 47 in file "main.c"
   249 ;; Parameters:    Size  Location     Type
   250 ;;		None
   251 ;; Auto vars:     Size  Location     Type
   252 ;;		None
   253 ;; Return value:  Size  Location     Type
   254 ;;                  1    wreg      void 
   255 ;; Registers used:
   256 ;;		wreg, status,2
   257 ;; Tracked objects:
   258 ;;		On entry : 0/0
   259 ;;		On exit  : 0/0
   260 ;;		Unchanged: 0/0
   261 ;; Data sizes:     COMRAM   BANK0   BANK1   BANK2   BANK3   BANK4   BANK5
   262 ;;      Params:         0       0       0       0       0       0       0
   263 ;;      Locals:         0       0       0       0       0       0       0
   264 ;;      Temps:          0       0       0       0       0       0       0
   265 ;;      Totals:         0       0       0       0       0       0       0
   266 ;;Total ram usage:        0 bytes
   267 ;; Hardware stack levels used:    1
   268 ;; This function calls:
   269 ;;		Nothing
   270 ;; This function is called by:
   271 ;;		_main
   272 ;; This function uses a non-reentrant model
   273 ;;
   274                           
   275                           	psect	text1
   276  007E7C                     __ptext1:
   277                           	opt callstack 0
   278  007E7C                     _initialisation:
   279                           	opt callstack 30
   280  007E7C                     
   281                           ;main.c: 50:     TRISBbits.TRISB0 = 1;
   282  007E7C  8093               	bsf	147,0,c	;volatile
   283  007E7E                     
   284                           ;main.c: 51:     ANSELH = 0;
   285  007E7E  0E00               	movlw	0
   286  007E80  6E7F               	movwf	127,c	;volatile
   287  007E82                     
   288                           ;main.c: 57:     TRISCbits.RC1 = 1;
   289  007E82  8294               	bsf	148,1,c	;volatile
   290                           
   291                           ;main.c: 64:     PR2 = 124;
   292  007E84  0E7C               	movlw	124
   293  007E86  6ECB               	movwf	203,c	;volatile
   294                           
   295                           ;main.c: 68:     CCP2CONbits.CCP2M = 0b1111;
   296  007E88  0E0F               	movlw	15
   297  007E8A  12BA               	iorwf	186,f,c	;volatile
   298                           
   299                           ;main.c: 72:     CCPR2L = 12;
   300  007E8C  0E0C               	movlw	12
   301  007E8E  6EBB               	movwf	187,c	;volatile
   302                           
   303                           ;main.c: 73:     CCP2CONbits.DC2B = 0b00;
   304  007E90  0ECF               	movlw	-49
   305  007E92  16BA               	andwf	186,f,c	;volatile
   306  007E94                     
   307                           ;main.c: 76:     PIR1bits.TMR2IF = 0;
   308  007E94  929E               	bcf	158,1,c	;volatile
   309                           
   310                           ;main.c: 77:     T2CONbits.T2CKPS = 0;
   311  007E96  0EFC               	movlw	-4
   312  007E98  16CA               	andwf	202,f,c	;volatile
   313  007E9A                     
   314                           ;main.c: 78:     T2CONbits.TMR2ON = 1;
   315  007E9A  84CA               	bsf	202,2,c	;volatile
   316  007E9C                     l36:
   317  007E9C  A29E               	btfss	158,1,c	;volatile
   318  007E9E  EF53  F03F         	goto	u11
   319  007EA2  EF55  F03F         	goto	u10
   320  007EA6                     u11:
   321  007EA6  EF4E  F03F         	goto	l36
   322  007EAA                     u10:
   323  007EAA                     
   324                           ;main.c: 82:     TRISCbits.RC1 = 0;
   325  007EAA  9294               	bcf	148,1,c	;volatile
   326  007EAC  0012               	return		;funcret
   327  007EAE                     __end_of_initialisation:
   328                           	opt callstack 0
   329                           
   330 ;; *************** function ___wmul *****************
   331 ;; Defined at:
   332 ;;		line 15 in file "C:\Program Files (x86)\Microchip\xc8\v2.10\pic\sources\c99\common\Umul16.c"
   333 ;; Parameters:    Size  Location     Type
   334 ;;  multiplier      2    0[BANK0 ] unsigned int 
   335 ;;  multiplicand    2    2[BANK0 ] unsigned int 
   336 ;; Auto vars:     Size  Location     Type
   337 ;;  product         2    4[BANK0 ] unsigned int 
   338 ;; Return value:  Size  Location     Type
   339 ;;                  2    0[BANK0 ] unsigned int 
   340 ;; Registers used:
   341 ;;		wreg, status,2, status,0, prodl, prodh
   342 ;; Tracked objects:
   343 ;;		On entry : 0/0
   344 ;;		On exit  : 0/0
   345 ;;		Unchanged: 0/0
   346 ;; Data sizes:     COMRAM   BANK0   BANK1   BANK2   BANK3   BANK4   BANK5
   347 ;;      Params:         0       4       0       0       0       0       0
   348 ;;      Locals:         0       2       0       0       0       0       0
   349 ;;      Temps:          0       0       0       0       0       0       0
   350 ;;      Totals:         0       6       0       0       0       0       0
   351 ;;Total ram usage:        6 bytes
   352 ;; Hardware stack levels used:    1
   353 ;; This function calls:
   354 ;;		Nothing
   355 ;; This function is called by:
   356 ;;		_main
   357 ;; This function uses a non-reentrant model
   358 ;;
   359                           
   360                           	psect	text2
   361  007E54                     __ptext2:
   362                           	opt callstack 0
   363  007E54                     ___wmul:
   364                           	opt callstack 30
   365  007E54  0100               	movlb	0	; () banked
   366  007E56  5160               	movf	___wmul@multiplier& (0+255),w,b
   367  007E58  0362               	mulwf	___wmul@multiplicand& (0+255),b
   368  007E5A  CFF3 F064          	movff	prodl,___wmul@product
   369  007E5E  CFF4 F065          	movff	prodh,___wmul@product+1
   370  007E62  5160               	movf	___wmul@multiplier& (0+255),w,b
   371  007E64  0363               	mulwf	(___wmul@multiplicand+1)& (0+255),b
   372  007E66  50F3               	movf	243,w,c
   373  007E68  2765               	addwf	(___wmul@product+1)& (0+255),f,b
   374  007E6A  5161               	movf	(___wmul@multiplier+1)& (0+255),w,b
   375  007E6C  0362               	mulwf	___wmul@multiplicand& (0+255),b
   376  007E6E  50F3               	movf	243,w,c
   377  007E70  2765               	addwf	(___wmul@product+1)& (0+255),f,b
   378  007E72                     
   379                           ; BSR set to: 0
   380  007E72  C064  F060         	movff	___wmul@product,?___wmul
   381  007E76  C065  F061         	movff	___wmul@product+1,?___wmul+1
   382  007E7A                     
   383                           ; BSR set to: 0
   384  007E7A  0012               	return		;funcret
   385  007E7C                     __end_of___wmul:
   386                           	opt callstack 0
   387                           
   388 ;; *************** function ___awdiv *****************
   389 ;; Defined at:
   390 ;;		line 7 in file "C:\Program Files (x86)\Microchip\xc8\v2.10\pic\sources\c99\common\awdiv.c"
   391 ;; Parameters:    Size  Location     Type
   392 ;;  dividend        2    6[BANK0 ] int 
   393 ;;  divisor         2    8[BANK0 ] int 
   394 ;; Auto vars:     Size  Location     Type
   395 ;;  quotient        2   12[BANK0 ] int 
   396 ;;  sign            1   11[BANK0 ] unsigned char 
   397 ;;  counter         1   10[BANK0 ] unsigned char 
   398 ;; Return value:  Size  Location     Type
   399 ;;                  2    6[BANK0 ] int 
   400 ;; Registers used:
   401 ;;		wreg, status,2, status,0
   402 ;; Tracked objects:
   403 ;;		On entry : 0/0
   404 ;;		On exit  : 0/0
   405 ;;		Unchanged: 0/0
   406 ;; Data sizes:     COMRAM   BANK0   BANK1   BANK2   BANK3   BANK4   BANK5
   407 ;;      Params:         0       4       0       0       0       0       0
   408 ;;      Locals:         0       4       0       0       0       0       0
   409 ;;      Temps:          0       0       0       0       0       0       0
   410 ;;      Totals:         0       8       0       0       0       0       0
   411 ;;Total ram usage:        8 bytes
   412 ;; Hardware stack levels used:    1
   413 ;; This function calls:
   414 ;;		Nothing
   415 ;; This function is called by:
   416 ;;		_main
   417 ;; This function uses a non-reentrant model
   418 ;;
   419                           
   420                           	psect	text3
   421  007F3A                     __ptext3:
   422                           	opt callstack 0
   423  007F3A                     ___awdiv:
   424                           	opt callstack 30
   425  007F3A  0E00               	movlw	0
   426  007F3C  0100               	movlb	0	; () banked
   427  007F3E  6F6B               	movwf	___awdiv@sign& (0+255),b
   428  007F40                     
   429                           ; BSR set to: 0
   430  007F40  BF69               	btfsc	(___awdiv@divisor+1)& (0+255),7,b
   431  007F42  EFA7  F03F         	goto	u110
   432  007F46  EFA5  F03F         	goto	u111
   433  007F4A                     u111:
   434  007F4A  EFAD  F03F         	goto	l803
   435  007F4E                     u110:
   436  007F4E                     
   437                           ; BSR set to: 0
   438  007F4E  6D68               	negf	___awdiv@divisor& (0+255),b
   439  007F50  1F69               	comf	(___awdiv@divisor+1)& (0+255),f,b
   440  007F52  B0D8               	btfsc	status,0,c
   441  007F54  2B69               	incf	(___awdiv@divisor+1)& (0+255),f,b
   442  007F56                     
   443                           ; BSR set to: 0
   444  007F56  0E01               	movlw	1
   445  007F58  6F6B               	movwf	___awdiv@sign& (0+255),b
   446  007F5A                     l803:
   447                           
   448                           ; BSR set to: 0
   449  007F5A  BF67               	btfsc	(___awdiv@dividend+1)& (0+255),7,b
   450  007F5C  EFB4  F03F         	goto	u120
   451  007F60  EFB2  F03F         	goto	u121
   452  007F64                     u121:
   453  007F64  EFBA  F03F         	goto	l809
   454  007F68                     u120:
   455  007F68                     
   456                           ; BSR set to: 0
   457  007F68  6D66               	negf	___awdiv@dividend& (0+255),b
   458  007F6A  1F67               	comf	(___awdiv@dividend+1)& (0+255),f,b
   459  007F6C  B0D8               	btfsc	status,0,c
   460  007F6E  2B67               	incf	(___awdiv@dividend+1)& (0+255),f,b
   461  007F70                     
   462                           ; BSR set to: 0
   463  007F70  0E01               	movlw	1
   464  007F72  1B6B               	xorwf	___awdiv@sign& (0+255),f,b
   465  007F74                     l809:
   466                           
   467                           ; BSR set to: 0
   468  007F74  0E00               	movlw	0
   469  007F76  6F6D               	movwf	(___awdiv@quotient+1)& (0+255),b
   470  007F78  0E00               	movlw	0
   471  007F7A  6F6C               	movwf	___awdiv@quotient& (0+255),b
   472  007F7C                     
   473                           ; BSR set to: 0
   474  007F7C  5168               	movf	___awdiv@divisor& (0+255),w,b
   475  007F7E  1169               	iorwf	(___awdiv@divisor+1)& (0+255),w,b
   476  007F80  B4D8               	btfsc	status,2,c
   477  007F82  EFC5  F03F         	goto	u131
   478  007F86  EFC7  F03F         	goto	u130
   479  007F8A                     u131:
   480  007F8A  EFEF  F03F         	goto	l831
   481  007F8E                     u130:
   482  007F8E                     
   483                           ; BSR set to: 0
   484  007F8E  0E01               	movlw	1
   485  007F90  6F6A               	movwf	___awdiv@counter& (0+255),b
   486  007F92  EFCF  F03F         	goto	l817
   487  007F96                     l815:
   488                           
   489                           ; BSR set to: 0
   490  007F96  90D8               	bcf	status,0,c
   491  007F98  3768               	rlcf	___awdiv@divisor& (0+255),f,b
   492  007F9A  3769               	rlcf	(___awdiv@divisor+1)& (0+255),f,b
   493  007F9C  2B6A               	incf	___awdiv@counter& (0+255),f,b
   494  007F9E                     l817:
   495                           
   496                           ; BSR set to: 0
   497  007F9E  AF69               	btfss	(___awdiv@divisor+1)& (0+255),7,b
   498  007FA0  EFD4  F03F         	goto	u141
   499  007FA4  EFD6  F03F         	goto	u140
   500  007FA8                     u141:
   501  007FA8  EFCB  F03F         	goto	l815
   502  007FAC                     u140:
   503  007FAC                     l819:
   504                           
   505                           ; BSR set to: 0
   506  007FAC  90D8               	bcf	status,0,c
   507  007FAE  376C               	rlcf	___awdiv@quotient& (0+255),f,b
   508  007FB0  376D               	rlcf	(___awdiv@quotient+1)& (0+255),f,b
   509  007FB2                     
   510                           ; BSR set to: 0
   511  007FB2  5168               	movf	___awdiv@divisor& (0+255),w,b
   512  007FB4  5D66               	subwf	___awdiv@dividend& (0+255),w,b
   513  007FB6  5169               	movf	(___awdiv@divisor+1)& (0+255),w,b
   514  007FB8  5967               	subwfb	(___awdiv@dividend+1)& (0+255),w,b
   515  007FBA  A0D8               	btfss	status,0,c
   516  007FBC  EFE2  F03F         	goto	u151
   517  007FC0  EFE4  F03F         	goto	u150
   518  007FC4                     u151:
   519  007FC4  EFE9  F03F         	goto	l827
   520  007FC8                     u150:
   521  007FC8                     
   522                           ; BSR set to: 0
   523  007FC8  5168               	movf	___awdiv@divisor& (0+255),w,b
   524  007FCA  5F66               	subwf	___awdiv@dividend& (0+255),f,b
   525  007FCC  5169               	movf	(___awdiv@divisor+1)& (0+255),w,b
   526  007FCE  5B67               	subwfb	(___awdiv@dividend+1)& (0+255),f,b
   527  007FD0                     
   528                           ; BSR set to: 0
   529  007FD0  816C               	bsf	___awdiv@quotient& (0+255),0,b
   530  007FD2                     l827:
   531                           
   532                           ; BSR set to: 0
   533  007FD2  90D8               	bcf	status,0,c
   534  007FD4  3369               	rrcf	(___awdiv@divisor+1)& (0+255),f,b
   535  007FD6  3368               	rrcf	___awdiv@divisor& (0+255),f,b
   536  007FD8                     
   537                           ; BSR set to: 0
   538  007FD8  2F6A               	decfsz	___awdiv@counter& (0+255),f,b
   539  007FDA  EFD6  F03F         	goto	l819
   540  007FDE                     l831:
   541                           
   542                           ; BSR set to: 0
   543  007FDE  516B               	movf	___awdiv@sign& (0+255),w,b
   544  007FE0  B4D8               	btfsc	status,2,c
   545  007FE2  EFF5  F03F         	goto	u161
   546  007FE6  EFF7  F03F         	goto	u160
   547  007FEA                     u161:
   548  007FEA  EFFB  F03F         	goto	l835
   549  007FEE                     u160:
   550  007FEE                     
   551                           ; BSR set to: 0
   552  007FEE  6D6C               	negf	___awdiv@quotient& (0+255),b
   553  007FF0  1F6D               	comf	(___awdiv@quotient+1)& (0+255),f,b
   554  007FF2  B0D8               	btfsc	status,0,c
   555  007FF4  2B6D               	incf	(___awdiv@quotient+1)& (0+255),f,b
   556  007FF6                     l835:
   557                           
   558                           ; BSR set to: 0
   559  007FF6  C06C  F066         	movff	___awdiv@quotient,?___awdiv
   560  007FFA  C06D  F067         	movff	___awdiv@quotient+1,?___awdiv+1
   561  007FFE                     
   562                           ; BSR set to: 0
   563  007FFE  0012               	return		;funcret
   564  008000                     __end_of___awdiv:
   565                           	opt callstack 0
   566  0000                     
   567                           	psect	param0
   568  0000                     tosu	equ	0xFFF
   569                           tosh	equ	0xFFE
   570                           tosl	equ	0xFFD
   571                           stkptr	equ	0xFFC
   572                           pclatu	equ	0xFFB
   573                           pclath	equ	0xFFA
   574                           pcl	equ	0xFF9
   575                           tblptru	equ	0xFF8
   576                           tblptrh	equ	0xFF7
   577                           tblptrl	equ	0xFF6
   578                           tablat	equ	0xFF5
   579                           prodh	equ	0xFF4
   580                           prodl	equ	0xFF3
   581                           indf0	equ	0xFEF
   582                           postinc0	equ	0xFEE
   583                           postdec0	equ	0xFED
   584                           preinc0	equ	0xFEC
   585                           plusw0	equ	0xFEB
   586                           fsr0h	equ	0xFEA
   587                           fsr0l	equ	0xFE9
   588                           wreg	equ	0xFE8
   589                           indf1	equ	0xFE7
   590                           postinc1	equ	0xFE6
   591                           postdec1	equ	0xFE5
   592                           preinc1	equ	0xFE4
   593                           plusw1	equ	0xFE3
   594                           fsr1h	equ	0xFE2
   595                           fsr1l	equ	0xFE1
   596                           bsr	equ	0xFE0
   597                           indf2	equ	0xFDF
   598                           postinc2	equ	0xFDE
   599                           postdec2	equ	0xFDD
   600                           preinc2	equ	0xFDC
   601                           plusw2	equ	0xFDB
   602                           fsr2h	equ	0xFDA
   603                           fsr2l	equ	0xFD9
   604                           status	equ	0xFD8


Data Sizes:
    Strings     0
    Constant    0
    Data        0
    BSS         0
    Persistent  0
    Stack       0

Auto Spaces:
    Space          Size  Autos    Used
    COMRAM           95      0       0
    BANK0           160     16      16
    BANK1           256      0       0
    BANK2           256      0       0
    BANK3           256      0       0
    BANK4           256      0       0
    BANK5           256      0       0

Pointer List with Targets:

    None.

Critical Paths under _main in COMRAM

    None.

Critical Paths under _main in BANK0

    _main->___awdiv
    ___awdiv->___wmul

Critical Paths under _main in BANK1

    None.

Critical Paths under _main in BANK2

    None.

Critical Paths under _main in BANK3

    None.

Critical Paths under _main in BANK4

    None.

Critical Paths under _main in BANK5

    None.

Call Graph Tables:

 ---------------------------------------------------------------------------------
 (Depth) Function   	        Calls       Base Space   Used Autos Params    Refs
 ---------------------------------------------------------------------------------
 (0) _main                                                 2     2      0     810
                                             14 BANK0      2     2      0
                            ___awdiv
                             ___wmul
                     _initialisation
 ---------------------------------------------------------------------------------
 (1) _initialisation                                       0     0      0       0
 ---------------------------------------------------------------------------------
 (1) ___wmul                                               6     2      4     311
                                              0 BANK0      6     2      4
 ---------------------------------------------------------------------------------
 (1) ___awdiv                                              8     4      4     452
                                              6 BANK0      8     4      4
                             ___wmul (ARG)
 ---------------------------------------------------------------------------------
 Estimated maximum stack depth 1
 ---------------------------------------------------------------------------------

 Call Graph Graphs:

 _main (ROOT)
   ___awdiv
     ___wmul (ARG)
   ___wmul
   _initialisation

 Address spaces:
Name               Size   Autos  Total    Cost      Usage
BITCOMRAM           5F      0       0       0        0.0%
EEDATA             100      0       0       0        0.0%
NULL                 0      0       0       0        0.0%
CODE                 0      0       0       0        0.0%
COMRAM              5F      0       0       1        0.0%
STACK                0      0       0       2        0.0%
DATA                 0      0       0       3        0.0%
BITBANK0            A0      0       0       4        0.0%
BANK0               A0     10      10       5       10.0%
BITBANK1           100      0       0       6        0.0%
BANK1              100      0       0       7        0.0%
BITBANK2           100      0       0       8        0.0%
BANK2              100      0       0       9        0.0%
BITBANK3           100      0       0      10        0.0%
BANK3              100      0       0      11        0.0%
BITBANK4           100      0       0      12        0.0%
BANK4              100      0       0      13        0.0%
BANK5              100      0       0      14        0.0%
ABS                  0      0       0      15        0.0%
BITBANK5           100      0       0      16        0.0%
BIGRAM             5FF      0       0      17        0.0%
BITSFR               0      0       0     200        0.0%
SFR                  0      0       0     200        0.0%


Microchip Technology PIC18 Macro Assembler V2.10 build 88905656 
Symbol Table                                                                                   Wed Apr 15 10:10:07 2020

                     l42 7E7A                       l27 7ECA                       l36 7E9C  
                     l38 7EAA                       l39 7EAC                       u10 7EAA  
                     u11 7EA6             ___awdiv@sign 006B      ___wmul@multiplicand 0062  
           __CFG_CP0$OFF 000000             __CFG_CP1$OFF 000000             __CFG_CP2$OFF 000000  
           __CFG_CP3$OFF 000000                      l273 7FFE                      l801 7F56  
                    l721 7E94                      l811 7F7C                      l803 7F5A  
                    l723 7E9A                      l715 7E7C                      l821 7FB2  
                    l813 7F8E                      l805 7F68                      l717 7E7E  
                    l823 7FC8                      l815 7F96                      l831 7FDE  
                    l807 7F70                      l719 7E82                      l833 7FEE  
                    l825 7FD0                      l817 7F9E                      l809 7F74  
                    l841 7EB8                      l835 7FF6                      l827 7FD2  
                    l819 7FAC                      l851 7F00                      l843 7EBC  
                    l829 7FD8                      l791 7E72                      l847 7ED8  
                    l839 7EAE                      l849 7EF6                      l795 7F3A  
                    l797 7F40                      l789 7E54                      l799 7F4E  
           __CFG_CPB$OFF 000000                      u110 7F4E                      u111 7F4A  
                    u120 7F68                      u121 7F64                      u130 7F8E  
                    u131 7F8A                      u140 7FAC                      u141 7FA8  
                    u150 7FC8                      u151 7FC4                      u160 7FEE  
                    u161 7FEA                      u170 7ECA                      u171 7EC6  
                    u180 7ED8                      u181 7ED4                      u190 7EF6  
                    _PR2 000FCB                      u191 7EF2             __CFG_CPD$OFF 000000  
           __CFG_BORV$18 000000             __CFG_LVP$OFF 000000         ??_initialisation 0060  
                   _main 7EAE                     prodh 000FF4                     prodl 000FF3  
                   start 0000            __CFG_IESO$OFF 000000            __CFG_MCLRE$ON 000000  
           ___param_bank 000000                    ?_main 0060          __end_of___awdiv 8000  
        ___awdiv@divisor 0068          ___awdiv@counter 006A            __CFG_PWRT$OFF 000000  
          __CFG_WRT0$OFF 000000            __CFG_WRT1$OFF 000000            __CFG_WRT2$OFF 000000  
          __CFG_WRT3$OFF 000000           __CFG_EBTR0$OFF 000000           __CFG_FCMEN$OFF 000000  
         __CFG_EBTR1$OFF 000000           __CFG_EBTR2$OFF 000000           __CFG_EBTR3$OFF 000000  
          __CFG_WRTB$OFF 000000            __CFG_WRTC$OFF 000000            __CFG_WRTD$OFF 000000  
         __CFG_EBTRB$OFF 000000                    status 000FD8           __CFG_HFOFST$ON 000000  
         __CFG_PBADEN$ON 000000          __initialization 7E4E             __end_of_main 7F3A  
                 ??_main 006E            __activetblptr 000003                   _CCPR2L 000FBB  
       ___awdiv@dividend 0066                   _ANSELH 000F7F           __CFG_WDTEN$OFF 000000  
         __CFG_XINST$OFF 000000                   ___wmul 7E54                ??___awdiv 006A  
         __CFG_STVREN$ON 000000         ___awdiv@quotient 006C               __accesstop 0060  
__end_of__initialization 7E4E            ___rparam_used 000000                  ?___wmul 0060  
                __Hparam 0000                  __Lparam 0000                  ___awdiv 7F3A  
        __size_of___wmul 0028                  __pcinit 7E4E                  __ramtop 0600  
                __ptext0 7EAE                  __ptext1 7E7C                  __ptext2 7E54  
                __ptext3 7F3A                _T2CONbits 000FCA     end_of_initialization 7E4E  
__size_of_initialisation 0032                _PORTBbits 000F81                _TRISBbits 000F93  
              _TRISCbits 000F94              _CCP2CONbits 000FBA           __end_of___wmul 7E7C  
    start_initialization 7E4E                 ??___wmul 0064         __CFG_LPT1OSC$OFF 000000  
          __pcstackBANK0 0060        __CFG_CCP2MX$PORTC 000000           _initialisation 7E7C  
               ?___awdiv 0066           ___wmul@product 0064   __end_of_initialisation 7EAE  
               _PIR1bits 000F9E         __CFG_WDTPS$32768 000000        ___wmul@multiplier 0060  
               __Hparam0 0000                 __Lparam0 0000          ?_initialisation 0060  
     __CFG_BOREN$SBORDIS 000000         __size_of___awdiv 00C6            __size_of_main 008C  
        main@MLIpourCent 006E        __CFG_FOSC$INTIO67 000000  
