

Microchip Technology PIC18 LITE Macro Assembler V1.33 build 59893 
                                                                                               Fri Feb 12 11:31:53 2016

Microchip Technology Omniscient Code Generator (Lite mode) build 59893
     1                           	processor	18F45K20
     2                           	fnconf	rparam,??,?,0
     3                           	opt	pw 120
     4                           	opt	lm
     5                           	psect	intcodelo,global,reloc=2,class=CODE,delta=1
     6                           	psect	cinit,global,reloc=2,class=CODE,delta=1
     7                           	psect	bssCOMRAM,global,class=COMRAM,space=1,delta=1
     8                           	psect	cstackCOMRAM,global,class=COMRAM,space=1,delta=1
     9                           	psect	text0,global,reloc=2,class=CODE,delta=1
    10                           	psect	text1,global,reloc=2,class=CODE,delta=1
    11                           	psect	intcode,global,reloc=2,class=CODE,delta=1
    12                           	psect	intcode_body,global,reloc=2,class=CODE,delta=1
    13                           	psect	intsave_regs,global,class=BIGRAM,space=1,delta=1
    14                           	psect	rparam,global,class=COMRAM,space=1,delta=1
    15  0000                     _ANSELH	set	3967
    16  0000                     _INTCONbits	set	4082
    17  0000                     _PORTD	set	3971
    18  0000                     _PORTDbits	set	3971
    19  0000                     _T0CONbits	set	4053
    20  0000                     _TMR0H	set	4055
    21  0000                     _TMR0L	set	4054
    22  0000                     _TRISBbits	set	3987
    23  0000                     _TRISD	set	3989
    24                           
    25 ;; *************** function _low_isr *****************
    26 ;; Defined at:
    27 ;;		line 39 in file "interrupts.c"
    28 ;; Parameters:    Size  Location     Type
    29 ;;		None
    30 ;; Auto vars:     Size  Location     Type
    31 ;;		None
    32 ;; Return value:  Size  Location     Type
    33 ;;		None               void
    34 ;; Registers used:
    35 ;;		None
    36 ;; Tracked objects:
    37 ;;		On entry : 0/0
    38 ;;		On exit  : 0/0
    39 ;;		Unchanged: 0/0
    40 ;; Data sizes:     COMRAM   BANK0   BANK1   BANK2   BANK3   BANK4   BANK5
    41 ;;      Params:         0       0       0       0       0       0       0
    42 ;;      Locals:         0       0       0       0       0       0       0
    43 ;;      Temps:         17       0       0       0       0       0       0
    44 ;;      Totals:        17       0       0       0       0       0       0
    45 ;;Total ram usage:       17 bytes
    46 ;; Hardware stack levels used:    1
    47 ;; Hardware stack levels required when called:    1
    48 ;; This function calls:
    49 ;;		Nothing
    50 ;; This function is called by:
    51 ;;		Interrupt level 1
    52 ;; This function uses a non-reentrant model
    53 ;;
    54                           
    55                           	psect	intcodelo
    56  000018                     __pintcodelo:
    57                           	opt stack 0
    58                           
    59                           ; #config settings
    60  000018                     _low_isr:
    61                           	opt stack 27
    62                           
    63                           ;incstack = 0
    64  000018  CFD8 F001          	movff	status,??_low_isr
    65  00001C  CFE8 F002          	movff	wreg,??_low_isr+1
    66  000020  CFE0 F003          	movff	bsr,??_low_isr+2
    67  000024  CFFA F004          	movff	pclath,??_low_isr+3
    68  000028  CFFB F005          	movff	pclatu,??_low_isr+4
    69  00002C  CFE9 F006          	movff	fsr0l,??_low_isr+5
    70  000030  CFEA F007          	movff	fsr0h,??_low_isr+6
    71  000034  CFE1 F008          	movff	fsr1l,??_low_isr+7
    72  000038  CFE2 F009          	movff	fsr1h,??_low_isr+8
    73  00003C  CFD9 F00A          	movff	fsr2l,??_low_isr+9
    74  000040  CFDA F00B          	movff	fsr2h,??_low_isr+10
    75  000044  CFF3 F00C          	movff	prodl,??_low_isr+11
    76  000048  CFF4 F00D          	movff	prodh,??_low_isr+12
    77  00004C  CFF6 F00E          	movff	tblptrl,??_low_isr+13
    78  000050  CFF7 F00F          	movff	tblptrh,??_low_isr+14
    79  000054  CFF8 F010          	movff	tblptru,??_low_isr+15
    80  000058  CFF5 F011          	movff	tablat,??_low_isr+16
    81  00005C  C011  FFF5         	movff	??_low_isr+16,tablat
    82  000060  C010  FFF8         	movff	??_low_isr+15,tblptru
    83  000064  C00F  FFF7         	movff	??_low_isr+14,tblptrh
    84  000068  C00E  FFF6         	movff	??_low_isr+13,tblptrl
    85  00006C  C00D  FFF4         	movff	??_low_isr+12,prodh
    86  000070  C00C  FFF3         	movff	??_low_isr+11,prodl
    87  000074  C00B  FFDA         	movff	??_low_isr+10,fsr2h
    88  000078  C00A  FFD9         	movff	??_low_isr+9,fsr2l
    89  00007C  C009  FFE2         	movff	??_low_isr+8,fsr1h
    90  000080  C008  FFE1         	movff	??_low_isr+7,fsr1l
    91  000084  C007  FFEA         	movff	??_low_isr+6,fsr0h
    92  000088  C006  FFE9         	movff	??_low_isr+5,fsr0l
    93  00008C  C005  FFFB         	movff	??_low_isr+4,pclatu
    94  000090  C004  FFFA         	movff	??_low_isr+3,pclath
    95  000094  C003  FFE0         	movff	??_low_isr+2,bsr
    96  000098  C002  FFE8         	movff	??_low_isr+1,wreg
    97  00009C  C001  FFD8         	movff	??_low_isr,status
    98  0000A0  0010               	retfie	
    99  0000A2                     __end_of_low_isr:
   100                           	opt stack 0
   101                           pclatu	equ	0xFFB
   102                           pclath	equ	0xFFA
   103                           tblptru	equ	0xFF8
   104                           tblptrh	equ	0xFF7
   105                           tblptrl	equ	0xFF6
   106                           tablat	equ	0xFF5
   107                           prodh	equ	0xFF4
   108                           prodl	equ	0xFF3
   109                           fsr0h	equ	0xFEA
   110                           fsr0l	equ	0xFE9
   111                           wreg	equ	0xFE8
   112                           fsr1h	equ	0xFE2
   113                           fsr1l	equ	0xFE1
   114                           bsr	equ	0xFE0
   115                           fsr2h	equ	0xFDA
   116                           fsr2l	equ	0xFD9
   117                           status	equ	0xFD8
   118                           
   119                           	psect	cinit
   120  000148                     __pcinit:
   121                           	opt stack 0
   122  000148                     start_initialization:
   123                           	opt stack 0
   124  000148                     __initialization:
   125                           	opt stack 0
   126                           
   127                           ; Clear objects allocated to COMRAM (10 bytes)
   128  000148  EE00  F020         	lfsr	0,__pbssCOMRAM
   129  00014C  0E0A               	movlw	10
   130  00014E                     clear_0:
   131  00014E  6AEE               	clrf	postinc0,c
   132  000150  06E8               	decf	wreg,f,c
   133  000152  E1FD               	bnz	clear_0
   134  000154                     end_of_initialization:
   135                           	opt stack 0
   136  000154                     __end_of__initialization:
   137                           	opt stack 0
   138  000154  0100               	movlb	0
   139  000156  EFAD  F000         	goto	_main	;jump to C main() function
   140                           pclatu	equ	0xFFB
   141                           pclath	equ	0xFFA
   142                           tblptru	equ	0xFF8
   143                           tblptrh	equ	0xFF7
   144                           tblptrl	equ	0xFF6
   145                           tablat	equ	0xFF5
   146                           prodh	equ	0xFF4
   147                           prodl	equ	0xFF3
   148                           postinc0	equ	0xFEE
   149                           fsr0h	equ	0xFEA
   150                           fsr0l	equ	0xFE9
   151                           wreg	equ	0xFE8
   152                           fsr1h	equ	0xFE2
   153                           fsr1l	equ	0xFE1
   154                           bsr	equ	0xFE0
   155                           fsr2h	equ	0xFDA
   156                           fsr2l	equ	0xFD9
   157                           status	equ	0xFD8
   158                           
   159                           	psect	bssCOMRAM
   160  000020                     __pbssCOMRAM:
   161                           	opt stack 0
   162  000020                     _chronoSecondes_:
   163                           	opt stack 0
   164  000020                     	ds	2
   165  000022                     _etatFonctionnementCourant_:
   166                           	opt stack 0
   167  000022                     	ds	2
   168  000024                     _lectureAN_:
   169                           	opt stack 0
   170  000024                     	ds	2
   171  000026                     _resultatConversionAN_:
   172                           	opt stack 0
   173  000026                     	ds	2
   174  000028                     _valeurPwm_:
   175                           	opt stack 0
   176  000028                     	ds	2
   177                           pclatu	equ	0xFFB
   178                           pclath	equ	0xFFA
   179                           tblptru	equ	0xFF8
   180                           tblptrh	equ	0xFF7
   181                           tblptrl	equ	0xFF6
   182                           tablat	equ	0xFF5
   183                           prodh	equ	0xFF4
   184                           prodl	equ	0xFF3
   185                           postinc0	equ	0xFEE
   186                           fsr0h	equ	0xFEA
   187                           fsr0l	equ	0xFE9
   188                           wreg	equ	0xFE8
   189                           fsr1h	equ	0xFE2
   190                           fsr1l	equ	0xFE1
   191                           bsr	equ	0xFE0
   192                           fsr2h	equ	0xFDA
   193                           fsr2l	equ	0xFD9
   194                           status	equ	0xFD8
   195                           
   196                           	psect	cstackCOMRAM
   197  000001                     __pcstackCOMRAM:
   198                           	opt stack 0
   199  000001                     ??_low_isr:
   200                           
   201                           ; 0 bytes @ 0x0
   202  000001                     	ds	17
   203  000012                     ??_high_isr:
   204                           
   205                           ; 0 bytes @ 0x11
   206  000012                     	ds	14
   207  000020                     pclatu	equ	0xFFB
   208                           pclath	equ	0xFFA
   209                           tblptru	equ	0xFF8
   210                           tblptrh	equ	0xFF7
   211                           tblptrl	equ	0xFF6
   212                           tablat	equ	0xFF5
   213                           prodh	equ	0xFF4
   214                           prodl	equ	0xFF3
   215                           postinc0	equ	0xFEE
   216                           fsr0h	equ	0xFEA
   217                           fsr0l	equ	0xFE9
   218                           wreg	equ	0xFE8
   219                           fsr1h	equ	0xFE2
   220                           fsr1l	equ	0xFE1
   221                           bsr	equ	0xFE0
   222                           fsr2h	equ	0xFDA
   223                           fsr2l	equ	0xFD9
   224                           status	equ	0xFD8
   225                           
   226                           ; 0 bytes @ 0x1F
   227 ;;
   228 ;;Main: autosize = 0, tempsize = 0, incstack = 0, save=0
   229 ;;
   230 ;; *************** function _main *****************
   231 ;; Defined at:
   232 ;;		line 19 in file "main.c"
   233 ;; Parameters:    Size  Location     Type
   234 ;;		None
   235 ;; Auto vars:     Size  Location     Type
   236 ;;  i               2    0        int 
   237 ;; Return value:  Size  Location     Type
   238 ;;		None               void
   239 ;; Registers used:
   240 ;;		wreg, status,2, cstack
   241 ;; Tracked objects:
   242 ;;		On entry : 0/0
   243 ;;		On exit  : 0/0
   244 ;;		Unchanged: 0/0
   245 ;; Data sizes:     COMRAM   BANK0   BANK1   BANK2   BANK3   BANK4   BANK5
   246 ;;      Params:         0       0       0       0       0       0       0
   247 ;;      Locals:         0       0       0       0       0       0       0
   248 ;;      Temps:          0       0       0       0       0       0       0
   249 ;;      Totals:         0       0       0       0       0       0       0
   250 ;;Total ram usage:        0 bytes
   251 ;; Hardware stack levels required when called:    3
   252 ;; This function calls:
   253 ;;		_initialisation
   254 ;; This function is called by:
   255 ;;		Startup code after reset
   256 ;; This function uses a non-reentrant model
   257 ;;
   258                           
   259                           	psect	text0
   260  00015A                     __ptext0:
   261                           	opt stack 0
   262  00015A                     _main:
   263                           	opt stack 27
   264                           
   265                           ;main.c: 21: int i;
   266                           ;main.c: 23: initialisation();
   267                           
   268                           ;incstack = 0
   269  00015A  EC8E  F000         	call	_initialisation	;wreg free
   270                           
   271                           ;main.c: 24: PORTD = 0xC1;
   272  00015E  0EC1               	movlw	193
   273  000160  6E83               	movwf	3971,c	;volatile
   274  000162                     l23:
   275                           
   276                           ;main.c: 27: {
   277  000162  D7FF               	goto	l23
   278  000164                     __end_of_main:
   279                           	opt stack 0
   280                           pclatu	equ	0xFFB
   281                           pclath	equ	0xFFA
   282                           tblptru	equ	0xFF8
   283                           tblptrh	equ	0xFF7
   284                           tblptrl	equ	0xFF6
   285                           tablat	equ	0xFF5
   286                           prodh	equ	0xFF4
   287                           prodl	equ	0xFF3
   288                           postinc0	equ	0xFEE
   289                           fsr0h	equ	0xFEA
   290                           fsr0l	equ	0xFE9
   291                           wreg	equ	0xFE8
   292                           fsr1h	equ	0xFE2
   293                           fsr1l	equ	0xFE1
   294                           bsr	equ	0xFE0
   295                           fsr2h	equ	0xFDA
   296                           fsr2l	equ	0xFD9
   297                           status	equ	0xFD8
   298                           
   299 ;; *************** function _initialisation *****************
   300 ;; Defined at:
   301 ;;		line 35 in file "main.c"
   302 ;; Parameters:    Size  Location     Type
   303 ;;		None
   304 ;; Auto vars:     Size  Location     Type
   305 ;;		None
   306 ;; Return value:  Size  Location     Type
   307 ;;		None               void
   308 ;; Registers used:
   309 ;;		wreg, status,2
   310 ;; Tracked objects:
   311 ;;		On entry : 0/0
   312 ;;		On exit  : 0/0
   313 ;;		Unchanged: 0/0
   314 ;; Data sizes:     COMRAM   BANK0   BANK1   BANK2   BANK3   BANK4   BANK5
   315 ;;      Params:         0       0       0       0       0       0       0
   316 ;;      Locals:         0       0       0       0       0       0       0
   317 ;;      Temps:          0       0       0       0       0       0       0
   318 ;;      Totals:         0       0       0       0       0       0       0
   319 ;;Total ram usage:        0 bytes
   320 ;; Hardware stack levels used:    1
   321 ;; Hardware stack levels required when called:    2
   322 ;; This function calls:
   323 ;;		Nothing
   324 ;; This function is called by:
   325 ;;		_main
   326 ;; This function uses a non-reentrant model
   327 ;;
   328                           
   329                           	psect	text1
   330  00011C                     __ptext1:
   331                           	opt stack 0
   332  00011C                     _initialisation:
   333                           	opt stack 27
   334                           
   335                           ;main.c: 38: TRISD = 0;
   336                           
   337                           ;incstack = 0
   338  00011C  0E00               	movlw	0
   339  00011E  6E95               	movwf	3989,c	;volatile
   340                           
   341                           ;main.c: 40: ANSELH = 0;
   342  000120  0E00               	movlw	0
   343  000122  6E7F               	movwf	3967,c	;volatile
   344                           
   345                           ;main.c: 41: TRISBbits.RB0 = 1;
   346  000124  8093               	bsf	3987,0,c	;volatile
   347                           
   348                           ;main.c: 45: T0CONbits.TMR0ON = 1;
   349  000126  8ED5               	bsf	4053,7,c	;volatile
   350                           
   351                           ;main.c: 46: T0CONbits.T08BIT = 0;
   352  000128  9CD5               	bcf	4053,6,c	;volatile
   353                           
   354                           ;main.c: 47: T0CONbits.T0CS = 0;
   355  00012A  9AD5               	bcf	4053,5,c	;volatile
   356                           
   357                           ;main.c: 48: T0CONbits.PSA = 0;
   358  00012C  96D5               	bcf	4053,3,c	;volatile
   359                           
   360                           ;main.c: 49: T0CONbits.T0PS = 0b011;
   361  00012E  50D5               	movf	4053,w,c	;volatile
   362  000130  0BF8               	andlw	-8
   363  000132  0903               	iorlw	3
   364  000134  6ED5               	movwf	4053,c	;volatile
   365                           
   366                           ;main.c: 65: TMR0H = 0xC2;
   367  000136  0EC2               	movlw	194
   368  000138  6ED7               	movwf	4055,c	;volatile
   369                           
   370                           ;main.c: 66: TMR0L = 0xF6;
   371  00013A  0EF6               	movlw	246
   372  00013C  6ED6               	movwf	4054,c	;volatile
   373                           
   374                           ;main.c: 69: INTCONbits.TMR0IE = 1;
   375  00013E  8AF2               	bsf	intcon,5,c	;volatile
   376                           
   377                           ;main.c: 70: INTCONbits.TMR0IF = 0;
   378  000140  94F2               	bcf	intcon,2,c	;volatile
   379                           
   380                           ;main.c: 72: INTCONbits.PEIE = 1;
   381  000142  8CF2               	bsf	intcon,6,c	;volatile
   382                           
   383                           ;main.c: 73: INTCONbits.GIE = 1;
   384  000144  8EF2               	bsf	intcon,7,c	;volatile
   385  000146  0012               	return	
   386  000148                     __end_of_initialisation:
   387                           	opt stack 0
   388                           pclatu	equ	0xFFB
   389                           pclath	equ	0xFFA
   390                           tblptru	equ	0xFF8
   391                           tblptrh	equ	0xFF7
   392                           tblptrl	equ	0xFF6
   393                           tablat	equ	0xFF5
   394                           prodh	equ	0xFF4
   395                           prodl	equ	0xFF3
   396                           intcon	equ	0xFF2
   397                           postinc0	equ	0xFEE
   398                           fsr0h	equ	0xFEA
   399                           fsr0l	equ	0xFE9
   400                           wreg	equ	0xFE8
   401                           fsr1h	equ	0xFE2
   402                           fsr1l	equ	0xFE1
   403                           bsr	equ	0xFE0
   404                           fsr2h	equ	0xFDA
   405                           fsr2l	equ	0xFD9
   406                           status	equ	0xFD8
   407                           
   408 ;; *************** function _high_isr *****************
   409 ;; Defined at:
   410 ;;		line 20 in file "interrupts.c"
   411 ;; Parameters:    Size  Location     Type
   412 ;;		None
   413 ;; Auto vars:     Size  Location     Type
   414 ;;		None
   415 ;; Return value:  Size  Location     Type
   416 ;;		None               void
   417 ;; Registers used:
   418 ;;		wreg, status,2, status,0
   419 ;; Tracked objects:
   420 ;;		On entry : 0/0
   421 ;;		On exit  : 0/0
   422 ;;		Unchanged: 0/0
   423 ;; Data sizes:     COMRAM   BANK0   BANK1   BANK2   BANK3   BANK4   BANK5
   424 ;;      Params:         0       0       0       0       0       0       0
   425 ;;      Locals:         0       0       0       0       0       0       0
   426 ;;      Temps:         14       0       0       0       0       0       0
   427 ;;      Totals:        14       0       0       0       0       0       0
   428 ;;Total ram usage:       14 bytes
   429 ;; Hardware stack levels used:    1
   430 ;; This function calls:
   431 ;;		Nothing
   432 ;; This function is called by:
   433 ;;		Interrupt level 2
   434 ;; This function uses a non-reentrant model
   435 ;;
   436                           
   437                           	psect	intcode
   438  000008                     __pintcode:
   439                           	opt stack 0
   440  000008                     _high_isr:
   441                           	opt stack 27
   442                           
   443                           ;incstack = 0
   444  000008  CFFA F012          	movff	pclath,??_high_isr
   445  00000C  CFFB F013          	movff	pclatu,??_high_isr+1
   446  000010  CFE9 F014          	movff	fsr0l,??_high_isr+2
   447  000014  EF53  F000         	goto	int_func
   448                           pclatu	equ	0xFFB
   449                           pclath	equ	0xFFA
   450                           tblptru	equ	0xFF8
   451                           tblptrh	equ	0xFF7
   452                           tblptrl	equ	0xFF6
   453                           tablat	equ	0xFF5
   454                           prodh	equ	0xFF4
   455                           prodl	equ	0xFF3
   456                           intcon	equ	0xFF2
   457                           postinc0	equ	0xFEE
   458                           fsr0h	equ	0xFEA
   459                           fsr0l	equ	0xFE9
   460                           wreg	equ	0xFE8
   461                           fsr1h	equ	0xFE2
   462                           fsr1l	equ	0xFE1
   463                           bsr	equ	0xFE0
   464                           fsr2h	equ	0xFDA
   465                           fsr2l	equ	0xFD9
   466                           status	equ	0xFD8
   467                           
   468                           	psect	intcode_body
   469  0000A6                     __pintcode_body:
   470                           	opt stack 27
   471  0000A6                     int_func:
   472                           	opt stack 27
   473  0000A6  CFEA F015          	movff	fsr0h,??_high_isr+3
   474  0000AA  CFE1 F016          	movff	fsr1l,??_high_isr+4
   475  0000AE  CFE2 F017          	movff	fsr1h,??_high_isr+5
   476  0000B2  CFD9 F018          	movff	fsr2l,??_high_isr+6
   477  0000B6  CFDA F019          	movff	fsr2h,??_high_isr+7
   478  0000BA  CFF3 F01A          	movff	prodl,??_high_isr+8
   479  0000BE  CFF4 F01B          	movff	prodh,??_high_isr+9
   480  0000C2  CFF6 F01C          	movff	tblptrl,??_high_isr+10
   481  0000C6  CFF7 F01D          	movff	tblptrh,??_high_isr+11
   482  0000CA  CFF8 F01E          	movff	tblptru,??_high_isr+12
   483  0000CE  CFF5 F01F          	movff	tablat,??_high_isr+13
   484                           
   485                           ;interrupts.c: 25: if (INTCONbits.TMR0IF)
   486  0000D2  A4F2               	btfss	intcon,2,c	;volatile
   487  0000D4  D006               	goto	i2l43
   488                           
   489                           ;interrupts.c: 26: {
   490                           ;interrupts.c: 27: INTCONbits.TMR0IF = 0;
   491  0000D6  94F2               	bcf	intcon,2,c	;volatile
   492                           
   493                           ;interrupts.c: 29: TMR0H = 0xC2;
   494  0000D8  0EC2               	movlw	194
   495  0000DA  6ED7               	movwf	4055,c	;volatile
   496                           
   497                           ;interrupts.c: 30: TMR0L = 0xF6;
   498  0000DC  0EF6               	movlw	246
   499  0000DE  6ED6               	movwf	4054,c	;volatile
   500                           
   501                           ;interrupts.c: 32: PORTDbits.RD0 ^= 1;
   502  0000E0  7083               	btg	3971,0,c	;volatile
   503  0000E2                     i2l43:
   504  0000E2  C01F  FFF5         	movff	??_high_isr+13,tablat
   505  0000E6  C01E  FFF8         	movff	??_high_isr+12,tblptru
   506  0000EA  C01D  FFF7         	movff	??_high_isr+11,tblptrh
   507  0000EE  C01C  FFF6         	movff	??_high_isr+10,tblptrl
   508  0000F2  C01B  FFF4         	movff	??_high_isr+9,prodh
   509  0000F6  C01A  FFF3         	movff	??_high_isr+8,prodl
   510  0000FA  C019  FFDA         	movff	??_high_isr+7,fsr2h
   511  0000FE  C018  FFD9         	movff	??_high_isr+6,fsr2l
   512  000102  C017  FFE2         	movff	??_high_isr+5,fsr1h
   513  000106  C016  FFE1         	movff	??_high_isr+4,fsr1l
   514  00010A  C015  FFEA         	movff	??_high_isr+3,fsr0h
   515  00010E  C014  FFE9         	movff	??_high_isr+2,fsr0l
   516  000112  C013  FFFB         	movff	??_high_isr+1,pclatu
   517  000116  C012  FFFA         	movff	??_high_isr,pclath
   518  00011A  0011               	retfie		f
   519  00011C                     __end_of_high_isr:
   520                           	opt stack 0
   521  0000                     pclatu	equ	0xFFB
   522                           pclath	equ	0xFFA
   523                           tblptru	equ	0xFF8
   524                           tblptrh	equ	0xFF7
   525                           tblptrl	equ	0xFF6
   526                           tablat	equ	0xFF5
   527                           prodh	equ	0xFF4
   528                           prodl	equ	0xFF3
   529                           intcon	equ	0xFF2
   530                           postinc0	equ	0xFEE
   531                           fsr0h	equ	0xFEA
   532                           fsr0l	equ	0xFE9
   533                           wreg	equ	0xFE8
   534                           fsr1h	equ	0xFE2
   535                           fsr1l	equ	0xFE1
   536                           bsr	equ	0xFE0
   537                           fsr2h	equ	0xFDA
   538                           fsr2l	equ	0xFD9
   539                           status	equ	0xFD8
   540                           pclatu	equ	0xFFB
   541                           pclath	equ	0xFFA
   542                           tblptru	equ	0xFF8
   543                           tblptrh	equ	0xFF7
   544                           tblptrl	equ	0xFF6
   545                           tablat	equ	0xFF5
   546                           prodh	equ	0xFF4
   547                           prodl	equ	0xFF3
   548                           intcon	equ	0xFF2
   549                           postinc0	equ	0xFEE
   550                           fsr0h	equ	0xFEA
   551                           fsr0l	equ	0xFE9
   552                           wreg	equ	0xFE8
   553                           fsr1h	equ	0xFE2
   554                           fsr1l	equ	0xFE1
   555                           bsr	equ	0xFE0
   556                           fsr2h	equ	0xFDA
   557                           fsr2l	equ	0xFD9
   558                           status	equ	0xFD8
   559                           
   560                           	psect	rparam
   561  0000                     pclatu	equ	0xFFB
   562                           pclath	equ	0xFFA
   563                           tblptru	equ	0xFF8
   564                           tblptrh	equ	0xFF7
   565                           tblptrl	equ	0xFF6
   566                           tablat	equ	0xFF5
   567                           prodh	equ	0xFF4
   568                           prodl	equ	0xFF3
   569                           intcon	equ	0xFF2
   570                           postinc0	equ	0xFEE
   571                           fsr0h	equ	0xFEA
   572                           fsr0l	equ	0xFE9
   573                           wreg	equ	0xFE8
   574                           fsr1h	equ	0xFE2
   575                           fsr1l	equ	0xFE1
   576                           bsr	equ	0xFE0
   577                           fsr2h	equ	0xFDA
   578                           fsr2l	equ	0xFD9
   579                           status	equ	0xFD8


Data Sizes:
    Strings     0
    Constant    0
    Data        0
    BSS         10
    Persistent  0
    Stack       0

Auto Spaces:
    Space          Size  Autos    Used
    COMRAM           95     31      41
    BANK0           160      0       0
    BANK1           256      0       0
    BANK2           256      0       0
    BANK3           256      0       0
    BANK4           256      0       0
    BANK5           239      0       0

Pointer List with Targets:

    None.

Critical Paths under _main in COMRAM

    None.

Critical Paths under _high_isr in COMRAM

    None.

Critical Paths under _low_isr in COMRAM

    None.

Critical Paths under _main in BANK0

    None.

Critical Paths under _high_isr in BANK0

    None.

Critical Paths under _low_isr in BANK0

    None.

Critical Paths under _main in BANK1

    None.

Critical Paths under _high_isr in BANK1

    None.

Critical Paths under _low_isr in BANK1

    None.

Critical Paths under _main in BANK2

    None.

Critical Paths under _high_isr in BANK2

    None.

Critical Paths under _low_isr in BANK2

    None.

Critical Paths under _main in BANK3

    None.

Critical Paths under _high_isr in BANK3

    None.

Critical Paths under _low_isr in BANK3

    None.

Critical Paths under _main in BANK4

    None.

Critical Paths under _high_isr in BANK4

    None.

Critical Paths under _low_isr in BANK4

    None.

Critical Paths under _main in BANK5

    None.

Critical Paths under _high_isr in BANK5

    None.

Critical Paths under _low_isr in BANK5

    None.

Call Graph Tables:

 ---------------------------------------------------------------------------------
 (Depth) Function   	        Calls       Base Space   Used Autos Params    Refs
 ---------------------------------------------------------------------------------
 (0) _main                                                 2     2      0       0
                     _initialisation
 ---------------------------------------------------------------------------------
 (1) _initialisation                                       0     0      0       0
 ---------------------------------------------------------------------------------
 Estimated maximum stack depth 1
 ---------------------------------------------------------------------------------
 (Depth) Function   	        Calls       Base Space   Used Autos Params    Refs
 ---------------------------------------------------------------------------------
 (2) _low_isr                                             17    17      0       0
                                              0 COMRAM    17    17      0
 ---------------------------------------------------------------------------------
 Estimated maximum stack depth 2
 ---------------------------------------------------------------------------------
 (Depth) Function   	        Calls       Base Space   Used Autos Params    Refs
 ---------------------------------------------------------------------------------
 (3) _high_isr                                            14    14      0       0
                                             17 COMRAM    14    14      0
 ---------------------------------------------------------------------------------
 Estimated maximum stack depth 3
 ---------------------------------------------------------------------------------

 Call Graph Graphs:

 _main (ROOT)
   _initialisation

 _low_isr (ROOT)

 _high_isr (ROOT)

 Address spaces:
Name               Size   Autos  Total    Cost      Usage
BIGRAM             5EE      0       0      16        0.0%
EEDATA             100      0       0       0        0.0%
BITBANK4           100      0       0      11        0.0%
BANK4              100      0       0      12        0.0%
BITBANK3           100      0       0       9        0.0%
BANK3              100      0       0      10        0.0%
BITBANK2           100      0       0       7        0.0%
BANK2              100      0       0       8        0.0%
BITBANK1           100      0       0       5        0.0%
BANK1              100      0       0       6        0.0%
BITBANK5            EF      0       0      15        0.0%
BANK5               EF      0       0      13        0.0%
BITBANK0            A0      0       0       3        0.0%
BANK0               A0      0       0       4        0.0%
BITCOMRAM           5F      0       0       0        0.0%
COMRAM              5F     1F      29       1       43.2%
BITSFR_5             0      0       0      40        0.0%
SFR_5                0      0       0      40        0.0%
BITSFR_4             0      0       0      40        0.0%
SFR_4                0      0       0      40        0.0%
BITSFR_3             0      0       0      40        0.0%
SFR_3                0      0       0      40        0.0%
BITSFR_2             0      0       0      40        0.0%
SFR_2                0      0       0      40        0.0%
BITSFR_1             0      0       0      40        0.0%
SFR_1                0      0       0      40        0.0%
BITSFR               0      0       0      40        0.0%
SFR                  0      0       0      40        0.0%
STACK                0      0       0       2        0.0%
NULL                 0      0       0       0        0.0%
ABS                  0      0      29      14        0.0%
DATA                 0      0      29      17        0.0%
CODE                 0      0       0       0        0.0%


Microchip Technology PIC18 Macro Assembler V1.33 build 59893 
Symbol Table                                                                                   Fri Feb 12 11:31:53 2016

                        l23 0162                          bsr 000FE0                __CFG_CP0$OFF 000000  
              __CFG_CP1$OFF 000000                __CFG_CP2$OFF 000000                __CFG_CP3$OFF 000000  
              __CFG_CPB$OFF 000000                __CFG_CPD$OFF 000000                __CFG_BORV$18 000000  
                       wreg 000FE8                __CFG_LVP$OFF 000000                        i2l43 00E2  
          ??_initialisation 0020                        _main 015A                        fsr0h 000FEA  
                      fsr1h 000FE2                        fsr0l 000FE9                        fsr2h 000FDA  
                      fsr1l 000FE1                        fsr2l 000FD9                        pclat 000FFA  
                      prodh 000FF4                        prodl 000FF3                        start 00A2  
             __CFG_IESO$OFF 000000               __CFG_MCLRE$ON 000000                       ?_main 0001  
                     _TMR0H 000FD7                       _TMR0L 000FD6                       _PORTD 000F83  
                     _TRISD 000F95               __CFG_PWRT$OFF 000000               __CFG_WRT0$OFF 000000  
             __CFG_WRT1$OFF 000000               __CFG_WRT2$OFF 000000               __CFG_WRT3$OFF 000000  
            __CFG_EBTR0$OFF 000000              __CFG_FCMEN$OFF 000000              __CFG_EBTR1$OFF 000000  
            __CFG_EBTR2$OFF 000000              __CFG_EBTR3$OFF 000000               __CFG_WRTB$OFF 000000  
             __CFG_WRTC$OFF 000000               __CFG_WRTD$OFF 000000              __CFG_EBTRB$OFF 000000  
           __end_of_low_isr 00A2                       tablat 000FF5                       status 000FD8  
            __CFG_HFOFST$ON 000000              __CFG_PBADEN$ON 000000             __initialization 0148  
              __end_of_main 0164                      ??_main 0020               __activetblptr 000000  
                    _ANSELH 000F7F  _etatFonctionnementCourant_ 0022              __CFG_WDTEN$OFF 000000  
            __CFG_XINST$OFF 000000            __end_of_high_isr 011C              __CFG_STVREN$ON 000000  
                    clear_0 014E                   ??_low_isr 0001                      tblptrh 000FF7  
                    tblptrl 000FF6                      tblptru 000FF8                  __accesstop 0060  
   __end_of__initialization 0154              __pcstackCOMRAM 0001                   ?_high_isr 0001  
                   __Hparam 0000                  _lectureAN_ 0024                     __Lparam 0000  
                   __pcinit 0148                     __ramtop 0600                     __ptext0 015A  
                   __ptext1 011C             _chronoSecondes_ 0020                   _T0CONbits 000FD5  
                   _low_isr 0018                  ??_high_isr 0012              __pintcode_body 00A6  
      end_of_initialization 0154                     int_func 00A6                  _valeurPwm_ 0028  
                   postinc0 000FEE     __size_of_initialisation 002C                   _PORTDbits 000F83  
                 _TRISBbits 000F93         start_initialization 0148       _resultatConversionAN_ 0026  
          __CFG_LPT1OSC$OFF 000000                 __pbssCOMRAM 0020           __size_of_high_isr 0114  
         __CFG_CCP2MX$PORTC 000000                   __pintcode 0008              _initialisation 011C  
               __pintcodelo 0018                    ?_low_isr 0001      __end_of_initialisation 0148  
          __CFG_WDTPS$32768 000000                    __Hrparam 0000             ?_initialisation 0001  
                  __Lrparam 0000          __CFG_BOREN$SBORDIS 000000            __size_of_low_isr 008A  
                  _high_isr 0008               __size_of_main 000A                  _INTCONbits 000FF2  
                  intlevel1 0000                    intlevel2 0000           __CFG_FOSC$INTIO67 000000  
