

Microchip MPLAB XC8 Assembler V2.10 build 88905656 
                                                                                               Mon Mar 23 09:09:11 2020

Microchip MPLAB XC8 C Compiler v2.10 (Free license) build 20190730164152 Og1 
     1                           	processor	18F45K20
     2                           	fnconf	param0,??,?,0
     3                           	opt	pw 120
     4                           	opt	flic
     5                           	psect	cinit,global,reloc=2,class=CODE,delta=1,minocg
     6                           	psect	bssBANK0,global,class=BANK0,space=1,delta=1,lowdata,noexec,minocg
     7                           	psect	cstackBANK0,global,class=BANK0,space=1,delta=1,noexec,minocg
     8                           	psect	text0,global,reloc=2,class=CODE,delta=1,minocg
     9                           	psect	text1,global,reloc=2,class=CODE,delta=1,minocg
    10                           	psect	intcodelo,global,reloc=2,class=CODE,delta=1,minocg
    11                           	psect	intcode,global,reloc=2,class=CODE,delta=1,minocg
    12                           	psect	intcode_body,global,reloc=2,class=CODE,delta=1,minocg
    13                           	psect	intsave_regs,global,class=BIGRAM,space=1,delta=1,noexec
    14                           	psect	param0,global,class=BANK0,space=1,delta=1,noexec
    15                           	psect	temp,global,ovrld,common,class=COMRAM,space=1,delta=1
    16  0000                     
    17                           ; Version 2.10
    18                           ; Generated 31/07/2019 GMT
    19                           ; 
    20                           ; Copyright © 2019, Microchip Technology Inc. and its subsidiaries ("Microchip")
    21                           ; All rights reserved.
    22                           ; 
    23                           ; This software is developed by Microchip Technology Inc. and its subsidiaries ("Microch
      +                          ip").
    24                           ; 
    25                           ; Redistribution and use in source and binary forms, with or without modification, are
    26                           ; permitted provided that the following conditions are met:
    27                           ; 
    28                           ;     1. Redistributions of source code must retain the above copyright notice, this lis
      +                          t of
    29                           ;        conditions and the following disclaimer.
    30                           ; 
    31                           ;     2. Redistributions in binary form must reproduce the above copyright notice, this 
      +                          list
    32                           ;        of conditions and the following disclaimer in the documentation and/or other
    33                           ;        materials provided with the distribution.
    34                           ; 
    35                           ;     3. Microchip's name may not be used to endorse or promote products derived from th
      +                          is
    36                           ;        software without specific prior written permission.
    37                           ; 
    38                           ; THIS SOFTWARE IS PROVIDED BY MICROCHIP "AS IS" AND ANY EXPRESS OR IMPLIED WARRANTIES,
    39                           ; INCLUDING, BUT NOT LIMITED TO, THE IMPLIED WARRANTIES OF MERCHANTABILITY AND FITNESS F
      +                          OR
    40                           ; PURPOSE ARE DISCLAIMED.  IN NO EVENT SHALL MICROCHIP BE LIABLE FOR ANY DIRECT, INDIREC
      +                          T,
    41                           ; INCIDENTAL, SPECIAL, EXEMPLARY, OR CONSEQUENTIAL DAMAGES (INCLUDING BUT NOT LIMITED TO
    42                           ; PROCUREMENT OF SUBSTITUTE GOODS OR SERVICES; LOSS OF USE, DATA OR PROFITS; OR BUSINESS
    43                           ; INTERRUPTION) HOWSOEVER CAUSED AND ON ANY THEORY OF LIABILITY, WHETHER IN CONTRACT, ST
      +                          RICT
    44                           ; LIABILITY, OR TORT (INCLUDING NEGLIGENCE OR OTHERWISE) ARISING IN ANY WAY OUT OF THE U
      +                          SE OF
    45                           ; THIS SOFTWARE, EVEN IF ADVISED OF THE POSSIBILITY OF SUCH DAMAGE.
    46                           ; 
    47                           ; 
    48                           ; Code-generator required, PIC18F45K20 Definitions
    49                           ; 
    50                           ; SFR Addresses
    51  0000                     _PORTDbits	set	3971
    52  0000                     _TRISBbits	set	3987
    53  0000                     _ANSELH	set	3967
    54  0000                     _TRISD	set	3989
    55  0000                     _TMR0L	set	4054
    56  0000                     _TMR0H	set	4055
    57  0000                     _T0CONbits	set	4053
    58  0000                     _INTCONbits	set	4082
    59                           
    60                           ; #config settings
    61  0000                     
    62                           	psect	cinit
    63  000074                     __pcinit:
    64                           	opt callstack 0
    65  000074                     start_initialization:
    66                           	opt callstack 0
    67  000074                     __initialization:
    68                           	opt callstack 0
    69                           
    70                           ; Clear objects allocated to BANK0 (10 bytes)
    71  000074  EE00  F060         	lfsr	0,__pbssBANK0
    72  000078  0E0A               	movlw	10
    73  00007A                     clear_0:
    74  00007A  6AEE               	clrf	postinc0,c
    75  00007C  06E8               	decf	wreg,f,c
    76  00007E  E1FD               	bnz	clear_0
    77  000080                     end_of_initialization:
    78                           	opt callstack 0
    79  000080                     __end_of__initialization:
    80                           	opt callstack 0
    81  000080  9001               	bcf	int$flags,0,c	;clear compiler interrupt flag (level 1)
    82  000082  9201               	bcf	int$flags,1,c	;clear compiler interrupt flag (level 2)
    83  000084  0100               	movlb	0
    84  000086  EF45  F000         	goto	_main	;jump to C main() function
    85                           
    86                           	psect	bssBANK0
    87  000060                     __pbssBANK0:
    88                           	opt callstack 0
    89  000060                     _resultatConversionAN_:
    90                           	opt callstack 0
    91  000060                     	ds	2
    92  000062                     _valeurPwm_:
    93                           	opt callstack 0
    94  000062                     	ds	2
    95  000064                     _chronoSecondes_:
    96                           	opt callstack 0
    97  000064                     	ds	2
    98  000066                     _etatFonctionnementCourant_:
    99                           	opt callstack 0
   100  000066                     	ds	2
   101  000068                     _lectureAN_:
   102                           	opt callstack 0
   103  000068                     	ds	2
   104                           
   105                           	psect	cstackBANK0
   106  00006A                     __pcstackBANK0:
   107                           	opt callstack 0
   108  00006A                     ??_low_isr:
   109                           
   110                           ; 1 bytes @ 0x0
   111  00006A                     	ds	1
   112  00006B                     
   113                           ; 1 bytes @ 0x1
   114 ;;
   115 ;;Main: autosize = 0, tempsize = 0, incstack = 0, save=0
   116 ;;
   117 ;; *************** function _main *****************
   118 ;; Defined at:
   119 ;;		line 19 in file "main.c"
   120 ;; Parameters:    Size  Location     Type
   121 ;;		None
   122 ;; Auto vars:     Size  Location     Type
   123 ;;  i               2    0        int 
   124 ;; Return value:  Size  Location     Type
   125 ;;                  1    wreg      void 
   126 ;; Registers used:
   127 ;;		wreg, status,2, cstack
   128 ;; Tracked objects:
   129 ;;		On entry : 0/0
   130 ;;		On exit  : 0/0
   131 ;;		Unchanged: 0/0
   132 ;; Data sizes:     COMRAM   BANK0   BANK1   BANK2   BANK3   BANK4   BANK5
   133 ;;      Params:         0       0       0       0       0       0       0
   134 ;;      Locals:         0       0       0       0       0       0       0
   135 ;;      Temps:          0       0       0       0       0       0       0
   136 ;;      Totals:         0       0       0       0       0       0       0
   137 ;;Total ram usage:        0 bytes
   138 ;; Hardware stack levels required when called:    3
   139 ;; This function calls:
   140 ;;		_initialisation
   141 ;; This function is called by:
   142 ;;		Startup code after reset
   143 ;; This function uses a non-reentrant model
   144 ;;
   145                           
   146                           	psect	text0
   147  00008A                     __ptext0:
   148                           	opt callstack 0
   149  00008A                     _main:
   150                           	opt callstack 28
   151  00008A                     
   152                           ;main.c: 21: int i;;main.c: 23: initialisation();
   153  00008A  EC15  F000         	call	_initialisation	;wreg free
   154  00008E                     l23:
   155  00008E  EF47  F000         	goto	l23
   156  000092  EF13  F000         	goto	start
   157  000096                     __end_of_main:
   158                           	opt callstack 0
   159                           
   160 ;; *************** function _initialisation *****************
   161 ;; Defined at:
   162 ;;		line 35 in file "main.c"
   163 ;; Parameters:    Size  Location     Type
   164 ;;		None
   165 ;; Auto vars:     Size  Location     Type
   166 ;;		None
   167 ;; Return value:  Size  Location     Type
   168 ;;                  1    wreg      void 
   169 ;; Registers used:
   170 ;;		wreg, status,2
   171 ;; Tracked objects:
   172 ;;		On entry : 0/0
   173 ;;		On exit  : 0/0
   174 ;;		Unchanged: 0/0
   175 ;; Data sizes:     COMRAM   BANK0   BANK1   BANK2   BANK3   BANK4   BANK5
   176 ;;      Params:         0       0       0       0       0       0       0
   177 ;;      Locals:         0       0       0       0       0       0       0
   178 ;;      Temps:          0       0       0       0       0       0       0
   179 ;;      Totals:         0       0       0       0       0       0       0
   180 ;;Total ram usage:        0 bytes
   181 ;; Hardware stack levels used:    1
   182 ;; Hardware stack levels required when called:    2
   183 ;; This function calls:
   184 ;;		Nothing
   185 ;; This function is called by:
   186 ;;		_main
   187 ;; This function uses a non-reentrant model
   188 ;;
   189                           
   190                           	psect	text1
   191  00002A                     __ptext1:
   192                           	opt callstack 0
   193  00002A                     _initialisation:
   194                           	opt callstack 28
   195  00002A                     
   196                           ;main.c: 38: TRISD = 0;
   197  00002A  0E00               	movlw	0
   198  00002C  6E95               	movwf	149,c	;volatile
   199                           
   200                           ;main.c: 40: ANSELH = 0;
   201  00002E  0E00               	movlw	0
   202  000030  6E7F               	movwf	127,c	;volatile
   203  000032                     
   204                           ;main.c: 41: TRISBbits.RB0 = 1;
   205  000032  8093               	bsf	147,0,c	;volatile
   206  000034                     
   207                           ;main.c: 45: T0CONbits.TMR0ON = 1;
   208  000034  8ED5               	bsf	213,7,c	;volatile
   209  000036                     
   210                           ;main.c: 46: T0CONbits.T08BIT = 0;
   211  000036  9CD5               	bcf	213,6,c	;volatile
   212  000038                     
   213                           ;main.c: 47: T0CONbits.T0CS = 0;
   214  000038  9AD5               	bcf	213,5,c	;volatile
   215  00003A                     
   216                           ;main.c: 48: T0CONbits.PSA = 0;
   217  00003A  96D5               	bcf	213,3,c	;volatile
   218                           
   219                           ;main.c: 49: T0CONbits.T0PS = 0b011;
   220  00003C  50D5               	movf	213,w,c	;volatile
   221  00003E  0BF8               	andlw	-8
   222  000040  0903               	iorlw	3
   223  000042  6ED5               	movwf	213,c	;volatile
   224                           
   225                           ;main.c: 65: TMR0H = 0xC2;
   226  000044  0EC2               	movlw	194
   227  000046  6ED7               	movwf	215,c	;volatile
   228                           
   229                           ;main.c: 66: TMR0L = 0xF6;
   230  000048  0EF6               	movlw	246
   231  00004A  6ED6               	movwf	214,c	;volatile
   232  00004C                     
   233                           ;main.c: 69: INTCONbits.TMR0IE = 1;
   234  00004C  8AF2               	bsf	242,5,c	;volatile
   235  00004E                     
   236                           ;main.c: 70: INTCONbits.TMR0IF = 0;
   237  00004E  94F2               	bcf	242,2,c	;volatile
   238  000050                     
   239                           ;main.c: 72: INTCONbits.PEIE = 1;
   240  000050  8CF2               	bsf	242,6,c	;volatile
   241  000052                     
   242                           ;main.c: 73: INTCONbits.GIE = 1;
   243  000052  8EF2               	bsf	242,7,c	;volatile
   244  000054  0012               	return		;funcret
   245  000056                     __end_of_initialisation:
   246                           	opt callstack 0
   247                           
   248 ;; *************** function _low_isr *****************
   249 ;; Defined at:
   250 ;;		line 39 in file "interrupts.c"
   251 ;; Parameters:    Size  Location     Type
   252 ;;		None
   253 ;; Auto vars:     Size  Location     Type
   254 ;;		None
   255 ;; Return value:  Size  Location     Type
   256 ;;                  1    wreg      void 
   257 ;; Registers used:
   258 ;;		None
   259 ;; Tracked objects:
   260 ;;		On entry : 0/0
   261 ;;		On exit  : 0/0
   262 ;;		Unchanged: 0/0
   263 ;; Data sizes:     COMRAM   BANK0   BANK1   BANK2   BANK3   BANK4   BANK5
   264 ;;      Params:         0       0       0       0       0       0       0
   265 ;;      Locals:         0       0       0       0       0       0       0
   266 ;;      Temps:          0       1       0       0       0       0       0
   267 ;;      Totals:         0       1       0       0       0       0       0
   268 ;;Total ram usage:        1 bytes
   269 ;; Hardware stack levels used:    1
   270 ;; Hardware stack levels required when called:    1
   271 ;; This function calls:
   272 ;;		Nothing
   273 ;; This function is called by:
   274 ;;		Interrupt level 1
   275 ;; This function uses a non-reentrant model
   276 ;;
   277                           
   278                           	psect	intcodelo
   279  000018                     __pintcodelo:
   280                           	opt callstack 0
   281  000018                     _low_isr:
   282                           	opt callstack 28
   283                           
   284                           ;incstack = 0
   285  000018  8001               	bsf	int$flags,0,c	;set compiler interrupt flag (level 1)
   286  00001A  CFE0 F06A          	movff	bsr,??_low_isr
   287  00001E  C06A  FFE0         	movff	??_low_isr,bsr
   288  000022  9001               	bcf	int$flags,0,c	;clear compiler interrupt flag (level 1)
   289  000024  0010               	retfie	
   290  000026                     __end_of_low_isr:
   291                           	opt callstack 0
   292                           
   293 ;; *************** function _high_isr *****************
   294 ;; Defined at:
   295 ;;		line 20 in file "interrupts.c"
   296 ;; Parameters:    Size  Location     Type
   297 ;;		None
   298 ;; Auto vars:     Size  Location     Type
   299 ;;		None
   300 ;; Return value:  Size  Location     Type
   301 ;;                  1    wreg      void 
   302 ;; Registers used:
   303 ;;		wreg, status,2, status,0
   304 ;; Tracked objects:
   305 ;;		On entry : 0/0
   306 ;;		On exit  : 0/0
   307 ;;		Unchanged: 0/0
   308 ;; Data sizes:     COMRAM   BANK0   BANK1   BANK2   BANK3   BANK4   BANK5
   309 ;;      Params:         0       0       0       0       0       0       0
   310 ;;      Locals:         0       0       0       0       0       0       0
   311 ;;      Temps:          0       0       0       0       0       0       0
   312 ;;      Totals:         0       0       0       0       0       0       0
   313 ;;Total ram usage:        0 bytes
   314 ;; Hardware stack levels used:    1
   315 ;; This function calls:
   316 ;;		Nothing
   317 ;; This function is called by:
   318 ;;		Interrupt level 2
   319 ;; This function uses a non-reentrant model
   320 ;;
   321                           
   322                           	psect	intcode
   323  000008                     __pintcode:
   324                           	opt callstack 0
   325  000008                     _high_isr:
   326                           	opt callstack 28
   327                           
   328                           ;incstack = 0
   329  000008  8201               	bsf	int$flags,1,c	;set compiler interrupt flag (level 2)
   330  00000A  EF2B  F000         	goto	int_func
   331                           
   332                           	psect	intcode_body
   333  000056                     __pintcode_body:
   334                           	opt callstack 28
   335  000056                     int_func:
   336                           	opt callstack 28
   337  000056                     
   338                           ;interrupts.c: 25: if (INTCONbits.TMR0IF)
   339  000056  A4F2               	btfss	242,2,c	;volatile
   340  000058  EF30  F000         	goto	i2u1_41
   341  00005C  EF32  F000         	goto	i2u1_40
   342  000060                     i2u1_41:
   343  000060  EF38  F000         	goto	i2l45
   344  000064                     i2u1_40:
   345  000064                     
   346                           ;interrupts.c: 26: {;interrupts.c: 27: INTCONbits.TMR0IF = 0;
   347  000064  94F2               	bcf	242,2,c	;volatile
   348  000066                     
   349                           ;interrupts.c: 29: TMR0H = 0xC2;
   350  000066  0EC2               	movlw	194
   351  000068  6ED7               	movwf	215,c	;volatile
   352                           
   353                           ;interrupts.c: 30: TMR0L = 0xF6;
   354  00006A  0EF6               	movlw	246
   355  00006C  6ED6               	movwf	214,c	;volatile
   356  00006E                     
   357                           ;interrupts.c: 32: PORTDbits.RD7 ^= 1;
   358  00006E  7E83               	btg	131,7,c	;volatile
   359  000070                     i2l45:
   360  000070  9201               	bcf	int$flags,1,c	;clear compiler interrupt flag (level 2)
   361  000072  0011               	retfie		f
   362  000074                     __end_of_high_isr:
   363                           	opt callstack 0
   364  0000                     
   365                           	psect	param0
   366  0000                     
   367                           	psect	temp
   368  000001                     btemp:
   369                           	opt callstack 0
   370  000001                     	ds	1
   371  0000                     int$flags	set	btemp
   372  0000                     wtemp8	set	btemp+1
   373  0000                     ttemp5	set	btemp+1
   374  0000                     ttemp6	set	btemp+4
   375  0000                     ttemp7	set	btemp+8
   376                           tosu	equ	0xFFF
   377                           tosh	equ	0xFFE
   378                           tosl	equ	0xFFD
   379                           stkptr	equ	0xFFC
   380                           pclatu	equ	0xFFB
   381                           pclath	equ	0xFFA
   382                           pcl	equ	0xFF9
   383                           tblptru	equ	0xFF8
   384                           tblptrh	equ	0xFF7
   385                           tblptrl	equ	0xFF6
   386                           tablat	equ	0xFF5
   387                           prodh	equ	0xFF4
   388                           prodl	equ	0xFF3
   389                           indf0	equ	0xFEF
   390                           postinc0	equ	0xFEE
   391                           postdec0	equ	0xFED
   392                           preinc0	equ	0xFEC
   393                           plusw0	equ	0xFEB
   394                           fsr0h	equ	0xFEA
   395                           fsr0l	equ	0xFE9
   396                           wreg	equ	0xFE8
   397                           indf1	equ	0xFE7
   398                           postinc1	equ	0xFE6
   399                           postdec1	equ	0xFE5
   400                           preinc1	equ	0xFE4
   401                           plusw1	equ	0xFE3
   402                           fsr1h	equ	0xFE2
   403                           fsr1l	equ	0xFE1
   404                           bsr	equ	0xFE0
   405                           indf2	equ	0xFDF
   406                           postinc2	equ	0xFDE
   407                           postdec2	equ	0xFDD
   408                           preinc2	equ	0xFDC
   409                           plusw2	equ	0xFDB
   410                           fsr2h	equ	0xFDA
   411                           fsr2l	equ	0xFD9
   412                           status	equ	0xFD8


Data Sizes:
    Strings     0
    Constant    0
    Data        0
    BSS         10
    Persistent  0
    Stack       0

Auto Spaces:
    Space          Size  Autos    Used
    COMRAM           94      0       0
    BANK0           160      1      11
    BANK1           256      0       0
    BANK2           256      0       0
    BANK3           256      0       0
    BANK4           256      0       0
    BANK5           244      0       0

Pointer List with Targets:

    None.

Critical Paths under _main in COMRAM

    None.

Critical Paths under _low_isr in COMRAM

    None.

Critical Paths under _high_isr in COMRAM

    None.

Critical Paths under _main in BANK0

    None.

Critical Paths under _low_isr in BANK0

    None.

Critical Paths under _high_isr in BANK0

    None.

Critical Paths under _main in BANK1

    None.

Critical Paths under _low_isr in BANK1

    None.

Critical Paths under _high_isr in BANK1

    None.

Critical Paths under _main in BANK2

    None.

Critical Paths under _low_isr in BANK2

    None.

Critical Paths under _high_isr in BANK2

    None.

Critical Paths under _main in BANK3

    None.

Critical Paths under _low_isr in BANK3

    None.

Critical Paths under _high_isr in BANK3

    None.

Critical Paths under _main in BANK4

    None.

Critical Paths under _low_isr in BANK4

    None.

Critical Paths under _high_isr in BANK4

    None.

Critical Paths under _main in BANK5

    None.

Critical Paths under _low_isr in BANK5

    None.

Critical Paths under _high_isr in BANK5

    None.

Call Graph Tables:

 ---------------------------------------------------------------------------------
 (Depth) Function   	        Calls       Base Space   Used Autos Params    Refs
 ---------------------------------------------------------------------------------
 (0) _main                                                 2     2      0       0
                     _initialisation
 ---------------------------------------------------------------------------------
 (1) _initialisation                                       0     0      0       0
 ---------------------------------------------------------------------------------
 Estimated maximum stack depth 1
 ---------------------------------------------------------------------------------
 (Depth) Function   	        Calls       Base Space   Used Autos Params    Refs
 ---------------------------------------------------------------------------------
 (2) _low_isr                                              1     1      0       0
                                              0 BANK0      1     1      0
 ---------------------------------------------------------------------------------
 Estimated maximum stack depth 2
 ---------------------------------------------------------------------------------
 (Depth) Function   	        Calls       Base Space   Used Autos Params    Refs
 ---------------------------------------------------------------------------------
 (3) _high_isr                                             0     0      0       0
 ---------------------------------------------------------------------------------
 Estimated maximum stack depth 3
 ---------------------------------------------------------------------------------

 Call Graph Graphs:

 _main (ROOT)
   _initialisation

 _low_isr (ROOT)

 _high_isr (ROOT)

 Address spaces:
Name               Size   Autos  Total    Cost      Usage
BIGRAM             5F3      0       0      16        0.0%
EEDATA             100      0       0       0        0.0%
BITBANK4           100      0       0      11        0.0%
BANK4              100      0       0      12        0.0%
BITBANK3           100      0       0       9        0.0%
BANK3              100      0       0      10        0.0%
BITBANK2           100      0       0       7        0.0%
BANK2              100      0       0       8        0.0%
BITBANK1           100      0       0       5        0.0%
BANK1              100      0       0       6        0.0%
BITBANK5            F4      0       0      15        0.0%
BANK5               F4      0       0      13        0.0%
BITBANK0            A0      0       0       3        0.0%
BANK0               A0      1       B       4        6.9%
BITCOMRAM           5E      0       0       0        0.0%
COMRAM              5E      0       0       1        0.0%
BITSFR_5             0      0       0     200        0.0%
SFR_5                0      0       0     200        0.0%
BITSFR_4             0      0       0     200        0.0%
SFR_4                0      0       0     200        0.0%
BITSFR_3             0      0       0     200        0.0%
SFR_3                0      0       0     200        0.0%
BITSFR_2             0      0       0     200        0.0%
SFR_2                0      0       0     200        0.0%
BITSFR_1             0      0       0     200        0.0%
SFR_1                0      0       0     200        0.0%
BITSFR               0      0       0     200        0.0%
SFR                  0      0       0     200        0.0%
STACK                0      0       0       2        0.0%
NULL                 0      0       0       0        0.0%
ABS                  0      0       B      14        0.0%
DATA                 0      0       B      17        0.0%
CODE                 0      0       0       0        0.0%


Microchip Technology PIC18 Macro Assembler V2.10 build 88905656 
Symbol Table                                                                                   Mon Mar 23 09:09:11 2020

                        l23 008E                          l24 008E                          l29 0054  
                        bsr 000FE0                __CFG_CP0$OFF 000000                __CFG_CP1$OFF 000000  
              __CFG_CP2$OFF 000000                __CFG_CP3$OFF 000000                         l820 0036  
                       l830 0050                         l822 0038                         l814 002A  
                       l832 0052                         l824 003A                         l816 0032  
                       l826 004C                         l818 0034                         l834 008A  
                       l828 004E                __CFG_CPB$OFF 000000                __CFG_CPD$OFF 000000  
              __CFG_BORV$18 000000                         wreg 000FE8                __CFG_LVP$OFF 000000  
                      i1l50 001E                        i2l45 0070            ??_initialisation 006B  
                      _main 008A                        btemp 0001                        start 0026  
             __CFG_IESO$OFF 000000               __CFG_MCLRE$ON 000000                ___param_bank 000000  
                     ?_main 006A                       i2l840 0066                       i2l842 006E  
                     i2l836 0056                       i2l838 0064                       _TMR0H 000FD7  
                     _TMR0L 000FD6                       _TRISD 000F95               __CFG_PWRT$OFF 000000  
             __CFG_WRT0$OFF 000000               __CFG_WRT1$OFF 000000               __CFG_WRT2$OFF 000000  
             __CFG_WRT3$OFF 000000              __CFG_EBTR0$OFF 000000              __CFG_FCMEN$OFF 000000  
            __CFG_EBTR1$OFF 000000              __CFG_EBTR2$OFF 000000              __CFG_EBTR3$OFF 000000  
             __CFG_WRTB$OFF 000000               __CFG_WRTC$OFF 000000               __CFG_WRTD$OFF 000000  
            __CFG_EBTRB$OFF 000000             __end_of_low_isr 0026                       ttemp5 0002  
                     ttemp6 0005                       ttemp7 0009                       wtemp8 0002  
            __CFG_HFOFST$ON 000000              __CFG_PBADEN$ON 000000             __initialization 0074  
              __end_of_main 0096                      ??_main 006B               __activetblptr 000003  
                    _ANSELH 000F7F  _etatFonctionnementCourant_ 0066              __CFG_WDTEN$OFF 000000  
                    i2u1_40 0064                      i2u1_41 0060              __CFG_XINST$OFF 000000  
          __end_of_high_isr 0074              __CFG_STVREN$ON 000000                      clear_0 007A  
                 ??_low_isr 006A                  __accesstop 0060     __end_of__initialization 0080  
             ___rparam_used 000000                  __pbssBANK0 0060                   ?_high_isr 006A  
                   __Hparam 0000                  _lectureAN_ 0068                     __Lparam 0000  
                   __pcinit 0074                     __ramtop 0600                     __ptext0 008A  
                   __ptext1 002A             _chronoSecondes_ 0064                   _T0CONbits 000FD5  
                   _low_isr 0018                  ??_high_isr 006A              __pintcode_body 0056  
      end_of_initialization 0080                     int_func 0056                  _valeurPwm_ 0062  
                   postinc0 000FEE     __size_of_initialisation 002C                   _PORTDbits 000F83  
                 _TRISBbits 000F93         start_initialization 0074       _resultatConversionAN_ 0060  
          __CFG_LPT1OSC$OFF 000000               __pcstackBANK0 006A           __size_of_high_isr 006C  
         __CFG_CCP2MX$PORTC 000000                   __pintcode 0008              _initialisation 002A  
               __pintcodelo 0018                    ?_low_isr 006A      __end_of_initialisation 0056  
          __CFG_WDTPS$32768 000000                    __Hparam0 0000                    __Lparam0 0000  
           ?_initialisation 006A          __CFG_BOREN$SBORDIS 000000            __size_of_low_isr 000E  
                  _high_isr 0008               __size_of_main 000C                    int$flags 0001  
                _INTCONbits 000FF2                    intlevel1 0000                    intlevel2 0000  
         __CFG_FOSC$INTIO67 000000  
