

Microchip MPLAB XC8 Assembler V2.10 build 88905656 
                                                                                               Wed Mar 25 11:52:32 2020

Microchip MPLAB XC8 C Compiler v2.10 (Free license) build 20190730164152 Og1 
     1                           	processor	18F45K20
     2                           	fnconf	param0,??,?,0
     3                           	opt	pw 120
     4                           	opt	flic
     5                           	psect	cinit,global,reloc=2,class=CODE,delta=1,minocg
     6                           	psect	bssBANK0,global,class=BANK0,space=1,delta=1,lowdata,noexec,minocg
     7                           	psect	cstackBANK0,global,class=BANK0,space=1,delta=1,noexec,minocg
     8                           	psect	text0,global,reloc=2,class=CODE,delta=1,minocg
     9                           	psect	text1,global,reloc=2,class=CODE,delta=1,minocg
    10                           	psect	text2,global,reloc=2,class=CODE,delta=1,minocg
    11                           	psect	text3,global,reloc=2,class=CODE,delta=1,minocg
    12                           	psect	text4,global,reloc=2,class=CODE,delta=1,minocg
    13                           	psect	text5,global,reloc=2,class=CODE,delta=1,minocg
    14                           	psect	intcode,global,reloc=2,class=CODE,delta=1,minocg
    15                           	psect	intsave_regs,global,class=BIGRAM,space=1,delta=1,noexec
    16                           	psect	param0,global,class=BANK0,space=1,delta=1,noexec
    17                           	psect	temp,global,ovrld,common,class=COMRAM,space=1,delta=1
    18  0000                     
    19                           ; Version 2.10
    20                           ; Generated 31/07/2019 GMT
    21                           ; 
    22                           ; Copyright © 2019, Microchip Technology Inc. and its subsidiaries ("Microchip")
    23                           ; All rights reserved.
    24                           ; 
    25                           ; This software is developed by Microchip Technology Inc. and its subsidiaries ("Microch
      +                          ip").
    26                           ; 
    27                           ; Redistribution and use in source and binary forms, with or without modification, are
    28                           ; permitted provided that the following conditions are met:
    29                           ; 
    30                           ;     1. Redistributions of source code must retain the above copyright notice, this lis
      +                          t of
    31                           ;        conditions and the following disclaimer.
    32                           ; 
    33                           ;     2. Redistributions in binary form must reproduce the above copyright notice, this 
      +                          list
    34                           ;        of conditions and the following disclaimer in the documentation and/or other
    35                           ;        materials provided with the distribution.
    36                           ; 
    37                           ;     3. Microchip's name may not be used to endorse or promote products derived from th
      +                          is
    38                           ;        software without specific prior written permission.
    39                           ; 
    40                           ; THIS SOFTWARE IS PROVIDED BY MICROCHIP "AS IS" AND ANY EXPRESS OR IMPLIED WARRANTIES,
    41                           ; INCLUDING, BUT NOT LIMITED TO, THE IMPLIED WARRANTIES OF MERCHANTABILITY AND FITNESS F
      +                          OR
    42                           ; PURPOSE ARE DISCLAIMED.  IN NO EVENT SHALL MICROCHIP BE LIABLE FOR ANY DIRECT, INDIREC
      +                          T,
    43                           ; INCIDENTAL, SPECIAL, EXEMPLARY, OR CONSEQUENTIAL DAMAGES (INCLUDING BUT NOT LIMITED TO
    44                           ; PROCUREMENT OF SUBSTITUTE GOODS OR SERVICES; LOSS OF USE, DATA OR PROFITS; OR BUSINESS
    45                           ; INTERRUPTION) HOWSOEVER CAUSED AND ON ANY THEORY OF LIABILITY, WHETHER IN CONTRACT, ST
      +                          RICT
    46                           ; LIABILITY, OR TORT (INCLUDING NEGLIGENCE OR OTHERWISE) ARISING IN ANY WAY OUT OF THE U
      +                          SE OF
    47                           ; THIS SOFTWARE, EVEN IF ADVISED OF THE POSSIBILITY OF SUCH DAMAGE.
    48                           ; 
    49                           ; 
    50                           ; Code-generator required, PIC18F45K20 Definitions
    51                           ; 
    52                           ; SFR Addresses
    53  0000                     _T2CONbits	set	4042
    54  0000                     _CCP2CONbits	set	4026
    55  0000                     _PR2	set	4043
    56  0000                     _TRISCbits	set	3988
    57  0000                     _PIE1bits	set	3997
    58  0000                     _ADCON2bits	set	4032
    59  0000                     _ADCON1bits	set	4033
    60  0000                     _ANSELbits	set	3966
    61  0000                     _TRISAbits	set	3986
    62  0000                     _INTCONbits	set	4082
    63  0000                     _ADCON0bits	set	4034
    64  0000                     _ADRESH	set	4036
    65  0000                     _PIR1bits	set	3998
    66  0000                     _CCPR2L	set	4027
    67  0000                     _TRISD	set	3989
    68                           
    69                           ; #config settings
    70  0000                     
    71                           	psect	cinit
    72  000072                     __pcinit:
    73                           	opt callstack 0
    74  000072                     start_initialization:
    75                           	opt callstack 0
    76  000072                     __initialization:
    77                           	opt callstack 0
    78                           
    79                           ; Clear objects allocated to BANK0 (10 bytes)
    80  000072  EE00  F060         	lfsr	0,__pbssBANK0
    81  000076  0E0A               	movlw	10
    82  000078                     clear_0:
    83  000078  6AEE               	clrf	postinc0,c
    84  00007A  06E8               	decf	wreg,f,c
    85  00007C  E1FD               	bnz	clear_0
    86  00007E                     end_of_initialization:
    87                           	opt callstack 0
    88  00007E                     __end_of__initialization:
    89                           	opt callstack 0
    90  00007E  9001               	bcf	int$flags,0,c	;clear compiler interrupt flag (level 1)
    91  000080  9201               	bcf	int$flags,1,c	;clear compiler interrupt flag (level 2)
    92  000082  0100               	movlb	0
    93  000084  EF44  F000         	goto	_main	;jump to C main() function
    94                           
    95                           	psect	bssBANK0
    96  000060                     __pbssBANK0:
    97                           	opt callstack 0
    98  000060                     _resultatConversionAN_:
    99                           	opt callstack 0
   100  000060                     	ds	2
   101  000062                     _valeurPwm_:
   102                           	opt callstack 0
   103  000062                     	ds	2
   104  000064                     _chronoSecondes_:
   105                           	opt callstack 0
   106  000064                     	ds	2
   107  000066                     _etatFonctionnementCourant_:
   108                           	opt callstack 0
   109  000066                     	ds	2
   110  000068                     _g_resAN:
   111                           	opt callstack 0
   112  000068                     	ds	2
   113                           
   114                           	psect	cstackBANK0
   115  000000                     __pcstackBANK0:
   116                           	opt callstack 0
   117  000000                     
   118                           ; 1 bytes @ 0x0
   119 ;;
   120 ;;Main: autosize = 0, tempsize = 0, incstack = 0, save=0
   121 ;;
   122 ;; *************** function _main *****************
   123 ;; Defined at:
   124 ;;		line 27 in file "main.c"
   125 ;; Parameters:    Size  Location     Type
   126 ;;		None
   127 ;; Auto vars:     Size  Location     Type
   128 ;;		None
   129 ;; Return value:  Size  Location     Type
   130 ;;                  1    wreg      void 
   131 ;; Registers used:
   132 ;;		wreg, status,2, cstack
   133 ;; Tracked objects:
   134 ;;		On entry : 0/0
   135 ;;		On exit  : 0/0
   136 ;;		Unchanged: 0/0
   137 ;; Data sizes:     COMRAM   BANK0   BANK1   BANK2   BANK3   BANK4   BANK5
   138 ;;      Params:         0       0       0       0       0       0       0
   139 ;;      Locals:         0       0       0       0       0       0       0
   140 ;;      Temps:          0       0       0       0       0       0       0
   141 ;;      Totals:         0       0       0       0       0       0       0
   142 ;;Total ram usage:        0 bytes
   143 ;; Hardware stack levels required when called:    3
   144 ;; This function calls:
   145 ;;		_initialisation
   146 ;; This function is called by:
   147 ;;		Startup code after reset
   148 ;; This function uses a non-reentrant model
   149 ;;
   150                           
   151                           	psect	text0
   152  000088                     __ptext0:
   153                           	opt callstack 0
   154  000088                     _main:
   155                           	opt callstack 28
   156  000088                     
   157                           ;main.c: 29: TRISD = 0xFF;
   158  000088  6895               	setf	149,c	;volatile
   159  00008A                     
   160                           ;main.c: 30: initialisation();
   161  00008A  EC4D  F000         	call	_initialisation	;wreg free
   162  00008E                     l921:
   163                           
   164                           ;main.c: 35: {;main.c: 38: CCPR2L = g_resAN;
   165  00008E  C068  FFBB         	movff	_g_resAN,4027	;volatile
   166  000092  EF47  F000         	goto	l921
   167  000096  EF14  F000         	goto	start
   168  00009A                     __end_of_main:
   169                           	opt callstack 0
   170                           
   171 ;; *************** function _initialisation *****************
   172 ;; Defined at:
   173 ;;		line 18 in file "main.c"
   174 ;; Parameters:    Size  Location     Type
   175 ;;		None
   176 ;; Auto vars:     Size  Location     Type
   177 ;;		None
   178 ;; Return value:  Size  Location     Type
   179 ;;                  1    wreg      void 
   180 ;; Registers used:
   181 ;;		wreg, status,2, cstack
   182 ;; Tracked objects:
   183 ;;		On entry : 0/0
   184 ;;		On exit  : 0/0
   185 ;;		Unchanged: 0/0
   186 ;; Data sizes:     COMRAM   BANK0   BANK1   BANK2   BANK3   BANK4   BANK5
   187 ;;      Params:         0       0       0       0       0       0       0
   188 ;;      Locals:         0       0       0       0       0       0       0
   189 ;;      Temps:          0       0       0       0       0       0       0
   190 ;;      Totals:         0       0       0       0       0       0       0
   191 ;;Total ram usage:        0 bytes
   192 ;; Hardware stack levels used:    1
   193 ;; Hardware stack levels required when called:    2
   194 ;; This function calls:
   195 ;;		_initialisation_ActiverIntAdc
   196 ;;		_initialisation_ActiverInterruptions
   197 ;;		_initialisation_ActiverPWM
   198 ;;		_initialisation_ConfigurerAdc
   199 ;; This function is called by:
   200 ;;		_main
   201 ;; This function uses a non-reentrant model
   202 ;;
   203                           
   204                           	psect	text1
   205  00009A                     __ptext1:
   206                           	opt callstack 0
   207  00009A                     _initialisation:
   208                           	opt callstack 28
   209  00009A                     
   210                           ;main.c: 21: initialisation_ConfigurerAdc();
   211  00009A  EC2C  F000         	call	_initialisation_ConfigurerAdc	;wreg free
   212  00009E                     
   213                           ;main.c: 22: initialisation_ActiverIntAdc();
   214  00009E  EC56  F000         	call	_initialisation_ActiverIntAdc	;wreg free
   215  0000A2                     
   216                           ;main.c: 23: initialisation_ActiverPWM();
   217  0000A2  EC16  F000         	call	_initialisation_ActiverPWM	;wreg free
   218                           
   219                           ;main.c: 24: initialisation_ActiverInterruptions();
   220  0000A6  EC5A  F000         	call	_initialisation_ActiverInterruptions	;wreg free
   221  0000AA  0012               	return		;funcret
   222  0000AC                     __end_of_initialisation:
   223                           	opt callstack 0
   224                           
   225 ;; *************** function _initialisation_ConfigurerAdc *****************
   226 ;; Defined at:
   227 ;;		line 36 in file "initialisation.c"
   228 ;; Parameters:    Size  Location     Type
   229 ;;		None
   230 ;; Auto vars:     Size  Location     Type
   231 ;;		None
   232 ;; Return value:  Size  Location     Type
   233 ;;                  1    wreg      void 
   234 ;; Registers used:
   235 ;;		wreg, status,2
   236 ;; Tracked objects:
   237 ;;		On entry : 0/0
   238 ;;		On exit  : 0/0
   239 ;;		Unchanged: 0/0
   240 ;; Data sizes:     COMRAM   BANK0   BANK1   BANK2   BANK3   BANK4   BANK5
   241 ;;      Params:         0       0       0       0       0       0       0
   242 ;;      Locals:         0       0       0       0       0       0       0
   243 ;;      Temps:          0       0       0       0       0       0       0
   244 ;;      Totals:         0       0       0       0       0       0       0
   245 ;;Total ram usage:        0 bytes
   246 ;; Hardware stack levels used:    1
   247 ;; Hardware stack levels required when called:    1
   248 ;; This function calls:
   249 ;;		Nothing
   250 ;; This function is called by:
   251 ;;		_initialisation
   252 ;; This function uses a non-reentrant model
   253 ;;
   254                           
   255                           	psect	text2
   256  000058                     __ptext2:
   257                           	opt callstack 0
   258  000058                     _initialisation_ConfigurerAdc:
   259                           	opt callstack 28
   260  000058                     
   261                           ;initialisation.c: 39: TRISAbits.TRISA0 = 1;
   262  000058  8092               	bsf	146,0,c	;volatile
   263                           
   264                           ;initialisation.c: 40: ANSELbits.ANS0 = 0;
   265  00005A  907E               	bcf	126,0,c	;volatile
   266                           
   267                           ;initialisation.c: 42: ADCON0bits.ADON = 1;
   268  00005C  80C2               	bsf	194,0,c	;volatile
   269                           
   270                           ;initialisation.c: 43: ADCON1bits.VCFG1 = 0;
   271  00005E  9AC1               	bcf	193,5,c	;volatile
   272                           
   273                           ;initialisation.c: 44: ADCON1bits.VCFG0 = 0;
   274  000060  98C1               	bcf	193,4,c	;volatile
   275                           
   276                           ;initialisation.c: 45: ADCON2bits.ADFM = 0;
   277  000062  9EC0               	bcf	192,7,c	;volatile
   278  000064                     
   279                           ;initialisation.c: 46: ADCON2bits.ACQT = 7;
   280  000064  0E38               	movlw	56
   281  000066  12C0               	iorwf	192,f,c	;volatile
   282                           
   283                           ;initialisation.c: 47: ADCON2bits.ADCS = 6;
   284  000068  50C0               	movf	192,w,c	;volatile
   285  00006A  0BF8               	andlw	-8
   286  00006C  0906               	iorlw	6
   287  00006E  6EC0               	movwf	192,c	;volatile
   288  000070  0012               	return		;funcret
   289  000072                     __end_of_initialisation_ConfigurerAdc:
   290                           	opt callstack 0
   291                           
   292 ;; *************** function _initialisation_ActiverPWM *****************
   293 ;; Defined at:
   294 ;;		line 65 in file "initialisation.c"
   295 ;; Parameters:    Size  Location     Type
   296 ;;		None
   297 ;; Auto vars:     Size  Location     Type
   298 ;;		None
   299 ;; Return value:  Size  Location     Type
   300 ;;                  1    wreg      void 
   301 ;; Registers used:
   302 ;;		wreg, status,2
   303 ;; Tracked objects:
   304 ;;		On entry : 0/0
   305 ;;		On exit  : 0/0
   306 ;;		Unchanged: 0/0
   307 ;; Data sizes:     COMRAM   BANK0   BANK1   BANK2   BANK3   BANK4   BANK5
   308 ;;      Params:         0       0       0       0       0       0       0
   309 ;;      Locals:         0       0       0       0       0       0       0
   310 ;;      Temps:          0       0       0       0       0       0       0
   311 ;;      Totals:         0       0       0       0       0       0       0
   312 ;;Total ram usage:        0 bytes
   313 ;; Hardware stack levels used:    1
   314 ;; Hardware stack levels required when called:    1
   315 ;; This function calls:
   316 ;;		Nothing
   317 ;; This function is called by:
   318 ;;		_initialisation
   319 ;; This function uses a non-reentrant model
   320 ;;
   321                           
   322                           	psect	text3
   323  00002C                     __ptext3:
   324                           	opt callstack 0
   325  00002C                     _initialisation_ActiverPWM:
   326                           	opt callstack 28
   327  00002C                     
   328                           ;initialisation.c: 69: TRISCbits.RC1 = 1;
   329  00002C  8294               	bsf	148,1,c	;volatile
   330  00002E                     
   331                           ;initialisation.c: 77: PR2 = 249;
   332  00002E  0EF9               	movlw	249
   333  000030  6ECB               	movwf	203,c	;volatile
   334                           
   335                           ;initialisation.c: 81: CCP2CONbits.CCP2M = 0b1111;
   336  000032  0E0F               	movlw	15
   337  000034  12BA               	iorwf	186,f,c	;volatile
   338                           
   339                           ;initialisation.c: 85: CCPR2L = 0x80;
   340  000036  0E80               	movlw	128
   341  000038  6EBB               	movwf	187,c	;volatile
   342                           
   343                           ;initialisation.c: 86: CCP2CONbits.DC2B = 0b00;
   344  00003A  0ECF               	movlw	-49
   345  00003C  16BA               	andwf	186,f,c	;volatile
   346  00003E                     
   347                           ;initialisation.c: 89: PIR1bits.TMR2IF = 0;
   348  00003E  929E               	bcf	158,1,c	;volatile
   349                           
   350                           ;initialisation.c: 90: T2CONbits.T2CKPS = 3;
   351  000040  0E03               	movlw	3
   352  000042  12CA               	iorwf	202,f,c	;volatile
   353  000044                     
   354                           ;initialisation.c: 91: T2CONbits.TMR2ON = 1;
   355  000044  84CA               	bsf	202,2,c	;volatile
   356  000046                     l82:
   357  000046  A29E               	btfss	158,1,c	;volatile
   358  000048  EF28  F000         	goto	u41
   359  00004C  EF2A  F000         	goto	u40
   360  000050                     u41:
   361  000050  EF23  F000         	goto	l82
   362  000054                     u40:
   363  000054                     
   364                           ;initialisation.c: 95: TRISCbits.RC1 = 0;
   365  000054  9294               	bcf	148,1,c	;volatile
   366  000056  0012               	return		;funcret
   367  000058                     __end_of_initialisation_ActiverPWM:
   368                           	opt callstack 0
   369                           
   370 ;; *************** function _initialisation_ActiverInterruptions *****************
   371 ;; Defined at:
   372 ;;		line 26 in file "initialisation.c"
   373 ;; Parameters:    Size  Location     Type
   374 ;;		None
   375 ;; Auto vars:     Size  Location     Type
   376 ;;		None
   377 ;; Return value:  Size  Location     Type
   378 ;;                  1    wreg      void 
   379 ;; Registers used:
   380 ;;		None
   381 ;; Tracked objects:
   382 ;;		On entry : 0/0
   383 ;;		On exit  : 0/0
   384 ;;		Unchanged: 0/0
   385 ;; Data sizes:     COMRAM   BANK0   BANK1   BANK2   BANK3   BANK4   BANK5
   386 ;;      Params:         0       0       0       0       0       0       0
   387 ;;      Locals:         0       0       0       0       0       0       0
   388 ;;      Temps:          0       0       0       0       0       0       0
   389 ;;      Totals:         0       0       0       0       0       0       0
   390 ;;Total ram usage:        0 bytes
   391 ;; Hardware stack levels used:    1
   392 ;; Hardware stack levels required when called:    1
   393 ;; This function calls:
   394 ;;		Nothing
   395 ;; This function is called by:
   396 ;;		_initialisation
   397 ;; This function uses a non-reentrant model
   398 ;;
   399                           
   400                           	psect	text4
   401  0000B4                     __ptext4:
   402                           	opt callstack 0
   403  0000B4                     _initialisation_ActiverInterruptions:
   404                           	opt callstack 28
   405  0000B4                     
   406                           ;initialisation.c: 28: INTCONbits.PEIE = 1;
   407  0000B4  8CF2               	bsf	242,6,c	;volatile
   408                           
   409                           ;initialisation.c: 29: INTCONbits.GIE = 1;
   410  0000B6  8EF2               	bsf	242,7,c	;volatile
   411  0000B8  0012               	return		;funcret
   412  0000BA                     __end_of_initialisation_ActiverInterruptions:
   413                           	opt callstack 0
   414                           
   415 ;; *************** function _initialisation_ActiverIntAdc *****************
   416 ;; Defined at:
   417 ;;		line 54 in file "initialisation.c"
   418 ;; Parameters:    Size  Location     Type
   419 ;;		None
   420 ;; Auto vars:     Size  Location     Type
   421 ;;		None
   422 ;; Return value:  Size  Location     Type
   423 ;;                  1    wreg      void 
   424 ;; Registers used:
   425 ;;		None
   426 ;; Tracked objects:
   427 ;;		On entry : 0/0
   428 ;;		On exit  : 0/0
   429 ;;		Unchanged: 0/0
   430 ;; Data sizes:     COMRAM   BANK0   BANK1   BANK2   BANK3   BANK4   BANK5
   431 ;;      Params:         0       0       0       0       0       0       0
   432 ;;      Locals:         0       0       0       0       0       0       0
   433 ;;      Temps:          0       0       0       0       0       0       0
   434 ;;      Totals:         0       0       0       0       0       0       0
   435 ;;Total ram usage:        0 bytes
   436 ;; Hardware stack levels used:    1
   437 ;; Hardware stack levels required when called:    1
   438 ;; This function calls:
   439 ;;		Nothing
   440 ;; This function is called by:
   441 ;;		_initialisation
   442 ;; This function uses a non-reentrant model
   443 ;;
   444                           
   445                           	psect	text5
   446  0000AC                     __ptext5:
   447                           	opt callstack 0
   448  0000AC                     _initialisation_ActiverIntAdc:
   449                           	opt callstack 28
   450  0000AC                     
   451                           ;initialisation.c: 57: PIR1bits.ADIF = 0;
   452  0000AC  9C9E               	bcf	158,6,c	;volatile
   453                           
   454                           ;initialisation.c: 58: PIE1bits.ADIE = 1;
   455  0000AE  8C9D               	bsf	157,6,c	;volatile
   456                           
   457                           ;initialisation.c: 59: ADCON0bits.GO_DONE = 1;
   458  0000B0  82C2               	bsf	194,1,c	;volatile
   459  0000B2  0012               	return		;funcret
   460  0000B4                     __end_of_initialisation_ActiverIntAdc:
   461                           	opt callstack 0
   462                           
   463 ;; *************** function _high_isr *****************
   464 ;; Defined at:
   465 ;;		line 20 in file "interrupts.c"
   466 ;; Parameters:    Size  Location     Type
   467 ;;		None
   468 ;; Auto vars:     Size  Location     Type
   469 ;;		None
   470 ;; Return value:  Size  Location     Type
   471 ;;                  1    wreg      void 
   472 ;; Registers used:
   473 ;;		None
   474 ;; Tracked objects:
   475 ;;		On entry : 0/0
   476 ;;		On exit  : 0/0
   477 ;;		Unchanged: 0/0
   478 ;; Data sizes:     COMRAM   BANK0   BANK1   BANK2   BANK3   BANK4   BANK5
   479 ;;      Params:         0       0       0       0       0       0       0
   480 ;;      Locals:         0       0       0       0       0       0       0
   481 ;;      Temps:          0       0       0       0       0       0       0
   482 ;;      Totals:         0       0       0       0       0       0       0
   483 ;;Total ram usage:        0 bytes
   484 ;; Hardware stack levels used:    1
   485 ;; This function calls:
   486 ;;		Nothing
   487 ;; This function is called by:
   488 ;;		Interrupt level 2
   489 ;; This function uses a non-reentrant model
   490 ;;
   491                           
   492                           	psect	intcode
   493  000008                     __pintcode:
   494                           	opt callstack 0
   495  000008                     _high_isr:
   496                           	opt callstack 28
   497                           
   498                           ;incstack = 0
   499  000008  8201               	bsf	int$flags,1,c	;set compiler interrupt flag (level 2)
   500  00000A                     
   501                           ;interrupts.c: 23: if (PIR1bits.ADIF)
   502  00000A  AC9E               	btfss	158,6,c	;volatile
   503  00000C  EF0A  F000         	goto	i2u5_41
   504  000010  EF0C  F000         	goto	i2u5_40
   505  000014                     i2u5_41:
   506  000014  EF12  F000         	goto	i2l39
   507  000018                     i2u5_40:
   508  000018                     
   509                           ;interrupts.c: 24: {;interrupts.c: 25: g_resAN = ADRESH;
   510  000018  CFC4 F068          	movff	4036,_g_resAN	;volatile
   511  00001C  0100               	movlb	0	; force () banked
   512  00001E  6B69               	clrf	(_g_resAN+1)& (0+255),b
   513                           
   514                           ;interrupts.c: 27: PIR1bits.ADIF = 0;
   515  000020  9C9E               	bcf	158,6,c	;volatile
   516                           
   517                           ;interrupts.c: 28: ADCON0bits.GO_DONE = 1;
   518  000022  82C2               	bsf	194,1,c	;volatile
   519  000024                     i2l39:
   520  000024  9201               	bcf	int$flags,1,c	;clear compiler interrupt flag (level 2)
   521  000026  0011               	retfie		f
   522  000028                     __end_of_high_isr:
   523                           	opt callstack 0
   524  0000                     
   525                           	psect	param0
   526  0000                     
   527                           	psect	temp
   528  000001                     btemp:
   529                           	opt callstack 0
   530  000001                     	ds	1
   531  0000                     int$flags	set	btemp
   532  0000                     wtemp8	set	btemp+1
   533  0000                     ttemp5	set	btemp+1
   534  0000                     ttemp6	set	btemp+4
   535  0000                     ttemp7	set	btemp+8
   536                           tosu	equ	0xFFF
   537                           tosh	equ	0xFFE
   538                           tosl	equ	0xFFD
   539                           stkptr	equ	0xFFC
   540                           pclatu	equ	0xFFB
   541                           pclath	equ	0xFFA
   542                           pcl	equ	0xFF9
   543                           tblptru	equ	0xFF8
   544                           tblptrh	equ	0xFF7
   545                           tblptrl	equ	0xFF6
   546                           tablat	equ	0xFF5
   547                           prodh	equ	0xFF4
   548                           prodl	equ	0xFF3
   549                           indf0	equ	0xFEF
   550                           postinc0	equ	0xFEE
   551                           postdec0	equ	0xFED
   552                           preinc0	equ	0xFEC
   553                           plusw0	equ	0xFEB
   554                           fsr0h	equ	0xFEA
   555                           fsr0l	equ	0xFE9
   556                           wreg	equ	0xFE8
   557                           indf1	equ	0xFE7
   558                           postinc1	equ	0xFE6
   559                           postdec1	equ	0xFE5
   560                           preinc1	equ	0xFE4
   561                           plusw1	equ	0xFE3
   562                           fsr1h	equ	0xFE2
   563                           fsr1l	equ	0xFE1
   564                           bsr	equ	0xFE0
   565                           indf2	equ	0xFDF
   566                           postinc2	equ	0xFDE
   567                           postdec2	equ	0xFDD
   568                           preinc2	equ	0xFDC
   569                           plusw2	equ	0xFDB
   570                           fsr2h	equ	0xFDA
   571                           fsr2l	equ	0xFD9
   572                           status	equ	0xFD8


Data Sizes:
    Strings     0
    Constant    0
    Data        0
    BSS         10
    Persistent  0
    Stack       0

Auto Spaces:
    Space          Size  Autos    Used
    COMRAM           94      0       0
    BANK0           160      0      10
    BANK1           256      0       0
    BANK2           256      0       0
    BANK3           256      0       0
    BANK4           256      0       0
    BANK5           256      0       0

Pointer List with Targets:

    None.

Critical Paths under _main in COMRAM

    None.

Critical Paths under _high_isr in COMRAM

    None.

Critical Paths under _main in BANK0

    None.

Critical Paths under _high_isr in BANK0

    None.

Critical Paths under _main in BANK1

    None.

Critical Paths under _high_isr in BANK1

    None.

Critical Paths under _main in BANK2

    None.

Critical Paths under _high_isr in BANK2

    None.

Critical Paths under _main in BANK3

    None.

Critical Paths under _high_isr in BANK3

    None.

Critical Paths under _main in BANK4

    None.

Critical Paths under _high_isr in BANK4

    None.

Critical Paths under _main in BANK5

    None.

Critical Paths under _high_isr in BANK5

    None.

Call Graph Tables:

 ---------------------------------------------------------------------------------
 (Depth) Function   	        Calls       Base Space   Used Autos Params    Refs
 ---------------------------------------------------------------------------------
 (0) _main                                                 0     0      0       0
                     _initialisation
 ---------------------------------------------------------------------------------
 (1) _initialisation                                       0     0      0       0
       _initialisation_ActiverIntAdc
_initialisation_ActiverInterruptions
          _initialisation_ActiverPWM
       _initialisation_ConfigurerAdc
 ---------------------------------------------------------------------------------
 (2) _initialisation_ConfigurerAdc                         0     0      0       0
 ---------------------------------------------------------------------------------
 (2) _initialisation_ActiverPWM                            0     0      0       0
 ---------------------------------------------------------------------------------
 (2) _initialisation_ActiverInterruptions                  0     0      0       0
 ---------------------------------------------------------------------------------
 (2) _initialisation_ActiverIntAdc                         0     0      0       0
 ---------------------------------------------------------------------------------
 Estimated maximum stack depth 2
 ---------------------------------------------------------------------------------
 (Depth) Function   	        Calls       Base Space   Used Autos Params    Refs
 ---------------------------------------------------------------------------------
 (3) _high_isr                                             0     0      0       0
 ---------------------------------------------------------------------------------
 Estimated maximum stack depth 3
 ---------------------------------------------------------------------------------

 Call Graph Graphs:

 _main (ROOT)
   _initialisation
     _initialisation_ActiverIntAdc
     _initialisation_ActiverInterruptions
     _initialisation_ActiverPWM
     _initialisation_ConfigurerAdc

 _high_isr (ROOT)

 Address spaces:
Name               Size   Autos  Total    Cost      Usage
BIGRAM             5FF      0       0      17        0.0%
EEDATA             100      0       0       0        0.0%
BITBANK5           100      0       0      16        0.0%
BANK5              100      0       0      14        0.0%
BITBANK4           100      0       0      12        0.0%
BANK4              100      0       0      13        0.0%
BITBANK3           100      0       0      10        0.0%
BANK3              100      0       0      11        0.0%
BITBANK2           100      0       0       8        0.0%
BANK2              100      0       0       9        0.0%
BITBANK1           100      0       0       6        0.0%
BANK1              100      0       0       7        0.0%
BITBANK0            A0      0       0       4        0.0%
BANK0               A0      0       A       5        6.3%
BITCOMRAM           5E      0       0       0        0.0%
COMRAM              5E      0       0       1        0.0%
BITSFR               0      0       0     200        0.0%
SFR                  0      0       0     200        0.0%
STACK                0      0       0       2        0.0%
NULL                 0      0       0       0        0.0%
ABS                  0      0       A      15        0.0%
DATA                 0      0       A       3        0.0%
CODE                 0      0       0       0        0.0%


Microchip Technology PIC18 Macro Assembler V2.10 build 88905656 
Symbol Table                                                                                   Wed Mar 25 11:52:32 2020

        __end_of_initialisation_ActiverIntAdc 00B4         __size_of_initialisation_ActiverIntAdc 0008  
                _initialisation_ActiverIntAdc 00AC                                            l17 00AA  
                                          l73 00B8                                            l82 0046  
                                          l84 0054                                            l76 0070  
                                          l85 0056                                            l79 00B2  
                                          u40 0054                                            u41 0050  
                                __CFG_CP0$OFF 000000                                  __CFG_CP1$OFF 000000  
                                __CFG_CP2$OFF 000000                                  __CFG_CP3$OFF 000000  
                                         l901 002C                                           l903 002E  
                                         l911 009A                                           l905 003E  
                                         l913 009E                                           l921 008E  
                                         l907 0044                                           l915 00A2  
                                         l909 00B4                                           l917 0088  
                                         l919 008A                                           l895 0058  
                                         l897 0064                                           l899 00AC  
                                __CFG_CPB$OFF 000000                                           _PR2 000FCB  
                                __CFG_CPD$OFF 000000                                  __CFG_BORV$18 000000  
                                         wreg 000FE8                                  __CFG_LVP$OFF 000000  
                                        i2l39 0024                              ??_initialisation 0000  
                                        _main 0088                                          btemp 0001  
                                        start 0028                                 __CFG_IESO$OFF 000000  
                               __CFG_MCLRE$ON 000000                                  ___param_bank 000000  
                   _initialisation_ActiverPWM 002C                 ?_initialisation_ActiverIntAdc 0000  
                                       ?_main 0000                                         i2l923 000A  
                                       i2l925 0018                                         _TRISD 000F95  
                               __CFG_PWRT$OFF 000000                                 __CFG_WRT0$OFF 000000  
                               __CFG_WRT1$OFF 000000                                 __CFG_WRT2$OFF 000000  
                               __CFG_WRT3$OFF 000000                                __CFG_EBTR0$OFF 000000  
                              __CFG_FCMEN$OFF 000000                                __CFG_EBTR1$OFF 000000  
                              __CFG_EBTR2$OFF 000000                                __CFG_EBTR3$OFF 000000  
                               __CFG_WRTB$OFF 000000                                 __CFG_WRTC$OFF 000000  
                               __CFG_WRTD$OFF 000000                                __CFG_EBTRB$OFF 000000  
                                       ttemp5 0002                                         ttemp6 0005  
                                       ttemp7 0009                                         wtemp8 0002  
                              __CFG_HFOFST$ON 000000                                __CFG_PBADEN$ON 000000  
                             __initialization 0072                                  __end_of_main 009A  
                                      ??_main 0000                                 __activetblptr 000003  
                                      _ADRESH 000FC4                                        _CCPR2L 000FBB  
                  _etatFonctionnementCourant_ 0066                                __CFG_WDTEN$OFF 000000  
                                      i2u5_40 0018                                        i2u5_41 0014  
                              __CFG_XINST$OFF 000000                              __end_of_high_isr 0028  
                              __CFG_STVREN$ON 000000                                        clear_0 0078  
              ??_initialisation_ActiverIntAdc 0000                                    __accesstop 0060  
                     __end_of__initialization 007E                                 ___rparam_used 000000  
          __size_of_initialisation_ActiverPWM 002C                                    __pbssBANK0 0060  
                                   ?_high_isr 0000             __end_of_initialisation_ActiverPWM 0058  
        __end_of_initialisation_ConfigurerAdc 0072         __size_of_initialisation_ConfigurerAdc 001A  
                _initialisation_ConfigurerAdc 0058                                       __Hparam 0000  
                                     __Lparam 0000                                       __pcinit 0072  
                                   _ANSELbits 000F7E                                       _g_resAN 0068  
                                     __ramtop 0600                                       __ptext0 0088  
                                     __ptext1 009A                                       __ptext2 0058  
                                     __ptext3 002C                                       __ptext4 00B4  
                                     __ptext5 00AC                               _chronoSecondes_ 0064  
                                   _T2CONbits 000FCA                                    ??_high_isr 0000  
                        end_of_initialization 007E                 ?_initialisation_ConfigurerAdc 0000  
                                  _valeurPwm_ 0062                                       postinc0 000FEE  
                     __size_of_initialisation 0012                                     _TRISAbits 000F92  
                                   _TRISCbits 000F94                                   _CCP2CONbits 000FBA  
                         start_initialization 0072                         _resultatConversionAN_ 0060  
                            __CFG_LPT1OSC$OFF 000000                ??_initialisation_ConfigurerAdc 0000  
 __end_of_initialisation_ActiverInterruptions 00BA  __size_of_initialisation_ActiverInterruptions 0006  
       ??_initialisation_ActiverInterruptions 0000          ?_initialisation_ActiverInterruptions 0000  
         _initialisation_ActiverInterruptions 00B4                                 __pcstackBANK0 0000  
                           __size_of_high_isr 0020                             __CFG_CCP2MX$PORTC 000000  
                                   __pintcode 0008                                _initialisation 009A  
                  ?_initialisation_ActiverPWM 0000                                      _PIE1bits 000F9D  
                      __end_of_initialisation 00AC                                      _PIR1bits 000F9E  
                            __CFG_WDTPS$32768 000000                                    _ADCON0bits 000FC2  
                                  _ADCON1bits 000FC1                                    _ADCON2bits 000FC0  
                                    __Hparam0 0000                                      __Lparam0 0000  
                             ?_initialisation 0000                            __CFG_BOREN$SBORDIS 000000  
                                    _high_isr 0008                                 __size_of_main 0012  
                                    int$flags 0001                                    _INTCONbits 000FF2  
                                    intlevel2 0000                   ??_initialisation_ActiverPWM 0000  
                           __CFG_FOSC$INTIO67 000000  
