

Microchip MPLAB XC8 Assembler V2.10 build 88905656 
                                                                                               Wed Apr 01 12:48:39 2020

Microchip MPLAB XC8 C Compiler v2.10 (Free license) build 20190730164152 Og1 
     1                           	processor	18F45K20
     2                           	fnconf	param0,??,?,0
     3                           	opt	pw 120
     4                           	opt	flic
     5                           	psect	cinit,global,reloc=2,class=CODE,delta=1,minocg
     6                           	psect	cstackBANK0,global,class=BANK0,space=1,delta=1,noexec,minocg
     7                           	psect	text0,global,reloc=2,class=CODE,delta=1,minocg
     8                           	psect	text1,global,reloc=2,class=CODE,delta=1,minocg
     9                           	psect	intcode,global,reloc=2,class=CODE,delta=1,minocg
    10                           	psect	intsave_regs,global,class=BIGRAM,space=1,delta=1,noexec
    11                           	psect	param0,global,class=BANK0,space=1,delta=1,noexec
    12                           	psect	temp,global,ovrld,common,class=COMRAM,space=1,delta=1
    13  0000                     
    14                           ; Version 2.10
    15                           ; Generated 31/07/2019 GMT
    16                           ; 
    17                           ; Copyright © 2019, Microchip Technology Inc. and its subsidiaries ("Microchip")
    18                           ; All rights reserved.
    19                           ; 
    20                           ; This software is developed by Microchip Technology Inc. and its subsidiaries ("Microch
      +                          ip").
    21                           ; 
    22                           ; Redistribution and use in source and binary forms, with or without modification, are
    23                           ; permitted provided that the following conditions are met:
    24                           ; 
    25                           ;     1. Redistributions of source code must retain the above copyright notice, this lis
      +                          t of
    26                           ;        conditions and the following disclaimer.
    27                           ; 
    28                           ;     2. Redistributions in binary form must reproduce the above copyright notice, this 
      +                          list
    29                           ;        of conditions and the following disclaimer in the documentation and/or other
    30                           ;        materials provided with the distribution.
    31                           ; 
    32                           ;     3. Microchip's name may not be used to endorse or promote products derived from th
      +                          is
    33                           ;        software without specific prior written permission.
    34                           ; 
    35                           ; THIS SOFTWARE IS PROVIDED BY MICROCHIP "AS IS" AND ANY EXPRESS OR IMPLIED WARRANTIES,
    36                           ; INCLUDING, BUT NOT LIMITED TO, THE IMPLIED WARRANTIES OF MERCHANTABILITY AND FITNESS F
      +                          OR
    37                           ; PURPOSE ARE DISCLAIMED.  IN NO EVENT SHALL MICROCHIP BE LIABLE FOR ANY DIRECT, INDIREC
      +                          T,
    38                           ; INCIDENTAL, SPECIAL, EXEMPLARY, OR CONSEQUENTIAL DAMAGES (INCLUDING BUT NOT LIMITED TO
    39                           ; PROCUREMENT OF SUBSTITUTE GOODS OR SERVICES; LOSS OF USE, DATA OR PROFITS; OR BUSINESS
    40                           ; INTERRUPTION) HOWSOEVER CAUSED AND ON ANY THEORY OF LIABILITY, WHETHER IN CONTRACT, ST
      +                          RICT
    41                           ; LIABILITY, OR TORT (INCLUDING NEGLIGENCE OR OTHERWISE) ARISING IN ANY WAY OUT OF THE U
      +                          SE OF
    42                           ; THIS SOFTWARE, EVEN IF ADVISED OF THE POSSIBILITY OF SUCH DAMAGE.
    43                           ; 
    44                           ; 
    45                           ; Code-generator required, PIC18F45K20 Definitions
    46                           ; 
    47                           ; SFR Addresses
    48  0000                     _TRISCbits	set	3988
    49  0000                     _TRISD	set	3989
    50  0000                     _PORTDbits	set	3971
    51  0000                     _RCSTAbits	set	4011
    52  0000                     _TXSTAbits	set	4012
    53  0000                     _SPBRG	set	4015
    54  0000                     _RCREG	set	4014
    55  0000                     _PIR1bits	set	3998
    56  0000                     _TXREG	set	4013
    57                           
    58                           ; #config settings
    59  0000                     
    60                           	psect	cinit
    61  000070                     __pcinit:
    62                           	opt callstack 0
    63  000070                     start_initialization:
    64                           	opt callstack 0
    65  000070                     __initialization:
    66                           	opt callstack 0
    67  000070                     end_of_initialization:
    68                           	opt callstack 0
    69  000070                     __end_of__initialization:
    70                           	opt callstack 0
    71  000070  9001               	bcf	int$flags,0,c	;clear compiler interrupt flag (level 1)
    72  000072  9201               	bcf	int$flags,1,c	;clear compiler interrupt flag (level 2)
    73  000074  0100               	movlb	0
    74  000076  EF09  F000         	goto	_main	;jump to C main() function
    75                           
    76                           	psect	cstackBANK0
    77  000060                     __pcstackBANK0:
    78                           	opt callstack 0
    79  000060                     ??_main:
    80  000060                     
    81                           ; 1 bytes @ 0x0
    82  000060                     	ds	1
    83  000061                     main@carRx:
    84                           	opt callstack 0
    85                           
    86                           ; 1 bytes @ 0x1
    87  000061                     	ds	1
    88  000062                     main@carTx:
    89                           	opt callstack 0
    90                           
    91                           ; 1 bytes @ 0x2
    92  000062                     	ds	1
    93                           
    94 ;;
    95 ;;Main: autosize = 0, tempsize = 1, incstack = 0, save=0
    96 ;;
    97 ;; *************** function _main *****************
    98 ;; Defined at:
    99 ;;		line 18 in file "main.c"
   100 ;; Parameters:    Size  Location     Type
   101 ;;		None
   102 ;; Auto vars:     Size  Location     Type
   103 ;;  carTx           1    2[BANK0 ] unsigned char 
   104 ;;  carRx           1    1[BANK0 ] unsigned char 
   105 ;; Return value:  Size  Location     Type
   106 ;;                  1    wreg      void 
   107 ;; Registers used:
   108 ;;		wreg, status,2, status,0, cstack
   109 ;; Tracked objects:
   110 ;;		On entry : 0/0
   111 ;;		On exit  : 0/0
   112 ;;		Unchanged: 0/0
   113 ;; Data sizes:     COMRAM   BANK0   BANK1   BANK2   BANK3   BANK4   BANK5
   114 ;;      Params:         0       0       0       0       0       0       0
   115 ;;      Locals:         0       2       0       0       0       0       0
   116 ;;      Temps:          0       1       0       0       0       0       0
   117 ;;      Totals:         0       3       0       0       0       0       0
   118 ;;Total ram usage:        3 bytes
   119 ;; Hardware stack levels required when called:    2
   120 ;; This function calls:
   121 ;;		_initialisation
   122 ;; This function is called by:
   123 ;;		Startup code after reset
   124 ;; This function uses a non-reentrant model
   125 ;;
   126                           
   127                           	psect	text0
   128  000012                     __ptext0:
   129                           	opt callstack 0
   130  000012                     _main:
   131                           	opt callstack 29
   132  000012                     
   133                           ;main.c: 20: unsigned char carTx = 0x30;
   134  000012  0E30               	movlw	48
   135  000014  0100               	movlb	0	; force () banked
   136  000016  6F62               	movwf	main@carTx& (0+255),b
   137                           
   138                           ;main.c: 21: unsigned char carRx = 5;
   139  000018  0E05               	movlw	5
   140  00001A  0100               	movlb	0	; force () banked
   141  00001C  6F61               	movwf	main@carRx& (0+255),b
   142  00001E                     
   143                           ; BSR set to: 0
   144                           ;main.c: 23: initialisation();
   145  00001E  EC2D  F000         	call	_initialisation	;wreg free
   146  000022                     l805:
   147                           
   148                           ;main.c: 27: {;main.c: 28: PORTDbits.RD0 ^= 1;
   149  000022  7083               	btg	131,0,c	;volatile
   150  000024                     
   151                           ;main.c: 29: TXREG = carTx++;
   152  000024  C062  FFAD         	movff	main@carTx,4013	;volatile
   153  000028  0100               	movlb	0	; force () banked
   154  00002A  2B62               	incf	main@carTx& (0+255),f,b
   155  00002C                     
   156                           ; BSR set to: 0
   157                           ;main.c: 30: _delay((unsigned long)((300)*(1000000/4000.0)));
   158  00002C  0E62               	movlw	98
   159  00002E  0100               	movlb	0	; force () banked
   160  000030  6F60               	movwf	??_main& (0+255),b
   161  000032  0E65               	movlw	101
   162  000034                     u27:
   163  000034  2EE8               	decfsz	wreg,f,c
   164  000036  D7FE               	bra	u27
   165  000038  2F60               	decfsz	??_main& (0+255),f,b
   166  00003A  D7FC               	bra	u27
   167  00003C  F000 F000          	nop2	
   168  000040                     
   169                           ;main.c: 32: if (PIR1bits.RC1IF == 1)
   170  000040  AA9E               	btfss	158,5,c	;volatile
   171  000042  EF25  F000         	goto	u11
   172  000046  EF27  F000         	goto	u10
   173  00004A                     u11:
   174  00004A  EF11  F000         	goto	l805
   175  00004E                     u10:
   176  00004E                     
   177                           ;main.c: 33: {;main.c: 34: carRx = RCREG;
   178  00004E  CFAE F061          	movff	4014,main@carRx	;volatile
   179  000052  EF11  F000         	goto	l805
   180  000056  EF07  F000         	goto	start
   181  00005A                     __end_of_main:
   182                           	opt callstack 0
   183                           
   184 ;; *************** function _initialisation *****************
   185 ;; Defined at:
   186 ;;		line 44 in file "main.c"
   187 ;; Parameters:    Size  Location     Type
   188 ;;		None
   189 ;; Auto vars:     Size  Location     Type
   190 ;;		None
   191 ;; Return value:  Size  Location     Type
   192 ;;                  1    wreg      void 
   193 ;; Registers used:
   194 ;;		wreg, status,2
   195 ;; Tracked objects:
   196 ;;		On entry : 0/0
   197 ;;		On exit  : 0/0
   198 ;;		Unchanged: 0/0
   199 ;; Data sizes:     COMRAM   BANK0   BANK1   BANK2   BANK3   BANK4   BANK5
   200 ;;      Params:         0       0       0       0       0       0       0
   201 ;;      Locals:         0       0       0       0       0       0       0
   202 ;;      Temps:          0       0       0       0       0       0       0
   203 ;;      Totals:         0       0       0       0       0       0       0
   204 ;;Total ram usage:        0 bytes
   205 ;; Hardware stack levels used:    1
   206 ;; Hardware stack levels required when called:    1
   207 ;; This function calls:
   208 ;;		Nothing
   209 ;; This function is called by:
   210 ;;		_main
   211 ;; This function uses a non-reentrant model
   212 ;;
   213                           
   214                           	psect	text1
   215  00005A                     __ptext1:
   216                           	opt callstack 0
   217  00005A                     _initialisation:
   218                           	opt callstack 29
   219  00005A                     
   220                           ;main.c: 47: TRISD = 0;
   221  00005A  0E00               	movlw	0
   222  00005C  6E95               	movwf	149,c	;volatile
   223                           
   224                           ;main.c: 53: SPBRG = 64;
   225  00005E  0E40               	movlw	64
   226  000060  6EAF               	movwf	175,c	;volatile
   227  000062                     
   228                           ;main.c: 56: TRISCbits.RC6 = 1;
   229  000062  8C94               	bsf	148,6,c	;volatile
   230  000064                     
   231                           ;main.c: 57: TRISCbits.RC7 = 1;
   232  000064  8E94               	bsf	148,7,c	;volatile
   233  000066                     
   234                           ;main.c: 61: TXSTAbits.TXEN = 1;
   235  000066  8AAC               	bsf	172,5,c	;volatile
   236  000068                     
   237                           ;main.c: 71: RCSTAbits.SPEN = 1;
   238  000068  8EAB               	bsf	171,7,c	;volatile
   239  00006A                     
   240                           ;main.c: 72: TXSTAbits.SYNC = 0;
   241  00006A  98AC               	bcf	172,4,c	;volatile
   242  00006C                     
   243                           ;main.c: 75: RCSTAbits.CREN = 1;
   244  00006C  88AB               	bsf	171,4,c	;volatile
   245  00006E  0012               	return		;funcret
   246  000070                     __end_of_initialisation:
   247                           	opt callstack 0
   248                           
   249 ;; *************** function _high_isr *****************
   250 ;; Defined at:
   251 ;;		line 16 in file "interrupts.c"
   252 ;; Parameters:    Size  Location     Type
   253 ;;		None
   254 ;; Auto vars:     Size  Location     Type
   255 ;;		None
   256 ;; Return value:  Size  Location     Type
   257 ;;                  1    wreg      void 
   258 ;; Registers used:
   259 ;;		None
   260 ;; Tracked objects:
   261 ;;		On entry : 0/0
   262 ;;		On exit  : 0/0
   263 ;;		Unchanged: 0/0
   264 ;; Data sizes:     COMRAM   BANK0   BANK1   BANK2   BANK3   BANK4   BANK5
   265 ;;      Params:         0       0       0       0       0       0       0
   266 ;;      Locals:         0       0       0       0       0       0       0
   267 ;;      Temps:          0       0       0       0       0       0       0
   268 ;;      Totals:         0       0       0       0       0       0       0
   269 ;;Total ram usage:        0 bytes
   270 ;; Hardware stack levels used:    1
   271 ;; This function calls:
   272 ;;		Nothing
   273 ;; This function is called by:
   274 ;;		Interrupt level 2
   275 ;; This function uses a non-reentrant model
   276 ;;
   277                           
   278                           	psect	intcode
   279  000008                     __pintcode:
   280                           	opt callstack 0
   281  000008                     _high_isr:
   282                           	opt callstack 29
   283                           
   284                           ;incstack = 0
   285  000008  8201               	bsf	int$flags,1,c	;set compiler interrupt flag (level 2)
   286  00000A  9201               	bcf	int$flags,1,c	;clear compiler interrupt flag (level 2)
   287  00000C  0011               	retfie		f
   288  00000E                     __end_of_high_isr:
   289                           	opt callstack 0
   290  0000                     
   291                           	psect	param0
   292  0000                     
   293                           	psect	temp
   294  000001                     btemp:
   295                           	opt callstack 0
   296  000001                     	ds	1
   297  0000                     int$flags	set	btemp
   298  0000                     wtemp8	set	btemp+1
   299  0000                     ttemp5	set	btemp+1
   300  0000                     ttemp6	set	btemp+4
   301  0000                     ttemp7	set	btemp+8
   302                           tosu	equ	0xFFF
   303                           tosh	equ	0xFFE
   304                           tosl	equ	0xFFD
   305                           stkptr	equ	0xFFC
   306                           pclatu	equ	0xFFB
   307                           pclath	equ	0xFFA
   308                           pcl	equ	0xFF9
   309                           tblptru	equ	0xFF8
   310                           tblptrh	equ	0xFF7
   311                           tblptrl	equ	0xFF6
   312                           tablat	equ	0xFF5
   313                           prodh	equ	0xFF4
   314                           prodl	equ	0xFF3
   315                           indf0	equ	0xFEF
   316                           postinc0	equ	0xFEE
   317                           postdec0	equ	0xFED
   318                           preinc0	equ	0xFEC
   319                           plusw0	equ	0xFEB
   320                           fsr0h	equ	0xFEA
   321                           fsr0l	equ	0xFE9
   322                           wreg	equ	0xFE8
   323                           indf1	equ	0xFE7
   324                           postinc1	equ	0xFE6
   325                           postdec1	equ	0xFE5
   326                           preinc1	equ	0xFE4
   327                           plusw1	equ	0xFE3
   328                           fsr1h	equ	0xFE2
   329                           fsr1l	equ	0xFE1
   330                           bsr	equ	0xFE0
   331                           indf2	equ	0xFDF
   332                           postinc2	equ	0xFDE
   333                           postdec2	equ	0xFDD
   334                           preinc2	equ	0xFDC
   335                           plusw2	equ	0xFDB
   336                           fsr2h	equ	0xFDA
   337                           fsr2l	equ	0xFD9
   338                           status	equ	0xFD8


Data Sizes:
    Strings     0
    Constant    0
    Data        0
    BSS         0
    Persistent  0
    Stack       0

Auto Spaces:
    Space          Size  Autos    Used
    COMRAM           94      0       0
    BANK0           160      3       3
    BANK1           256      0       0
    BANK2           256      0       0
    BANK3           256      0       0
    BANK4           256      0       0
    BANK5           244      0       0

Pointer List with Targets:

    None.

Critical Paths under _main in COMRAM

    None.

Critical Paths under _high_isr in COMRAM

    None.

Critical Paths under _main in BANK0

    None.

Critical Paths under _high_isr in BANK0

    None.

Critical Paths under _main in BANK1

    None.

Critical Paths under _high_isr in BANK1

    None.

Critical Paths under _main in BANK2

    None.

Critical Paths under _high_isr in BANK2

    None.

Critical Paths under _main in BANK3

    None.

Critical Paths under _high_isr in BANK3

    None.

Critical Paths under _main in BANK4

    None.

Critical Paths under _high_isr in BANK4

    None.

Critical Paths under _main in BANK5

    None.

Critical Paths under _high_isr in BANK5

    None.

Call Graph Tables:

 ---------------------------------------------------------------------------------
 (Depth) Function   	        Calls       Base Space   Used Autos Params    Refs
 ---------------------------------------------------------------------------------
 (0) _main                                                 3     3      0      15
                                              0 BANK0      3     3      0
                     _initialisation
 ---------------------------------------------------------------------------------
 (1) _initialisation                                       0     0      0       0
 ---------------------------------------------------------------------------------
 Estimated maximum stack depth 1
 ---------------------------------------------------------------------------------
 (Depth) Function   	        Calls       Base Space   Used Autos Params    Refs
 ---------------------------------------------------------------------------------
 (2) _high_isr                                             0     0      0       0
 ---------------------------------------------------------------------------------
 Estimated maximum stack depth 2
 ---------------------------------------------------------------------------------

 Call Graph Graphs:

 _main (ROOT)
   _initialisation

 _high_isr (ROOT)

 Address spaces:
Name               Size   Autos  Total    Cost      Usage
BITCOMRAM           5E      0       0       0        0.0%
EEDATA             100      0       0       0        0.0%
NULL                 0      0       0       0        0.0%
CODE                 0      0       0       0        0.0%
COMRAM              5E      0       0       1        0.0%
STACK                0      0       0       2        0.0%
BITBANK0            A0      0       0       3        0.0%
BANK0               A0      3       3       4        1.9%
BITBANK1           100      0       0       5        0.0%
BANK1              100      0       0       6        0.0%
BITBANK2           100      0       0       7        0.0%
BANK2              100      0       0       8        0.0%
BITBANK3           100      0       0       9        0.0%
BANK3              100      0       0      10        0.0%
BITBANK4           100      0       0      11        0.0%
BANK4              100      0       0      12        0.0%
BANK5               F4      0       0      13        0.0%
ABS                  0      0       0      14        0.0%
BITBANK5            F4      0       0      15        0.0%
BIGRAM             5F3      0       0      16        0.0%
DATA                 0      0       0      17        0.0%
BITSFR_5             0      0       0     200        0.0%
SFR_5                0      0       0     200        0.0%
BITSFR_4             0      0       0     200        0.0%
SFR_4                0      0       0     200        0.0%
BITSFR_3             0      0       0     200        0.0%
SFR_3                0      0       0     200        0.0%
BITSFR_2             0      0       0     200        0.0%
SFR_2                0      0       0     200        0.0%
BITSFR_1             0      0       0     200        0.0%
SFR_1                0      0       0     200        0.0%
BITSFR               0      0       0     200        0.0%
SFR                  0      0       0     200        0.0%


Microchip Technology PIC18 Macro Assembler V2.10 build 88905656 
Symbol Table                                                                                   Wed Apr 01 12:48:39 2020

                     l34 006E                       u10 004E                       u11 004A  
                     u27 0034             __CFG_CP0$OFF 000000             __CFG_CP1$OFF 000000  
           __CFG_CP2$OFF 000000             __CFG_CP3$OFF 000000                      l801 0012  
                    l811 002C                      l803 001E                      l813 0040  
                    l805 0022                      l815 004E                      l807 0024  
                    l809 0028                      l791 0064                      l793 0066  
                    l795 0068                      l787 005A                      l797 006A  
                    l789 0062                      l799 006C             __CFG_CPB$OFF 000000  
           __CFG_CPD$OFF 000000             __CFG_BORV$18 000000                      wreg 000FE8  
           __CFG_LVP$OFF 000000                     i2l39 000A         ??_initialisation 0060  
                   _main 0012                     btemp 0001                     start 000E  
          __CFG_IESO$OFF 000000            __CFG_MCLRE$ON 000000             ___param_bank 000000  
                  ?_main 0060                    _RCREG 000FAE                    _SPBRG 000FAF  
                  _TRISD 000F95                    _TXREG 000FAD            __CFG_PWRT$OFF 000000  
          __CFG_WRT0$OFF 000000            __CFG_WRT1$OFF 000000            __CFG_WRT2$OFF 000000  
          __CFG_WRT3$OFF 000000           __CFG_EBTR0$OFF 000000           __CFG_FCMEN$OFF 000000  
         __CFG_EBTR1$OFF 000000           __CFG_EBTR2$OFF 000000           __CFG_EBTR3$OFF 000000  
          __CFG_WRTB$OFF 000000            __CFG_WRTC$OFF 000000            __CFG_WRTD$OFF 000000  
         __CFG_EBTRB$OFF 000000                    ttemp5 0002                    ttemp6 0005  
                  ttemp7 0009                    wtemp8 0002           __CFG_HFOFST$ON 000000  
         __CFG_PBADEN$ON 000000          __initialization 0070             __end_of_main 005A  
                 ??_main 0060            __activetblptr 000003           __CFG_WDTEN$OFF 000000  
         __CFG_XINST$OFF 000000         __end_of_high_isr 000E           __CFG_STVREN$ON 000000  
             __accesstop 0060  __end_of__initialization 0070            ___rparam_used 000000  
              ?_high_isr 0060                  __Hparam 0000                  __Lparam 0000  
                __pcinit 0070                  __ramtop 0600                  __ptext0 0012  
                __ptext1 005A               ??_high_isr 0060     end_of_initialization 0070  
              _RCSTAbits 000FAB  __size_of_initialisation 0016                _PORTDbits 000F83  
              _TRISCbits 000F94                _TXSTAbits 000FAC      start_initialization 0070  
       __CFG_LPT1OSC$OFF 000000            __pcstackBANK0 0060        __size_of_high_isr 0006  
      __CFG_CCP2MX$PORTC 000000                __pintcode 0008           _initialisation 005A  
 __end_of_initialisation 0070                 _PIR1bits 000F9E         __CFG_WDTPS$32768 000000  
              main@carRx 0061                main@carTx 0062                 __Hparam0 0000  
               __Lparam0 0000          ?_initialisation 0060       __CFG_BOREN$SBORDIS 000000  
               _high_isr 0008            __size_of_main 0048                 int$flags 0001  
               intlevel2 0000        __CFG_FOSC$INTIO67 000000  
