

Microchip MPLAB XC8 Assembler V2.10 build 88905656 
                                                                                               Mon Mar 23 10:06:09 2020

Microchip MPLAB XC8 C Compiler v2.10 (Free license) build 20190730164152 Og1 
     1                           	processor	18F45K20
     2                           	fnconf	param0,??,?,0
     3                           	opt	pw 120
     4                           	opt	flic
     5                           	psect	cinit,global,reloc=2,class=CODE,delta=1,minocg
     6                           	psect	cstackBANK0,global,class=BANK0,space=1,delta=1,noexec,minocg
     7                           	psect	text0,global,reloc=2,class=CODE,delta=1,minocg
     8                           	psect	text1,global,reloc=2,class=CODE,delta=1,minocg
     9                           	psect	intcode,global,reloc=2,class=CODE,delta=1,minocg
    10                           	psect	intsave_regs,global,class=BIGRAM,space=1,delta=1,noexec
    11                           	psect	param0,global,class=BANK0,space=1,delta=1,noexec
    12                           	psect	temp,global,ovrld,common,class=COMRAM,space=1,delta=1
    13  0000                     
    14                           ; Version 2.10
    15                           ; Generated 31/07/2019 GMT
    16                           ; 
    17                           ; Copyright © 2019, Microchip Technology Inc. and its subsidiaries ("Microchip")
    18                           ; All rights reserved.
    19                           ; 
    20                           ; This software is developed by Microchip Technology Inc. and its subsidiaries ("Microch
      +                          ip").
    21                           ; 
    22                           ; Redistribution and use in source and binary forms, with or without modification, are
    23                           ; permitted provided that the following conditions are met:
    24                           ; 
    25                           ;     1. Redistributions of source code must retain the above copyright notice, this lis
      +                          t of
    26                           ;        conditions and the following disclaimer.
    27                           ; 
    28                           ;     2. Redistributions in binary form must reproduce the above copyright notice, this 
      +                          list
    29                           ;        of conditions and the following disclaimer in the documentation and/or other
    30                           ;        materials provided with the distribution.
    31                           ; 
    32                           ;     3. Microchip's name may not be used to endorse or promote products derived from th
      +                          is
    33                           ;        software without specific prior written permission.
    34                           ; 
    35                           ; THIS SOFTWARE IS PROVIDED BY MICROCHIP "AS IS" AND ANY EXPRESS OR IMPLIED WARRANTIES,
    36                           ; INCLUDING, BUT NOT LIMITED TO, THE IMPLIED WARRANTIES OF MERCHANTABILITY AND FITNESS F
      +                          OR
    37                           ; PURPOSE ARE DISCLAIMED.  IN NO EVENT SHALL MICROCHIP BE LIABLE FOR ANY DIRECT, INDIREC
      +                          T,
    38                           ; INCIDENTAL, SPECIAL, EXEMPLARY, OR CONSEQUENTIAL DAMAGES (INCLUDING BUT NOT LIMITED TO
    39                           ; PROCUREMENT OF SUBSTITUTE GOODS OR SERVICES; LOSS OF USE, DATA OR PROFITS; OR BUSINESS
    40                           ; INTERRUPTION) HOWSOEVER CAUSED AND ON ANY THEORY OF LIABILITY, WHETHER IN CONTRACT, ST
      +                          RICT
    41                           ; LIABILITY, OR TORT (INCLUDING NEGLIGENCE OR OTHERWISE) ARISING IN ANY WAY OUT OF THE U
      +                          SE OF
    42                           ; THIS SOFTWARE, EVEN IF ADVISED OF THE POSSIBILITY OF SUCH DAMAGE.
    43                           ; 
    44                           ; 
    45                           ; Code-generator required, PIC18F45K20 Definitions
    46                           ; 
    47                           ; SFR Addresses
    48  0000                     _CCPR2H	set	4028
    49  0000                     _PORTD	set	3971
    50  0000                     _INTCONbits	set	4082
    51  0000                     _PIE2bits	set	4000
    52  0000                     _PIR2bits	set	4001
    53  0000                     _T3CONbits	set	4017
    54  0000                     _TRISCbits	set	3988
    55  0000                     _CCP2CONbits	set	4026
    56  0000                     _T1CONbits	set	4045
    57  0000                     _TRISBbits	set	3987
    58  0000                     _ANSELH	set	3967
    59  0000                     _TRISD	set	3989
    60                           
    61                           ; #config settings
    62  0000                     
    63                           	psect	cinit
    64  00005E                     __pcinit:
    65                           	opt callstack 0
    66  00005E                     start_initialization:
    67                           	opt callstack 0
    68  00005E                     __initialization:
    69                           	opt callstack 0
    70  00005E                     end_of_initialization:
    71                           	opt callstack 0
    72  00005E                     __end_of__initialization:
    73                           	opt callstack 0
    74  00005E  9001               	bcf	int$flags,0,c	;clear compiler interrupt flag (level 1)
    75  000060  9201               	bcf	int$flags,1,c	;clear compiler interrupt flag (level 2)
    76  000062  0100               	movlb	0
    77  000064  EF29  F000         	goto	_main	;jump to C main() function
    78                           
    79                           	psect	cstackBANK0
    80  000000                     __pcstackBANK0:
    81                           	opt callstack 0
    82  000000                     
    83                           ; 1 bytes @ 0x0
    84 ;;
    85 ;;Main: autosize = 0, tempsize = 0, incstack = 0, save=0
    86 ;;
    87 ;; *************** function _main *****************
    88 ;; Defined at:
    89 ;;		line 14 in file "main.c"
    90 ;; Parameters:    Size  Location     Type
    91 ;;		None
    92 ;; Auto vars:     Size  Location     Type
    93 ;;  i               2    0        int 
    94 ;; Return value:  Size  Location     Type
    95 ;;                  1    wreg      void 
    96 ;; Registers used:
    97 ;;		wreg, status,2, cstack
    98 ;; Tracked objects:
    99 ;;		On entry : 0/0
   100 ;;		On exit  : 0/0
   101 ;;		Unchanged: 0/0
   102 ;; Data sizes:     COMRAM   BANK0   BANK1   BANK2   BANK3   BANK4   BANK5
   103 ;;      Params:         0       0       0       0       0       0       0
   104 ;;      Locals:         0       0       0       0       0       0       0
   105 ;;      Temps:          0       0       0       0       0       0       0
   106 ;;      Totals:         0       0       0       0       0       0       0
   107 ;;Total ram usage:        0 bytes
   108 ;; Hardware stack levels required when called:    2
   109 ;; This function calls:
   110 ;;		_initialisation
   111 ;; This function is called by:
   112 ;;		Startup code after reset
   113 ;; This function uses a non-reentrant model
   114 ;;
   115                           
   116                           	psect	text0
   117  000052                     __ptext0:
   118                           	opt callstack 0
   119  000052                     _main:
   120                           	opt callstack 29
   121  000052                     
   122                           ;main.c: 16:     int i;;main.c: 18:     initialisation();
   123  000052  EC13  F000         	call	_initialisation	;wreg free
   124  000056                     l27:
   125  000056  EF2B  F000         	goto	l27
   126  00005A  EF11  F000         	goto	start
   127  00005E                     __end_of_main:
   128                           	opt callstack 0
   129                           
   130 ;; *************** function _initialisation *****************
   131 ;; Defined at:
   132 ;;		line 30 in file "main.c"
   133 ;; Parameters:    Size  Location     Type
   134 ;;		None
   135 ;; Auto vars:     Size  Location     Type
   136 ;;		None
   137 ;; Return value:  Size  Location     Type
   138 ;;                  1    wreg      void 
   139 ;; Registers used:
   140 ;;		wreg, status,2
   141 ;; Tracked objects:
   142 ;;		On entry : 0/0
   143 ;;		On exit  : 0/0
   144 ;;		Unchanged: 0/0
   145 ;; Data sizes:     COMRAM   BANK0   BANK1   BANK2   BANK3   BANK4   BANK5
   146 ;;      Params:         0       0       0       0       0       0       0
   147 ;;      Locals:         0       0       0       0       0       0       0
   148 ;;      Temps:          0       0       0       0       0       0       0
   149 ;;      Totals:         0       0       0       0       0       0       0
   150 ;;Total ram usage:        0 bytes
   151 ;; Hardware stack levels used:    1
   152 ;; Hardware stack levels required when called:    1
   153 ;; This function calls:
   154 ;;		Nothing
   155 ;; This function is called by:
   156 ;;		_main
   157 ;; This function uses a non-reentrant model
   158 ;;
   159                           
   160                           	psect	text1
   161  000026                     __ptext1:
   162                           	opt callstack 0
   163  000026                     _initialisation:
   164                           	opt callstack 29
   165  000026                     
   166                           ;main.c: 33:     TRISD = 0;
   167  000026  0E00               	movlw	0
   168  000028  6E95               	movwf	149,c	;volatile
   169                           
   170                           ;main.c: 35:     ANSELH = 0;
   171  00002A  0E00               	movlw	0
   172  00002C  6E7F               	movwf	127,c	;volatile
   173  00002E                     
   174                           ;main.c: 36:     TRISBbits.RB0 = 1;
   175  00002E  8093               	bsf	147,0,c	;volatile
   176  000030                     
   177                           ;main.c: 40:     T1CONbits.RD16 = 1;
   178  000030  8ECD               	bsf	205,7,c	;volatile
   179                           
   180                           ;main.c: 42:     T1CONbits.T1CKPS = 3;
   181  000032  0E30               	movlw	48
   182  000034  12CD               	iorwf	205,f,c	;volatile
   183  000036                     
   184                           ;main.c: 43:     T1CONbits.TMR1CS = 0;
   185  000036  92CD               	bcf	205,1,c	;volatile
   186  000038                     
   187                           ;main.c: 44:     T1CONbits.TMR1ON = 1;
   188  000038  80CD               	bsf	205,0,c	;volatile
   189                           
   190                           ;main.c: 50:     CCP2CONbits.CCP2M = 0b0101;
   191  00003A  50BA               	movf	186,w,c	;volatile
   192  00003C  0BF0               	andlw	-16
   193  00003E  0905               	iorlw	5
   194  000040  6EBA               	movwf	186,c	;volatile
   195  000042                     
   196                           ;main.c: 51:     TRISCbits.RC1 = 1;
   197  000042  8294               	bsf	148,1,c	;volatile
   198  000044                     
   199                           ;main.c: 52:     T3CONbits.T3CCP1 = 0;
   200  000044  96B1               	bcf	177,3,c	;volatile
   201  000046                     
   202                           ;main.c: 53:     T3CONbits.T3CCP2 = 0;
   203  000046  9CB1               	bcf	177,6,c	;volatile
   204  000048                     
   205                           ;main.c: 55:     PIR2bits.CCP2IF = 0;
   206  000048  90A1               	bcf	161,0,c	;volatile
   207  00004A                     
   208                           ;main.c: 56:     PIE2bits.CCP2IE = 1;
   209  00004A  80A0               	bsf	160,0,c	;volatile
   210  00004C                     
   211                           ;main.c: 60:     INTCONbits.PEIE = 1;
   212  00004C  8CF2               	bsf	242,6,c	;volatile
   213  00004E                     
   214                           ;main.c: 61:     INTCONbits.GIE = 1;
   215  00004E  8EF2               	bsf	242,7,c	;volatile
   216  000050  0012               	return		;funcret
   217  000052                     __end_of_initialisation:
   218                           	opt callstack 0
   219                           
   220 ;; *************** function _high_isr *****************
   221 ;; Defined at:
   222 ;;		line 18 in file "interrupts.c"
   223 ;; Parameters:    Size  Location     Type
   224 ;;		None
   225 ;; Auto vars:     Size  Location     Type
   226 ;;		None
   227 ;; Return value:  Size  Location     Type
   228 ;;                  1    wreg      void 
   229 ;; Registers used:
   230 ;;		None
   231 ;; Tracked objects:
   232 ;;		On entry : 0/0
   233 ;;		On exit  : 0/0
   234 ;;		Unchanged: 0/0
   235 ;; Data sizes:     COMRAM   BANK0   BANK1   BANK2   BANK3   BANK4   BANK5
   236 ;;      Params:         0       0       0       0       0       0       0
   237 ;;      Locals:         0       0       0       0       0       0       0
   238 ;;      Temps:          0       0       0       0       0       0       0
   239 ;;      Totals:         0       0       0       0       0       0       0
   240 ;;Total ram usage:        0 bytes
   241 ;; Hardware stack levels used:    1
   242 ;; This function calls:
   243 ;;		Nothing
   244 ;; This function is called by:
   245 ;;		Interrupt level 2
   246 ;; This function uses a non-reentrant model
   247 ;;
   248                           
   249                           	psect	intcode
   250  000008                     __pintcode:
   251                           	opt callstack 0
   252  000008                     _high_isr:
   253                           	opt callstack 29
   254                           
   255                           ;incstack = 0
   256  000008  8201               	bsf	int$flags,1,c	;set compiler interrupt flag (level 2)
   257  00000A                     
   258                           ;interrupts.c: 32:     if (PIR2bits.CCP2IF)
   259  00000A  A0A1               	btfss	161,0,c	;volatile
   260  00000C  EF0A  F000         	goto	i2u1_41
   261  000010  EF0C  F000         	goto	i2u1_40
   262  000014                     i2u1_41:
   263  000014  EF0F  F000         	goto	i2l45
   264  000018                     i2u1_40:
   265  000018                     
   266                           ;interrupts.c: 33:     {;interrupts.c: 34:         PIR2bits.CCP2IF = 0;
   267  000018  90A1               	bcf	161,0,c	;volatile
   268                           
   269                           ;interrupts.c: 35:         PORTD = CCPR2H;
   270  00001A  CFBC FF83          	movff	4028,3971	;volatile
   271  00001E                     i2l45:
   272  00001E  9201               	bcf	int$flags,1,c	;clear compiler interrupt flag (level 2)
   273  000020  0011               	retfie		f
   274  000022                     __end_of_high_isr:
   275                           	opt callstack 0
   276  0000                     
   277                           	psect	param0
   278  0000                     
   279                           	psect	temp
   280  000001                     btemp:
   281                           	opt callstack 0
   282  000001                     	ds	1
   283  0000                     int$flags	set	btemp
   284  0000                     wtemp8	set	btemp+1
   285  0000                     ttemp5	set	btemp+1
   286  0000                     ttemp6	set	btemp+4
   287  0000                     ttemp7	set	btemp+8
   288                           tosu	equ	0xFFF
   289                           tosh	equ	0xFFE
   290                           tosl	equ	0xFFD
   291                           stkptr	equ	0xFFC
   292                           pclatu	equ	0xFFB
   293                           pclath	equ	0xFFA
   294                           pcl	equ	0xFF9
   295                           tblptru	equ	0xFF8
   296                           tblptrh	equ	0xFF7
   297                           tblptrl	equ	0xFF6
   298                           tablat	equ	0xFF5
   299                           prodh	equ	0xFF4
   300                           prodl	equ	0xFF3
   301                           indf0	equ	0xFEF
   302                           postinc0	equ	0xFEE
   303                           postdec0	equ	0xFED
   304                           preinc0	equ	0xFEC
   305                           plusw0	equ	0xFEB
   306                           fsr0h	equ	0xFEA
   307                           fsr0l	equ	0xFE9
   308                           wreg	equ	0xFE8
   309                           indf1	equ	0xFE7
   310                           postinc1	equ	0xFE6
   311                           postdec1	equ	0xFE5
   312                           preinc1	equ	0xFE4
   313                           plusw1	equ	0xFE3
   314                           fsr1h	equ	0xFE2
   315                           fsr1l	equ	0xFE1
   316                           bsr	equ	0xFE0
   317                           indf2	equ	0xFDF
   318                           postinc2	equ	0xFDE
   319                           postdec2	equ	0xFDD
   320                           preinc2	equ	0xFDC
   321                           plusw2	equ	0xFDB
   322                           fsr2h	equ	0xFDA
   323                           fsr2l	equ	0xFD9
   324                           status	equ	0xFD8


Data Sizes:
    Strings     0
    Constant    0
    Data        0
    BSS         0
    Persistent  0
    Stack       0

Auto Spaces:
    Space          Size  Autos    Used
    COMRAM           94      0       0
    BANK0           160      0       0
    BANK1           256      0       0
    BANK2           256      0       0
    BANK3           256      0       0
    BANK4           256      0       0
    BANK5           256      0       0

Pointer List with Targets:

    None.

Critical Paths under _main in COMRAM

    None.

Critical Paths under _high_isr in COMRAM

    None.

Critical Paths under _main in BANK0

    None.

Critical Paths under _high_isr in BANK0

    None.

Critical Paths under _main in BANK1

    None.

Critical Paths under _high_isr in BANK1

    None.

Critical Paths under _main in BANK2

    None.

Critical Paths under _high_isr in BANK2

    None.

Critical Paths under _main in BANK3

    None.

Critical Paths under _high_isr in BANK3

    None.

Critical Paths under _main in BANK4

    None.

Critical Paths under _high_isr in BANK4

    None.

Critical Paths under _main in BANK5

    None.

Critical Paths under _high_isr in BANK5

    None.

Call Graph Tables:

 ---------------------------------------------------------------------------------
 (Depth) Function   	        Calls       Base Space   Used Autos Params    Refs
 ---------------------------------------------------------------------------------
 (0) _main                                                 2     2      0       0
                     _initialisation
 ---------------------------------------------------------------------------------
 (1) _initialisation                                       0     0      0       0
 ---------------------------------------------------------------------------------
 Estimated maximum stack depth 1
 ---------------------------------------------------------------------------------
 (Depth) Function   	        Calls       Base Space   Used Autos Params    Refs
 ---------------------------------------------------------------------------------
 (2) _high_isr                                             0     0      0       0
 ---------------------------------------------------------------------------------
 Estimated maximum stack depth 2
 ---------------------------------------------------------------------------------

 Call Graph Graphs:

 _main (ROOT)
   _initialisation

 _high_isr (ROOT)

 Address spaces:
Name               Size   Autos  Total    Cost      Usage
BITCOMRAM           5E      0       0       0        0.0%
EEDATA             100      0       0       0        0.0%
NULL                 0      0       0       0        0.0%
CODE                 0      0       0       0        0.0%
COMRAM              5E      0       0       1        0.0%
STACK                0      0       0       2        0.0%
DATA                 0      0       0       3        0.0%
BITBANK0            A0      0       0       4        0.0%
BANK0               A0      0       0       5        0.0%
BITBANK1           100      0       0       6        0.0%
BANK1              100      0       0       7        0.0%
BITBANK2           100      0       0       8        0.0%
BANK2              100      0       0       9        0.0%
BITBANK3           100      0       0      10        0.0%
BANK3              100      0       0      11        0.0%
BITBANK4           100      0       0      12        0.0%
BANK4              100      0       0      13        0.0%
BANK5              100      0       0      14        0.0%
ABS                  0      0       0      15        0.0%
BITBANK5           100      0       0      16        0.0%
BIGRAM             5FF      0       0      17        0.0%
BITSFR               0      0       0     200        0.0%
SFR                  0      0       0     200        0.0%


Microchip Technology PIC18 Macro Assembler V2.10 build 88905656 
Symbol Table                                                                                   Mon Mar 23 10:06:09 2020

                     l33 0050                       l27 0056                       l28 0056  
           __CFG_CP0$OFF 000000             __CFG_CP1$OFF 000000             __CFG_CP2$OFF 000000  
           __CFG_CP3$OFF 000000                      l721 0026                      l731 0042  
                    l723 002E                      l741 004C                      l733 0044  
                    l725 0030                      l743 004E                      l735 0046  
                    l727 0036                      l737 0048                      l729 0038  
                    l745 0052                      l739 004A             __CFG_CPB$OFF 000000  
           __CFG_CPD$OFF 000000             __CFG_BORV$18 000000             __CFG_LVP$OFF 000000  
                   i2l45 001E         ??_initialisation 0000                     _main 0052  
                   btemp 0001                     start 0022            __CFG_IESO$OFF 000000  
          __CFG_MCLRE$ON 000000             ___param_bank 000000                    ?_main 0000  
                  i2l747 000A                    i2l749 0018                    _PORTD 000F83  
                  _TRISD 000F95            __CFG_PWRT$OFF 000000            __CFG_WRT0$OFF 000000  
          __CFG_WRT1$OFF 000000            __CFG_WRT2$OFF 000000            __CFG_WRT3$OFF 000000  
         __CFG_EBTR0$OFF 000000           __CFG_FCMEN$OFF 000000           __CFG_EBTR1$OFF 000000  
         __CFG_EBTR2$OFF 000000           __CFG_EBTR3$OFF 000000            __CFG_WRTB$OFF 000000  
          __CFG_WRTC$OFF 000000            __CFG_WRTD$OFF 000000           __CFG_EBTRB$OFF 000000  
                  ttemp5 0002                    ttemp6 0005                    ttemp7 0009  
                  wtemp8 0002           __CFG_HFOFST$ON 000000           __CFG_PBADEN$ON 000000  
        __initialization 005E             __end_of_main 005E                   ??_main 0000  
          __activetblptr 000003                   _CCPR2H 000FBC                   _ANSELH 000F7F  
         __CFG_WDTEN$OFF 000000                   i2u1_40 0018                   i2u1_41 0014  
         __CFG_XINST$OFF 000000         __end_of_high_isr 0022           __CFG_STVREN$ON 000000  
             __accesstop 0060  __end_of__initialization 005E            ___rparam_used 000000  
              ?_high_isr 0000                  __Hparam 0000                  __Lparam 0000  
                __pcinit 005E                  __ramtop 0600                  __ptext0 0052  
                __ptext1 0026                _T1CONbits 000FCD                _T3CONbits 000FB1  
             ??_high_isr 0000     end_of_initialization 005E  __size_of_initialisation 002C  
              _TRISBbits 000F93                _TRISCbits 000F94              _CCP2CONbits 000FBA  
    start_initialization 005E         __CFG_LPT1OSC$OFF 000000            __pcstackBANK0 0000  
      __size_of_high_isr 001A        __CFG_CCP2MX$PORTC 000000                __pintcode 0008  
         _initialisation 0026                 _PIE2bits 000FA0   __end_of_initialisation 0052  
               _PIR2bits 000FA1         __CFG_WDTPS$32768 000000                 __Hparam0 0000  
               __Lparam0 0000          ?_initialisation 0000       __CFG_BOREN$SBORDIS 000000  
               _high_isr 0008            __size_of_main 000C                 int$flags 0001  
             _INTCONbits 000FF2                 intlevel2 0000        __CFG_FOSC$INTIO67 000000  
