

Microchip MPLAB XC8 Assembler V2.10 build 88905656 
                                                                                               Mon Mar 23 12:45:43 2020

Microchip MPLAB XC8 C Compiler v2.10 (Free license) build 20190730164152 Og1 
     1                           	processor	18F45K20
     2                           	fnconf	param0,??,?,0
     3                           	opt	pw 120
     4                           	opt	flic
     5                           	psect	cinit,global,reloc=2,class=CODE,delta=1,minocg
     6                           	psect	cstackBANK0,global,class=BANK0,space=1,delta=1,noexec,minocg
     7                           	psect	text0,global,reloc=2,class=CODE,delta=1,minocg
     8                           	psect	text1,global,reloc=2,class=CODE,delta=1,minocg
     9                           	psect	intsave_regs,global,class=BIGRAM,space=1,delta=1,noexec
    10                           	psect	param0,global,class=BANK0,space=1,delta=1,noexec
    11  0000                     
    12                           ; Version 2.10
    13                           ; Generated 31/07/2019 GMT
    14                           ; 
    15                           ; Copyright © 2019, Microchip Technology Inc. and its subsidiaries ("Microchip")
    16                           ; All rights reserved.
    17                           ; 
    18                           ; This software is developed by Microchip Technology Inc. and its subsidiaries ("Microch
      +                          ip").
    19                           ; 
    20                           ; Redistribution and use in source and binary forms, with or without modification, are
    21                           ; permitted provided that the following conditions are met:
    22                           ; 
    23                           ;     1. Redistributions of source code must retain the above copyright notice, this lis
      +                          t of
    24                           ;        conditions and the following disclaimer.
    25                           ; 
    26                           ;     2. Redistributions in binary form must reproduce the above copyright notice, this 
      +                          list
    27                           ;        of conditions and the following disclaimer in the documentation and/or other
    28                           ;        materials provided with the distribution.
    29                           ; 
    30                           ;     3. Microchip's name may not be used to endorse or promote products derived from th
      +                          is
    31                           ;        software without specific prior written permission.
    32                           ; 
    33                           ; THIS SOFTWARE IS PROVIDED BY MICROCHIP "AS IS" AND ANY EXPRESS OR IMPLIED WARRANTIES,
    34                           ; INCLUDING, BUT NOT LIMITED TO, THE IMPLIED WARRANTIES OF MERCHANTABILITY AND FITNESS F
      +                          OR
    35                           ; PURPOSE ARE DISCLAIMED.  IN NO EVENT SHALL MICROCHIP BE LIABLE FOR ANY DIRECT, INDIREC
      +                          T,
    36                           ; INCIDENTAL, SPECIAL, EXEMPLARY, OR CONSEQUENTIAL DAMAGES (INCLUDING BUT NOT LIMITED TO
    37                           ; PROCUREMENT OF SUBSTITUTE GOODS OR SERVICES; LOSS OF USE, DATA OR PROFITS; OR BUSINESS
    38                           ; INTERRUPTION) HOWSOEVER CAUSED AND ON ANY THEORY OF LIABILITY, WHETHER IN CONTRACT, ST
      +                          RICT
    39                           ; LIABILITY, OR TORT (INCLUDING NEGLIGENCE OR OTHERWISE) ARISING IN ANY WAY OUT OF THE U
      +                          SE OF
    40                           ; THIS SOFTWARE, EVEN IF ADVISED OF THE POSSIBILITY OF SUCH DAMAGE.
    41                           ; 
    42                           ; 
    43                           ; Code-generator required, PIC18F45K20 Definitions
    44                           ; 
    45                           ; SFR Addresses
    46  0000                     _CCPR2	set	4027
    47  0000                     _PIE2bits	set	4000
    48  0000                     _T3CONbits	set	4017
    49  0000                     _TRISCbits	set	3988
    50  0000                     _CCP2CONbits	set	4026
    51  0000                     _T1CONbits	set	4045
    52  0000                     _TRISBbits	set	3987
    53  0000                     _ANSELH	set	3967
    54  0000                     _TRISD	set	3989
    55                           
    56                           ; #config settings
    57  0000                     
    58                           	psect	cinit
    59  007FC2                     __pcinit:
    60                           	opt callstack 0
    61  007FC2                     start_initialization:
    62                           	opt callstack 0
    63  007FC2                     __initialization:
    64                           	opt callstack 0
    65  007FC2                     end_of_initialization:
    66                           	opt callstack 0
    67  007FC2                     __end_of__initialization:
    68                           	opt callstack 0
    69  007FC2  0100               	movlb	0
    70  007FC4  EFE4  F03F         	goto	_main	;jump to C main() function
    71                           
    72                           	psect	cstackBANK0
    73  000000                     __pcstackBANK0:
    74                           	opt callstack 0
    75  000000                     
    76                           ; 1 bytes @ 0x0
    77 ;;
    78 ;;Main: autosize = 0, tempsize = 0, incstack = 0, save=0
    79 ;;
    80 ;; *************** function _main *****************
    81 ;; Defined at:
    82 ;;		line 16 in file "main.c"
    83 ;; Parameters:    Size  Location     Type
    84 ;;		None
    85 ;; Auto vars:     Size  Location     Type
    86 ;;		None
    87 ;; Return value:  Size  Location     Type
    88 ;;                  1    wreg      void 
    89 ;; Registers used:
    90 ;;		wreg, status,2, cstack
    91 ;; Tracked objects:
    92 ;;		On entry : 0/0
    93 ;;		On exit  : 0/0
    94 ;;		Unchanged: 0/0
    95 ;; Data sizes:     COMRAM   BANK0   BANK1   BANK2   BANK3   BANK4   BANK5
    96 ;;      Params:         0       0       0       0       0       0       0
    97 ;;      Locals:         0       0       0       0       0       0       0
    98 ;;      Temps:          0       0       0       0       0       0       0
    99 ;;      Totals:         0       0       0       0       0       0       0
   100 ;;Total ram usage:        0 bytes
   101 ;; Hardware stack levels required when called:    1
   102 ;; This function calls:
   103 ;;		_initialisation
   104 ;; This function is called by:
   105 ;;		Startup code after reset
   106 ;; This function uses a non-reentrant model
   107 ;;
   108                           
   109                           	psect	text0
   110  007FC8                     __ptext0:
   111                           	opt callstack 0
   112  007FC8                     _main:
   113                           	opt callstack 30
   114  007FC8                     
   115                           ;main.c: 19:     initialisation();
   116  007FC8  ECEA  F03F         	call	_initialisation	;wreg free
   117  007FCC                     l25:
   118  007FCC  EFE6  F03F         	goto	l25
   119  007FD0  EF00  F000         	goto	start
   120  007FD4                     __end_of_main:
   121                           	opt callstack 0
   122                           
   123 ;; *************** function _initialisation *****************
   124 ;; Defined at:
   125 ;;		line 31 in file "main.c"
   126 ;; Parameters:    Size  Location     Type
   127 ;;		None
   128 ;; Auto vars:     Size  Location     Type
   129 ;;		None
   130 ;; Return value:  Size  Location     Type
   131 ;;                  1    wreg      void 
   132 ;; Registers used:
   133 ;;		wreg, status,2
   134 ;; Tracked objects:
   135 ;;		On entry : 0/0
   136 ;;		On exit  : 0/0
   137 ;;		Unchanged: 0/0
   138 ;; Data sizes:     COMRAM   BANK0   BANK1   BANK2   BANK3   BANK4   BANK5
   139 ;;      Params:         0       0       0       0       0       0       0
   140 ;;      Locals:         0       0       0       0       0       0       0
   141 ;;      Temps:          0       0       0       0       0       0       0
   142 ;;      Totals:         0       0       0       0       0       0       0
   143 ;;Total ram usage:        0 bytes
   144 ;; Hardware stack levels used:    1
   145 ;; This function calls:
   146 ;;		Nothing
   147 ;; This function is called by:
   148 ;;		_main
   149 ;; This function uses a non-reentrant model
   150 ;;
   151                           
   152                           	psect	text1
   153  007FD4                     __ptext1:
   154                           	opt callstack 0
   155  007FD4                     _initialisation:
   156                           	opt callstack 30
   157  007FD4                     
   158                           ;main.c: 34:     TRISD = 0xFF;
   159  007FD4  6895               	setf	149,c	;volatile
   160  007FD6                     
   161                           ;main.c: 36:     ANSELH = 0;
   162  007FD6  0E00               	movlw	0
   163  007FD8  6E7F               	movwf	127,c	;volatile
   164  007FDA                     
   165                           ;main.c: 37:     TRISBbits.RB0 = 1;
   166  007FDA  8093               	bsf	147,0,c	;volatile
   167  007FDC                     
   168                           ;main.c: 42:     T1CONbits.RD16 = 1;
   169  007FDC  8ECD               	bsf	205,7,c	;volatile
   170                           
   171                           ;main.c: 44:     T1CONbits.T1CKPS = 3;
   172  007FDE  0E30               	movlw	48
   173  007FE0  12CD               	iorwf	205,f,c	;volatile
   174  007FE2                     
   175                           ;main.c: 45:     T1CONbits.TMR1CS = 0;
   176  007FE2  92CD               	bcf	205,1,c	;volatile
   177  007FE4                     
   178                           ;main.c: 46:     T1CONbits.TMR1ON = 1;
   179  007FE4  80CD               	bsf	205,0,c	;volatile
   180                           
   181                           ;main.c: 52:     CCP2CONbits.CCP2M = 0b0010;
   182  007FE6  50BA               	movf	186,w,c	;volatile
   183  007FE8  0BF0               	andlw	-16
   184  007FEA  0902               	iorlw	2
   185  007FEC  6EBA               	movwf	186,c	;volatile
   186  007FEE                     
   187                           ;main.c: 53:     TRISCbits.RC1 = 0;
   188  007FEE  9294               	bcf	148,1,c	;volatile
   189  007FF0                     
   190                           ;main.c: 54:     T3CONbits.T3CCP1 = 0;
   191  007FF0  96B1               	bcf	177,3,c	;volatile
   192  007FF2                     
   193                           ;main.c: 55:     T3CONbits.T3CCP2 = 0;
   194  007FF2  9CB1               	bcf	177,6,c	;volatile
   195                           
   196                           ;main.c: 56:     CCPR2 = 0xAABB;
   197  007FF4  0EAA               	movlw	170
   198  007FF6  6EBC               	movwf	188,c	;volatile
   199  007FF8  0EBB               	movlw	187
   200  007FFA  6EBB               	movwf	187,c	;volatile
   201  007FFC                     
   202                           ;main.c: 59:     PIE2bits.CCP2IE = 0;
   203  007FFC  90A0               	bcf	160,0,c	;volatile
   204  007FFE  0012               	return		;funcret
   205  008000                     __end_of_initialisation:
   206                           	opt callstack 0
   207  0000                     
   208                           	psect	param0
   209  0000                     tosu	equ	0xFFF
   210                           tosh	equ	0xFFE
   211                           tosl	equ	0xFFD
   212                           stkptr	equ	0xFFC
   213                           pclatu	equ	0xFFB
   214                           pclath	equ	0xFFA
   215                           pcl	equ	0xFF9
   216                           tblptru	equ	0xFF8
   217                           tblptrh	equ	0xFF7
   218                           tblptrl	equ	0xFF6
   219                           tablat	equ	0xFF5
   220                           prodh	equ	0xFF4
   221                           prodl	equ	0xFF3
   222                           indf0	equ	0xFEF
   223                           postinc0	equ	0xFEE
   224                           postdec0	equ	0xFED
   225                           preinc0	equ	0xFEC
   226                           plusw0	equ	0xFEB
   227                           fsr0h	equ	0xFEA
   228                           fsr0l	equ	0xFE9
   229                           wreg	equ	0xFE8
   230                           indf1	equ	0xFE7
   231                           postinc1	equ	0xFE6
   232                           postdec1	equ	0xFE5
   233                           preinc1	equ	0xFE4
   234                           plusw1	equ	0xFE3
   235                           fsr1h	equ	0xFE2
   236                           fsr1l	equ	0xFE1
   237                           bsr	equ	0xFE0
   238                           indf2	equ	0xFDF
   239                           postinc2	equ	0xFDE
   240                           postdec2	equ	0xFDD
   241                           preinc2	equ	0xFDC
   242                           plusw2	equ	0xFDB
   243                           fsr2h	equ	0xFDA
   244                           fsr2l	equ	0xFD9
   245                           status	equ	0xFD8


Data Sizes:
    Strings     0
    Constant    0
    Data        0
    BSS         0
    Persistent  0
    Stack       0

Auto Spaces:
    Space          Size  Autos    Used
    COMRAM           95      0       0
    BANK0           160      0       0
    BANK1           256      0       0
    BANK2           256      0       0
    BANK3           256      0       0
    BANK4           256      0       0
    BANK5           256      0       0

Pointer List with Targets:

    None.

Critical Paths under _main in COMRAM

    None.

Critical Paths under _main in BANK0

    None.

Critical Paths under _main in BANK1

    None.

Critical Paths under _main in BANK2

    None.

Critical Paths under _main in BANK3

    None.

Critical Paths under _main in BANK4

    None.

Critical Paths under _main in BANK5

    None.

Call Graph Tables:

 ---------------------------------------------------------------------------------
 (Depth) Function   	        Calls       Base Space   Used Autos Params    Refs
 ---------------------------------------------------------------------------------
 (0) _main                                                 0     0      0       0
                     _initialisation
 ---------------------------------------------------------------------------------
 (1) _initialisation                                       0     0      0       0
 ---------------------------------------------------------------------------------
 Estimated maximum stack depth 1
 ---------------------------------------------------------------------------------

 Call Graph Graphs:

 _main (ROOT)
   _initialisation

 Address spaces:
Name               Size   Autos  Total    Cost      Usage
BITCOMRAM           5F      0       0       0        0.0%
EEDATA             100      0       0       0        0.0%
NULL                 0      0       0       0        0.0%
CODE                 0      0       0       0        0.0%
COMRAM              5F      0       0       1        0.0%
STACK                0      0       0       2        0.0%
DATA                 0      0       0       3        0.0%
BITBANK0            A0      0       0       4        0.0%
BANK0               A0      0       0       5        0.0%
BITBANK1           100      0       0       6        0.0%
BANK1              100      0       0       7        0.0%
BITBANK2           100      0       0       8        0.0%
BANK2              100      0       0       9        0.0%
BITBANK3           100      0       0      10        0.0%
BANK3              100      0       0      11        0.0%
BITBANK4           100      0       0      12        0.0%
BANK4              100      0       0      13        0.0%
BANK5              100      0       0      14        0.0%
ABS                  0      0       0      15        0.0%
BITBANK5           100      0       0      16        0.0%
BIGRAM             5FF      0       0      17        0.0%
BITSFR               0      0       0     200        0.0%
SFR                  0      0       0     200        0.0%


Microchip Technology PIC18 Macro Assembler V2.10 build 88905656 
Symbol Table                                                                                   Mon Mar 23 12:45:43 2020

                     l31 7FFE                       l25 7FCC                       l26 7FCC  
           __CFG_CP0$OFF 000000             __CFG_CP1$OFF 000000             __CFG_CP2$OFF 000000  
           __CFG_CP3$OFF 000000                      l711 7FDA                      l721 7FF0  
                    l713 7FDC                      l723 7FF2                      l715 7FE2  
                    l707 7FD4                      l725 7FFC                      l717 7FE4  
                    l709 7FD6                      l719 7FEE                      l727 7FC8  
           __CFG_CPB$OFF 000000             __CFG_CPD$OFF 000000             __CFG_BORV$18 000000  
           __CFG_LVP$OFF 000000         ??_initialisation 0000                     _main 7FC8  
                   start 0000            __CFG_IESO$OFF 000000            __CFG_MCLRE$ON 000000  
           ___param_bank 000000                    ?_main 0000                    _CCPR2 000FBB  
                  _TRISD 000F95            __CFG_PWRT$OFF 000000            __CFG_WRT0$OFF 000000  
          __CFG_WRT1$OFF 000000            __CFG_WRT2$OFF 000000            __CFG_WRT3$OFF 000000  
         __CFG_EBTR0$OFF 000000           __CFG_FCMEN$OFF 000000           __CFG_EBTR1$OFF 000000  
         __CFG_EBTR2$OFF 000000           __CFG_EBTR3$OFF 000000            __CFG_WRTB$OFF 000000  
          __CFG_WRTC$OFF 000000            __CFG_WRTD$OFF 000000           __CFG_EBTRB$OFF 000000  
         __CFG_HFOFST$ON 000000           __CFG_PBADEN$ON 000000          __initialization 7FC2  
           __end_of_main 7FD4                   ??_main 0000            __activetblptr 000003  
                 _ANSELH 000F7F           __CFG_WDTEN$OFF 000000           __CFG_XINST$OFF 000000  
         __CFG_STVREN$ON 000000               __accesstop 0060  __end_of__initialization 7FC2  
          ___rparam_used 000000                  __Hparam 0000                  __Lparam 0000  
                __pcinit 7FC2                  __ramtop 0600                  __ptext0 7FC8  
                __ptext1 7FD4                _T1CONbits 000FCD                _T3CONbits 000FB1  
   end_of_initialization 7FC2  __size_of_initialisation 002C                _TRISBbits 000F93  
              _TRISCbits 000F94              _CCP2CONbits 000FBA      start_initialization 7FC2  
       __CFG_LPT1OSC$OFF 000000            __pcstackBANK0 0000        __CFG_CCP2MX$PORTC 000000  
         _initialisation 7FD4                 _PIE2bits 000FA0   __end_of_initialisation 8000  
       __CFG_WDTPS$32768 000000                 __Hparam0 0000                 __Lparam0 0000  
        ?_initialisation 0000       __CFG_BOREN$SBORDIS 000000            __size_of_main 000C  
      __CFG_FOSC$INTIO67 000000  
