

Microchip MPLAB XC8 Assembler V2.10 build 88905656 
                                                                                               Sun Apr 26 09:54:39 2020

Microchip MPLAB XC8 C Compiler v2.10 (Free license) build 20190730164152 Og1 
     1                           	processor	18F45K20
     2                           	fnconf	param0,??,?,0
     3                           	opt	pw 120
     4                           	opt	flic
     5                           	psect	smallconst,global,reloc=2,class=SMALLCONST,delta=1,noexec,minocg
     6                           	psect	cinit,global,reloc=2,class=CODE,delta=1,minocg
     7                           	psect	bssBANK0,global,class=BANK0,space=1,delta=1,lowdata,noexec,minocg
     8                           	psect	cstackBANK0,global,class=BANK0,space=1,delta=1,noexec,minocg
     9                           	psect	text0,global,reloc=2,class=CODE,delta=1,minocg
    10                           	psect	text1,global,reloc=2,class=CODE,delta=1,minocg
    11                           	psect	intcode,global,reloc=2,class=CODE,delta=1,minocg
    12                           	psect	intsave_regs,global,class=BIGRAM,space=1,delta=1,noexec
    13                           	psect	param0,global,class=BANK0,space=1,delta=1,noexec
    14                           	psect	temp,global,ovrld,common,class=COMRAM,space=1,delta=1
    15  0000                     
    16                           ; Version 2.10
    17                           ; Generated 31/07/2019 GMT
    18                           ; 
    19                           ; Copyright © 2019, Microchip Technology Inc. and its subsidiaries ("Microchip")
    20                           ; All rights reserved.
    21                           ; 
    22                           ; This software is developed by Microchip Technology Inc. and its subsidiaries ("Microch
      +                          ip").
    23                           ; 
    24                           ; Redistribution and use in source and binary forms, with or without modification, are
    25                           ; permitted provided that the following conditions are met:
    26                           ; 
    27                           ;     1. Redistributions of source code must retain the above copyright notice, this lis
      +                          t of
    28                           ;        conditions and the following disclaimer.
    29                           ; 
    30                           ;     2. Redistributions in binary form must reproduce the above copyright notice, this 
      +                          list
    31                           ;        of conditions and the following disclaimer in the documentation and/or other
    32                           ;        materials provided with the distribution.
    33                           ; 
    34                           ;     3. Microchip's name may not be used to endorse or promote products derived from th
      +                          is
    35                           ;        software without specific prior written permission.
    36                           ; 
    37                           ; THIS SOFTWARE IS PROVIDED BY MICROCHIP "AS IS" AND ANY EXPRESS OR IMPLIED WARRANTIES,
    38                           ; INCLUDING, BUT NOT LIMITED TO, THE IMPLIED WARRANTIES OF MERCHANTABILITY AND FITNESS F
      +                          OR
    39                           ; PURPOSE ARE DISCLAIMED.  IN NO EVENT SHALL MICROCHIP BE LIABLE FOR ANY DIRECT, INDIREC
      +                          T,
    40                           ; INCIDENTAL, SPECIAL, EXEMPLARY, OR CONSEQUENTIAL DAMAGES (INCLUDING BUT NOT LIMITED TO
    41                           ; PROCUREMENT OF SUBSTITUTE GOODS OR SERVICES; LOSS OF USE, DATA OR PROFITS; OR BUSINESS
    42                           ; INTERRUPTION) HOWSOEVER CAUSED AND ON ANY THEORY OF LIABILITY, WHETHER IN CONTRACT, ST
      +                          RICT
    43                           ; LIABILITY, OR TORT (INCLUDING NEGLIGENCE OR OTHERWISE) ARISING IN ANY WAY OUT OF THE U
      +                          SE OF
    44                           ; THIS SOFTWARE, EVEN IF ADVISED OF THE POSSIBILITY OF SUCH DAMAGE.
    45                           ; 
    46                           ; 
    47                           ; Code-generator required, PIC18F45K20 Definitions
    48                           ; 
    49                           ; SFR Addresses
    50  0000                     
    51                           	psect	smallconst
    52  000600                     __psmallconst:
    53                           	opt callstack 0
    54  000600  00                 	db	0
    55  000601                     _msg:
    56                           	opt callstack 0
    57  000601  42                 	db	66
    58  000602  72                 	db	114
    59  000603  61                 	db	97
    60  000604  76                 	db	118
    61  000605  6F                 	db	111
    62  000606  21                 	db	33
    63  000607  00                 	db	0
    64  000608                     __end_of_msg:
    65                           	opt callstack 0
    66  0000                     _PORTD	set	3971
    67  0000                     _RCREG	set	4014
    68  0000                     _INTCONbits	set	4082
    69  0000                     _PIE1bits	set	3997
    70  0000                     _RCSTAbits	set	4011
    71  0000                     _TRISCbits	set	3988
    72  0000                     _BAUDCONbits	set	4024
    73  0000                     _TXSTAbits	set	4012
    74  0000                     _SPBRG	set	4015
    75  0000                     _TRISD	set	3989
    76  0000                     _TXREG	set	4013
    77  0000                     _PIR1bits	set	3998
    78                           
    79                           ; #config settings
    80  000608  00                 	db	0	; dummy byte at the end
    81  0000                     
    82                           	psect	cinit
    83  000664                     __pcinit:
    84                           	opt callstack 0
    85  000664                     start_initialization:
    86                           	opt callstack 0
    87  000664                     __initialization:
    88                           	opt callstack 0
    89                           
    90                           ; Clear objects allocated to BANK0 (1 bytes)
    91  000664  0100               	movlb	0
    92  000666  6B62               	clrf	__pbssBANK0& (0+255),b
    93  000668                     end_of_initialization:
    94                           	opt callstack 0
    95  000668                     __end_of__initialization:
    96                           	opt callstack 0
    97  000668  9001               	bcf	int$flags,0,c	;clear compiler interrupt flag (level 1)
    98  00066A  9201               	bcf	int$flags,1,c	;clear compiler interrupt flag (level 2)
    99  00066C  0100               	movlb	0
   100  00066E  EF05  F003         	goto	_main	;jump to C main() function
   101                           
   102                           	psect	bssBANK0
   103  000062                     __pbssBANK0:
   104                           	opt callstack 0
   105  000062                     _g_rxCar:
   106                           	opt callstack 0
   107  000062                     	ds	1
   108                           
   109                           	psect	cstackBANK0
   110  000060                     __pcstackBANK0:
   111                           	opt callstack 0
   112  000060                     main@i:
   113                           	opt callstack 0
   114                           
   115                           ; 2 bytes @ 0x0
   116  000060                     	ds	2
   117                           
   118 ;;
   119 ;;Main: autosize = 0, tempsize = 0, incstack = 0, save=0
   120 ;;
   121 ;; *************** function _main *****************
   122 ;; Defined at:
   123 ;;		line 27 in file "main.c"
   124 ;; Parameters:    Size  Location     Type
   125 ;;		None
   126 ;; Auto vars:     Size  Location     Type
   127 ;;  i               2    0[BANK0 ] int 
   128 ;; Return value:  Size  Location     Type
   129 ;;                  1    wreg      void 
   130 ;; Registers used:
   131 ;;		wreg, status,2, cstack
   132 ;; Tracked objects:
   133 ;;		On entry : 0/0
   134 ;;		On exit  : 0/0
   135 ;;		Unchanged: 0/0
   136 ;; Data sizes:     COMRAM   BANK0   BANK1   BANK2   BANK3   BANK4   BANK5
   137 ;;      Params:         0       0       0       0       0       0       0
   138 ;;      Locals:         0       2       0       0       0       0       0
   139 ;;      Temps:          0       0       0       0       0       0       0
   140 ;;      Totals:         0       2       0       0       0       0       0
   141 ;;Total ram usage:        2 bytes
   142 ;; Hardware stack levels required when called:    2
   143 ;; This function calls:
   144 ;;		_initialisation
   145 ;; This function is called by:
   146 ;;		Startup code after reset
   147 ;; This function uses a non-reentrant model
   148 ;;
   149                           
   150                           	psect	text0
   151  00060A                     __ptext0:
   152                           	opt callstack 0
   153  00060A                     _main:
   154                           	opt callstack 29
   155  00060A                     
   156                           ;main.c: 29: int i = 0;
   157  00060A  0E00               	movlw	0
   158  00060C  0100               	movlb	0	; force () banked
   159  00060E  6F61               	movwf	(main@i+1)& (0+255),b
   160  000610  0E00               	movlw	0
   161  000612  6F60               	movwf	main@i& (0+255),b
   162  000614                     
   163                           ; BSR set to: 0
   164                           ;main.c: 30: initialisation();
   165  000614  EC22  F003         	call	_initialisation	;wreg free
   166  000618                     l32:
   167  000618  A89E               	btfss	158,4,c	;volatile
   168  00061A  EF11  F003         	goto	u41
   169  00061E  EF13  F003         	goto	u40
   170  000622                     u41:
   171  000622  EF0C  F003         	goto	l32
   172  000626                     u40:
   173  000626                     
   174                           ;main.c: 34: TXREG = 'G';
   175  000626  0E47               	movlw	71
   176  000628  6EAD               	movwf	173,c	;volatile
   177  00062A                     l35:
   178  00062A  A89E               	btfss	158,4,c	;volatile
   179  00062C  EF1A  F003         	goto	u51
   180  000630  EF1C  F003         	goto	u50
   181  000634                     u51:
   182  000634  EF15  F003         	goto	l35
   183  000638                     u50:
   184  000638                     
   185                           ;main.c: 36: TXREG = 'O';
   186  000638  0E4F               	movlw	79
   187  00063A  6EAD               	movwf	173,c	;volatile
   188  00063C  EF0C  F003         	goto	l32
   189  000640  EF13  F000         	goto	start
   190  000644                     __end_of_main:
   191                           	opt callstack 0
   192                           
   193 ;; *************** function _initialisation *****************
   194 ;; Defined at:
   195 ;;		line 58 in file "main.c"
   196 ;; Parameters:    Size  Location     Type
   197 ;;		None
   198 ;; Auto vars:     Size  Location     Type
   199 ;;		None
   200 ;; Return value:  Size  Location     Type
   201 ;;                  1    wreg      void 
   202 ;; Registers used:
   203 ;;		wreg, status,2
   204 ;; Tracked objects:
   205 ;;		On entry : 0/0
   206 ;;		On exit  : 0/0
   207 ;;		Unchanged: 0/0
   208 ;; Data sizes:     COMRAM   BANK0   BANK1   BANK2   BANK3   BANK4   BANK5
   209 ;;      Params:         0       0       0       0       0       0       0
   210 ;;      Locals:         0       0       0       0       0       0       0
   211 ;;      Temps:          0       0       0       0       0       0       0
   212 ;;      Totals:         0       0       0       0       0       0       0
   213 ;;Total ram usage:        0 bytes
   214 ;; Hardware stack levels used:    1
   215 ;; Hardware stack levels required when called:    1
   216 ;; This function calls:
   217 ;;		Nothing
   218 ;; This function is called by:
   219 ;;		_main
   220 ;; This function uses a non-reentrant model
   221 ;;
   222                           
   223                           	psect	text1
   224  000644                     __ptext1:
   225                           	opt callstack 0
   226  000644                     _initialisation:
   227                           	opt callstack 29
   228  000644                     
   229                           ;main.c: 61: TRISD = 0;
   230  000644  0E00               	movlw	0
   231  000646  6E95               	movwf	149,c	;volatile
   232                           
   233                           ;main.c: 65: SPBRG = 25;
   234  000648  0E19               	movlw	25
   235  00064A  6EAF               	movwf	175,c	;volatile
   236  00064C                     
   237                           ;main.c: 66: TXSTAbits.BRGH = 1;
   238  00064C  84AC               	bsf	172,2,c	;volatile
   239  00064E                     
   240                           ;main.c: 67: BAUDCONbits.BRG16 = 1;
   241  00064E  86B8               	bsf	184,3,c	;volatile
   242  000650                     
   243                           ;main.c: 70: TRISCbits.RC6 = 1;
   244  000650  8C94               	bsf	148,6,c	;volatile
   245  000652                     
   246                           ;main.c: 71: TRISCbits.RC7 = 1;
   247  000652  8E94               	bsf	148,7,c	;volatile
   248  000654                     
   249                           ;main.c: 74: TXSTAbits.TXEN = 1;
   250  000654  8AAC               	bsf	172,5,c	;volatile
   251  000656                     
   252                           ;main.c: 77: RCSTAbits.SPEN = 1;
   253  000656  8EAB               	bsf	171,7,c	;volatile
   254  000658                     
   255                           ;main.c: 78: TXSTAbits.SYNC = 0;
   256  000658  98AC               	bcf	172,4,c	;volatile
   257  00065A                     
   258                           ;main.c: 81: RCSTAbits.CREN = 1;
   259  00065A  88AB               	bsf	171,4,c	;volatile
   260  00065C                     
   261                           ;main.c: 84: PIE1bits.RC1IE = 1;
   262  00065C  8A9D               	bsf	157,5,c	;volatile
   263  00065E                     
   264                           ;main.c: 87: INTCONbits.PEIE = 1;
   265  00065E  8CF2               	bsf	242,6,c	;volatile
   266  000660                     
   267                           ;main.c: 88: INTCONbits.GIE = 1;
   268  000660  8EF2               	bsf	242,7,c	;volatile
   269  000662  0012               	return		;funcret
   270  000664                     __end_of_initialisation:
   271                           	opt callstack 0
   272                           
   273 ;; *************** function _high_isr *****************
   274 ;; Defined at:
   275 ;;		line 17 in file "interrupts.c"
   276 ;; Parameters:    Size  Location     Type
   277 ;;		None
   278 ;; Auto vars:     Size  Location     Type
   279 ;;		None
   280 ;; Return value:  Size  Location     Type
   281 ;;                  1    wreg      void 
   282 ;; Registers used:
   283 ;;		None
   284 ;; Tracked objects:
   285 ;;		On entry : 0/0
   286 ;;		On exit  : 0/0
   287 ;;		Unchanged: 0/0
   288 ;; Data sizes:     COMRAM   BANK0   BANK1   BANK2   BANK3   BANK4   BANK5
   289 ;;      Params:         0       0       0       0       0       0       0
   290 ;;      Locals:         0       0       0       0       0       0       0
   291 ;;      Temps:          0       0       0       0       0       0       0
   292 ;;      Totals:         0       0       0       0       0       0       0
   293 ;;Total ram usage:        0 bytes
   294 ;; Hardware stack levels used:    1
   295 ;; This function calls:
   296 ;;		Nothing
   297 ;; This function is called by:
   298 ;;		Interrupt level 2
   299 ;; This function uses a non-reentrant model
   300 ;;
   301                           
   302                           	psect	intcode
   303  000008                     __pintcode:
   304                           	opt callstack 0
   305  000008                     _high_isr:
   306                           	opt callstack 29
   307                           
   308                           ;incstack = 0
   309  000008  8201               	bsf	int$flags,1,c	;set compiler interrupt flag (level 2)
   310  00000A                     
   311                           ;interrupts.c: 19: if (PIR1bits.RC1IF == 1)
   312  00000A  AA9E               	btfss	158,5,c	;volatile
   313  00000C  EF0A  F000         	goto	i2u6_41
   314  000010  EF0C  F000         	goto	i2u6_40
   315  000014                     i2u6_41:
   316  000014  EF11  F000         	goto	i2l67
   317  000018                     i2u6_40:
   318  000018                     
   319                           ;interrupts.c: 20: {;interrupts.c: 21: PIR1bits.RC1IF = 0;
   320  000018  9A9E               	bcf	158,5,c	;volatile
   321                           
   322                           ;interrupts.c: 22: g_rxCar = RCREG;
   323  00001A  CFAE F062          	movff	4014,_g_rxCar	;volatile
   324                           
   325                           ;interrupts.c: 23: PORTD = g_rxCar;
   326  00001E  C062  FF83         	movff	_g_rxCar,3971	;volatile
   327  000022                     i2l67:
   328  000022  9201               	bcf	int$flags,1,c	;clear compiler interrupt flag (level 2)
   329  000024  0011               	retfie		f
   330  000026                     __end_of_high_isr:
   331                           	opt callstack 0
   332                           
   333                           	psect	param0
   334  0000                     
   335                           	psect	temp
   336  000001                     btemp:
   337                           	opt callstack 0
   338  000001                     	ds	1
   339  0000                     int$flags	set	btemp
   340  0000                     wtemp8	set	btemp+1
   341  0000                     ttemp5	set	btemp+1
   342  0000                     ttemp6	set	btemp+4
   343  0000                     ttemp7	set	btemp+8
   344                           tosu	equ	0xFFF
   345                           tosh	equ	0xFFE
   346                           tosl	equ	0xFFD
   347                           stkptr	equ	0xFFC
   348                           pclatu	equ	0xFFB
   349                           pclath	equ	0xFFA
   350                           pcl	equ	0xFF9
   351                           tblptru	equ	0xFF8
   352                           tblptrh	equ	0xFF7
   353                           tblptrl	equ	0xFF6
   354                           tablat	equ	0xFF5
   355                           prodh	equ	0xFF4
   356                           prodl	equ	0xFF3
   357                           indf0	equ	0xFEF
   358                           postinc0	equ	0xFEE
   359                           postdec0	equ	0xFED
   360                           preinc0	equ	0xFEC
   361                           plusw0	equ	0xFEB
   362                           fsr0h	equ	0xFEA
   363                           fsr0l	equ	0xFE9
   364                           wreg	equ	0xFE8
   365                           indf1	equ	0xFE7
   366                           postinc1	equ	0xFE6
   367                           postdec1	equ	0xFE5
   368                           preinc1	equ	0xFE4
   369                           plusw1	equ	0xFE3
   370                           fsr1h	equ	0xFE2
   371                           fsr1l	equ	0xFE1
   372                           bsr	equ	0xFE0
   373                           indf2	equ	0xFDF
   374                           postinc2	equ	0xFDE
   375                           postdec2	equ	0xFDD
   376                           preinc2	equ	0xFDC
   377                           plusw2	equ	0xFDB
   378                           fsr2h	equ	0xFDA
   379                           fsr2l	equ	0xFD9
   380                           status	equ	0xFD8


Data Sizes:
    Strings     0
    Constant    7
    Data        0
    BSS         1
    Persistent  0
    Stack       0

Auto Spaces:
    Space          Size  Autos    Used
    COMRAM           94      0       0
    BANK0           160      2       3
    BANK1           256      0       0
    BANK2           256      0       0
    BANK3           256      0       0
    BANK4           256      0       0
    BANK5           256      0       0

Pointer List with Targets:

    None.

Critical Paths under _main in COMRAM

    None.

Critical Paths under _high_isr in COMRAM

    None.

Critical Paths under _main in BANK0

    None.

Critical Paths under _high_isr in BANK0

    None.

Critical Paths under _main in BANK1

    None.

Critical Paths under _high_isr in BANK1

    None.

Critical Paths under _main in BANK2

    None.

Critical Paths under _high_isr in BANK2

    None.

Critical Paths under _main in BANK3

    None.

Critical Paths under _high_isr in BANK3

    None.

Critical Paths under _main in BANK4

    None.

Critical Paths under _high_isr in BANK4

    None.

Critical Paths under _main in BANK5

    None.

Critical Paths under _high_isr in BANK5

    None.

Call Graph Tables:

 ---------------------------------------------------------------------------------
 (Depth) Function   	        Calls       Base Space   Used Autos Params    Refs
 ---------------------------------------------------------------------------------
 (0) _main                                                 2     2      0      47
                                              0 BANK0      2     2      0
                     _initialisation
 ---------------------------------------------------------------------------------
 (1) _initialisation                                       0     0      0       0
 ---------------------------------------------------------------------------------
 Estimated maximum stack depth 1
 ---------------------------------------------------------------------------------
 (Depth) Function   	        Calls       Base Space   Used Autos Params    Refs
 ---------------------------------------------------------------------------------
 (2) _high_isr                                             0     0      0       0
 ---------------------------------------------------------------------------------
 Estimated maximum stack depth 2
 ---------------------------------------------------------------------------------

 Call Graph Graphs:

 _main (ROOT)
   _initialisation

 _high_isr (ROOT)

 Address spaces:
Name               Size   Autos  Total    Cost      Usage
BIGRAM             5FF      0       0      17        0.0%
EEDATA             100      0       0       0        0.0%
BITBANK5           100      0       0      16        0.0%
BANK5              100      0       0      14        0.0%
BITBANK4           100      0       0      12        0.0%
BANK4              100      0       0      13        0.0%
BITBANK3           100      0       0      10        0.0%
BANK3              100      0       0      11        0.0%
BITBANK2           100      0       0       8        0.0%
BANK2              100      0       0       9        0.0%
BITBANK1           100      0       0       6        0.0%
BANK1              100      0       0       7        0.0%
BITBANK0            A0      0       0       4        0.0%
BANK0               A0      2       3       5        1.9%
BITCOMRAM           5E      0       0       0        0.0%
COMRAM              5E      0       0       1        0.0%
BITSFR               0      0       0     200        0.0%
SFR                  0      0       0     200        0.0%
STACK                0      0       0       2        0.0%
NULL                 0      0       0       0        0.0%
ABS                  0      0       3      15        0.0%
DATA                 0      0       3       3        0.0%
CODE                 0      0       0       0        0.0%


Microchip Technology PIC18 Macro Assembler V2.10 build 88905656 
Symbol Table                                                                                   Sun Apr 26 09:54:39 2020

                     l32 0618                       l35 062A                       l53 0662  
                     u40 0626                       u41 0622                       u50 0638  
                     u51 0634             __CFG_CP0$OFF 000000             __CFG_CP1$OFF 000000  
           __CFG_CP2$OFF 000000             __CFG_CP3$OFF 000000                      l871 0650  
                    l881 065A                      l873 0652                      l865 0644  
                    l883 065C                      l875 0654                      l867 064C  
                    l891 0614                      l885 065E                      l877 0656  
                    l869 064E                      l893 0626                      l887 0660  
                    l879 0658                      l895 0638                      l889 060A  
           __CFG_CPB$OFF 000000             __CFG_CPD$OFF 000000                      _msg 0601  
           __CFG_BORV$18 000000             __CFG_LVP$OFF 000000                     i2l67 0022  
       ??_initialisation 0060                     _main 060A                     btemp 0001  
                   start 0026            __CFG_IESO$OFF 000000            __CFG_MCLRE$ON 000000  
           ___param_bank 000000                    ?_main 0060                    i2l911 0018  
                  i2l909 000A                    _RCREG 000FAE                    _SPBRG 000FAF  
                  _PORTD 000F83                    _TRISD 000F95                    _TXREG 000FAD  
          __CFG_PWRT$OFF 000000            __CFG_WRT0$OFF 000000            __CFG_WRT1$OFF 000000  
          __CFG_WRT2$OFF 000000            __CFG_WRT3$OFF 000000           __CFG_EBTR0$OFF 000000  
         __CFG_FCMEN$OFF 000000           __CFG_EBTR1$OFF 000000           __CFG_EBTR2$OFF 000000  
         __CFG_EBTR3$OFF 000000            __CFG_WRTB$OFF 000000            __CFG_WRTC$OFF 000000  
          __CFG_WRTD$OFF 000000           __CFG_EBTRB$OFF 000000                    main@i 0060  
                  ttemp5 0002                    ttemp6 0005                    ttemp7 0009  
                  wtemp8 0002           __CFG_HFOFST$ON 000000           __CFG_PBADEN$ON 000000  
        __initialization 0664             __end_of_main 0644                   ??_main 0060  
          __activetblptr 000003           __CFG_WDTEN$OFF 000000                   i2u6_40 0018  
                 i2u6_41 0014           __CFG_XINST$OFF 000000         __end_of_high_isr 0026  
         __CFG_STVREN$ON 000000             __mediumconst 0000               __accesstop 0060  
__end_of__initialization 0668            ___rparam_used 000000               __pbssBANK0 0062  
              ?_high_isr 0060                  __Hparam 0000                  __Lparam 0000  
           __psmallconst 0600                  __pcinit 0664                  __ramtop 0600  
                _g_rxCar 0062                  __ptext0 060A                  __ptext1 0644  
             ??_high_isr 0060     end_of_initialization 0668                _RCSTAbits 000FAB  
__size_of_initialisation 0020                _TRISCbits 000F94                _TXSTAbits 000FAC  
            _BAUDCONbits 000FB8      start_initialization 0664              __end_of_msg 0608  
       __CFG_LPT1OSC$OFF 000000            __pcstackBANK0 0060        __size_of_high_isr 001E  
      __CFG_CCP2MX$PORTC 000000                __pintcode 0008           _initialisation 0644  
            __smallconst 0600                 _PIE1bits 000F9D   __end_of_initialisation 0664  
               _PIR1bits 000F9E         __CFG_WDTPS$32768 000000                 __Hparam0 0000  
               __Lparam0 0000          ?_initialisation 0060       __CFG_BOREN$SBORDIS 000000  
               _high_isr 0008            __size_of_main 003A                 int$flags 0001  
             _INTCONbits 000FF2                 intlevel2 0000        __CFG_FOSC$INTIO67 000000  
