

Microchip MPLAB XC8 Assembler V2.10 build 88905656 
                                                                                               Tue Mar 24 10:20:16 2020

Microchip MPLAB XC8 C Compiler v2.10 (Free license) build 20190730164152 Og1 
     1                           	processor	18F45K20
     2                           	fnconf	param0,??,?,0
     3                           	opt	pw 120
     4                           	opt	flic
     5                           	psect	cinit,global,reloc=2,class=CODE,delta=1,minocg
     6                           	psect	cstackBANK0,global,class=BANK0,space=1,delta=1,noexec,minocg
     7                           	psect	text0,global,reloc=2,class=CODE,delta=1,minocg
     8                           	psect	text1,global,reloc=2,class=CODE,delta=1,minocg
     9                           	psect	intcode,global,reloc=2,class=CODE,delta=1,minocg
    10                           	psect	intsave_regs,global,class=BIGRAM,space=1,delta=1,noexec
    11                           	psect	param0,global,class=BANK0,space=1,delta=1,noexec
    12                           	psect	temp,global,ovrld,common,class=COMRAM,space=1,delta=1
    13  0000                     
    14                           ; Version 2.10
    15                           ; Generated 31/07/2019 GMT
    16                           ; 
    17                           ; Copyright © 2019, Microchip Technology Inc. and its subsidiaries ("Microchip")
    18                           ; All rights reserved.
    19                           ; 
    20                           ; This software is developed by Microchip Technology Inc. and its subsidiaries ("Microch
      +                          ip").
    21                           ; 
    22                           ; Redistribution and use in source and binary forms, with or without modification, are
    23                           ; permitted provided that the following conditions are met:
    24                           ; 
    25                           ;     1. Redistributions of source code must retain the above copyright notice, this lis
      +                          t of
    26                           ;        conditions and the following disclaimer.
    27                           ; 
    28                           ;     2. Redistributions in binary form must reproduce the above copyright notice, this 
      +                          list
    29                           ;        of conditions and the following disclaimer in the documentation and/or other
    30                           ;        materials provided with the distribution.
    31                           ; 
    32                           ;     3. Microchip's name may not be used to endorse or promote products derived from th
      +                          is
    33                           ;        software without specific prior written permission.
    34                           ; 
    35                           ; THIS SOFTWARE IS PROVIDED BY MICROCHIP "AS IS" AND ANY EXPRESS OR IMPLIED WARRANTIES,
    36                           ; INCLUDING, BUT NOT LIMITED TO, THE IMPLIED WARRANTIES OF MERCHANTABILITY AND FITNESS F
      +                          OR
    37                           ; PURPOSE ARE DISCLAIMED.  IN NO EVENT SHALL MICROCHIP BE LIABLE FOR ANY DIRECT, INDIREC
      +                          T,
    38                           ; INCIDENTAL, SPECIAL, EXEMPLARY, OR CONSEQUENTIAL DAMAGES (INCLUDING BUT NOT LIMITED TO
    39                           ; PROCUREMENT OF SUBSTITUTE GOODS OR SERVICES; LOSS OF USE, DATA OR PROFITS; OR BUSINESS
    40                           ; INTERRUPTION) HOWSOEVER CAUSED AND ON ANY THEORY OF LIABILITY, WHETHER IN CONTRACT, ST
      +                          RICT
    41                           ; LIABILITY, OR TORT (INCLUDING NEGLIGENCE OR OTHERWISE) ARISING IN ANY WAY OUT OF THE U
      +                          SE OF
    42                           ; THIS SOFTWARE, EVEN IF ADVISED OF THE POSSIBILITY OF SUCH DAMAGE.
    43                           ; 
    44                           ; 
    45                           ; Code-generator required, PIC18F45K20 Definitions
    46                           ; 
    47                           ; SFR Addresses
    48  0000                     _TMR1	set	4046
    49  0000                     _CCPR2	set	4027
    50  0000                     _INTCONbits	set	4082
    51  0000                     _PIE2bits	set	4000
    52  0000                     _PIR2bits	set	4001
    53  0000                     _T3CONbits	set	4017
    54  0000                     _TRISCbits	set	3988
    55  0000                     _CCP2CONbits	set	4026
    56  0000                     _T1CONbits	set	4045
    57  0000                     _TRISBbits	set	3987
    58  0000                     _ANSELH	set	3967
    59  0000                     _TRISD	set	3989
    60                           
    61                           ; #config settings
    62  0000                     
    63                           	psect	cinit
    64  00006C                     __pcinit:
    65                           	opt callstack 0
    66  00006C                     start_initialization:
    67                           	opt callstack 0
    68  00006C                     __initialization:
    69                           	opt callstack 0
    70  00006C                     end_of_initialization:
    71                           	opt callstack 0
    72  00006C                     __end_of__initialization:
    73                           	opt callstack 0
    74  00006C  9001               	bcf	int$flags,0,c	;clear compiler interrupt flag (level 1)
    75  00006E  9201               	bcf	int$flags,1,c	;clear compiler interrupt flag (level 2)
    76  000070  0100               	movlb	0
    77  000072  EF30  F000         	goto	_main	;jump to C main() function
    78                           
    79                           	psect	cstackBANK0
    80  000000                     __pcstackBANK0:
    81                           	opt callstack 0
    82  000000                     
    83                           ; 1 bytes @ 0x0
    84 ;;
    85 ;;Main: autosize = 0, tempsize = 0, incstack = 0, save=0
    86 ;;
    87 ;; *************** function _main *****************
    88 ;; Defined at:
    89 ;;		line 16 in file "main.c"
    90 ;; Parameters:    Size  Location     Type
    91 ;;		None
    92 ;; Auto vars:     Size  Location     Type
    93 ;;		None
    94 ;; Return value:  Size  Location     Type
    95 ;;                  1    wreg      void 
    96 ;; Registers used:
    97 ;;		wreg, status,2, cstack
    98 ;; Tracked objects:
    99 ;;		On entry : 0/0
   100 ;;		On exit  : 0/0
   101 ;;		Unchanged: 0/0
   102 ;; Data sizes:     COMRAM   BANK0   BANK1   BANK2   BANK3   BANK4   BANK5
   103 ;;      Params:         0       0       0       0       0       0       0
   104 ;;      Locals:         0       0       0       0       0       0       0
   105 ;;      Temps:          0       0       0       0       0       0       0
   106 ;;      Totals:         0       0       0       0       0       0       0
   107 ;;Total ram usage:        0 bytes
   108 ;; Hardware stack levels required when called:    2
   109 ;; This function calls:
   110 ;;		_initialisation
   111 ;; This function is called by:
   112 ;;		Startup code after reset
   113 ;; This function uses a non-reentrant model
   114 ;;
   115                           
   116                           	psect	text0
   117  000060                     __ptext0:
   118                           	opt callstack 0
   119  000060                     _main:
   120                           	opt callstack 29
   121  000060                     
   122                           ;main.c: 19:     initialisation();
   123  000060  EC17  F000         	call	_initialisation	;wreg free
   124  000064                     l29:
   125  000064  EF32  F000         	goto	l29
   126  000068  EF15  F000         	goto	start
   127  00006C                     __end_of_main:
   128                           	opt callstack 0
   129                           
   130 ;; *************** function _initialisation *****************
   131 ;; Defined at:
   132 ;;		line 31 in file "main.c"
   133 ;; Parameters:    Size  Location     Type
   134 ;;		None
   135 ;; Auto vars:     Size  Location     Type
   136 ;;		None
   137 ;; Return value:  Size  Location     Type
   138 ;;                  1    wreg      void 
   139 ;; Registers used:
   140 ;;		wreg, status,2
   141 ;; Tracked objects:
   142 ;;		On entry : 0/0
   143 ;;		On exit  : 0/0
   144 ;;		Unchanged: 0/0
   145 ;; Data sizes:     COMRAM   BANK0   BANK1   BANK2   BANK3   BANK4   BANK5
   146 ;;      Params:         0       0       0       0       0       0       0
   147 ;;      Locals:         0       0       0       0       0       0       0
   148 ;;      Temps:          0       0       0       0       0       0       0
   149 ;;      Totals:         0       0       0       0       0       0       0
   150 ;;Total ram usage:        0 bytes
   151 ;; Hardware stack levels used:    1
   152 ;; Hardware stack levels required when called:    1
   153 ;; This function calls:
   154 ;;		Nothing
   155 ;; This function is called by:
   156 ;;		_main
   157 ;; This function uses a non-reentrant model
   158 ;;
   159                           
   160                           	psect	text1
   161  00002E                     __ptext1:
   162                           	opt callstack 0
   163  00002E                     _initialisation:
   164                           	opt callstack 29
   165  00002E                     
   166                           ;main.c: 34:     TRISD = 0xFF;
   167  00002E  6895               	setf	149,c	;volatile
   168  000030                     
   169                           ;main.c: 36:     ANSELH = 0;
   170  000030  0E00               	movlw	0
   171  000032  6E7F               	movwf	127,c	;volatile
   172  000034                     
   173                           ;main.c: 37:     TRISBbits.RB0 = 1;
   174  000034  8093               	bsf	147,0,c	;volatile
   175  000036                     
   176                           ;main.c: 42:     T1CONbits.RD16 = 1;
   177  000036  8ECD               	bsf	205,7,c	;volatile
   178                           
   179                           ;main.c: 44:     T1CONbits.T1CKPS = 3;
   180  000038  0E30               	movlw	48
   181  00003A  12CD               	iorwf	205,f,c	;volatile
   182  00003C                     
   183                           ;main.c: 45:     T1CONbits.TMR1CS = 0;
   184  00003C  92CD               	bcf	205,1,c	;volatile
   185  00003E                     
   186                           ;main.c: 46:     T1CONbits.TMR1ON = 1;
   187  00003E  80CD               	bsf	205,0,c	;volatile
   188                           
   189                           ;main.c: 52:     CCP2CONbits.CCP2M = 0b0010;
   190  000040  50BA               	movf	186,w,c	;volatile
   191  000042  0BF0               	andlw	-16
   192  000044  0902               	iorlw	2
   193  000046  6EBA               	movwf	186,c	;volatile
   194  000048                     
   195                           ;main.c: 53:     TRISCbits.RC1 = 0;
   196  000048  9294               	bcf	148,1,c	;volatile
   197  00004A                     
   198                           ;main.c: 54:     T3CONbits.T3CCP1 = 0;
   199  00004A  96B1               	bcf	177,3,c	;volatile
   200  00004C                     
   201                           ;main.c: 55:     T3CONbits.T3CCP2 = 0;
   202  00004C  9CB1               	bcf	177,6,c	;volatile
   203                           
   204                           ;main.c: 56:     CCPR2 = 0xAABB;
   205  00004E  0EAA               	movlw	170
   206  000050  6EBC               	movwf	188,c	;volatile
   207  000052  0EBB               	movlw	187
   208  000054  6EBB               	movwf	187,c	;volatile
   209  000056                     
   210                           ;main.c: 58:     PIR2bits.CCP2IF = 0;
   211  000056  90A1               	bcf	161,0,c	;volatile
   212  000058                     
   213                           ;main.c: 59:     PIE2bits.CCP2IE = 1;
   214  000058  80A0               	bsf	160,0,c	;volatile
   215  00005A                     
   216                           ;main.c: 61:     INTCONbits.PEIE = 1;
   217  00005A  8CF2               	bsf	242,6,c	;volatile
   218  00005C                     
   219                           ;main.c: 62:     INTCONbits.GIE = 1;
   220  00005C  8EF2               	bsf	242,7,c	;volatile
   221  00005E  0012               	return		;funcret
   222  000060                     __end_of_initialisation:
   223                           	opt callstack 0
   224                           
   225 ;; *************** function _high_isr *****************
   226 ;; Defined at:
   227 ;;		line 18 in file "interrupts.c"
   228 ;; Parameters:    Size  Location     Type
   229 ;;		None
   230 ;; Auto vars:     Size  Location     Type
   231 ;;		None
   232 ;; Return value:  Size  Location     Type
   233 ;;                  1    wreg      void 
   234 ;; Registers used:
   235 ;;		wreg, status,2, status,0
   236 ;; Tracked objects:
   237 ;;		On entry : 0/0
   238 ;;		On exit  : 0/0
   239 ;;		Unchanged: 0/0
   240 ;; Data sizes:     COMRAM   BANK0   BANK1   BANK2   BANK3   BANK4   BANK5
   241 ;;      Params:         0       0       0       0       0       0       0
   242 ;;      Locals:         0       0       0       0       0       0       0
   243 ;;      Temps:          0       0       0       0       0       0       0
   244 ;;      Totals:         0       0       0       0       0       0       0
   245 ;;Total ram usage:        0 bytes
   246 ;; Hardware stack levels used:    1
   247 ;; This function calls:
   248 ;;		Nothing
   249 ;; This function is called by:
   250 ;;		Interrupt level 2
   251 ;; This function uses a non-reentrant model
   252 ;;
   253                           
   254                           	psect	intcode
   255  000008                     __pintcode:
   256                           	opt callstack 0
   257  000008                     _high_isr:
   258                           	opt callstack 29
   259                           
   260                           ;incstack = 0
   261  000008  8201               	bsf	int$flags,1,c	;set compiler interrupt flag (level 2)
   262  00000A                     
   263                           ;interrupts.c: 32:     if (PIR2bits.CCP2IF)
   264  00000A  A0A1               	btfss	161,0,c	;volatile
   265  00000C  EF0A  F000         	goto	i2u1_41
   266  000010  EF0C  F000         	goto	i2u1_40
   267  000014                     i2u1_41:
   268  000014  EF13  F000         	goto	i2l47
   269  000018                     i2u1_40:
   270  000018                     
   271                           ;interrupts.c: 33:     {;interrupts.c: 34:         PIR2bits.CCP2IF = 0;
   272  000018  90A1               	bcf	161,0,c	;volatile
   273  00001A                     
   274                           ;interrupts.c: 35:         CCPR2 = TMR1 + 31250;
   275  00001A  0E12               	movlw	18
   276  00001C  24CE               	addwf	206,w,c	;volatile
   277  00001E  6EBB               	movwf	187,c	;volatile
   278  000020  0E7A               	movlw	122
   279  000022  20CF               	addwfc	207,w,c	;volatile
   280  000024  6EBC               	movwf	188,c	;volatile
   281  000026                     i2l47:
   282  000026  9201               	bcf	int$flags,1,c	;clear compiler interrupt flag (level 2)
   283  000028  0011               	retfie		f
   284  00002A                     __end_of_high_isr:
   285                           	opt callstack 0
   286  0000                     
   287                           	psect	param0
   288  0000                     
   289                           	psect	temp
   290  000001                     btemp:
   291                           	opt callstack 0
   292  000001                     	ds	1
   293  0000                     int$flags	set	btemp
   294  0000                     wtemp8	set	btemp+1
   295  0000                     ttemp5	set	btemp+1
   296  0000                     ttemp6	set	btemp+4
   297  0000                     ttemp7	set	btemp+8
   298                           tosu	equ	0xFFF
   299                           tosh	equ	0xFFE
   300                           tosl	equ	0xFFD
   301                           stkptr	equ	0xFFC
   302                           pclatu	equ	0xFFB
   303                           pclath	equ	0xFFA
   304                           pcl	equ	0xFF9
   305                           tblptru	equ	0xFF8
   306                           tblptrh	equ	0xFF7
   307                           tblptrl	equ	0xFF6
   308                           tablat	equ	0xFF5
   309                           prodh	equ	0xFF4
   310                           prodl	equ	0xFF3
   311                           indf0	equ	0xFEF
   312                           postinc0	equ	0xFEE
   313                           postdec0	equ	0xFED
   314                           preinc0	equ	0xFEC
   315                           plusw0	equ	0xFEB
   316                           fsr0h	equ	0xFEA
   317                           fsr0l	equ	0xFE9
   318                           wreg	equ	0xFE8
   319                           indf1	equ	0xFE7
   320                           postinc1	equ	0xFE6
   321                           postdec1	equ	0xFE5
   322                           preinc1	equ	0xFE4
   323                           plusw1	equ	0xFE3
   324                           fsr1h	equ	0xFE2
   325                           fsr1l	equ	0xFE1
   326                           bsr	equ	0xFE0
   327                           indf2	equ	0xFDF
   328                           postinc2	equ	0xFDE
   329                           postdec2	equ	0xFDD
   330                           preinc2	equ	0xFDC
   331                           plusw2	equ	0xFDB
   332                           fsr2h	equ	0xFDA
   333                           fsr2l	equ	0xFD9
   334                           status	equ	0xFD8


Data Sizes:
    Strings     0
    Constant    0
    Data        0
    BSS         0
    Persistent  0
    Stack       0

Auto Spaces:
    Space          Size  Autos    Used
    COMRAM           94      0       0
    BANK0           160      0       0
    BANK1           256      0       0
    BANK2           256      0       0
    BANK3           256      0       0
    BANK4           256      0       0
    BANK5           256      0       0

Pointer List with Targets:

    None.

Critical Paths under _main in COMRAM

    None.

Critical Paths under _high_isr in COMRAM

    None.

Critical Paths under _main in BANK0

    None.

Critical Paths under _high_isr in BANK0

    None.

Critical Paths under _main in BANK1

    None.

Critical Paths under _high_isr in BANK1

    None.

Critical Paths under _main in BANK2

    None.

Critical Paths under _high_isr in BANK2

    None.

Critical Paths under _main in BANK3

    None.

Critical Paths under _high_isr in BANK3

    None.

Critical Paths under _main in BANK4

    None.

Critical Paths under _high_isr in BANK4

    None.

Critical Paths under _main in BANK5

    None.

Critical Paths under _high_isr in BANK5

    None.

Call Graph Tables:

 ---------------------------------------------------------------------------------
 (Depth) Function   	        Calls       Base Space   Used Autos Params    Refs
 ---------------------------------------------------------------------------------
 (0) _main                                                 0     0      0       0
                     _initialisation
 ---------------------------------------------------------------------------------
 (1) _initialisation                                       0     0      0       0
 ---------------------------------------------------------------------------------
 Estimated maximum stack depth 1
 ---------------------------------------------------------------------------------
 (Depth) Function   	        Calls       Base Space   Used Autos Params    Refs
 ---------------------------------------------------------------------------------
 (2) _high_isr                                             0     0      0       0
 ---------------------------------------------------------------------------------
 Estimated maximum stack depth 2
 ---------------------------------------------------------------------------------

 Call Graph Graphs:

 _main (ROOT)
   _initialisation

 _high_isr (ROOT)

 Address spaces:
Name               Size   Autos  Total    Cost      Usage
BITCOMRAM           5E      0       0       0        0.0%
EEDATA             100      0       0       0        0.0%
NULL                 0      0       0       0        0.0%
CODE                 0      0       0       0        0.0%
COMRAM              5E      0       0       1        0.0%
STACK                0      0       0       2        0.0%
DATA                 0      0       0       3        0.0%
BITBANK0            A0      0       0       4        0.0%
BANK0               A0      0       0       5        0.0%
BITBANK1           100      0       0       6        0.0%
BANK1              100      0       0       7        0.0%
BITBANK2           100      0       0       8        0.0%
BANK2              100      0       0       9        0.0%
BITBANK3           100      0       0      10        0.0%
BANK3              100      0       0      11        0.0%
BITBANK4           100      0       0      12        0.0%
BANK4              100      0       0      13        0.0%
BANK5              100      0       0      14        0.0%
ABS                  0      0       0      15        0.0%
BITBANK5           100      0       0      16        0.0%
BIGRAM             5FF      0       0      17        0.0%
BITSFR               0      0       0     200        0.0%
SFR                  0      0       0     200        0.0%


Microchip Technology PIC18 Macro Assembler V2.10 build 88905656 
Symbol Table                                                                                   Tue Mar 24 10:20:16 2020

                     l30 0064                       l35 005E                       l29 0064  
           __CFG_CP0$OFF 000000             __CFG_CP1$OFF 000000             __CFG_CP2$OFF 000000  
           __CFG_CP3$OFF 000000                      l731 003C                      l723 002E  
                    l741 0056                      l733 003E                      l725 0030  
                    l743 0058                      l735 0048                      l727 0034  
                    l745 005A                      l737 004A                      l729 0036  
                    l747 005C                      l739 004C                      l749 0060  
           __CFG_CPB$OFF 000000             __CFG_CPD$OFF 000000             __CFG_BORV$18 000000  
           __CFG_LVP$OFF 000000                     i2l47 0026                     _TMR1 000FCE  
       ??_initialisation 0000                     _main 0060                     btemp 0001  
                   start 002A            __CFG_IESO$OFF 000000            __CFG_MCLRE$ON 000000  
           ___param_bank 000000                    ?_main 0000                    _CCPR2 000FBB  
                  i2l751 000A                    i2l753 0018                    i2l755 001A  
                  _TRISD 000F95            __CFG_PWRT$OFF 000000            __CFG_WRT0$OFF 000000  
          __CFG_WRT1$OFF 000000            __CFG_WRT2$OFF 000000            __CFG_WRT3$OFF 000000  
         __CFG_EBTR0$OFF 000000           __CFG_FCMEN$OFF 000000           __CFG_EBTR1$OFF 000000  
         __CFG_EBTR2$OFF 000000           __CFG_EBTR3$OFF 000000            __CFG_WRTB$OFF 000000  
          __CFG_WRTC$OFF 000000            __CFG_WRTD$OFF 000000           __CFG_EBTRB$OFF 000000  
                  ttemp5 0002                    ttemp6 0005                    ttemp7 0009  
                  wtemp8 0002           __CFG_HFOFST$ON 000000           __CFG_PBADEN$ON 000000  
        __initialization 006C             __end_of_main 006C                   ??_main 0000  
          __activetblptr 000003                   _ANSELH 000F7F           __CFG_WDTEN$OFF 000000  
                 i2u1_40 0018                   i2u1_41 0014           __CFG_XINST$OFF 000000  
       __end_of_high_isr 002A           __CFG_STVREN$ON 000000               __accesstop 0060  
__end_of__initialization 006C            ___rparam_used 000000                ?_high_isr 0000  
                __Hparam 0000                  __Lparam 0000                  __pcinit 006C  
                __ramtop 0600                  __ptext0 0060                  __ptext1 002E  
              _T1CONbits 000FCD                _T3CONbits 000FB1               ??_high_isr 0000  
   end_of_initialization 006C  __size_of_initialisation 0032                _TRISBbits 000F93  
              _TRISCbits 000F94              _CCP2CONbits 000FBA      start_initialization 006C  
       __CFG_LPT1OSC$OFF 000000            __pcstackBANK0 0000        __size_of_high_isr 0022  
      __CFG_CCP2MX$PORTC 000000                __pintcode 0008           _initialisation 002E  
               _PIE2bits 000FA0   __end_of_initialisation 0060                 _PIR2bits 000FA1  
       __CFG_WDTPS$32768 000000                 __Hparam0 0000                 __Lparam0 0000  
        ?_initialisation 0000       __CFG_BOREN$SBORDIS 000000                 _high_isr 0008  
          __size_of_main 000C                 int$flags 0001               _INTCONbits 000FF2  
               intlevel2 0000        __CFG_FOSC$INTIO67 000000  
