

Microchip MPLAB XC8 Assembler V2.10 build 88905656 
                                                                                               Fri May 08 13:46:17 2020

Microchip MPLAB XC8 C Compiler v2.10 (Free license) build 20190730164152 Og1 
     1                           	processor	18F45K20
     2                           	fnconf	param0,??,?,0
     3                           	opt	pw 120
     4                           	opt	flic
     5                           	psect	cinit,global,reloc=2,class=CODE,delta=1,minocg
     6                           	psect	bssBANK0,global,class=BANK0,space=1,delta=1,lowdata,noexec,minocg
     7                           	psect	cstackBANK0,global,class=BANK0,space=1,delta=1,noexec,minocg
     8                           	psect	text0,global,reloc=2,class=CODE,delta=1,minocg
     9                           	psect	text1,global,reloc=2,class=CODE,delta=1,minocg
    10                           	psect	intcode,global,reloc=2,class=CODE,delta=1,minocg
    11                           	psect	intsave_regs,global,class=BIGRAM,space=1,delta=1,noexec
    12                           	psect	param0,global,class=BANK0,space=1,delta=1,noexec
    13                           	psect	temp,global,ovrld,common,class=COMRAM,space=1,delta=1
    14  0000                     
    15                           ; Version 2.10
    16                           ; Generated 31/07/2019 GMT
    17                           ; 
    18                           ; Copyright © 2019, Microchip Technology Inc. and its subsidiaries ("Microchip")
    19                           ; All rights reserved.
    20                           ; 
    21                           ; This software is developed by Microchip Technology Inc. and its subsidiaries ("Microch
      +                          ip").
    22                           ; 
    23                           ; Redistribution and use in source and binary forms, with or without modification, are
    24                           ; permitted provided that the following conditions are met:
    25                           ; 
    26                           ;     1. Redistributions of source code must retain the above copyright notice, this lis
      +                          t of
    27                           ;        conditions and the following disclaimer.
    28                           ; 
    29                           ;     2. Redistributions in binary form must reproduce the above copyright notice, this 
      +                          list
    30                           ;        of conditions and the following disclaimer in the documentation and/or other
    31                           ;        materials provided with the distribution.
    32                           ; 
    33                           ;     3. Microchip's name may not be used to endorse or promote products derived from th
      +                          is
    34                           ;        software without specific prior written permission.
    35                           ; 
    36                           ; THIS SOFTWARE IS PROVIDED BY MICROCHIP "AS IS" AND ANY EXPRESS OR IMPLIED WARRANTIES,
    37                           ; INCLUDING, BUT NOT LIMITED TO, THE IMPLIED WARRANTIES OF MERCHANTABILITY AND FITNESS F
      +                          OR
    38                           ; PURPOSE ARE DISCLAIMED.  IN NO EVENT SHALL MICROCHIP BE LIABLE FOR ANY DIRECT, INDIREC
      +                          T,
    39                           ; INCIDENTAL, SPECIAL, EXEMPLARY, OR CONSEQUENTIAL DAMAGES (INCLUDING BUT NOT LIMITED TO
    40                           ; PROCUREMENT OF SUBSTITUTE GOODS OR SERVICES; LOSS OF USE, DATA OR PROFITS; OR BUSINESS
    41                           ; INTERRUPTION) HOWSOEVER CAUSED AND ON ANY THEORY OF LIABILITY, WHETHER IN CONTRACT, ST
      +                          RICT
    42                           ; LIABILITY, OR TORT (INCLUDING NEGLIGENCE OR OTHERWISE) ARISING IN ANY WAY OUT OF THE U
      +                          SE OF
    43                           ; THIS SOFTWARE, EVEN IF ADVISED OF THE POSSIBILITY OF SUCH DAMAGE.
    44                           ; 
    45                           ; 
    46                           ; Code-generator required, PIC18F45K20 Definitions
    47                           ; 
    48                           ; SFR Addresses
    49  0000                     _PORTD	set	3971
    50  0000                     _ANSELbits	set	3966
    51  0000                     _TRISAbits	set	3986
    52  0000                     _TRISBbits	set	3987
    53  0000                     _ANSELH	set	3967
    54  0000                     _TRISD	set	3989
    55  0000                     _TMR3	set	4018
    56  0000                     _ADRESH	set	4036
    57  0000                     _PIE2bits	set	4000
    58  0000                     _PIR2bits	set	4001
    59  0000                     _T3CONbits	set	4017
    60  0000                     _PIE1bits	set	3997
    61  0000                     _PIR1bits	set	3998
    62  0000                     _ADCON2bits	set	4032
    63  0000                     _ADCON1bits	set	4033
    64  0000                     _ADCON0bits	set	4034
    65  0000                     _INTCONbits	set	4082
    66                           
    67                           ; #config settings
    68  0000                     
    69                           	psect	cinit
    70  0000A0                     __pcinit:
    71                           	opt callstack 0
    72  0000A0                     start_initialization:
    73                           	opt callstack 0
    74  0000A0                     __initialization:
    75                           	opt callstack 0
    76                           
    77                           ; Clear objects allocated to BANK0 (1 bytes)
    78  0000A0  0100               	movlb	0
    79  0000A2  6B60               	clrf	__pbssBANK0& (0+255),b
    80  0000A4                     end_of_initialization:
    81                           	opt callstack 0
    82  0000A4                     __end_of__initialization:
    83                           	opt callstack 0
    84  0000A4  9001               	bcf	int$flags,0,c	;clear compiler interrupt flag (level 1)
    85  0000A6  9201               	bcf	int$flags,1,c	;clear compiler interrupt flag (level 2)
    86  0000A8  0100               	movlb	0
    87  0000AA  EF57  F000         	goto	_main	;jump to C main() function
    88                           
    89                           	psect	bssBANK0
    90  000060                     __pbssBANK0:
    91                           	opt callstack 0
    92  000060                     high_isr@compteur:
    93                           	opt callstack 0
    94  000060                     	ds	1
    95                           
    96                           	psect	cstackBANK0
    97  000061                     __pcstackBANK0:
    98                           	opt callstack 0
    99  000061                     ??_high_isr:
   100                           
   101                           ; 1 bytes @ 0x0
   102  000061                     	ds	1
   103  000062                     
   104                           ; 1 bytes @ 0x1
   105 ;;
   106 ;;Main: autosize = 0, tempsize = 0, incstack = 0, save=0
   107 ;;
   108 ;; *************** function _main *****************
   109 ;; Defined at:
   110 ;;		line 20 in file "main.c"
   111 ;; Parameters:    Size  Location     Type
   112 ;;		None
   113 ;; Auto vars:     Size  Location     Type
   114 ;;		None
   115 ;; Return value:  Size  Location     Type
   116 ;;                  1    wreg      void 
   117 ;; Registers used:
   118 ;;		wreg, status,2, cstack
   119 ;; Tracked objects:
   120 ;;		On entry : 0/0
   121 ;;		On exit  : 0/0
   122 ;;		Unchanged: 0/0
   123 ;; Data sizes:     COMRAM   BANK0   BANK1   BANK2   BANK3   BANK4   BANK5
   124 ;;      Params:         0       0       0       0       0       0       0
   125 ;;      Locals:         0       0       0       0       0       0       0
   126 ;;      Temps:          0       0       0       0       0       0       0
   127 ;;      Totals:         0       0       0       0       0       0       0
   128 ;;Total ram usage:        0 bytes
   129 ;; Hardware stack levels required when called:    2
   130 ;; This function calls:
   131 ;;		_initialisation
   132 ;; This function is called by:
   133 ;;		Startup code after reset
   134 ;; This function uses a non-reentrant model
   135 ;;
   136                           
   137                           	psect	text0
   138  0000AE                     __ptext0:
   139                           	opt callstack 0
   140  0000AE                     _main:
   141                           	opt callstack 29
   142  0000AE                     
   143                           ;main.c: 22:     initialisation();
   144  0000AE  EC32  F000         	call	_initialisation	;wreg free
   145  0000B2                     l35:
   146  0000B2  EF59  F000         	goto	l35
   147  0000B6  EF30  F000         	goto	start
   148  0000BA                     __end_of_main:
   149                           	opt callstack 0
   150                           
   151 ;; *************** function _initialisation *****************
   152 ;; Defined at:
   153 ;;		line 30 in file "main.c"
   154 ;; Parameters:    Size  Location     Type
   155 ;;		None
   156 ;; Auto vars:     Size  Location     Type
   157 ;;		None
   158 ;; Return value:  Size  Location     Type
   159 ;;                  1    wreg      void 
   160 ;; Registers used:
   161 ;;		wreg, status,2
   162 ;; Tracked objects:
   163 ;;		On entry : 0/0
   164 ;;		On exit  : 0/0
   165 ;;		Unchanged: 0/0
   166 ;; Data sizes:     COMRAM   BANK0   BANK1   BANK2   BANK3   BANK4   BANK5
   167 ;;      Params:         0       0       0       0       0       0       0
   168 ;;      Locals:         0       0       0       0       0       0       0
   169 ;;      Temps:          0       0       0       0       0       0       0
   170 ;;      Totals:         0       0       0       0       0       0       0
   171 ;;Total ram usage:        0 bytes
   172 ;; Hardware stack levels used:    1
   173 ;; Hardware stack levels required when called:    1
   174 ;; This function calls:
   175 ;;		Nothing
   176 ;; This function is called by:
   177 ;;		_main
   178 ;; This function uses a non-reentrant model
   179 ;;
   180                           
   181                           	psect	text1
   182  000064                     __ptext1:
   183                           	opt callstack 0
   184  000064                     _initialisation:
   185                           	opt callstack 29
   186  000064                     
   187                           ;main.c: 33:     TRISD = 0;
   188  000064  0E00               	movlw	0
   189  000066  6E95               	movwf	149,c	;volatile
   190                           
   191                           ;main.c: 35:     ANSELH = 0;
   192  000068  0E00               	movlw	0
   193  00006A  6E7F               	movwf	127,c	;volatile
   194  00006C                     
   195                           ;main.c: 36:     TRISBbits.RB0 = 1;
   196  00006C  8093               	bsf	147,0,c	;volatile
   197  00006E                     
   198                           ;main.c: 39:     TRISAbits.TRISA0 = 1;
   199  00006E  8092               	bsf	146,0,c	;volatile
   200  000070                     
   201                           ;main.c: 40:     ANSELbits.ANS0 = 1;
   202  000070  807E               	bsf	126,0,c	;volatile
   203  000072                     
   204                           ;main.c: 42:     ADCON0bits.ADON = 1;
   205  000072  80C2               	bsf	194,0,c	;volatile
   206  000074                     
   207                           ;main.c: 43:     ADCON1bits.VCFG1 = 0;
   208  000074  9AC1               	bcf	193,5,c	;volatile
   209  000076                     
   210                           ;main.c: 44:     ADCON1bits.VCFG0 = 0;
   211  000076  98C1               	bcf	193,4,c	;volatile
   212  000078                     
   213                           ;main.c: 45:     ADCON2bits.ADFM = 0;
   214  000078  9EC0               	bcf	192,7,c	;volatile
   215                           
   216                           ;main.c: 46:     ADCON2bits.ACQT = 7;
   217  00007A  0E38               	movlw	56
   218  00007C  12C0               	iorwf	192,f,c	;volatile
   219                           
   220                           ;main.c: 47:     ADCON2bits.ADCS = 6;
   221  00007E  50C0               	movf	192,w,c	;volatile
   222  000080  0BF8               	andlw	-8
   223  000082  0906               	iorlw	6
   224  000084  6EC0               	movwf	192,c	;volatile
   225  000086                     
   226                           ;main.c: 49:     PIR1bits.ADIF = 0;
   227  000086  9C9E               	bcf	158,6,c	;volatile
   228  000088                     
   229                           ;main.c: 50:     PIE1bits.ADIE = 1;
   230  000088  8C9D               	bsf	157,6,c	;volatile
   231  00008A                     
   232                           ;main.c: 51:     ADCON0bits.GO_DONE = 1;
   233  00008A  82C2               	bsf	194,1,c	;volatile
   234  00008C                     
   235                           ;main.c: 55:     T3CONbits.RD16 = 1;
   236  00008C  8EB1               	bsf	177,7,c	;volatile
   237                           
   238                           ;main.c: 56:     T3CONbits.T3CKPS = 0;
   239  00008E  0ECF               	movlw	-49
   240  000090  16B1               	andwf	177,f,c	;volatile
   241  000092                     
   242                           ;main.c: 57:     T3CONbits.TMR3CS = 0;
   243  000092  92B1               	bcf	177,1,c	;volatile
   244  000094                     
   245                           ;main.c: 58:     T3CONbits.TMR3ON = 1;
   246  000094  80B1               	bsf	177,0,c	;volatile
   247  000096                     
   248                           ;main.c: 60:     PIR2bits.TMR3IF = 0;
   249  000096  92A1               	bcf	161,1,c	;volatile
   250  000098                     
   251                           ;main.c: 61:     PIE2bits.TMR3IE = 1;
   252  000098  82A0               	bsf	160,1,c	;volatile
   253  00009A                     
   254                           ;main.c: 65:     INTCONbits.PEIE = 1;
   255  00009A  8CF2               	bsf	242,6,c	;volatile
   256  00009C                     
   257                           ;main.c: 66:     INTCONbits.GIE = 1;
   258  00009C  8EF2               	bsf	242,7,c	;volatile
   259  00009E  0012               	return		;funcret
   260  0000A0                     __end_of_initialisation:
   261                           	opt callstack 0
   262                           
   263 ;; *************** function _high_isr *****************
   264 ;; Defined at:
   265 ;;		line 16 in file "interrupts.c"
   266 ;; Parameters:    Size  Location     Type
   267 ;;		None
   268 ;; Auto vars:     Size  Location     Type
   269 ;;		None
   270 ;; Return value:  Size  Location     Type
   271 ;;                  1    wreg      void 
   272 ;; Registers used:
   273 ;;		wreg, status,2, status,0
   274 ;; Tracked objects:
   275 ;;		On entry : 0/0
   276 ;;		On exit  : 0/0
   277 ;;		Unchanged: 0/0
   278 ;; Data sizes:     COMRAM   BANK0   BANK1   BANK2   BANK3   BANK4   BANK5
   279 ;;      Params:         0       0       0       0       0       0       0
   280 ;;      Locals:         0       0       0       0       0       0       0
   281 ;;      Temps:          0       1       0       0       0       0       0
   282 ;;      Totals:         0       1       0       0       0       0       0
   283 ;;Total ram usage:        1 bytes
   284 ;; Hardware stack levels used:    1
   285 ;; This function calls:
   286 ;;		Nothing
   287 ;; This function is called by:
   288 ;;		Interrupt level 2
   289 ;; This function uses a non-reentrant model
   290 ;;
   291                           
   292                           	psect	intcode
   293  000008                     __pintcode:
   294                           	opt callstack 0
   295  000008                     _high_isr:
   296                           	opt callstack 29
   297                           
   298                           ;incstack = 0
   299  000008  8201               	bsf	int$flags,1,c	;set compiler interrupt flag (level 2)
   300  00000A                     
   301                           ;interrupts.c: 18:     static char compteur=0;;interrupts.c: 21:     if(PIR1bits.ADIF)
   302  00000A  AC9E               	btfss	158,6,c	;volatile
   303  00000C  EF0A  F000         	goto	i2u1_41
   304  000010  EF0C  F000         	goto	i2u1_40
   305  000014                     i2u1_41:
   306  000014  EF17  F000         	goto	i2l784
   307  000018                     i2u1_40:
   308  000018                     
   309                           ;interrupts.c: 22:     {;interrupts.c: 23:         PORTD = (ADRESH & 0xF0) | (PORTD & 0x
      +                          0F);
   310  000018  CF83 F061          	movff	3971,??_high_isr	;volatile
   311  00001C  0E0F               	movlw	15
   312  00001E  0100               	movlb	0	; force () banked
   313  000020  1761               	andwf	??_high_isr& (0+255),f,b
   314  000022  50C4               	movf	196,w,c	;volatile
   315  000024  0BF0               	andlw	240
   316  000026  1161               	iorwf	??_high_isr& (0+255),w,b
   317  000028  6E83               	movwf	131,c	;volatile
   318  00002A                     
   319                           ; BSR set to: 0
   320                           ;interrupts.c: 24:         PIR1bits.ADIF=0;
   321  00002A  9C9E               	bcf	158,6,c	;volatile
   322  00002C                     
   323                           ; BSR set to: 0
   324                           ;interrupts.c: 25:         ADCON0bits.GO_DONE = 1;
   325  00002C  82C2               	bsf	194,1,c	;volatile
   326  00002E                     i2l784:
   327                           
   328                           ;interrupts.c: 30:     if (PIR2bits.TMR3IF)
   329  00002E  A2A1               	btfss	161,1,c	;volatile
   330  000030  EF1C  F000         	goto	i2u2_41
   331  000034  EF1E  F000         	goto	i2u2_40
   332  000038                     i2u2_41:
   333  000038  EF2E  F000         	goto	i2l62
   334  00003C                     i2u2_40:
   335  00003C                     
   336                           ;interrupts.c: 31:     {;interrupts.c: 32:         PIR2bits.TMR3IF = 0;
   337  00003C  92A1               	bcf	161,1,c	;volatile
   338  00003E                     
   339                           ;interrupts.c: 33:         TMR3 = 49911;
   340  00003E  0EC2               	movlw	194
   341  000040  6EB3               	movwf	179,c	;volatile
   342  000042  0EF7               	movlw	247
   343  000044  6EB2               	movwf	178,c	;volatile
   344  000046                     
   345                           ;interrupts.c: 34:         compteur++;
   346  000046  0100               	movlb	0	; force () banked
   347  000048  2B60               	incf	high_isr@compteur& (0+255),f,b
   348  00004A                     
   349                           ; BSR set to: 0
   350                           ;interrupts.c: 35:         PORTD = (PORTD & 0xF0) | (compteur & 0x0F);
   351  00004A  C060  F061         	movff	high_isr@compteur,??_high_isr
   352  00004E  0E0F               	movlw	15
   353  000050  0100               	movlb	0	; force () banked
   354  000052  1761               	andwf	??_high_isr& (0+255),f,b
   355  000054  5083               	movf	131,w,c	;volatile
   356  000056  0BF0               	andlw	240
   357  000058  1161               	iorwf	??_high_isr& (0+255),w,b
   358  00005A  6E83               	movwf	131,c	;volatile
   359  00005C                     i2l62:
   360  00005C  9201               	bcf	int$flags,1,c	;clear compiler interrupt flag (level 2)
   361  00005E  0011               	retfie		f
   362  000060                     __end_of_high_isr:
   363                           	opt callstack 0
   364  0000                     
   365                           	psect	param0
   366  0000                     
   367                           	psect	temp
   368  000001                     btemp:
   369                           	opt callstack 0
   370  000001                     	ds	1
   371  0000                     int$flags	set	btemp
   372  0000                     wtemp8	set	btemp+1
   373  0000                     ttemp5	set	btemp+1
   374  0000                     ttemp6	set	btemp+4
   375  0000                     ttemp7	set	btemp+8
   376                           tosu	equ	0xFFF
   377                           tosh	equ	0xFFE
   378                           tosl	equ	0xFFD
   379                           stkptr	equ	0xFFC
   380                           pclatu	equ	0xFFB
   381                           pclath	equ	0xFFA
   382                           pcl	equ	0xFF9
   383                           tblptru	equ	0xFF8
   384                           tblptrh	equ	0xFF7
   385                           tblptrl	equ	0xFF6
   386                           tablat	equ	0xFF5
   387                           prodh	equ	0xFF4
   388                           prodl	equ	0xFF3
   389                           indf0	equ	0xFEF
   390                           postinc0	equ	0xFEE
   391                           postdec0	equ	0xFED
   392                           preinc0	equ	0xFEC
   393                           plusw0	equ	0xFEB
   394                           fsr0h	equ	0xFEA
   395                           fsr0l	equ	0xFE9
   396                           wreg	equ	0xFE8
   397                           indf1	equ	0xFE7
   398                           postinc1	equ	0xFE6
   399                           postdec1	equ	0xFE5
   400                           preinc1	equ	0xFE4
   401                           plusw1	equ	0xFE3
   402                           fsr1h	equ	0xFE2
   403                           fsr1l	equ	0xFE1
   404                           bsr	equ	0xFE0
   405                           indf2	equ	0xFDF
   406                           postinc2	equ	0xFDE
   407                           postdec2	equ	0xFDD
   408                           preinc2	equ	0xFDC
   409                           plusw2	equ	0xFDB
   410                           fsr2h	equ	0xFDA
   411                           fsr2l	equ	0xFD9
   412                           status	equ	0xFD8


Data Sizes:
    Strings     0
    Constant    0
    Data        0
    BSS         1
    Persistent  0
    Stack       0

Auto Spaces:
    Space          Size  Autos    Used
    COMRAM           94      0       0
    BANK0           160      1       2
    BANK1           256      0       0
    BANK2           256      0       0
    BANK3           256      0       0
    BANK4           256      0       0
    BANK5           244      0       0

Pointer List with Targets:

    None.

Critical Paths under _main in COMRAM

    None.

Critical Paths under _high_isr in COMRAM

    None.

Critical Paths under _main in BANK0

    None.

Critical Paths under _high_isr in BANK0

    None.

Critical Paths under _main in BANK1

    None.

Critical Paths under _high_isr in BANK1

    None.

Critical Paths under _main in BANK2

    None.

Critical Paths under _high_isr in BANK2

    None.

Critical Paths under _main in BANK3

    None.

Critical Paths under _high_isr in BANK3

    None.

Critical Paths under _main in BANK4

    None.

Critical Paths under _high_isr in BANK4

    None.

Critical Paths under _main in BANK5

    None.

Critical Paths under _high_isr in BANK5

    None.

Call Graph Tables:

 ---------------------------------------------------------------------------------
 (Depth) Function   	        Calls       Base Space   Used Autos Params    Refs
 ---------------------------------------------------------------------------------
 (0) _main                                                 0     0      0       0
                     _initialisation
 ---------------------------------------------------------------------------------
 (1) _initialisation                                       0     0      0       0
 ---------------------------------------------------------------------------------
 Estimated maximum stack depth 1
 ---------------------------------------------------------------------------------
 (Depth) Function   	        Calls       Base Space   Used Autos Params    Refs
 ---------------------------------------------------------------------------------
 (2) _high_isr                                             1     1      0       0
                                              0 BANK0      1     1      0
 ---------------------------------------------------------------------------------
 Estimated maximum stack depth 2
 ---------------------------------------------------------------------------------

 Call Graph Graphs:

 _main (ROOT)
   _initialisation

 _high_isr (ROOT)

 Address spaces:
Name               Size   Autos  Total    Cost      Usage
BIGRAM             5F3      0       0      16        0.0%
EEDATA             100      0       0       0        0.0%
BITBANK4           100      0       0      11        0.0%
BANK4              100      0       0      12        0.0%
BITBANK3           100      0       0       9        0.0%
BANK3              100      0       0      10        0.0%
BITBANK2           100      0       0       7        0.0%
BANK2              100      0       0       8        0.0%
BITBANK1           100      0       0       5        0.0%
BANK1              100      0       0       6        0.0%
BITBANK5            F4      0       0      15        0.0%
BANK5               F4      0       0      13        0.0%
BITBANK0            A0      0       0       3        0.0%
BANK0               A0      1       2       4        1.3%
BITCOMRAM           5E      0       0       0        0.0%
COMRAM              5E      0       0       1        0.0%
BITSFR_5             0      0       0     200        0.0%
SFR_5                0      0       0     200        0.0%
BITSFR_4             0      0       0     200        0.0%
SFR_4                0      0       0     200        0.0%
BITSFR_3             0      0       0     200        0.0%
SFR_3                0      0       0     200        0.0%
BITSFR_2             0      0       0     200        0.0%
SFR_2                0      0       0     200        0.0%
BITSFR_1             0      0       0     200        0.0%
SFR_1                0      0       0     200        0.0%
BITSFR               0      0       0     200        0.0%
SFR                  0      0       0     200        0.0%
STACK                0      0       0       2        0.0%
NULL                 0      0       0       0        0.0%
ABS                  0      0       2      14        0.0%
DATA                 0      0       2      17        0.0%
CODE                 0      0       0       0        0.0%


Microchip Technology PIC18 Macro Assembler V2.10 build 88905656 
Symbol Table                                                                                   Fri May 08 13:46:17 2020

                     l41 009E                       l35 00B2                       l36 00B2  
           __CFG_CP0$OFF 000000             __CFG_CP1$OFF 000000             __CFG_CP2$OFF 000000  
           __CFG_CP3$OFF 000000                      l740 006C                      l750 0076  
                    l742 006E                      l760 008C                      l752 0078  
                    l744 0070                      l770 009A                      l762 0092  
                    l754 0086                      l746 0072                      l738 0064  
                    l772 009C                      l764 0094                      l756 0088  
                    l748 0074                      l766 0096                      l758 008A  
                    l774 00AE                      l768 0098             __CFG_CPB$OFF 000000  
           __CFG_CPD$OFF 000000             __CFG_BORV$18 000000             __CFG_LVP$OFF 000000  
                   i2l62 005C                     _TMR3 000FB2         ??_initialisation 0062  
                   _main 00AE                     btemp 0001                     start 0060  
          __CFG_IESO$OFF 000000            __CFG_MCLRE$ON 000000             ___param_bank 000000  
                  ?_main 0061                    i2l780 002A                    i2l790 0046  
                  i2l782 002C                    i2l792 004A                    i2l784 002E  
                  i2l776 000A                    i2l786 003C                    i2l778 0018  
                  i2l788 003E                    _PORTD 000F83                    _TRISD 000F95  
          __CFG_PWRT$OFF 000000            __CFG_WRT0$OFF 000000            __CFG_WRT1$OFF 000000  
          __CFG_WRT2$OFF 000000            __CFG_WRT3$OFF 000000           __CFG_EBTR0$OFF 000000  
         __CFG_FCMEN$OFF 000000           __CFG_EBTR1$OFF 000000           __CFG_EBTR2$OFF 000000  
         __CFG_EBTR3$OFF 000000            __CFG_WRTB$OFF 000000            __CFG_WRTC$OFF 000000  
          __CFG_WRTD$OFF 000000           __CFG_EBTRB$OFF 000000                    ttemp5 0002  
                  ttemp6 0005                    ttemp7 0009                    wtemp8 0002  
         __CFG_HFOFST$ON 000000           __CFG_PBADEN$ON 000000          __initialization 00A0  
           __end_of_main 00BA         high_isr@compteur 0060                   ??_main 0062  
          __activetblptr 000003                   _ADRESH 000FC4                   _ANSELH 000F7F  
         __CFG_WDTEN$OFF 000000                   i2u1_40 0018                   i2u1_41 0014  
                 i2u2_40 003C                   i2u2_41 0038           __CFG_XINST$OFF 000000  
       __end_of_high_isr 0060           __CFG_STVREN$ON 000000               __accesstop 0060  
__end_of__initialization 00A4            ___rparam_used 000000               __pbssBANK0 0060  
              ?_high_isr 0061                  __Hparam 0000                  __Lparam 0000  
                __pcinit 00A0                _ANSELbits 000F7E                  __ramtop 0600  
                __ptext0 00AE                  __ptext1 0064                _T3CONbits 000FB1  
             ??_high_isr 0061     end_of_initialization 00A4  __size_of_initialisation 003C  
              _TRISAbits 000F92                _TRISBbits 000F93      start_initialization 00A0  
       __CFG_LPT1OSC$OFF 000000            __pcstackBANK0 0061        __size_of_high_isr 0058  
      __CFG_CCP2MX$PORTC 000000                __pintcode 0008           _initialisation 0064  
               _PIE1bits 000F9D                 _PIE2bits 000FA0   __end_of_initialisation 00A0  
               _PIR1bits 000F9E                 _PIR2bits 000FA1         __CFG_WDTPS$32768 000000  
             _ADCON0bits 000FC2               _ADCON1bits 000FC1               _ADCON2bits 000FC0  
               __Hparam0 0000                 __Lparam0 0000          ?_initialisation 0061  
     __CFG_BOREN$SBORDIS 000000                 _high_isr 0008            __size_of_main 000C  
               int$flags 0001               _INTCONbits 000FF2                 intlevel2 0000  
      __CFG_FOSC$INTIO67 000000  
