

Microchip MPLAB XC8 Assembler V2.10 build 88905656 
                                                                                               Tue Feb 04 13:24:57 2020

Microchip MPLAB XC8 C Compiler v2.10 (Free license) build 20190730164152 Og1 
     1                           	processor	18F458
     2                           	fnconf	param0,??,?,0
     3                           	opt	pw 120
     4                           	opt	flic
     5                           	psect	cinit,global,reloc=2,class=CODE,delta=1,minocg
     6                           	psect	bssBANK0,global,class=BANK0,space=1,delta=1,lowdata,noexec,minocg
     7                           	psect	cstackBANK0,global,class=BANK0,space=1,delta=1,noexec,minocg
     8                           	psect	text0,global,reloc=2,class=CODE,delta=1,minocg
     9                           	psect	text1,global,reloc=2,class=CODE,delta=1,minocg
    10                           	psect	text2,global,reloc=2,class=CODE,delta=1,minocg
    11                           	psect	text3,global,reloc=2,class=CODE,delta=1,minocg
    12                           	psect	text4,global,reloc=2,class=CODE,delta=1,minocg
    13                           	psect	text5,global,reloc=2,class=CODE,delta=1,minocg
    14                           	psect	text6,global,reloc=2,class=CODE,delta=1,minocg
    15                           	psect	intcode,global,reloc=2,class=CODE,delta=1,minocg
    16                           	psect	intsave_regs,global,class=BIGRAM,space=1,delta=1,noexec
    17                           	psect	param0,global,class=BANK0,space=1,delta=1,noexec
    18                           	psect	temp,global,ovrld,common,class=COMRAM,space=1,delta=1
    19  0000                     
    20                           ; Version 2.10
    21                           ; Generated 31/07/2019 GMT
    22                           ; 
    23                           ; Copyright © 2019, Microchip Technology Inc. and its subsidiaries ("Microchip")
    24                           ; All rights reserved.
    25                           ; 
    26                           ; This software is developed by Microchip Technology Inc. and its subsidiaries ("Microch
      +                          ip").
    27                           ; 
    28                           ; Redistribution and use in source and binary forms, with or without modification, are
    29                           ; permitted provided that the following conditions are met:
    30                           ; 
    31                           ;     1. Redistributions of source code must retain the above copyright notice, this lis
      +                          t of
    32                           ;        conditions and the following disclaimer.
    33                           ; 
    34                           ;     2. Redistributions in binary form must reproduce the above copyright notice, this 
      +                          list
    35                           ;        of conditions and the following disclaimer in the documentation and/or other
    36                           ;        materials provided with the distribution.
    37                           ; 
    38                           ;     3. Microchip's name may not be used to endorse or promote products derived from th
      +                          is
    39                           ;        software without specific prior written permission.
    40                           ; 
    41                           ; THIS SOFTWARE IS PROVIDED BY MICROCHIP "AS IS" AND ANY EXPRESS OR IMPLIED WARRANTIES,
    42                           ; INCLUDING, BUT NOT LIMITED TO, THE IMPLIED WARRANTIES OF MERCHANTABILITY AND FITNESS F
      +                          OR
    43                           ; PURPOSE ARE DISCLAIMED.  IN NO EVENT SHALL MICROCHIP BE LIABLE FOR ANY DIRECT, INDIREC
      +                          T,
    44                           ; INCIDENTAL, SPECIAL, EXEMPLARY, OR CONSEQUENTIAL DAMAGES (INCLUDING BUT NOT LIMITED TO
    45                           ; PROCUREMENT OF SUBSTITUTE GOODS OR SERVICES; LOSS OF USE, DATA OR PROFITS; OR BUSINESS
    46                           ; INTERRUPTION) HOWSOEVER CAUSED AND ON ANY THEORY OF LIABILITY, WHETHER IN CONTRACT, ST
      +                          RICT
    47                           ; LIABILITY, OR TORT (INCLUDING NEGLIGENCE OR OTHERWISE) ARISING IN ANY WAY OUT OF THE U
      +                          SE OF
    48                           ; THIS SOFTWARE, EVEN IF ADVISED OF THE POSSIBILITY OF SUCH DAMAGE.
    49                           ; 
    50                           ; 
    51                           ; Code-generator required, PIC18F458 Definitions
    52                           ; 
    53                           ; SFR Addresses
    54  0000                     _T2CONbits	set	4042
    55  0000                     _TRISCbits	set	3988
    56  0000                     _CCP1CONbits	set	4029
    57  0000                     _PR2	set	4043
    58  0000                     _PIE1bits	set	3997
    59  0000                     _ADCON1bits	set	4033
    60  0000                     _ADCON1	set	4033
    61  0000                     _TRISAbits	set	3986
    62  0000                     _INTCONbits	set	4082
    63  0000                     _TRISD	set	3989
    64  0000                     _ADCON0bits	set	4034
    65  0000                     _ADRESH	set	4036
    66  0000                     _PIR1bits	set	3998
    67  0000                     _CCPR1L	set	4030
    68  0000                     _PORTDbits	set	3971
    69                           
    70                           ; #config settings
    71  0000                     
    72                           	psect	cinit
    73  0000E6                     __pcinit:
    74                           	opt callstack 0
    75  0000E6                     start_initialization:
    76                           	opt callstack 0
    77  0000E6                     __initialization:
    78                           	opt callstack 0
    79                           
    80                           ; Clear objects allocated to BANK0 (2 bytes)
    81  0000E6  0100               	movlb	0
    82  0000E8  6B61               	clrf	(__pbssBANK0+1)& (0+255),b
    83  0000EA  6B60               	clrf	__pbssBANK0& (0+255),b
    84  0000EC                     end_of_initialization:
    85                           	opt callstack 0
    86  0000EC                     __end_of__initialization:
    87                           	opt callstack 0
    88  0000EC  9001               	bcf	int$flags,0,c	;clear compiler interrupt flag (level 1)
    89  0000EE  9201               	bcf	int$flags,1,c	;clear compiler interrupt flag (level 2)
    90  0000F0  0100               	movlb	0
    91  0000F2  EF1C  F000         	goto	_main	;jump to C main() function
    92                           
    93                           	psect	bssBANK0
    94  000060                     __pbssBANK0:
    95                           	opt callstack 0
    96  000060                     _g_resAN:
    97                           	opt callstack 0
    98  000060                     	ds	2
    99                           
   100                           	psect	cstackBANK0
   101  000000                     __pcstackBANK0:
   102                           	opt callstack 0
   103  000000                     
   104                           ; 1 bytes @ 0x0
   105 ;;
   106 ;;Main: autosize = 0, tempsize = 0, incstack = 0, save=0
   107 ;;
   108 ;; *************** function _main *****************
   109 ;; Defined at:
   110 ;;		line 30 in file "main.c"
   111 ;; Parameters:    Size  Location     Type
   112 ;;		None
   113 ;; Auto vars:     Size  Location     Type
   114 ;;		None
   115 ;; Return value:  Size  Location     Type
   116 ;;                  1    wreg      void 
   117 ;; Registers used:
   118 ;;		wreg, status,2, status,0, cstack
   119 ;; Tracked objects:
   120 ;;		On entry : 0/0
   121 ;;		On exit  : 0/0
   122 ;;		Unchanged: 0/0
   123 ;; Data sizes:     COMRAM   BANK0   BANK1   BANK2   BANK3   BANK4   BANK5
   124 ;;      Params:         0       0       0       0       0       0       0
   125 ;;      Locals:         0       0       0       0       0       0       0
   126 ;;      Temps:          0       0       0       0       0       0       0
   127 ;;      Totals:         0       0       0       0       0       0       0
   128 ;;Total ram usage:        0 bytes
   129 ;; Hardware stack levels required when called:    3
   130 ;; This function calls:
   131 ;;		_initialisation
   132 ;; This function is called by:
   133 ;;		Startup code after reset
   134 ;; This function uses a non-reentrant model
   135 ;;
   136                           
   137                           	psect	text0
   138  000038                     __ptext0:
   139                           	opt callstack 0
   140  000038                     _main:
   141                           	opt callstack 28
   142  000038  FFFF               	dw	65535	; assembler added errata NOP
   143                           
   144                           ;main.c: 32: initialisation();
   145  00003A  EC59  F000         	call	_initialisation	;wreg free
   146  00003E                     l915:
   147  00003E  FFFF               	dw	65535	; assembler added errata NOP
   148                           
   149                           ;main.c: 37: {;main.c: 39: if (g_resAN > 128)
   150  000040  0100               	movlb	0	; force () banked
   151  000042  BF61               	btfsc	(_g_resAN+1)& (0+255),7,b
   152  000044  EF2D  F000         	goto	u51
   153  000048  5161               	movf	(_g_resAN+1)& (0+255),w,b
   154  00004A  E10A               	bnz	u50
   155  00004C  0E81               	movlw	129
   156  00004E  5D60               	subwf	_g_resAN& (0+255),w,b
   157  000050  A0D8               	btfss	status,0,c
   158  000052  EF2D  F000         	goto	u51
   159  000056  EF30  F000         	goto	u50
   160  00005A                     u51:
   161  00005A  FFFF               	dw	65535	; assembler added errata NOP
   162  00005C  EF34  F000         	goto	l25
   163  000060                     u50:
   164  000060  FFFF               	dw	65535	; assembler added errata NOP
   165  000062                     
   166                           ; BSR set to: 0
   167                           ;main.c: 40: PORTDbits.RD7 = 1;
   168  000062  8E83               	bsf	131,7,c	;volatile
   169  000064  EF36  F000         	goto	l26
   170  000068                     l25:
   171  000068  FFFF               	dw	65535	; assembler added errata NOP
   172                           
   173                           ; BSR set to: 0
   174                           ;main.c: 41: else;main.c: 42: PORTDbits.RD7 = 0;
   175  00006A  9E83               	bcf	131,7,c	;volatile
   176  00006C                     l26:
   177  00006C  FFFF               	dw	65535	; assembler added errata NOP
   178                           
   179                           ; BSR set to: 0
   180                           ;main.c: 44: CCPR1L = g_resAN;
   181  00006E  C060  FFBE         	movff	_g_resAN,4030	;volatile
   182  000072  EF1F  F000         	goto	l915
   183  000076  EF1A  F000         	goto	start
   184  00007A                     __end_of_main:
   185                           	opt callstack 0
   186                           
   187 ;; *************** function _initialisation *****************
   188 ;; Defined at:
   189 ;;		line 21 in file "main.c"
   190 ;; Parameters:    Size  Location     Type
   191 ;;		None
   192 ;; Auto vars:     Size  Location     Type
   193 ;;		None
   194 ;; Return value:  Size  Location     Type
   195 ;;                  1    wreg      void 
   196 ;; Registers used:
   197 ;;		wreg, status,2, cstack
   198 ;; Tracked objects:
   199 ;;		On entry : 0/0
   200 ;;		On exit  : 0/0
   201 ;;		Unchanged: 0/0
   202 ;; Data sizes:     COMRAM   BANK0   BANK1   BANK2   BANK3   BANK4   BANK5
   203 ;;      Params:         0       0       0       0       0       0       0
   204 ;;      Locals:         0       0       0       0       0       0       0
   205 ;;      Temps:          0       0       0       0       0       0       0
   206 ;;      Totals:         0       0       0       0       0       0       0
   207 ;;Total ram usage:        0 bytes
   208 ;; Hardware stack levels used:    1
   209 ;; Hardware stack levels required when called:    2
   210 ;; This function calls:
   211 ;;		_initialisation_ActiverIntAdc
   212 ;;		_initialisation_ActiverInterruptions
   213 ;;		_initialisation_ActiverPWM
   214 ;;		_initialisation_ConfigurerAdc
   215 ;;		_initialisation_ConfigurerPortDSortie
   216 ;; This function is called by:
   217 ;;		_main
   218 ;; This function uses a non-reentrant model
   219 ;;
   220                           
   221                           	psect	text1
   222  0000B2                     __ptext1:
   223                           	opt callstack 0
   224  0000B2                     _initialisation:
   225                           	opt callstack 0
   226  0000B2  FFFF               	dw	65535	; assembler added errata NOP
   227  0000B4                     
   228                           ;main.c: 23: initialisation_ConfigurerPortDSortie();
   229  0000B4  EC81  F000         	call	_initialisation_ConfigurerPortDSortie	;wreg free
   230                           
   231                           ;main.c: 24: initialisation_ConfigurerAdc();
   232  0000B8  EC66  F000         	call	_initialisation_ConfigurerAdc	;wreg free
   233  0000BC                     
   234                           ;main.c: 25: initialisation_ActiverIntAdc();
   235  0000BC  EC7B  F000         	call	_initialisation_ActiverIntAdc	;wreg free
   236  0000C0                     
   237                           ;main.c: 26: initialisation_ActiverPWM();
   238  0000C0  EC3D  F000         	call	_initialisation_ActiverPWM	;wreg free
   239                           
   240                           ;main.c: 27: initialisation_ActiverInterruptions();
   241  0000C4  EC86  F000         	call	_initialisation_ActiverInterruptions	;wreg free
   242  0000C8  0012               	return		;funcret
   243  0000CA  FFFF               	dw	65535	; errata NOP
   244  0000CC                     __end_of_initialisation:
   245                           	opt callstack 0
   246                           
   247 ;; *************** function _initialisation_ConfigurerPortDSortie *****************
   248 ;; Defined at:
   249 ;;		line 20 in file "initialisation.c"
   250 ;; Parameters:    Size  Location     Type
   251 ;;		None
   252 ;; Auto vars:     Size  Location     Type
   253 ;;		None
   254 ;; Return value:  Size  Location     Type
   255 ;;                  1    wreg      void 
   256 ;; Registers used:
   257 ;;		wreg, status,2
   258 ;; Tracked objects:
   259 ;;		On entry : 0/0
   260 ;;		On exit  : 0/0
   261 ;;		Unchanged: 0/0
   262 ;; Data sizes:     COMRAM   BANK0   BANK1   BANK2   BANK3   BANK4   BANK5
   263 ;;      Params:         0       0       0       0       0       0       0
   264 ;;      Locals:         0       0       0       0       0       0       0
   265 ;;      Temps:          0       0       0       0       0       0       0
   266 ;;      Totals:         0       0       0       0       0       0       0
   267 ;;Total ram usage:        0 bytes
   268 ;; Hardware stack levels used:    1
   269 ;; Hardware stack levels required when called:    1
   270 ;; This function calls:
   271 ;;		Nothing
   272 ;; This function is called by:
   273 ;;		_initialisation
   274 ;; This function uses a non-reentrant model
   275 ;;
   276                           
   277                           	psect	text2
   278  000102                     __ptext2:
   279                           	opt callstack 0
   280  000102                     _initialisation_ConfigurerPortDSortie:
   281                           	opt callstack 0
   282  000102  FFFF               	dw	65535	; assembler added errata NOP
   283  000104                     
   284                           ;initialisation.c: 22: TRISD = 0;
   285  000104  0E00               	movlw	0
   286  000106  6E95               	movwf	149,c	;volatile
   287  000108  0012               	return		;funcret
   288  00010A  FFFF               	dw	65535	; errata NOP
   289  00010C                     __end_of_initialisation_ConfigurerPortDSortie:
   290                           	opt callstack 0
   291                           
   292 ;; *************** function _initialisation_ConfigurerAdc *****************
   293 ;; Defined at:
   294 ;;		line 38 in file "initialisation.c"
   295 ;; Parameters:    Size  Location     Type
   296 ;;		None
   297 ;; Auto vars:     Size  Location     Type
   298 ;;		None
   299 ;; Return value:  Size  Location     Type
   300 ;;                  1    wreg      void 
   301 ;; Registers used:
   302 ;;		wreg, status,2
   303 ;; Tracked objects:
   304 ;;		On entry : 0/0
   305 ;;		On exit  : 0/0
   306 ;;		Unchanged: 0/0
   307 ;; Data sizes:     COMRAM   BANK0   BANK1   BANK2   BANK3   BANK4   BANK5
   308 ;;      Params:         0       0       0       0       0       0       0
   309 ;;      Locals:         0       0       0       0       0       0       0
   310 ;;      Temps:          0       0       0       0       0       0       0
   311 ;;      Totals:         0       0       0       0       0       0       0
   312 ;;Total ram usage:        0 bytes
   313 ;; Hardware stack levels used:    1
   314 ;; Hardware stack levels required when called:    1
   315 ;; This function calls:
   316 ;;		Nothing
   317 ;; This function is called by:
   318 ;;		_initialisation
   319 ;; This function uses a non-reentrant model
   320 ;;
   321                           
   322                           	psect	text3
   323  0000CC                     __ptext3:
   324                           	opt callstack 0
   325  0000CC                     _initialisation_ConfigurerAdc:
   326                           	opt callstack 0
   327  0000CC  FFFF               	dw	65535	; assembler added errata NOP
   328  0000CE                     
   329                           ;initialisation.c: 41: TRISAbits.TRISA0 = 1;
   330  0000CE  8092               	bsf	146,0,c	;volatile
   331  0000D0                     
   332                           ;initialisation.c: 43: ADCON1 = 0;
   333  0000D0  0E00               	movlw	0
   334  0000D2  6EC1               	movwf	193,c	;volatile
   335  0000D4                     
   336                           ;initialisation.c: 45: ADCON0bits.ADON = 1;
   337  0000D4  80C2               	bsf	194,0,c	;volatile
   338  0000D6                     
   339                           ;initialisation.c: 46: ADCON1bits.ADFM = 0;
   340  0000D6  9EC1               	bcf	193,7,c	;volatile
   341                           
   342                           ;initialisation.c: 49: ADCON0bits.ADCS = 0b10;
   343  0000D8  50C2               	movf	194,w,c	;volatile
   344  0000DA  0B3F               	andlw	-193
   345  0000DC  0980               	iorlw	128
   346  0000DE  6EC2               	movwf	194,c	;volatile
   347  0000E0                     
   348                           ;initialisation.c: 50: ADCON1bits.ADCS2 = 1;
   349  0000E0  8CC1               	bsf	193,6,c	;volatile
   350  0000E2  0012               	return		;funcret
   351  0000E4  FFFF               	dw	65535	; errata NOP
   352  0000E6                     __end_of_initialisation_ConfigurerAdc:
   353                           	opt callstack 0
   354                           
   355 ;; *************** function _initialisation_ActiverPWM *****************
   356 ;; Defined at:
   357 ;;		line 68 in file "initialisation.c"
   358 ;; Parameters:    Size  Location     Type
   359 ;;		None
   360 ;; Auto vars:     Size  Location     Type
   361 ;;		None
   362 ;; Return value:  Size  Location     Type
   363 ;;                  1    wreg      void 
   364 ;; Registers used:
   365 ;;		wreg, status,2
   366 ;; Tracked objects:
   367 ;;		On entry : 0/0
   368 ;;		On exit  : 0/0
   369 ;;		Unchanged: 0/0
   370 ;; Data sizes:     COMRAM   BANK0   BANK1   BANK2   BANK3   BANK4   BANK5
   371 ;;      Params:         0       0       0       0       0       0       0
   372 ;;      Locals:         0       0       0       0       0       0       0
   373 ;;      Temps:          0       0       0       0       0       0       0
   374 ;;      Totals:         0       0       0       0       0       0       0
   375 ;;Total ram usage:        0 bytes
   376 ;; Hardware stack levels used:    1
   377 ;; Hardware stack levels required when called:    1
   378 ;; This function calls:
   379 ;;		Nothing
   380 ;; This function is called by:
   381 ;;		_initialisation
   382 ;; This function uses a non-reentrant model
   383 ;;
   384                           
   385                           	psect	text4
   386  00007A                     __ptext4:
   387                           	opt callstack 0
   388  00007A                     _initialisation_ActiverPWM:
   389                           	opt callstack 0
   390  00007A  FFFF               	dw	65535	; assembler added errata NOP
   391  00007C                     
   392                           ;initialisation.c: 76: PR2 = 249;
   393  00007C  0EF9               	movlw	249
   394  00007E  6ECB               	movwf	203,c	;volatile
   395                           
   396                           ;initialisation.c: 79: CCPR1L = 0x80;
   397  000080  0E80               	movlw	128
   398  000082  6EBE               	movwf	190,c	;volatile
   399                           
   400                           ;initialisation.c: 80: CCP1CONbits.DC1B = 0b00;
   401  000084  0ECF               	movlw	-49
   402  000086  16BD               	andwf	189,f,c	;volatile
   403  000088                     
   404                           ;initialisation.c: 84: TRISCbits.RC0 = 1;
   405  000088  8094               	bsf	148,0,c	;volatile
   406  00008A                     
   407                           ;initialisation.c: 85: TRISCbits.RC2 = 0;
   408  00008A  9494               	bcf	148,2,c	;volatile
   409  00008C                     
   410                           ;initialisation.c: 89: PIR1bits.TMR2IF = 0;
   411  00008C  929E               	bcf	158,1,c	;volatile
   412                           
   413                           ;initialisation.c: 91: T2CONbits.TOUTPS = 0b1111;
   414  00008E  0E78               	movlw	120
   415  000090  12CA               	iorwf	202,f,c	;volatile
   416  000092                     
   417                           ;initialisation.c: 92: T2CONbits.TMR2ON = 1;
   418  000092  84CA               	bsf	202,2,c	;volatile
   419                           
   420                           ;initialisation.c: 95: CCP1CONbits.CCP1M = 0b1111;
   421  000094  0E0F               	movlw	15
   422  000096  12BD               	iorwf	189,f,c	;volatile
   423  000098                     l84:
   424  000098  FFFF               	dw	65535	; assembler added errata NOP
   425  00009A  A29E               	btfss	158,1,c	;volatile
   426  00009C  EF52  F000         	goto	u41
   427  0000A0  EF55  F000         	goto	u40
   428  0000A4                     u41:
   429  0000A4  FFFF               	dw	65535	; assembler added errata NOP
   430  0000A6  EF4C  F000         	goto	l84
   431  0000AA                     u40:
   432  0000AA  FFFF               	dw	65535	; assembler added errata NOP
   433  0000AC                     
   434                           ;initialisation.c: 100: TRISCbits.RC1 = 0;
   435  0000AC  9294               	bcf	148,1,c	;volatile
   436  0000AE  0012               	return		;funcret
   437  0000B0  FFFF               	dw	65535	; errata NOP
   438  0000B2                     __end_of_initialisation_ActiverPWM:
   439                           	opt callstack 0
   440                           
   441 ;; *************** function _initialisation_ActiverInterruptions *****************
   442 ;; Defined at:
   443 ;;		line 28 in file "initialisation.c"
   444 ;; Parameters:    Size  Location     Type
   445 ;;		None
   446 ;; Auto vars:     Size  Location     Type
   447 ;;		None
   448 ;; Return value:  Size  Location     Type
   449 ;;                  1    wreg      void 
   450 ;; Registers used:
   451 ;;		None
   452 ;; Tracked objects:
   453 ;;		On entry : 0/0
   454 ;;		On exit  : 0/0
   455 ;;		Unchanged: 0/0
   456 ;; Data sizes:     COMRAM   BANK0   BANK1   BANK2   BANK3   BANK4   BANK5
   457 ;;      Params:         0       0       0       0       0       0       0
   458 ;;      Locals:         0       0       0       0       0       0       0
   459 ;;      Temps:          0       0       0       0       0       0       0
   460 ;;      Totals:         0       0       0       0       0       0       0
   461 ;;Total ram usage:        0 bytes
   462 ;; Hardware stack levels used:    1
   463 ;; Hardware stack levels required when called:    1
   464 ;; This function calls:
   465 ;;		Nothing
   466 ;; This function is called by:
   467 ;;		_initialisation
   468 ;; This function uses a non-reentrant model
   469 ;;
   470                           
   471                           	psect	text5
   472  00010C                     __ptext5:
   473                           	opt callstack 0
   474  00010C                     _initialisation_ActiverInterruptions:
   475                           	opt callstack 0
   476  00010C  FFFF               	dw	65535	; assembler added errata NOP
   477  00010E                     
   478                           ;initialisation.c: 30: INTCONbits.PEIE = 1;
   479  00010E  8CF2               	bsf	242,6,c	;volatile
   480                           
   481                           ;initialisation.c: 31: INTCONbits.GIE = 1;
   482  000110  8EF2               	bsf	242,7,c	;volatile
   483  000112  0012               	return		;funcret
   484  000114  FFFF               	dw	65535	; errata NOP
   485  000116                     __end_of_initialisation_ActiverInterruptions:
   486                           	opt callstack 0
   487                           
   488 ;; *************** function _initialisation_ActiverIntAdc *****************
   489 ;; Defined at:
   490 ;;		line 57 in file "initialisation.c"
   491 ;; Parameters:    Size  Location     Type
   492 ;;		None
   493 ;; Auto vars:     Size  Location     Type
   494 ;;		None
   495 ;; Return value:  Size  Location     Type
   496 ;;                  1    wreg      void 
   497 ;; Registers used:
   498 ;;		None
   499 ;; Tracked objects:
   500 ;;		On entry : 0/0
   501 ;;		On exit  : 0/0
   502 ;;		Unchanged: 0/0
   503 ;; Data sizes:     COMRAM   BANK0   BANK1   BANK2   BANK3   BANK4   BANK5
   504 ;;      Params:         0       0       0       0       0       0       0
   505 ;;      Locals:         0       0       0       0       0       0       0
   506 ;;      Temps:          0       0       0       0       0       0       0
   507 ;;      Totals:         0       0       0       0       0       0       0
   508 ;;Total ram usage:        0 bytes
   509 ;; Hardware stack levels used:    1
   510 ;; Hardware stack levels required when called:    1
   511 ;; This function calls:
   512 ;;		Nothing
   513 ;; This function is called by:
   514 ;;		_initialisation
   515 ;; This function uses a non-reentrant model
   516 ;;
   517                           
   518                           	psect	text6
   519  0000F6                     __ptext6:
   520                           	opt callstack 0
   521  0000F6                     _initialisation_ActiverIntAdc:
   522                           	opt callstack 0
   523  0000F6  FFFF               	dw	65535	; assembler added errata NOP
   524  0000F8                     
   525                           ;initialisation.c: 60: PIR1bits.ADIF = 0;
   526  0000F8  9C9E               	bcf	158,6,c	;volatile
   527                           
   528                           ;initialisation.c: 61: PIE1bits.ADIE = 1;
   529  0000FA  8C9D               	bsf	157,6,c	;volatile
   530                           
   531                           ;initialisation.c: 62: ADCON0bits.GO_DONE = 1;
   532  0000FC  84C2               	bsf	194,2,c	;volatile
   533  0000FE  0012               	return		;funcret
   534  000100  FFFF               	dw	65535	; errata NOP
   535  000102                     __end_of_initialisation_ActiverIntAdc:
   536                           	opt callstack 0
   537                           
   538 ;; *************** function _high_isr *****************
   539 ;; Defined at:
   540 ;;		line 22 in file "interrupts.c"
   541 ;; Parameters:    Size  Location     Type
   542 ;;		None
   543 ;; Auto vars:     Size  Location     Type
   544 ;;		None
   545 ;; Return value:  Size  Location     Type
   546 ;;                  1    wreg      void 
   547 ;; Registers used:
   548 ;;		None
   549 ;; Tracked objects:
   550 ;;		On entry : 0/0
   551 ;;		On exit  : 0/0
   552 ;;		Unchanged: 0/0
   553 ;; Data sizes:     COMRAM   BANK0   BANK1   BANK2   BANK3   BANK4   BANK5
   554 ;;      Params:         0       0       0       0       0       0       0
   555 ;;      Locals:         0       0       0       0       0       0       0
   556 ;;      Temps:          0       0       0       0       0       0       0
   557 ;;      Totals:         0       0       0       0       0       0       0
   558 ;;Total ram usage:        0 bytes
   559 ;; Hardware stack levels used:    1
   560 ;; This function calls:
   561 ;;		Nothing
   562 ;; This function is called by:
   563 ;;		Interrupt level 2
   564 ;; This function uses a non-reentrant model
   565 ;;
   566                           
   567                           	psect	intcode
   568  000008                     __pintcode:
   569                           	opt callstack 0
   570  000008                     _high_isr:
   571                           	opt callstack 0
   572  000008  FFFF               	dw	65535	; assembler added errata NOP
   573                           
   574                           ;incstack = 0
   575  00000A  8201               	bsf	int$flags,1,c	;set compiler interrupt flag (level 2)
   576  00000C                     
   577                           ;interrupts.c: 25: if (PIR1bits.ADIF)
   578  00000C  AC9E               	btfss	158,6,c	;volatile
   579  00000E  EF0B  F000         	goto	i2u6_41
   580  000012  EF0E  F000         	goto	i2u6_40
   581  000016                     i2u6_41:
   582  000016  FFFF               	dw	65535	; assembler added errata NOP
   583  000018  EF15  F000         	goto	i2l43
   584  00001C                     i2u6_40:
   585  00001C  FFFF               	dw	65535	; assembler added errata NOP
   586  00001E                     
   587                           ;interrupts.c: 26: {;interrupts.c: 27: g_resAN = ADRESH;
   588  00001E  CFC4 F060          	movff	4036,_g_resAN	;volatile
   589  000022  0100               	movlb	0	; force () banked
   590  000024  6B61               	clrf	(_g_resAN+1)& (0+255),b
   591                           
   592                           ;interrupts.c: 29: PIR1bits.ADIF = 0;
   593  000026  9C9E               	bcf	158,6,c	;volatile
   594                           
   595                           ;interrupts.c: 30: ADCON0bits.GO_DONE = 1;
   596  000028  84C2               	bsf	194,2,c	;volatile
   597  00002A                     i2l43:
   598  00002A  FFFF               	dw	65535	; assembler added errata NOP
   599  00002C  9201               	bcf	int$flags,1,c	;clear compiler interrupt flag (level 2)
   600  00002E  0011               	retfie		f
   601  000030  FFFF               	dw	65535	; errata NOP
   602  000032                     __end_of_high_isr:
   603                           	opt callstack 0
   604  000032  FFFF               	dw	65535	; assembler added errata NOP
   605                           
   606                           	psect	param0
   607  0000                     
   608                           	psect	temp
   609  000001                     btemp:
   610                           	opt callstack 0
   611  000001                     	ds	1
   612  0000                     int$flags	set	btemp
   613  0000                     wtemp8	set	btemp+1
   614  0000                     ttemp5	set	btemp+1
   615  0000                     ttemp6	set	btemp+4
   616  0000                     ttemp7	set	btemp+8
   617                           tosu	equ	0xFFF
   618                           tosh	equ	0xFFE
   619                           tosl	equ	0xFFD
   620                           stkptr	equ	0xFFC
   621                           pclatu	equ	0xFFB
   622                           pclath	equ	0xFFA
   623                           pcl	equ	0xFF9
   624                           tblptru	equ	0xFF8
   625                           tblptrh	equ	0xFF7
   626                           tblptrl	equ	0xFF6
   627                           tablat	equ	0xFF5
   628                           prodh	equ	0xFF4
   629                           prodl	equ	0xFF3
   630                           indf0	equ	0xFEF
   631                           postinc0	equ	0xFEE
   632                           postdec0	equ	0xFED
   633                           preinc0	equ	0xFEC
   634                           plusw0	equ	0xFEB
   635                           fsr0h	equ	0xFEA
   636                           fsr0l	equ	0xFE9
   637                           wreg	equ	0xFE8
   638                           indf1	equ	0xFE7
   639                           postinc1	equ	0xFE6
   640                           postdec1	equ	0xFE5
   641                           preinc1	equ	0xFE4
   642                           plusw1	equ	0xFE3
   643                           fsr1h	equ	0xFE2
   644                           fsr1l	equ	0xFE1
   645                           bsr	equ	0xFE0
   646                           indf2	equ	0xFDF
   647                           postinc2	equ	0xFDE
   648                           postdec2	equ	0xFDD
   649                           preinc2	equ	0xFDC
   650                           plusw2	equ	0xFDB
   651                           fsr2h	equ	0xFDA
   652                           fsr2l	equ	0xFD9
   653                           status	equ	0xFD8


Data Sizes:
    Strings     0
    Constant    0
    Data        0
    BSS         2
    Persistent  0
    Stack       0

Auto Spaces:
    Space          Size  Autos    Used
    COMRAM           94      0       0
    BANK0           160      0       2
    BANK1           256      0       0
    BANK2           256      0       0
    BANK3           256      0       0
    BANK4           256      0       0
    BANK5           256      0       0

Pointer List with Targets:

    None.

Critical Paths under _main in COMRAM

    None.

Critical Paths under _high_isr in COMRAM

    None.

Critical Paths under _main in BANK0

    None.

Critical Paths under _high_isr in BANK0

    None.

Critical Paths under _main in BANK1

    None.

Critical Paths under _high_isr in BANK1

    None.

Critical Paths under _main in BANK2

    None.

Critical Paths under _high_isr in BANK2

    None.

Critical Paths under _main in BANK3

    None.

Critical Paths under _high_isr in BANK3

    None.

Critical Paths under _main in BANK4

    None.

Critical Paths under _high_isr in BANK4

    None.

Critical Paths under _main in BANK5

    None.

Critical Paths under _high_isr in BANK5

    None.

Call Graph Tables:

 ---------------------------------------------------------------------------------
 (Depth) Function   	        Calls       Base Space   Used Autos Params    Refs
 ---------------------------------------------------------------------------------
 (0) _main                                                 0     0      0       0
                     _initialisation
 ---------------------------------------------------------------------------------
 (1) _initialisation                                       0     0      0       0
       _initialisation_ActiverIntAdc
_initialisation_ActiverInterruptions
          _initialisation_ActiverPWM
       _initialisation_ConfigurerAdc
_initialisation_ConfigurerPortDSorti
 ---------------------------------------------------------------------------------
 (2) _initialisation_ConfigurerPortDSortie                 0     0      0       0
 ---------------------------------------------------------------------------------
 (2) _initialisation_ConfigurerAdc                         0     0      0       0
 ---------------------------------------------------------------------------------
 (2) _initialisation_ActiverPWM                            0     0      0       0
 ---------------------------------------------------------------------------------
 (2) _initialisation_ActiverInterruptions                  0     0      0       0
 ---------------------------------------------------------------------------------
 (2) _initialisation_ActiverIntAdc                         0     0      0       0
 ---------------------------------------------------------------------------------
 Estimated maximum stack depth 2
 ---------------------------------------------------------------------------------
 (Depth) Function   	        Calls       Base Space   Used Autos Params    Refs
 ---------------------------------------------------------------------------------
 (3) _high_isr                                             0     0      0       0
 ---------------------------------------------------------------------------------
 Estimated maximum stack depth 3
 ---------------------------------------------------------------------------------

 Call Graph Graphs:

 _main (ROOT)
   _initialisation
     _initialisation_ActiverIntAdc
     _initialisation_ActiverInterruptions
     _initialisation_ActiverPWM
     _initialisation_ConfigurerAdc
     _initialisation_ConfigurerPortDSortie

 _high_isr (ROOT)

 Address spaces:
Name               Size   Autos  Total    Cost      Usage
BIGRAM             5FF      0       0      16        0.0%
EEDATA             100      0       0       0        0.0%
BITBANK5           100      0       0      14        0.0%
BANK5              100      0       0      15        0.0%
BITBANK4           100      0       0      12        0.0%
BANK4              100      0       0      13        0.0%
BITBANK3           100      0       0      10        0.0%
BANK3              100      0       0      11        0.0%
BITBANK2           100      0       0       7        0.0%
BANK2              100      0       0       8        0.0%
BITBANK1           100      0       0       5        0.0%
BANK1              100      0       0       6        0.0%
BITBANK0            A0      0       0       3        0.0%
BANK0               A0      0       2       4        1.3%
BITCOMRAM           5E      0       0       0        0.0%
COMRAM              5E      0       0       1        0.0%
BITSFR_1             0      0       0     200        0.0%
SFR_1                0      0       0     200        0.0%
BITSFR               0      0       0     200        0.0%
SFR                  0      0       0     200        0.0%
STACK                0      0       0       2        0.0%
NULL                 0      0       0       0        0.0%
ABS                  0      0       2       9        0.0%
DATA                 0      0       2      17        0.0%
CODE                 0      0       0       0        0.0%


Microchip Technology PIC18 Macro Assembler V2.10 build 88905656 
Symbol Table                                                                                   Tue Feb 04 13:24:57 2020

                                      __end_of_initialisation_ActiverIntAdc 0102  
                                     __size_of_initialisation_ActiverIntAdc 000C  
                                              _initialisation_ActiverIntAdc 00F6  
                                                                        l25 0068  
                                                                        l26 006C  
                                                                        l19 00C8  
                                                                        l72 0108  
                                                                        l81 00FE  
                                                                        l75 0112  
                                                                        l84 0098  
                                                                        l86 00AC  
                                                                        l78 00E2  
                                                                        l87 00AE  
                                                                        u40 00AA  
                                                                        u41 00A4  
                                                                        u50 0060  
                                                                        u51 005A  
                                                              __CFG_CP0$OFF 000000  
                                                              __CFG_CP1$OFF 000000  
                                                              __CFG_CP2$OFF 000000  
                                                              __CFG_CP3$OFF 000000  
                                                               __CFG_OSC$HS 000000  
                                                                       l901 008C  
                                                                       l903 0092  
                                                                       l911 00C0  
                                                                       l905 010E  
                                                                       l913 0038  
                                                                       l907 00B4  
                                                                       l915 003E  
                                                                       l909 00BC  
                                                                       l917 0062  
                                                                       l881 0104  
                                                                       l891 00E0  
                                                                       l883 00CE  
                                                                       l893 00F8  
                                                                       l885 00D0  
                                                                       l895 007C  
                                                                       l887 00D4  
                                                                       l897 0088  
                                                                       l889 00D6  
                                                                       l899 008A  
                                                              __CFG_CPB$OFF 000000  
                                                                       _PR2 000FCB  
                                                              __CFG_CPD$OFF 000000  
                                                              __CFG_BOR$OFF 000000  
                                                              __CFG_BORV$25 000000  
                                                              __CFG_LVP$OFF 000000  
                                                              __CFG_WDT$OFF 000000  
                                                                      i2l43 002A  
                                                          ??_initialisation 0000  
                                                                      _main 0038  
                                                                      btemp 0001  
                                                                      start 0034  
                                                              ___param_bank 000000  
                                                 _initialisation_ActiverPWM 007A  
                                                             __CFG_OSCS$OFF 000000  
                                             ?_initialisation_ActiverIntAdc 0000  
                                                                     ?_main 0000  
                                                                     i2l921 001E  
                                                                     i2l919 000C  
                                                                     _TRISD 000F95  
                                                             __CFG_PWRT$OFF 000000  
                                                             __CFG_WRT0$OFF 000000  
                                                             __CFG_WRT1$OFF 000000  
                                                             __CFG_WRT2$OFF 000000  
                                                             __CFG_WRT3$OFF 000000  
                                                            __CFG_EBTR0$OFF 000000  
                                                            __CFG_EBTR1$OFF 000000  
                                                            __CFG_EBTR2$OFF 000000  
                                                            __CFG_EBTR3$OFF 000000  
                                                             __CFG_STVR$OFF 000000  
                                                             __CFG_WRTB$OFF 000000  
                                                             __CFG_WRTC$OFF 000000  
                                                             __CFG_WRTD$OFF 000000  
                                                            __CFG_EBTRB$OFF 000000  
                                                                     ttemp5 0002  
                                                                     ttemp6 0005  
                                                                     ttemp7 0009  
                                                                     status 000FD8  
                                                                     wtemp8 0002  
                                                           __initialization 00E6  
                                                              __end_of_main 007A  
                                                                    ??_main 0000  
                                                             __activetblptr 000003  
                                                                    _ADCON1 000FC1  
                                                                    _ADRESH 000FC4  
                                                                    _CCPR1L 000FBE  
                                                            __CFG_WDTPS$128 000000  
                                                                    i2u6_40 001C  
                                                                    i2u6_41 0016  
                                                          __end_of_high_isr 0032  
                                            ??_initialisation_ActiverIntAdc 0000  
                              __end_of_initialisation_ConfigurerPortDSortie 010C  
                             __size_of_initialisation_ConfigurerPortDSortie 000A  
                                    ??_initialisation_ConfigurerPortDSortie 0000  
                                     ?_initialisation_ConfigurerPortDSortie 0000  
                                      _initialisation_ConfigurerPortDSortie 0102  
                                                                __accesstop 0060  
                                                   __end_of__initialization 00EC  
                                                             ___rparam_used 000000  
                                        __size_of_initialisation_ActiverPWM 0038  
                                                                __pbssBANK0 0060  
                                                                 ?_high_isr 0000  
                                         __end_of_initialisation_ActiverPWM 00B2  
                                      __end_of_initialisation_ConfigurerAdc 00E6  
                                     __size_of_initialisation_ConfigurerAdc 001A  
                                              _initialisation_ConfigurerAdc 00CC  
                                                                   __Hparam 0000  
                                                                   __Lparam 0000  
                                                                   __pcinit 00E6  
                                                                   _g_resAN 0060  
                                                                   __ramtop 0600  
                                                                   __ptext0 0038  
                                                                   __ptext1 00B2  
                                                                   __ptext2 0102  
                                                                   __ptext3 00CC  
                                                                   __ptext4 007A  
                                                                   __ptext5 010C  
                                                                   __ptext6 00F6  
                                                                 _T2CONbits 000FCA  
                                                                ??_high_isr 0000  
                                                      end_of_initialization 00EC  
                                             ?_initialisation_ConfigurerAdc 0000  
                                                   __size_of_initialisation 001A  
                                                                 _PORTDbits 000F83  
                                                                 _TRISAbits 000F92  
                                                                 _TRISCbits 000F94  
                                                               _CCP1CONbits 000FBD  
                                                       start_initialization 00E6  
                                            ??_initialisation_ConfigurerAdc 0000  
                               __end_of_initialisation_ActiverInterruptions 0116  
                              __size_of_initialisation_ActiverInterruptions 000A  
                                     ??_initialisation_ActiverInterruptions 0000  
                                      ?_initialisation_ActiverInterruptions 0000  
                                       _initialisation_ActiverInterruptions 010C  
                                                             __pcstackBANK0 0000  
                                                         __size_of_high_isr 002A  
                                                                 __pintcode 0008  
                                                            _initialisation 00B2  
                                                ?_initialisation_ActiverPWM 0000  
                                                                  _PIE1bits 000F9D  
                                                    __end_of_initialisation 00CC  
                                                                  _PIR1bits 000F9E  
                                                                _ADCON0bits 000FC2  
                                                                _ADCON1bits 000FC1  
                                                                  __Hparam0 0000  
                                                                  __Lparam0 0000  
                                                           ?_initialisation 0000  
                                                                  _high_isr 0008  
                                                             __size_of_main 0042  
                                                                  int$flags 0001  
                                                                _INTCONbits 000FF2  
                                                                  intlevel2 0116  
                                               ??_initialisation_ActiverPWM 0000  
