

Microchip MPLAB XC8 Assembler V2.10 build 88905656 
                                                                                               Wed Feb 12 16:18:15 2020

Microchip MPLAB XC8 C Compiler v2.10 (Free license) build 20190730164152 Og1 
     1                           	processor	18F458
     2                           	fnconf	param0,??,?,0
     3                           	opt	pw 120
     4                           	opt	flic
     5                           	psect	idataBANK0,global,class=CODE,delta=1,noexec,minocg
     6                           	psect	cinit,global,reloc=2,class=CODE,delta=1,minocg
     7                           	psect	bssBANK0,global,class=BANK0,space=1,delta=1,lowdata,noexec,minocg
     8                           	psect	dataBANK0,global,class=BANK0,space=1,delta=1,lowdata,noexec,minocg
     9                           	psect	cstackBANK0,global,class=BANK0,space=1,delta=1,noexec,minocg
    10                           	psect	text0,global,reloc=2,class=CODE,delta=1,minocg
    11                           	psect	text1,global,reloc=2,class=CODE,delta=1,minocg
    12                           	psect	text2,global,reloc=2,class=CODE,delta=1,minocg
    13                           	psect	text3,global,reloc=2,class=CODE,delta=1,minocg
    14                           	psect	text4,global,reloc=2,class=CODE,delta=1,minocg
    15                           	psect	text5,global,reloc=2,class=CODE,delta=1,minocg
    16                           	psect	text6,global,reloc=2,class=CODE,delta=1,minocg
    17                           	psect	text7,global,reloc=2,class=CODE,delta=1,minocg
    18                           	psect	intcode,global,reloc=2,class=CODE,delta=1,minocg
    19                           	psect	intsave_regs,global,class=BIGRAM,space=1,delta=1,noexec
    20                           	psect	param0,global,class=BANK0,space=1,delta=1,noexec
    21                           	psect	temp,global,ovrld,common,class=COMRAM,space=1,delta=1
    22  0000                     
    23                           ; Version 2.10
    24                           ; Generated 31/07/2019 GMT
    25                           ; 
    26                           ; Copyright © 2019, Microchip Technology Inc. and its subsidiaries ("Microchip")
    27                           ; All rights reserved.
    28                           ; 
    29                           ; This software is developed by Microchip Technology Inc. and its subsidiaries ("Microch
      +                          ip").
    30                           ; 
    31                           ; Redistribution and use in source and binary forms, with or without modification, are
    32                           ; permitted provided that the following conditions are met:
    33                           ; 
    34                           ;     1. Redistributions of source code must retain the above copyright notice, this lis
      +                          t of
    35                           ;        conditions and the following disclaimer.
    36                           ; 
    37                           ;     2. Redistributions in binary form must reproduce the above copyright notice, this 
      +                          list
    38                           ;        of conditions and the following disclaimer in the documentation and/or other
    39                           ;        materials provided with the distribution.
    40                           ; 
    41                           ;     3. Microchip's name may not be used to endorse or promote products derived from th
      +                          is
    42                           ;        software without specific prior written permission.
    43                           ; 
    44                           ; THIS SOFTWARE IS PROVIDED BY MICROCHIP "AS IS" AND ANY EXPRESS OR IMPLIED WARRANTIES,
    45                           ; INCLUDING, BUT NOT LIMITED TO, THE IMPLIED WARRANTIES OF MERCHANTABILITY AND FITNESS F
      +                          OR
    46                           ; PURPOSE ARE DISCLAIMED.  IN NO EVENT SHALL MICROCHIP BE LIABLE FOR ANY DIRECT, INDIREC
      +                          T,
    47                           ; INCIDENTAL, SPECIAL, EXEMPLARY, OR CONSEQUENTIAL DAMAGES (INCLUDING BUT NOT LIMITED TO
    48                           ; PROCUREMENT OF SUBSTITUTE GOODS OR SERVICES; LOSS OF USE, DATA OR PROFITS; OR BUSINESS
    49                           ; INTERRUPTION) HOWSOEVER CAUSED AND ON ANY THEORY OF LIABILITY, WHETHER IN CONTRACT, ST
      +                          RICT
    50                           ; LIABILITY, OR TORT (INCLUDING NEGLIGENCE OR OTHERWISE) ARISING IN ANY WAY OUT OF THE U
      +                          SE OF
    51                           ; THIS SOFTWARE, EVEN IF ADVISED OF THE POSSIBILITY OF SUCH DAMAGE.
    52                           ; 
    53                           ; 
    54                           ; Code-generator required, PIC18F458 Definitions
    55                           ; 
    56                           ; SFR Addresses
    57  0000                     
    58                           	psect	idataBANK0
    59  000294                     __pidataBANK0:
    60                           	opt callstack 0
    61                           
    62                           ;initializer for high_isr@sensUp
    63  000294  01                 	db	1
    64                           
    65                           ;initializer for high_isr@dutyWiper
    66  000295  09                 	db	9
    67  0000                     _PIE2bits	set	4000
    68  0000                     _T3CON	set	4017
    69  0000                     _T2CONbits	set	4042
    70  0000                     _TRISCbits	set	3988
    71  0000                     _CCP1CONbits	set	4029
    72  0000                     _PR2	set	4043
    73  0000                     _PIE1bits	set	3997
    74  0000                     _ADCON1bits	set	4033
    75  0000                     _ADCON1	set	4033
    76  0000                     _TRISAbits	set	3986
    77  0000                     _TRISD	set	3989
    78  0000                     _PIR2bits	set	4001
    79  0000                     _TMR0L	set	4054
    80  0000                     _TMR0H	set	4055
    81  0000                     _PORTDbits	set	3971
    82  0000                     _CCPR1L	set	4030
    83  0000                     _INTCONbits	set	4082
    84  0000                     _ADCON0bits	set	4034
    85  0000                     _ADRESH	set	4036
    86  0000                     _PIR1bits	set	3998
    87  0000                     _T0CONbits	set	4053
    88                           
    89                           ; #config settings
    90  0000                     
    91                           	psect	cinit
    92  0001F0                     __pcinit:
    93                           	opt callstack 0
    94  0001F0                     start_initialization:
    95                           	opt callstack 0
    96  0001F0                     __initialization:
    97                           	opt callstack 0
    98                           
    99                           ; Initialize objects allocated to BANK0 (2 bytes)
   100                           ; load TBLPTR registers with __pidataBANK0
   101  0001F0  0E94               	movlw	low __pidataBANK0
   102  0001F2  6EF6               	movwf	tblptrl,c
   103  0001F4  0E02               	movlw	high __pidataBANK0
   104  0001F6  6EF7               	movwf	tblptrh,c
   105  0001F8  0E00               	movlw	low (__pidataBANK0 shr (0+16))
   106  0001FA  6EF8               	movwf	tblptru,c
   107  0001FC  0009               	tblrd		*+	;fetch initializer
   108  0001FE  CFF5 F06A          	movff	tablat,__pdataBANK0
   109  000202  0009               	tblrd		*+	;fetch initializer
   110  000204  CFF5 F06B          	movff	tablat,__pdataBANK0+1
   111                           
   112                           ; Clear objects allocated to BANK0 (6 bytes)
   113  000208  0100               	movlb	0
   114  00020A  6B65               	clrf	(__pbssBANK0+5)& (0+255),b
   115  00020C  6B64               	clrf	(__pbssBANK0+4)& (0+255),b
   116  00020E  6B63               	clrf	(__pbssBANK0+3)& (0+255),b
   117  000210  6B62               	clrf	(__pbssBANK0+2)& (0+255),b
   118  000212  6B61               	clrf	(__pbssBANK0+1)& (0+255),b
   119  000214  6B60               	clrf	__pbssBANK0& (0+255),b
   120  000216                     end_of_initialization:
   121                           	opt callstack 0
   122  000216                     __end_of__initialization:
   123                           	opt callstack 0
   124  000216  9001               	bcf	int$flags,0,c	;clear compiler interrupt flag (level 1)
   125  000218  9201               	bcf	int$flags,1,c	;clear compiler interrupt flag (level 2)
   126  00021A  0100               	movlb	0
   127  00021C  EFAE  F000         	goto	_main	;jump to C main() function
   128                           
   129                           	psect	bssBANK0
   130  000060                     __pbssBANK0:
   131                           	opt callstack 0
   132  000060                     high_isr@compte:
   133                           	opt callstack 0
   134  000060                     	ds	2
   135  000062                     _g_resAN:
   136                           	opt callstack 0
   137  000062                     	ds	2
   138  000064                     _g_etat:
   139                           	opt callstack 0
   140  000064                     	ds	2
   141                           
   142                           	psect	dataBANK0
   143  00006A                     __pdataBANK0:
   144                           	opt callstack 0
   145  00006A                     high_isr@sensUp:
   146                           	opt callstack 0
   147  00006A                     	ds	1
   148  00006B                     high_isr@dutyWiper:
   149                           	opt callstack 0
   150  00006B                     	ds	1
   151                           
   152                           	psect	cstackBANK0
   153  000066                     __pcstackBANK0:
   154                           	opt callstack 0
   155  000066                     ??_main:
   156  000066                     
   157                           ; 1 bytes @ 0x0
   158  000066                     	ds	2
   159  000068                     main@dutyWiper:
   160                           	opt callstack 0
   161                           
   162                           ; 1 bytes @ 0x2
   163  000068                     	ds	1
   164  000069                     main@sensUp:
   165                           	opt callstack 0
   166                           
   167                           ; 1 bytes @ 0x3
   168  000069                     	ds	1
   169                           
   170 ;;
   171 ;;Main: autosize = 0, tempsize = 2, incstack = 0, save=0
   172 ;;
   173 ;; *************** function _main *****************
   174 ;; Defined at:
   175 ;;		line 40 in file "main.c"
   176 ;; Parameters:    Size  Location     Type
   177 ;;		None
   178 ;; Auto vars:     Size  Location     Type
   179 ;;  sensUp          1    3[BANK0 ] unsigned char 
   180 ;;  dutyWiper       1    2[BANK0 ] unsigned char 
   181 ;; Return value:  Size  Location     Type
   182 ;;                  1    wreg      void 
   183 ;; Registers used:
   184 ;;		wreg, status,2, status,0, cstack
   185 ;; Tracked objects:
   186 ;;		On entry : 0/0
   187 ;;		On exit  : 0/0
   188 ;;		Unchanged: 0/0
   189 ;; Data sizes:     COMRAM   BANK0   BANK1   BANK2   BANK3   BANK4   BANK5
   190 ;;      Params:         0       0       0       0       0       0       0
   191 ;;      Locals:         0       2       0       0       0       0       0
   192 ;;      Temps:          0       2       0       0       0       0       0
   193 ;;      Totals:         0       4       0       0       0       0       0
   194 ;;Total ram usage:        4 bytes
   195 ;; Hardware stack levels required when called:    3
   196 ;; This function calls:
   197 ;;		_initialisation
   198 ;; This function is called by:
   199 ;;		Startup code after reset
   200 ;; This function uses a non-reentrant model
   201 ;;
   202                           
   203                           	psect	text0
   204  00015C                     __ptext0:
   205                           	opt callstack 0
   206  00015C                     _main:
   207                           	opt callstack 28
   208  00015C  FFFF               	dw	65535	; assembler added errata NOP
   209                           
   210                           ;main.c: 42: unsigned char dutyWiper = 9;
   211  00015E  0E09               	movlw	9
   212  000160  0100               	movlb	0	; force () banked
   213  000162  6F68               	movwf	main@dutyWiper& (0+255),b
   214                           
   215                           ;main.c: 43: bool sensUp = 1;
   216  000164  0E01               	movlw	1
   217  000166  0100               	movlb	0	; force () banked
   218  000168  6F69               	movwf	main@sensUp& (0+255),b
   219  00016A                     
   220                           ; BSR set to: 0
   221                           ;main.c: 45: initialisation();
   222  00016A  EC10  F001         	call	_initialisation	;wreg free
   223  00016E                     
   224                           ;main.c: 46: T0CONbits.TMR0ON = 1;
   225  00016E  8ED5               	bsf	213,7,c	;volatile
   226  000170  EFBA  F000         	goto	l939
   227  000174                     l25:
   228  000174                     l939:
   229  000174  FFFF               	dw	65535	; assembler added errata NOP
   230  000176  C064  F066         	movff	_g_etat,??_main
   231  00017A  C065  F067         	movff	_g_etat+1,??_main+1
   232                           
   233                           ; Switch on 2 bytes has been partitioned into a top level switch of size 1, and 1 sub-sw
      +                          itches
   234                           ; Switch size 1, requested type "simple"
   235                           ; Number of cases is 1, Range of values is 0 to 0
   236                           ; switch strategies available:
   237                           ; Name         Instructions Cycles
   238                           ; simple_byte            4     3 (average)
   239                           ;	Chosen strategy is simple_byte
   240  00017E  0100               	movlb	0	; force () banked
   241  000180  5167               	movf	(??_main+1)& (0+255),w,b
   242  000182  0A00               	xorlw	0	; case 0
   243  000184  B4D8               	btfsc	status,2,c
   244  000186  EFC7  F000         	goto	l1019
   245  00018A  EFBA  F000         	goto	l939
   246  00018E                     l1019:
   247  00018E  FFFF               	dw	65535	; assembler added errata NOP
   248                           
   249                           ; BSR set to: 0
   250                           ; Switch size 1, requested type "simple"
   251                           ; Number of cases is 4, Range of values is 0 to 3
   252                           ; switch strategies available:
   253                           ; Name         Instructions Cycles
   254                           ; simple_byte           13     7 (average)
   255                           ;	Chosen strategy is simple_byte
   256  000190  5166               	movf	??_main& (0+255),w,b
   257  000192  0A00               	xorlw	0	; case 0
   258  000194  B4D8               	btfsc	status,2,c
   259  000196  EFBA  F000         	goto	l25
   260  00019A  0A01               	xorlw	1	; case 1
   261  00019C  B4D8               	btfsc	status,2,c
   262  00019E  EFBA  F000         	goto	l25
   263  0001A2  0A03               	xorlw	3	; case 2
   264  0001A4  B4D8               	btfsc	status,2,c
   265  0001A6  EFBA  F000         	goto	l25
   266  0001AA  0A01               	xorlw	1	; case 3
   267  0001AC  B4D8               	btfsc	status,2,c
   268  0001AE  EFBA  F000         	goto	l25
   269  0001B2  EFBA  F000         	goto	l939
   270  0001B6  EFAC  F000         	goto	start
   271  0001BA                     __end_of_main:
   272                           	opt callstack 0
   273                           
   274 ;; *************** function _initialisation *****************
   275 ;; Defined at:
   276 ;;		line 28 in file "main.c"
   277 ;; Parameters:    Size  Location     Type
   278 ;;		None
   279 ;; Auto vars:     Size  Location     Type
   280 ;;		None
   281 ;; Return value:  Size  Location     Type
   282 ;;                  1    wreg      void 
   283 ;; Registers used:
   284 ;;		wreg, status,2, cstack
   285 ;; Tracked objects:
   286 ;;		On entry : 0/0
   287 ;;		On exit  : 0/0
   288 ;;		Unchanged: 0/0
   289 ;; Data sizes:     COMRAM   BANK0   BANK1   BANK2   BANK3   BANK4   BANK5
   290 ;;      Params:         0       0       0       0       0       0       0
   291 ;;      Locals:         0       0       0       0       0       0       0
   292 ;;      Temps:          0       0       0       0       0       0       0
   293 ;;      Totals:         0       0       0       0       0       0       0
   294 ;;Total ram usage:        0 bytes
   295 ;; Hardware stack levels used:    1
   296 ;; Hardware stack levels required when called:    2
   297 ;; This function calls:
   298 ;;		_initialisation_ActiverIntAdc
   299 ;;		_initialisation_ActiverInterruptions
   300 ;;		_initialisation_ActiverPWM
   301 ;;		_initialisation_ActiverTmr0
   302 ;;		_initialisation_ConfigurerAdc
   303 ;;		_initialisation_ConfigurerPortDSortie
   304 ;; This function is called by:
   305 ;;		_main
   306 ;; This function uses a non-reentrant model
   307 ;;
   308                           
   309                           	psect	text1
   310  000220                     __ptext1:
   311                           	opt callstack 0
   312  000220                     _initialisation:
   313                           	opt callstack 0
   314  000220  FFFF               	dw	65535	; assembler added errata NOP
   315  000222                     
   316                           ;main.c: 30: initialisation_ConfigurerPortDSortie();
   317  000222  EC40  F001         	call	_initialisation_ConfigurerPortDSortie	;wreg free
   318                           
   319                           ;main.c: 31: initialisation_ConfigurerAdc();
   320  000226  EC2D  F001         	call	_initialisation_ConfigurerAdc	;wreg free
   321  00022A                     
   322                           ;main.c: 32: initialisation_ActiverIntAdc();
   323  00022A  EC3A  F001         	call	_initialisation_ActiverIntAdc	;wreg free
   324  00022E                     
   325                           ;main.c: 33: initialisation_ActiverPWM();
   326  00022E  ECDD  F000         	call	_initialisation_ActiverPWM	;wreg free
   327  000232                     
   328                           ;main.c: 34: initialisation_ActiverTmr0();
   329  000232  EC1F  F001         	call	_initialisation_ActiverTmr0	;wreg free
   330  000236                     
   331                           ;main.c: 36: initialisation_ActiverInterruptions();
   332  000236  EC45  F001         	call	_initialisation_ActiverInterruptions	;wreg free
   333  00023A  0012               	return		;funcret
   334  00023C  FFFF               	dw	65535	; errata NOP
   335  00023E                     __end_of_initialisation:
   336                           	opt callstack 0
   337                           
   338 ;; *************** function _initialisation_ConfigurerPortDSortie *****************
   339 ;; Defined at:
   340 ;;		line 17 in file "initialisation.c"
   341 ;; Parameters:    Size  Location     Type
   342 ;;		None
   343 ;; Auto vars:     Size  Location     Type
   344 ;;		None
   345 ;; Return value:  Size  Location     Type
   346 ;;                  1    wreg      void 
   347 ;; Registers used:
   348 ;;		wreg, status,2
   349 ;; Tracked objects:
   350 ;;		On entry : 0/0
   351 ;;		On exit  : 0/0
   352 ;;		Unchanged: 0/0
   353 ;; Data sizes:     COMRAM   BANK0   BANK1   BANK2   BANK3   BANK4   BANK5
   354 ;;      Params:         0       0       0       0       0       0       0
   355 ;;      Locals:         0       0       0       0       0       0       0
   356 ;;      Temps:          0       0       0       0       0       0       0
   357 ;;      Totals:         0       0       0       0       0       0       0
   358 ;;Total ram usage:        0 bytes
   359 ;; Hardware stack levels used:    1
   360 ;; Hardware stack levels required when called:    1
   361 ;; This function calls:
   362 ;;		Nothing
   363 ;; This function is called by:
   364 ;;		_initialisation
   365 ;; This function uses a non-reentrant model
   366 ;;
   367                           
   368                           	psect	text2
   369  000280                     __ptext2:
   370                           	opt callstack 0
   371  000280                     _initialisation_ConfigurerPortDSortie:
   372                           	opt callstack 0
   373  000280  FFFF               	dw	65535	; assembler added errata NOP
   374  000282                     
   375                           ;initialisation.c: 19: TRISD = 0;
   376  000282  0E00               	movlw	0
   377  000284  6E95               	movwf	149,c	;volatile
   378  000286  0012               	return		;funcret
   379  000288  FFFF               	dw	65535	; errata NOP
   380  00028A                     __end_of_initialisation_ConfigurerPortDSortie:
   381                           	opt callstack 0
   382                           
   383 ;; *************** function _initialisation_ConfigurerAdc *****************
   384 ;; Defined at:
   385 ;;		line 35 in file "initialisation.c"
   386 ;; Parameters:    Size  Location     Type
   387 ;;		None
   388 ;; Auto vars:     Size  Location     Type
   389 ;;		None
   390 ;; Return value:  Size  Location     Type
   391 ;;                  1    wreg      void 
   392 ;; Registers used:
   393 ;;		wreg, status,2
   394 ;; Tracked objects:
   395 ;;		On entry : 0/0
   396 ;;		On exit  : 0/0
   397 ;;		Unchanged: 0/0
   398 ;; Data sizes:     COMRAM   BANK0   BANK1   BANK2   BANK3   BANK4   BANK5
   399 ;;      Params:         0       0       0       0       0       0       0
   400 ;;      Locals:         0       0       0       0       0       0       0
   401 ;;      Temps:          0       0       0       0       0       0       0
   402 ;;      Totals:         0       0       0       0       0       0       0
   403 ;;Total ram usage:        0 bytes
   404 ;; Hardware stack levels used:    1
   405 ;; Hardware stack levels required when called:    1
   406 ;; This function calls:
   407 ;;		Nothing
   408 ;; This function is called by:
   409 ;;		_initialisation
   410 ;; This function uses a non-reentrant model
   411 ;;
   412                           
   413                           	psect	text3
   414  00025A                     __ptext3:
   415                           	opt callstack 0
   416  00025A                     _initialisation_ConfigurerAdc:
   417                           	opt callstack 0
   418  00025A  FFFF               	dw	65535	; assembler added errata NOP
   419  00025C                     
   420                           ;initialisation.c: 38: TRISAbits.TRISA0 = 1;
   421  00025C  8092               	bsf	146,0,c	;volatile
   422  00025E                     
   423                           ;initialisation.c: 40: ADCON1 = 0;
   424  00025E  0E00               	movlw	0
   425  000260  6EC1               	movwf	193,c	;volatile
   426  000262                     
   427                           ;initialisation.c: 42: ADCON0bits.ADON = 1;
   428  000262  80C2               	bsf	194,0,c	;volatile
   429  000264                     
   430                           ;initialisation.c: 43: ADCON1bits.ADFM = 0;
   431  000264  9EC1               	bcf	193,7,c	;volatile
   432                           
   433                           ;initialisation.c: 46: ADCON0bits.ADCS = 0b10;
   434  000266  50C2               	movf	194,w,c	;volatile
   435  000268  0B3F               	andlw	-193
   436  00026A  0980               	iorlw	128
   437  00026C  6EC2               	movwf	194,c	;volatile
   438  00026E                     
   439                           ;initialisation.c: 47: ADCON1bits.ADCS2 = 1;
   440  00026E  8CC1               	bsf	193,6,c	;volatile
   441  000270  0012               	return		;funcret
   442  000272  FFFF               	dw	65535	; errata NOP
   443  000274                     __end_of_initialisation_ConfigurerAdc:
   444                           	opt callstack 0
   445                           
   446 ;; *************** function _initialisation_ActiverTmr0 *****************
   447 ;; Defined at:
   448 ;;		line 104 in file "initialisation.c"
   449 ;; Parameters:    Size  Location     Type
   450 ;;		None
   451 ;; Auto vars:     Size  Location     Type
   452 ;;		None
   453 ;; Return value:  Size  Location     Type
   454 ;;                  1    wreg      void 
   455 ;; Registers used:
   456 ;;		wreg, status,2
   457 ;; Tracked objects:
   458 ;;		On entry : 0/0
   459 ;;		On exit  : 0/0
   460 ;;		Unchanged: 0/0
   461 ;; Data sizes:     COMRAM   BANK0   BANK1   BANK2   BANK3   BANK4   BANK5
   462 ;;      Params:         0       0       0       0       0       0       0
   463 ;;      Locals:         0       0       0       0       0       0       0
   464 ;;      Temps:          0       0       0       0       0       0       0
   465 ;;      Totals:         0       0       0       0       0       0       0
   466 ;;Total ram usage:        0 bytes
   467 ;; Hardware stack levels used:    1
   468 ;; Hardware stack levels required when called:    1
   469 ;; This function calls:
   470 ;;		Nothing
   471 ;; This function is called by:
   472 ;;		_initialisation
   473 ;; This function uses a non-reentrant model
   474 ;;
   475                           
   476                           	psect	text4
   477  00023E                     __ptext4:
   478                           	opt callstack 0
   479  00023E                     _initialisation_ActiverTmr0:
   480                           	opt callstack 0
   481  00023E  FFFF               	dw	65535	; assembler added errata NOP
   482  000240                     
   483                           ;initialisation.c: 106: T0CONbits.TMR0ON = 1;
   484  000240  8ED5               	bsf	213,7,c	;volatile
   485                           
   486                           ;initialisation.c: 107: T0CONbits.T08BIT = 0;
   487  000242  9CD5               	bcf	213,6,c	;volatile
   488                           
   489                           ;initialisation.c: 108: T0CONbits.PSA = 0;
   490  000244  96D5               	bcf	213,3,c	;volatile
   491                           
   492                           ;initialisation.c: 109: T0CONbits.T0CS = 0;
   493  000246  9AD5               	bcf	213,5,c	;volatile
   494  000248                     
   495                           ;initialisation.c: 110: T0CONbits.T0PS = 0b000;
   496  000248  0EF8               	movlw	-8
   497  00024A  16D5               	andwf	213,f,c	;volatile
   498  00024C                     
   499                           ;initialisation.c: 111: INTCONbits.TMR0IE = 1;
   500  00024C  8AF2               	bsf	242,5,c	;volatile
   501                           
   502                           ;initialisation.c: 114: TMR0H = 0xF6;
   503  00024E  0EF6               	movlw	246
   504  000250  6ED7               	movwf	215,c	;volatile
   505                           
   506                           ;initialisation.c: 115: TMR0L = 0x3C;
   507  000252  0E3C               	movlw	60
   508  000254  6ED6               	movwf	214,c	;volatile
   509  000256  0012               	return		;funcret
   510  000258  FFFF               	dw	65535	; errata NOP
   511  00025A                     __end_of_initialisation_ActiverTmr0:
   512                           	opt callstack 0
   513                           
   514 ;; *************** function _initialisation_ActiverPWM *****************
   515 ;; Defined at:
   516 ;;		line 65 in file "initialisation.c"
   517 ;; Parameters:    Size  Location     Type
   518 ;;		None
   519 ;; Auto vars:     Size  Location     Type
   520 ;;		None
   521 ;; Return value:  Size  Location     Type
   522 ;;                  1    wreg      void 
   523 ;; Registers used:
   524 ;;		wreg, status,2
   525 ;; Tracked objects:
   526 ;;		On entry : 0/0
   527 ;;		On exit  : 0/0
   528 ;;		Unchanged: 0/0
   529 ;; Data sizes:     COMRAM   BANK0   BANK1   BANK2   BANK3   BANK4   BANK5
   530 ;;      Params:         0       0       0       0       0       0       0
   531 ;;      Locals:         0       0       0       0       0       0       0
   532 ;;      Temps:          0       0       0       0       0       0       0
   533 ;;      Totals:         0       0       0       0       0       0       0
   534 ;;Total ram usage:        0 bytes
   535 ;; Hardware stack levels used:    1
   536 ;; Hardware stack levels required when called:    1
   537 ;; This function calls:
   538 ;;		Nothing
   539 ;; This function is called by:
   540 ;;		_initialisation
   541 ;; This function uses a non-reentrant model
   542 ;;
   543                           
   544                           	psect	text5
   545  0001BA                     __ptext5:
   546                           	opt callstack 0
   547  0001BA                     _initialisation_ActiverPWM:
   548                           	opt callstack 0
   549  0001BA  FFFF               	dw	65535	; assembler added errata NOP
   550  0001BC                     
   551                           ;initialisation.c: 73: PR2 = 255;
   552  0001BC  68CB               	setf	203,c	;volatile
   553  0001BE                     
   554                           ;initialisation.c: 76: CCPR1L = 0x80;
   555  0001BE  0E80               	movlw	128
   556  0001C0  6EBE               	movwf	190,c	;volatile
   557                           
   558                           ;initialisation.c: 77: CCP1CONbits.DC1B = 0b00;
   559  0001C2  0ECF               	movlw	-49
   560  0001C4  16BD               	andwf	189,f,c	;volatile
   561  0001C6                     
   562                           ;initialisation.c: 81: TRISCbits.RC0 = 1;
   563  0001C6  8094               	bsf	148,0,c	;volatile
   564  0001C8                     
   565                           ;initialisation.c: 82: TRISCbits.RC2 = 0;
   566  0001C8  9494               	bcf	148,2,c	;volatile
   567  0001CA                     
   568                           ;initialisation.c: 86: PIR1bits.TMR2IF = 0;
   569  0001CA  929E               	bcf	158,1,c	;volatile
   570                           
   571                           ;initialisation.c: 87: T2CONbits.T2CKPS = 3;
   572  0001CC  0E03               	movlw	3
   573  0001CE  12CA               	iorwf	202,f,c	;volatile
   574  0001D0                     
   575                           ;initialisation.c: 88: T2CONbits.TMR2ON = 1;
   576  0001D0  84CA               	bsf	202,2,c	;volatile
   577                           
   578                           ;initialisation.c: 92: CCP1CONbits.CCP1M = 0b1111;
   579  0001D2  0E0F               	movlw	15
   580  0001D4  12BD               	iorwf	189,f,c	;volatile
   581  0001D6                     l128:
   582  0001D6  FFFF               	dw	65535	; assembler added errata NOP
   583  0001D8  A29E               	btfss	158,1,c	;volatile
   584  0001DA  EFF1  F000         	goto	u11
   585  0001DE  EFF4  F000         	goto	u10
   586  0001E2                     u11:
   587  0001E2  FFFF               	dw	65535	; assembler added errata NOP
   588  0001E4  EFEB  F000         	goto	l128
   589  0001E8                     u10:
   590  0001E8  FFFF               	dw	65535	; assembler added errata NOP
   591  0001EA                     
   592                           ;initialisation.c: 97: TRISCbits.RC1 = 0;
   593  0001EA  9294               	bcf	148,1,c	;volatile
   594  0001EC  0012               	return		;funcret
   595  0001EE  FFFF               	dw	65535	; errata NOP
   596  0001F0                     __end_of_initialisation_ActiverPWM:
   597                           	opt callstack 0
   598                           
   599 ;; *************** function _initialisation_ActiverInterruptions *****************
   600 ;; Defined at:
   601 ;;		line 25 in file "initialisation.c"
   602 ;; Parameters:    Size  Location     Type
   603 ;;		None
   604 ;; Auto vars:     Size  Location     Type
   605 ;;		None
   606 ;; Return value:  Size  Location     Type
   607 ;;                  1    wreg      void 
   608 ;; Registers used:
   609 ;;		None
   610 ;; Tracked objects:
   611 ;;		On entry : 0/0
   612 ;;		On exit  : 0/0
   613 ;;		Unchanged: 0/0
   614 ;; Data sizes:     COMRAM   BANK0   BANK1   BANK2   BANK3   BANK4   BANK5
   615 ;;      Params:         0       0       0       0       0       0       0
   616 ;;      Locals:         0       0       0       0       0       0       0
   617 ;;      Temps:          0       0       0       0       0       0       0
   618 ;;      Totals:         0       0       0       0       0       0       0
   619 ;;Total ram usage:        0 bytes
   620 ;; Hardware stack levels used:    1
   621 ;; Hardware stack levels required when called:    1
   622 ;; This function calls:
   623 ;;		Nothing
   624 ;; This function is called by:
   625 ;;		_initialisation
   626 ;; This function uses a non-reentrant model
   627 ;;
   628                           
   629                           	psect	text6
   630  00028A                     __ptext6:
   631                           	opt callstack 0
   632  00028A                     _initialisation_ActiverInterruptions:
   633                           	opt callstack 0
   634  00028A  FFFF               	dw	65535	; assembler added errata NOP
   635  00028C                     
   636                           ;initialisation.c: 27: INTCONbits.PEIE = 1;
   637  00028C  8CF2               	bsf	242,6,c	;volatile
   638                           
   639                           ;initialisation.c: 28: INTCONbits.GIE = 1;
   640  00028E  8EF2               	bsf	242,7,c	;volatile
   641  000290  0012               	return		;funcret
   642  000292  FFFF               	dw	65535	; errata NOP
   643  000294                     __end_of_initialisation_ActiverInterruptions:
   644                           	opt callstack 0
   645                           
   646 ;; *************** function _initialisation_ActiverIntAdc *****************
   647 ;; Defined at:
   648 ;;		line 54 in file "initialisation.c"
   649 ;; Parameters:    Size  Location     Type
   650 ;;		None
   651 ;; Auto vars:     Size  Location     Type
   652 ;;		None
   653 ;; Return value:  Size  Location     Type
   654 ;;                  1    wreg      void 
   655 ;; Registers used:
   656 ;;		None
   657 ;; Tracked objects:
   658 ;;		On entry : 0/0
   659 ;;		On exit  : 0/0
   660 ;;		Unchanged: 0/0
   661 ;; Data sizes:     COMRAM   BANK0   BANK1   BANK2   BANK3   BANK4   BANK5
   662 ;;      Params:         0       0       0       0       0       0       0
   663 ;;      Locals:         0       0       0       0       0       0       0
   664 ;;      Temps:          0       0       0       0       0       0       0
   665 ;;      Totals:         0       0       0       0       0       0       0
   666 ;;Total ram usage:        0 bytes
   667 ;; Hardware stack levels used:    1
   668 ;; Hardware stack levels required when called:    1
   669 ;; This function calls:
   670 ;;		Nothing
   671 ;; This function is called by:
   672 ;;		_initialisation
   673 ;; This function uses a non-reentrant model
   674 ;;
   675                           
   676                           	psect	text7
   677  000274                     __ptext7:
   678                           	opt callstack 0
   679  000274                     _initialisation_ActiverIntAdc:
   680                           	opt callstack 0
   681  000274  FFFF               	dw	65535	; assembler added errata NOP
   682  000276                     
   683                           ;initialisation.c: 57: PIR1bits.ADIF = 0;
   684  000276  9C9E               	bcf	158,6,c	;volatile
   685                           
   686                           ;initialisation.c: 58: PIE1bits.ADIE = 1;
   687  000278  8C9D               	bsf	157,6,c	;volatile
   688                           
   689                           ;initialisation.c: 59: ADCON0bits.GO_DONE = 1;
   690  00027A  84C2               	bsf	194,2,c	;volatile
   691  00027C  0012               	return		;funcret
   692  00027E  FFFF               	dw	65535	; errata NOP
   693  000280                     __end_of_initialisation_ActiverIntAdc:
   694                           	opt callstack 0
   695                           
   696 ;; *************** function _high_isr *****************
   697 ;; Defined at:
   698 ;;		line 27 in file "interrupts.c"
   699 ;; Parameters:    Size  Location     Type
   700 ;;		None
   701 ;; Auto vars:     Size  Location     Type
   702 ;;		None
   703 ;; Return value:  Size  Location     Type
   704 ;;                  1    wreg      void 
   705 ;; Registers used:
   706 ;;		wreg, status,2, status,0
   707 ;; Tracked objects:
   708 ;;		On entry : 0/0
   709 ;;		On exit  : 0/0
   710 ;;		Unchanged: 0/0
   711 ;; Data sizes:     COMRAM   BANK0   BANK1   BANK2   BANK3   BANK4   BANK5
   712 ;;      Params:         0       0       0       0       0       0       0
   713 ;;      Locals:         0       0       0       0       0       0       0
   714 ;;      Temps:          0       0       0       0       0       0       0
   715 ;;      Totals:         0       0       0       0       0       0       0
   716 ;;Total ram usage:        0 bytes
   717 ;; Hardware stack levels used:    1
   718 ;; This function calls:
   719 ;;		Nothing
   720 ;; This function is called by:
   721 ;;		Interrupt level 2
   722 ;; This function uses a non-reentrant model
   723 ;;
   724                           
   725                           	psect	intcode
   726  000008                     __pintcode:
   727                           	opt callstack 0
   728  000008                     _high_isr:
   729                           	opt callstack 0
   730  000008  FFFF               	dw	65535	; assembler added errata NOP
   731                           
   732                           ;incstack = 0
   733  00000A  8201               	bsf	int$flags,1,c	;set compiler interrupt flag (level 2)
   734  00000C                     
   735                           ;interrupts.c: 29: static unsigned char dutyWiper = 9;;interrupts.c: 30: static bool sen
      +                          sUp = 1;;interrupts.c: 31: static int compte = 0;;interrupts.c: 34: if (PIR1bits.ADIF)
   736  00000C  AC9E               	btfss	158,6,c	;volatile
   737  00000E  EF0B  F000         	goto	i2u2_41
   738  000012  EF0E  F000         	goto	i2u2_40
   739  000016                     i2u2_41:
   740  000016  FFFF               	dw	65535	; assembler added errata NOP
   741  000018  EF15  F000         	goto	i2l68
   742  00001C                     i2u2_40:
   743  00001C  FFFF               	dw	65535	; assembler added errata NOP
   744  00001E                     
   745                           ;interrupts.c: 35: {;interrupts.c: 36: g_resAN = ADRESH;
   746  00001E  CFC4 F062          	movff	4036,_g_resAN	;volatile
   747  000022  0100               	movlb	0	; force () banked
   748  000024  6B63               	clrf	(_g_resAN+1)& (0+255),b
   749                           
   750                           ;interrupts.c: 38: PIR1bits.ADIF = 0;
   751  000026  9C9E               	bcf	158,6,c	;volatile
   752                           
   753                           ;interrupts.c: 39: ADCON0bits.GO_DONE = 1;
   754  000028  84C2               	bsf	194,2,c	;volatile
   755  00002A                     i2l68:
   756  00002A  FFFF               	dw	65535	; assembler added errata NOP
   757                           
   758                           ;interrupts.c: 40: };interrupts.c: 43: if (INTCONbits.TMR0IF)
   759  00002C  A4F2               	btfss	242,2,c	;volatile
   760  00002E  EF1B  F000         	goto	i2u3_41
   761  000032  EF1E  F000         	goto	i2u3_40
   762  000036                     i2u3_41:
   763  000036  FFFF               	dw	65535	; assembler added errata NOP
   764  000038  EF70  F000         	goto	i2l971
   765  00003C                     i2u3_40:
   766  00003C  FFFF               	dw	65535	; assembler added errata NOP
   767  00003E                     
   768                           ;interrupts.c: 44: {;interrupts.c: 46: CCPR1L = dutyWiper;
   769  00003E  C06B  FFBE         	movff	high_isr@dutyWiper,4030	;volatile
   770  000042                     
   771                           ;interrupts.c: 47: if (sensUp)
   772  000042  0100               	movlb	0	; force () banked
   773  000044  516A               	movf	high_isr@sensUp& (0+255),w,b
   774  000046  B4D8               	btfsc	status,2,c
   775  000048  EF28  F000         	goto	i2u4_41
   776  00004C  EF2B  F000         	goto	i2u4_40
   777  000050                     i2u4_41:
   778  000050  FFFF               	dw	65535	; assembler added errata NOP
   779  000052  EF3C  F000         	goto	i2l959
   780  000056                     i2u4_40:
   781  000056  FFFF               	dw	65535	; assembler added errata NOP
   782  000058                     
   783                           ; BSR set to: 0
   784                           ;interrupts.c: 48: {;interrupts.c: 50: if (dutyWiper >= 0x25)
   785  000058  0E24               	movlw	36
   786  00005A  0100               	movlb	0	; force () banked
   787  00005C  656B               	cpfsgt	high_isr@dutyWiper& (0+255),b
   788  00005E  EF33  F000         	goto	i2u5_41
   789  000062  EF36  F000         	goto	i2u5_40
   790  000066                     i2u5_41:
   791  000066  FFFF               	dw	65535	; assembler added errata NOP
   792  000068  EF5E  F000         	goto	i2l967
   793  00006C                     i2u5_40:
   794  00006C  FFFF               	dw	65535	; assembler added errata NOP
   795  00006E                     
   796                           ; BSR set to: 0
   797                           ;interrupts.c: 51: sensUp = 0;
   798  00006E  0E00               	movlw	0
   799  000070  0100               	movlb	0	; force () banked
   800  000072  6F6A               	movwf	high_isr@sensUp& (0+255),b
   801  000074  EF5E  F000         	goto	i2l967
   802  000078                     i2l959:
   803  000078  FFFF               	dw	65535	; assembler added errata NOP
   804                           
   805                           ; BSR set to: 0
   806                           ;interrupts.c: 53: else;interrupts.c: 54: {;interrupts.c: 56: if (dutyWiper <= 9)
   807  00007A  0E0A               	movlw	10
   808  00007C  0100               	movlb	0	; force () banked
   809  00007E  616B               	cpfslt	high_isr@dutyWiper& (0+255),b
   810  000080  EF44  F000         	goto	i2u6_41
   811  000084  EF47  F000         	goto	i2u6_40
   812  000088                     i2u6_41:
   813  000088  FFFF               	dw	65535	; assembler added errata NOP
   814  00008A  EF5E  F000         	goto	i2l967
   815  00008E                     i2u6_40:
   816  00008E  FFFF               	dw	65535	; assembler added errata NOP
   817  000090                     
   818                           ; BSR set to: 0
   819                           ;interrupts.c: 57: {;interrupts.c: 58: if (g_etat >= enumDelaiUn )
   820  000090  0100               	movlb	0	; force () banked
   821  000092  BF65               	btfsc	(_g_etat+1)& (0+255),7,b
   822  000094  EF55  F000         	goto	i2u7_41
   823  000098  5165               	movf	(_g_etat+1)& (0+255),w,b
   824  00009A  E10A               	bnz	i2u7_40
   825  00009C  0E04               	movlw	4
   826  00009E  5D64               	subwf	_g_etat& (0+255),w,b
   827  0000A0  A0D8               	btfss	status,0,c
   828  0000A2  EF55  F000         	goto	i2u7_41
   829  0000A6  EF58  F000         	goto	i2u7_40
   830  0000AA                     i2u7_41:
   831  0000AA  FFFF               	dw	65535	; assembler added errata NOP
   832  0000AC  EF5A  F000         	goto	i2l965
   833  0000B0                     i2u7_40:
   834  0000B0  FFFF               	dw	65535	; assembler added errata NOP
   835  0000B2                     
   836                           ; BSR set to: 0
   837                           ;interrupts.c: 59: {;interrupts.c: 60: T0CONbits.TMR0ON = 0;
   838  0000B2  9ED5               	bcf	213,7,c	;volatile
   839  0000B4                     i2l965:
   840  0000B4  FFFF               	dw	65535	; assembler added errata NOP
   841                           
   842                           ; BSR set to: 0
   843                           ;interrupts.c: 61: };interrupts.c: 62: sensUp = 1;
   844  0000B6  0E01               	movlw	1
   845  0000B8  0100               	movlb	0	; force () banked
   846  0000BA  6F6A               	movwf	high_isr@sensUp& (0+255),b
   847  0000BC                     i2l967:
   848  0000BC  FFFF               	dw	65535	; assembler added errata NOP
   849                           
   850                           ; BSR set to: 0
   851                           ;interrupts.c: 63: };interrupts.c: 64: };interrupts.c: 66: PORTDbits.RD7 = PORTDbits.RD7
      +                           ^ 1;
   852  0000BE  AE83               	btfss	131,7,c	;volatile
   853  0000C0  EF64  F000         	goto	i2u8_41
   854  0000C4  EF68  F000         	goto	i2u8_40
   855  0000C8                     i2u8_41:
   856  0000C8  FFFF               	dw	65535	; assembler added errata NOP
   857  0000CA  8E83               	bsf	131,7,c	;volatile
   858  0000CC  EF6A  F000         	goto	i2u9_45
   859  0000D0                     i2u8_40:
   860  0000D0  FFFF               	dw	65535	; assembler added errata NOP
   861  0000D2  9E83               	bcf	131,7,c	;volatile
   862  0000D4                     i2u9_45:
   863  0000D4  FFFF               	dw	65535	; assembler added errata NOP
   864  0000D6                     
   865                           ;interrupts.c: 67: INTCONbits.TMR0IF = 0;
   866  0000D6  94F2               	bcf	242,2,c	;volatile
   867                           
   868                           ;interrupts.c: 68: TMR0H = 0xEC;
   869  0000D8  0EEC               	movlw	236
   870  0000DA  6ED7               	movwf	215,c	;volatile
   871                           
   872                           ;interrupts.c: 69: TMR0L = 0x78;
   873  0000DC  0E78               	movlw	120
   874  0000DE  6ED6               	movwf	214,c	;volatile
   875  0000E0                     i2l971:
   876  0000E0  FFFF               	dw	65535	; assembler added errata NOP
   877                           
   878                           ;interrupts.c: 70: };interrupts.c: 73: if (PIR2bits.TMR3IF)
   879  0000E2  A2A1               	btfss	161,1,c	;volatile
   880  0000E4  EF76  F000         	goto	i2u10_41
   881  0000E8  EF79  F000         	goto	i2u10_40
   882  0000EC                     i2u10_41:
   883  0000EC  FFFF               	dw	65535	; assembler added errata NOP
   884  0000EE  EFA7  F000         	goto	i2l77
   885  0000F2                     i2u10_40:
   886  0000F2  FFFF               	dw	65535	; assembler added errata NOP
   887  0000F4                     
   888                           ;interrupts.c: 74: {;interrupts.c: 76: compte++;
   889  0000F4  0100               	movlb	0	; force () banked
   890  0000F6  4B60               	infsnz	high_isr@compte& (0+255),f,b
   891  0000F8  2B61               	incf	(high_isr@compte+1)& (0+255),f,b
   892  0000FA                     
   893                           ; BSR set to: 0
   894                           ;interrupts.c: 78: if (g_etat == enumDelaiUn && compte > 10)
   895  0000FA  0E04               	movlw	4
   896  0000FC  0100               	movlb	0	; force () banked
   897  0000FE  1964               	xorwf	_g_etat& (0+255),w,b
   898  000100  1165               	iorwf	(_g_etat+1)& (0+255),w,b
   899  000102  A4D8               	btfss	status,2,c
   900  000104  EF86  F000         	goto	i2u11_41
   901  000108  EF89  F000         	goto	i2u11_40
   902  00010C                     i2u11_41:
   903  00010C  FFFF               	dw	65535	; assembler added errata NOP
   904  00010E  EFA5  F000         	goto	i2l983
   905  000112                     i2u11_40:
   906  000112  FFFF               	dw	65535	; assembler added errata NOP
   907  000114                     
   908                           ; BSR set to: 0
   909  000114  0100               	movlb	0	; force () banked
   910  000116  BF61               	btfsc	(high_isr@compte+1)& (0+255),7,b
   911  000118  EF97  F000         	goto	i2u12_41
   912  00011C  5161               	movf	(high_isr@compte+1)& (0+255),w,b
   913  00011E  E10A               	bnz	i2u12_40
   914  000120  0E0B               	movlw	11
   915  000122  5D60               	subwf	high_isr@compte& (0+255),w,b
   916  000124  A0D8               	btfss	status,0,c
   917  000126  EF97  F000         	goto	i2u12_41
   918  00012A  EF9A  F000         	goto	i2u12_40
   919  00012E                     i2u12_41:
   920  00012E  FFFF               	dw	65535	; assembler added errata NOP
   921  000130  EFA5  F000         	goto	i2l983
   922  000134                     i2u12_40:
   923  000134  FFFF               	dw	65535	; assembler added errata NOP
   924  000136                     
   925                           ; BSR set to: 0
   926                           ;interrupts.c: 79: {;interrupts.c: 80: T0CONbits.T0PS = 1;
   927  000136  50D5               	movf	213,w,c	;volatile
   928  000138  0BF8               	andlw	-8
   929  00013A  0901               	iorlw	1
   930  00013C  6ED5               	movwf	213,c	;volatile
   931  00013E                     
   932                           ; BSR set to: 0
   933                           ;interrupts.c: 81: T0CONbits.TMR0ON = 1;
   934  00013E  8ED5               	bsf	213,7,c	;volatile
   935                           
   936                           ;interrupts.c: 82: compte = 0;
   937  000140  0E00               	movlw	0
   938  000142  0100               	movlb	0	; force () banked
   939  000144  6F61               	movwf	(high_isr@compte+1)& (0+255),b
   940  000146  0E00               	movlw	0
   941  000148  6F60               	movwf	high_isr@compte& (0+255),b
   942  00014A                     i2l983:
   943  00014A  FFFF               	dw	65535	; assembler added errata NOP
   944                           
   945                           ; BSR set to: 0
   946                           ;interrupts.c: 83: };interrupts.c: 85: PIR2bits.TMR3IF = 0;
   947  00014C  92A1               	bcf	161,1,c	;volatile
   948  00014E                     i2l77:
   949  00014E  FFFF               	dw	65535	; assembler added errata NOP
   950  000150  9201               	bcf	int$flags,1,c	;clear compiler interrupt flag (level 2)
   951  000152  0011               	retfie		f
   952  000154  FFFF               	dw	65535	; errata NOP
   953  000156                     __end_of_high_isr:
   954                           	opt callstack 0
   955  000156  FFFF               	dw	65535	; assembler added errata NOP
   956                           
   957                           	psect	param0
   958  0000                     
   959                           	psect	temp
   960  000001                     btemp:
   961                           	opt callstack 0
   962  000001                     	ds	1
   963  0000                     int$flags	set	btemp
   964  0000                     wtemp8	set	btemp+1
   965  0000                     ttemp5	set	btemp+1
   966  0000                     ttemp6	set	btemp+4
   967  0000                     ttemp7	set	btemp+8
   968                           tosu	equ	0xFFF
   969                           tosh	equ	0xFFE
   970                           tosl	equ	0xFFD
   971                           stkptr	equ	0xFFC
   972                           pclatu	equ	0xFFB
   973                           pclath	equ	0xFFA
   974                           pcl	equ	0xFF9
   975                           tblptru	equ	0xFF8
   976                           tblptrh	equ	0xFF7
   977                           tblptrl	equ	0xFF6
   978                           tablat	equ	0xFF5
   979                           prodh	equ	0xFF4
   980                           prodl	equ	0xFF3
   981                           indf0	equ	0xFEF
   982                           postinc0	equ	0xFEE
   983                           postdec0	equ	0xFED
   984                           preinc0	equ	0xFEC
   985                           plusw0	equ	0xFEB
   986                           fsr0h	equ	0xFEA
   987                           fsr0l	equ	0xFE9
   988                           wreg	equ	0xFE8
   989                           indf1	equ	0xFE7
   990                           postinc1	equ	0xFE6
   991                           postdec1	equ	0xFE5
   992                           preinc1	equ	0xFE4
   993                           plusw1	equ	0xFE3
   994                           fsr1h	equ	0xFE2
   995                           fsr1l	equ	0xFE1
   996                           bsr	equ	0xFE0
   997                           indf2	equ	0xFDF
   998                           postinc2	equ	0xFDE
   999                           postdec2	equ	0xFDD
  1000                           preinc2	equ	0xFDC
  1001                           plusw2	equ	0xFDB
  1002                           fsr2h	equ	0xFDA
  1003                           fsr2l	equ	0xFD9
  1004                           status	equ	0xFD8


Data Sizes:
    Strings     0
    Constant    0
    Data        2
    BSS         6
    Persistent  0
    Stack       0

Auto Spaces:
    Space          Size  Autos    Used
    COMRAM           94      0       0
    BANK0           160      4      12
    BANK1           256      0       0
    BANK2           256      0       0
    BANK3           256      0       0
    BANK4           256      0       0
    BANK5           256      0       0

Pointer List with Targets:

    None.

Critical Paths under _main in COMRAM

    None.

Critical Paths under _high_isr in COMRAM

    None.

Critical Paths under _main in BANK0

    None.

Critical Paths under _high_isr in BANK0

    None.

Critical Paths under _main in BANK1

    None.

Critical Paths under _high_isr in BANK1

    None.

Critical Paths under _main in BANK2

    None.

Critical Paths under _high_isr in BANK2

    None.

Critical Paths under _main in BANK3

    None.

Critical Paths under _high_isr in BANK3

    None.

Critical Paths under _main in BANK4

    None.

Critical Paths under _high_isr in BANK4

    None.

Critical Paths under _main in BANK5

    None.

Critical Paths under _high_isr in BANK5

    None.

Call Graph Tables:

 ---------------------------------------------------------------------------------
 (Depth) Function   	        Calls       Base Space   Used Autos Params    Refs
 ---------------------------------------------------------------------------------
 (0) _main                                                 4     4      0       0
                                              0 BANK0      4     4      0
                     _initialisation
 ---------------------------------------------------------------------------------
 (1) _initialisation                                       0     0      0       0
       _initialisation_ActiverIntAdc
_initialisation_ActiverInterruptions
          _initialisation_ActiverPWM
         _initialisation_ActiverTmr0
       _initialisation_ConfigurerAdc
_initialisation_ConfigurerPortDSorti
 ---------------------------------------------------------------------------------
 (2) _initialisation_ConfigurerPortDSortie                 0     0      0       0
 ---------------------------------------------------------------------------------
 (2) _initialisation_ConfigurerAdc                         0     0      0       0
 ---------------------------------------------------------------------------------
 (2) _initialisation_ActiverTmr0                           0     0      0       0
 ---------------------------------------------------------------------------------
 (2) _initialisation_ActiverPWM                            0     0      0       0
 ---------------------------------------------------------------------------------
 (2) _initialisation_ActiverInterruptions                  0     0      0       0
 ---------------------------------------------------------------------------------
 (2) _initialisation_ActiverIntAdc                         0     0      0       0
 ---------------------------------------------------------------------------------
 Estimated maximum stack depth 2
 ---------------------------------------------------------------------------------
 (Depth) Function   	        Calls       Base Space   Used Autos Params    Refs
 ---------------------------------------------------------------------------------
 (3) _high_isr                                             0     0      0       0
 ---------------------------------------------------------------------------------
 Estimated maximum stack depth 3
 ---------------------------------------------------------------------------------

 Call Graph Graphs:

 _main (ROOT)
   _initialisation
     _initialisation_ActiverIntAdc
     _initialisation_ActiverInterruptions
     _initialisation_ActiverPWM
     _initialisation_ActiverTmr0
     _initialisation_ConfigurerAdc
     _initialisation_ConfigurerPortDSortie

 _high_isr (ROOT)

 Address spaces:
Name               Size   Autos  Total    Cost      Usage
BIGRAM             5FF      0       0      16        0.0%
EEDATA             100      0       0       0        0.0%
BITBANK5           100      0       0      14        0.0%
BANK5              100      0       0      15        0.0%
BITBANK4           100      0       0      12        0.0%
BANK4              100      0       0      13        0.0%
BITBANK3           100      0       0      10        0.0%
BANK3              100      0       0      11        0.0%
BITBANK2           100      0       0       7        0.0%
BANK2              100      0       0       8        0.0%
BITBANK1           100      0       0       5        0.0%
BANK1              100      0       0       6        0.0%
BITBANK0            A0      0       0       3        0.0%
BANK0               A0      4       C       4        7.5%
BITCOMRAM           5E      0       0       0        0.0%
COMRAM              5E      0       0       1        0.0%
BITSFR_1             0      0       0     200        0.0%
SFR_1                0      0       0     200        0.0%
BITSFR               0      0       0     200        0.0%
SFR                  0      0       0     200        0.0%
STACK                0      0       0       2        0.0%
NULL                 0      0       0       0        0.0%
ABS                  0      0       C       9        0.0%
DATA                 0      0       C      17        0.0%
CODE                 0      0       0       0        0.0%


Microchip Technology PIC18 Macro Assembler V2.10 build 88905656 
Symbol Table                                                                                   Wed Feb 12 16:18:15 2020

                                      __end_of_initialisation_ActiverIntAdc 0280  
                                     __size_of_initialisation_ActiverIntAdc 000C  
                                              _initialisation_ActiverIntAdc 0274  
                                                                        l25 0174  
                                                                        l19 023A  
                                                                        u10 01E8  
                                                                        u11 01E2  
                                                              __CFG_CP0$OFF 000000  
                                                              __CFG_CP1$OFF 000000  
                                                              __CFG_CP2$OFF 000000  
                                                              __CFG_CP3$OFF 000000  
                                                               __CFG_OSC$HS 000000  
                                                                       l130 01EA  
                                                                       l122 0270  
                                                                       l131 01EC  
                                                                       l116 0286  
                                                                       l125 027C  
                                                                       l134 0256  
                                                                       l119 0290  
                                                                       l128 01D6  
                                               ?_initialisation_ActiverTmr0 0066  
                                                                       l901 01BE  
                                                                       l903 01C6  
                                                                       l911 0240  
                                                                       l905 01C8  
                                                                       l913 0248  
                                                                       l921 022A  
                                                                       l907 01CA  
                                                                       l915 024C  
                                                                       l923 022E  
                                                                       l931 016A  
                                                                       l917 028C  
                                                                       l909 01D0  
                                                                       l925 0232  
                                                                       l933 016E  
                                                                       l927 0236  
                                                                       l919 0222  
                                                                       l929 015C  
                                                                       l891 0262  
                                                                       l939 0174  
                                                                       l893 0264  
                                                                       l885 0282  
                                                                       l895 026E  
                                                                       l887 025C  
                                                                       l897 0276  
                                                                       l889 025E  
                                                                       l899 01BC  
                                                              __CFG_CPB$OFF 000000  
                                                                       _PR2 000FCB  
                                                              __CFG_CPD$OFF 000000  
                                                              __CFG_BOR$OFF 000000  
                                                              __CFG_BORV$25 000000  
                                                              __CFG_LVP$OFF 000000  
                                                              __CFG_WDT$OFF 000000  
                                                                      l1019 018E  
                                                                      i2l68 002A  
                                                                      i2l77 014E  
                                                          ??_initialisation 0066  
                                                                      _main 015C  
                                                                      btemp 0001  
                                                                      start 0158  
                                                              ___param_bank 000000  
                                                 _initialisation_ActiverPWM 01BA  
                                                             __CFG_OSCS$OFF 000000  
                                             ?_initialisation_ActiverIntAdc 0066  
                                                                     ?_main 0066  
                                                                     _T3CON 000FB1  
                                                                     i2l951 003E  
                                                                     i2l961 0090  
                                                                     i2l953 0042  
                                                                     i2l963 00B2  
                                                                     i2l955 0058  
                                                                     i2l971 00E0  
                                                                     i2l947 000C  
                                                                     i2l981 013E  
                                                                     i2l973 00F4  
                                                                     i2l965 00B4  
                                                                     i2l957 006E  
                                                                     i2l949 001E  
                                                                     i2l983 014A  
                                                                     i2l975 00FA  
                                                                     i2l967 00BC  
                                                                     i2l959 0078  
                                                                     i2l977 0114  
                                                                     i2l969 00D6  
                                                                     i2l979 0136  
                                                                     _TMR0H 000FD7  
                                                                     _TMR0L 000FD6  
                                                                     _TRISD 000F95  
                                                             __CFG_PWRT$OFF 000000  
                                                             __CFG_WRT0$OFF 000000  
                                                             __CFG_WRT1$OFF 000000  
                                                             __CFG_WRT2$OFF 000000  
                                                             __CFG_WRT3$OFF 000000  
                                                            __CFG_EBTR0$OFF 000000  
                                                            __CFG_EBTR1$OFF 000000  
                                                            __CFG_EBTR2$OFF 000000  
                                                            __CFG_EBTR3$OFF 000000  
                                                             __CFG_STVR$OFF 000000  
                                                             __CFG_WRTB$OFF 000000  
                                                             __CFG_WRTC$OFF 000000  
                                                             __CFG_WRTD$OFF 000000  
                                                            __CFG_EBTRB$OFF 000000  
                                                                     tablat 000FF5  
                                                                     ttemp5 0002  
                                                                     ttemp6 0005  
                                                                     ttemp7 0009  
                                                                     status 000FD8  
                                                                     wtemp8 0002  
                                                           __initialization 01F0  
                                                              __end_of_main 01BA  
                                                                    ??_main 0066  
                                                             __activetblptr 000003  
                                                                    _ADCON1 000FC1  
                                                                    _ADRESH 000FC4  
                                                                    _CCPR1L 000FBE  
                                                            __CFG_WDTPS$128 000000  
                                                                    i2u2_40 001C  
                                                                    i2u2_41 0016  
                                                                    i2u3_40 003C  
                                                                    i2u3_41 0036  
                                                                    i2u4_40 0056  
                                                                    i2u4_41 0050  
                                                                    i2u5_40 006C  
                                                                    i2u5_41 0066  
                                                                    i2u6_40 008E  
                                                                    i2u6_41 0088  
                                                                    i2u7_40 00B0  
                                                                    i2u7_41 00AA  
                                                                    i2u8_40 00D0  
                                                                    i2u8_41 00C8  
                                                                    i2u9_45 00D4  
                                                             main@dutyWiper 0068  
                                                          __end_of_high_isr 0156  
                                                                    _g_etat 0064  
                                            ??_initialisation_ActiverIntAdc 0066  
                                                                    tblptrh 000FF7  
                                                                    tblptrl 000FF6  
                                                                    tblptru 000FF8  
                              __end_of_initialisation_ConfigurerPortDSortie 028A  
                             __size_of_initialisation_ConfigurerPortDSortie 000A  
                                    ??_initialisation_ConfigurerPortDSortie 0066  
                                     ?_initialisation_ConfigurerPortDSortie 0066  
                                      _initialisation_ConfigurerPortDSortie 0280  
                                                                __accesstop 0060  
                                                   __end_of__initialization 0216  
                                                             ___rparam_used 000000  
                                                              __pidataBANK0 0294  
                                                            high_isr@compte 0060  
                                                            high_isr@sensUp 006A  
                                        __size_of_initialisation_ActiverPWM 0036  
                                                         high_isr@dutyWiper 006B  
                                                                __pbssBANK0 0060  
                                                                   i2u10_40 00F2  
                                                                   i2u10_41 00EC  
                                                                   i2u11_40 0112  
                                                                   i2u11_41 010C  
                                                                   i2u12_40 0134  
                                                                   i2u12_41 012E  
                                                                 ?_high_isr 0066  
                                         __end_of_initialisation_ActiverPWM 01F0  
                                      __end_of_initialisation_ConfigurerAdc 0274  
                                     __size_of_initialisation_ConfigurerAdc 001A  
                                              _initialisation_ConfigurerAdc 025A  
                                                                   __Hparam 0000  
                                                                   __Lparam 0000  
                                                                   __pcinit 01F0  
                                                                   _g_resAN 0062  
                                                                   __ramtop 0600  
                                                                   __ptext0 015C  
                                                                   __ptext1 0220  
                                                                   __ptext2 0280  
                                                                   __ptext3 025A  
                                                                   __ptext4 023E  
                                                                   __ptext5 01BA  
                                                                   __ptext6 028A  
                                                                   __ptext7 0274  
                                                                 _T0CONbits 000FD5  
                                                                 _T2CONbits 000FCA  
                                                                ??_high_isr 0066  
                                                      end_of_initialization 0216  
                                             ?_initialisation_ConfigurerAdc 0066  
                                                   __size_of_initialisation 001E  
                                                                 _PORTDbits 000F83  
                                                                 _TRISAbits 000F92  
                                                                 _TRISCbits 000F94  
                                                               _CCP1CONbits 000FBD  
                                                                main@sensUp 0069  
                                              ??_initialisation_ActiverTmr0 0066  
                                                       start_initialization 01F0  
                                       __size_of_initialisation_ActiverTmr0 001C  
                                                               __pdataBANK0 006A  
                                            ??_initialisation_ConfigurerAdc 0066  
                               __end_of_initialisation_ActiverInterruptions 0294  
                              __size_of_initialisation_ActiverInterruptions 000A  
                                     ??_initialisation_ActiverInterruptions 0066  
                                      ?_initialisation_ActiverInterruptions 0066  
                                       _initialisation_ActiverInterruptions 028A  
                                                             __pcstackBANK0 0066  
                                                         __size_of_high_isr 014E  
                                                                 __pintcode 0008  
                                                            _initialisation 0220  
                                                ?_initialisation_ActiverPWM 0066  
                                                                  _PIE1bits 000F9D  
                                                                  _PIE2bits 000FA0  
                                                    __end_of_initialisation 023E  
                                                                  _PIR1bits 000F9E  
                                                                  _PIR2bits 000FA1  
                                                                _ADCON0bits 000FC2  
                                                                _ADCON1bits 000FC1  
                                        __end_of_initialisation_ActiverTmr0 025A  
                                                _initialisation_ActiverTmr0 023E  
                                                                  __Hparam0 0000  
                                                                  __Lparam0 0000  
                                                           ?_initialisation 0066  
                                                                  _high_isr 0008  
                                                             __size_of_main 005E  
                                                                  int$flags 0001  
                                                                _INTCONbits 000FF2  
                                                                  intlevel2 0296  
                                               ??_initialisation_ActiverPWM 0066  
